[0.015s] Invoking command in '/home/grey/Documentos/GitHub/proy_fireye_ros2/build/proy_fireye_mundo': CMAKE_PREFIX_PATH=${CMAKE_PREFIX_PATH}:/home/grey/turtlebot3_ws/install/show_msg:/home/grey/turtlebot3_ws/install/my_nav2_system:/home/grey/turtlebot3_ws/install/my_first_subscriber:/home/grey/turtlebot3_ws/install/my_first_service:/home/grey/turtlebot3_ws/install/my_first_publisher:/home/grey/turtlebot3_ws/install/my_first_node:/home/grey/turtlebot3_ws/install/my_first_action:/opt/ros/jazzy DEBUGINFOD_URLS=https://debuginfod.ubuntu.com /usr/bin/cmake /home/grey/Documentos/GitHub/proy_fireye_ros2/proy_fireye_mundo -DCMAKE_INSTALL_PREFIX=/home/grey/Documentos/GitHub/proy_fireye_ros2/install/proy_fireye_mundo
[0.091s] -- The C compiler identification is GNU 13.3.0
[0.164s] -- The CXX compiler identification is GNU 13.3.0
[0.187s] -- Detecting C compiler ABI info
[0.313s] -- Detecting C compiler ABI info - done
[0.325s] -- Check for working C compiler: /usr/bin/cc - skipped
[0.326s] -- Detecting C compile features
[0.326s] -- Detecting C compile features - done
[0.341s] -- Detecting CXX compiler ABI info
[0.472s] -- Detecting CXX compiler ABI info - done
[0.487s] -- Check for working CXX compiler: /usr/bin/c++ - skipped
[0.487s] -- Detecting CXX compile features
[0.488s] -- Detecting CXX compile features - done
[0.494s] -- Found ament_cmake: 2.5.5 (/opt/ros/jazzy/share/ament_cmake/cmake)
[0.700s] -- Found Python3: /usr/bin/python3 (found version "3.12.3") found components: Interpreter 
[0.854s] -- Found ros_gz_sim: 1.0.18 (/opt/ros/jazzy/share/ros_gz_sim/cmake)
[0.921s] -- Found rosidl_generator_c: 4.6.7 (/opt/ros/jazzy/share/rosidl_generator_c/cmake)
[0.941s] -- Found rosidl_generator_cpp: 4.6.7 (/opt/ros/jazzy/share/rosidl_generator_cpp/cmake)
[0.964s] -- Using all available rosidl_typesupport_c: rosidl_typesupport_fastrtps_c;rosidl_typesupport_introspection_c
[0.989s] -- Using all available rosidl_typesupport_cpp: rosidl_typesupport_fastrtps_cpp;rosidl_typesupport_introspection_cpp
[1.091s] -- Found rmw_implementation_cmake: 7.3.3 (/opt/ros/jazzy/share/rmw_implementation_cmake/cmake)
[1.096s] -- Found rmw_fastrtps_cpp: 8.4.3 (/opt/ros/jazzy/share/rmw_fastrtps_cpp/cmake)
[1.213s] -- Found OpenSSL: /usr/lib/x86_64-linux-gnu/libcrypto.so (found version "3.0.13")  
[1.247s] -- Found FastRTPS: /opt/ros/jazzy/include (Required is at least version "2.13") 
[1.282s] -- Using RMW implementation 'rmw_fastrtps_cpp' as default
[1.595s] -- Found nav_msgs: 5.3.6 (/opt/ros/jazzy/share/nav_msgs/cmake)
[1.628s] -- Found sensor_msgs: 5.3.6 (/opt/ros/jazzy/share/sensor_msgs/cmake)
[1.657s] -- Found gz_math_vendor: 0.0.8 (/opt/ros/jazzy/share/gz_math_vendor/cmake)
[1.668s] -- Looking for gz-math7 -- found version 7.5.2
[1.676s] -- Searching for dependencies of gz-math7
[1.678s] -- Looking for gz-utils2 -- found version 2.2.1
[1.678s] -- Searching for dependencies of gz-utils2
[1.682s] -- Found gz_sim_vendor: 0.0.9 (/opt/ros/jazzy/share/gz_sim_vendor/cmake)
[1.745s] -- Looking for gz-sim8 -- found version 8.10.0
[1.745s] -- Searching for dependencies of gz-sim8
[1.747s] -- Looking for sdformat14 -- found version 14.8.0
[1.747s] -- Searching for dependencies of sdformat14
[1.754s] -- Checking for module 'tinyxml2'
[1.776s] --   Found tinyxml2, version 10.0.0
[1.822s] -- Looking for gz-math7 -- found version 7.5.2
[1.822s] -- Looking for gz-utils2 -- found version 2.2.1
[1.822s] -- Searching for dependencies of gz-utils2
[1.822s] -- Searching for <gz-utils2> component [cli]
[1.826s] -- Looking for gz-utils2-cli -- found version 2.2.1
[1.826s] -- Searching for dependencies of gz-utils2-cli
[1.831s] -- Looking for gz-plugin2 -- found version 2.0.4
[1.831s] -- Searching for dependencies of gz-plugin2
[1.832s] -- Looking for gz-utils2 -- found version 2.2.1
[1.832s] -- Searching for <gz-plugin2> component [loader]
[1.836s] -- Looking for gz-plugin2-loader -- found version 2.0.4
[1.836s] -- Searching for dependencies of gz-plugin2-loader
[1.836s] -- Searching for <gz-plugin2> component [register]
[1.839s] -- Looking for gz-plugin2-register -- found version 2.0.4
[1.839s] -- Searching for dependencies of gz-plugin2-register
[1.842s] -- Looking for gz-transport13 -- found version 13.5.0
[1.842s] -- Searching for dependencies of gz-transport13
[2.006s] -- Found Protobuf: /usr/lib/x86_64-linux-gnu/libprotobuf.so (found version "3.21.12") 
[2.024s] -- Config-file not installed for ZeroMQ -- checking for pkg-config
[2.030s] -- Checking for module 'libzmq >= 4'
[2.052s] --   Found libzmq, version 4.3.5
[2.109s] -- Found ZeroMQ: TRUE (Required is at least version "4") 
[2.118s] -- Checking for module 'uuid'
[2.140s] --   Found uuid, version 2.39.3
[2.187s] -- Found UUID: TRUE  
[2.188s] -- Looking for gz-utils2 -- found version 2.2.1
[2.192s] -- Looking for gz-msgs10 -- found version 10.3.2
[2.192s] -- Searching for dependencies of gz-msgs10
[2.221s] -- Looking for gz-utils2 -- found version 2.2.1
[2.221s] -- Looking for gz-math7 -- found version 7.5.2
[2.231s] -- Searching for <gz-transport13> component [log]
[2.234s] -- Looking for gz-transport13-log -- found version 13.5.0
[2.234s] -- Searching for dependencies of gz-transport13-log
[2.235s] -- Searching for <gz-transport13> component [parameters]
[2.238s] -- Looking for gz-transport13-parameters -- found version 13.5.0
[2.238s] -- Searching for dependencies of gz-transport13-parameters
[2.239s] -- Looking for gz-msgs10 -- found version 10.3.2
[2.241s] -- Looking for gz-common5 -- found version 5.7.1
[2.242s] -- Searching for dependencies of gz-common5
[2.242s] -- Looking for gz-utils2 -- found version 2.2.1
[2.243s] -- Looking for dlfcn.h - found
[2.245s] -- Looking for libdl - found
[2.246s] -- Found DL: TRUE  
[2.255s] -- Searching for <gz-common5> component [av]
[2.257s] -- Looking for gz-common5-av -- found version 5.7.1
[2.257s] -- Searching for dependencies of gz-common5-av
[2.264s] -- Checking for module 'libswscale'
[2.286s] --   Found libswscale, version 7.5.100
[2.335s] -- Found SWSCALE: TRUE  
[2.343s] -- Checking for module 'libavdevice >= 56.4.100'
[2.366s] --   Found libavdevice, version 60.3.100
[2.431s] -- Found AVDEVICE: TRUE (Required is at least version "56.4.100") 
[2.438s] -- Checking for module 'libavformat'
[2.462s] --   Found libavformat, version 60.16.100
[2.516s] -- Found AVFORMAT: TRUE  
[2.523s] -- Checking for module 'libavcodec'
[2.546s] --   Found libavcodec, version 60.31.102
[2.598s] -- Found AVCODEC: TRUE  
[2.605s] -- Checking for module 'libavutil'
[2.627s] --   Found libavutil, version 58.29.100
[2.675s] -- Found AVUTIL: TRUE  
[2.676s] -- Searching for <gz-common5> component [events]
[2.679s] -- Looking for gz-common5-events -- found version 5.7.1
[2.680s] -- Searching for dependencies of gz-common5-events
[2.680s] -- Looking for gz-math7 -- found version 7.5.2
[2.681s] -- Searching for <gz-common5> component [graphics]
[2.684s] -- Looking for gz-common5-graphics -- found version 5.7.1
[2.685s] -- Searching for dependencies of gz-common5-graphics
[2.685s] -- Looking for gz-math7 -- found version 7.5.2
[2.693s] -- Found GzAssimp: TRUE (found version "5.3.0") 
[2.694s] -- Searching for <gz-common5> component [io]
[2.697s] -- Looking for gz-common5-io -- found version 5.7.1
[2.697s] -- Searching for dependencies of gz-common5-io
[2.698s] -- Searching for <gz-common5> component [profiler]
[2.701s] -- Looking for gz-common5-profiler -- found version 5.7.1
[2.701s] -- Searching for dependencies of gz-common5-profiler
[2.705s] -- Looking for gz-fuel_tools9 -- found version 9.1.1
[2.706s] -- Searching for dependencies of gz-fuel_tools9
[2.827s] -- Found CURL: /usr/lib/x86_64-linux-gnu/libcurl.so (found version "8.5.0")  
[2.844s] -- Checking for module 'jsoncpp'
[2.867s] --   Found jsoncpp, version 1.9.5
[2.915s] -- Found JSONCPP: TRUE  
[2.939s] -- Checking for module 'yaml-0.1'
[2.962s] --   Found yaml-0.1, version 0.2.5
[3.011s] -- Found YAML: TRUE  
[3.019s] -- Checking for module 'libzip'
[3.041s] --   Found libzip, version 1.7.3
[3.090s] -- Found ZIP: TRUE  
[3.091s] -- Looking for gz-utils2 -- found version 2.2.1
[3.091s] -- Looking for gz-common5 -- found version 5.7.1
[3.092s] -- Searching for dependencies of gz-common5
[3.092s] -- Looking for gz-utils2 -- found version 2.2.1
[3.093s] -- Looking for dlfcn.h - found
[3.093s] -- Looking for libdl - found
[3.104s] -- Searching for <gz-common5> component [testing]
[3.108s] -- Looking for gz-common5-testing -- found version 5.7.1
[3.108s] -- Searching for dependencies of gz-common5-testing
[3.110s] -- Looking for gz-math7 -- found version 7.5.2
[3.110s] -- Looking for gz-msgs10 -- found version 10.3.2
[3.114s] -- Looking for gz-gui8 -- found version 8.4.0
[3.115s] -- Searching for dependencies of gz-gui8
[3.149s] -- Looking for gz-utils2 -- found version 2.2.1
[3.150s] -- Looking for gz-math7 -- found version 7.5.2
[3.150s] -- Looking for gz-common5 -- found version 5.7.1
[3.151s] -- Looking for gz-plugin2 -- found version 2.0.4
[3.152s] -- Looking for gz-transport13 -- found version 13.5.0
[3.154s] -- Looking for gz-rendering8 -- found version 8.2.3
[3.155s] -- Searching for dependencies of gz-rendering8
[3.155s] -- Looking for gz-math7 -- found version 7.5.2
[3.156s] -- Searching for dependencies of gz-math7
[3.156s] -- Looking for gz-utils2 -- found version 2.2.1
[3.156s] -- Searching for <gz-math7> component [eigen3]
[3.160s] -- Looking for gz-math7-eigen3 -- found version 7.5.2
[3.160s] -- Searching for dependencies of gz-math7-eigen3
[3.172s] -- Looking for gz-common5 -- found version 5.7.1
[3.172s] -- Searching for dependencies of gz-common5
[3.172s] -- Looking for gz-utils2 -- found version 2.2.1
[3.173s] -- Looking for dlfcn.h - found
[3.173s] -- Looking for libdl - found
[3.181s] -- Searching for <gz-common5> component [graphics]
[3.182s] -- Searching for <gz-common5> component [events]
[3.182s] -- Searching for <gz-common5> component [geospatial]
[3.184s] -- Looking for gz-common5-geospatial -- found version 5.7.1
[3.184s] -- Searching for dependencies of gz-common5-geospatial
[3.185s] -- Looking for gz-math7 -- found version 7.5.2
[3.185s] -- Looking for gz-common5 -- found version 5.7.1
[3.186s] -- Looking for gz-plugin2 -- found version 2.0.4
[3.186s] -- Searching for dependencies of gz-plugin2
[3.187s] -- Looking for gz-utils2 -- found version 2.2.1
[3.187s] -- Searching for <gz-plugin2> component [all]
[3.189s] -- Looking for all libraries of gz-plugin2 -- found version 2.0.4
[3.190s] -- Looking for gz-plugin2 -- found version 2.0.4
[3.191s] -- Looking for gz-utils2 -- found version 2.2.1
[3.207s] -- Found OpenGL: /usr/lib/x86_64-linux-gnu/libOpenGL.so  found components: OpenGL 
[3.208s] -- Looking for gz-msgs10 -- found version 10.3.2
[3.234s] -- Looking for gz-physics7 -- found version 7.6.0
[3.235s] -- Searching for dependencies of gz-physics7
[3.235s] -- Looking for gz-common5 -- found version 5.7.1
[3.235s] -- Looking for gz-math7 -- found version 7.5.2
[3.236s] -- Looking for gz-plugin2 -- found version 2.0.4
[3.236s] -- Looking for gz-utils2 -- found version 2.2.1
[3.237s] -- Searching for <gz-physics7> component [heightmap]
[3.239s] -- Looking for gz-physics7-heightmap -- found version 7.6.0
[3.240s] -- Searching for dependencies of gz-physics7-heightmap
[3.240s] -- Looking for gz-common5 -- found version 5.7.1
[3.241s] -- Searching for <gz-physics7> component [mesh]
[3.243s] -- Looking for gz-physics7-mesh -- found version 7.6.0
[3.243s] -- Searching for dependencies of gz-physics7-mesh
[3.243s] -- Looking for gz-common5 -- found version 5.7.1
[3.244s] -- Searching for <gz-physics7> component [sdf]
[3.246s] -- Looking for gz-physics7-sdf -- found version 7.6.0
[3.246s] -- Searching for dependencies of gz-physics7-sdf
[3.246s] -- Looking for sdformat14 -- found version 14.8.0
[3.251s] -- Looking for gz-sensors8 -- found version 8.2.2
[3.251s] -- Searching for dependencies of gz-sensors8
[3.274s] -- Looking for gz-math7 -- found version 7.5.2
[3.275s] -- Looking for gz-common5 -- found version 5.7.1
[3.275s] -- Looking for gz-transport13 -- found version 13.5.0
[3.276s] -- Looking for gz-rendering8 -- found version 8.2.3
[3.276s] -- Looking for gz-msgs10 -- found version 10.3.2
[3.277s] -- Looking for sdformat14 -- found version 14.8.0
[3.278s] -- Searching for <gz-sensors8> component [air_pressure]
[3.280s] -- Looking for gz-sensors8-air_pressure -- found version 8.2.2
[3.280s] -- Searching for dependencies of gz-sensors8-air_pressure
[3.281s] -- Searching for <gz-sensors8> component [air_speed]
[3.284s] -- Looking for gz-sensors8-air_speed -- found version 8.2.2
[3.284s] -- Searching for dependencies of gz-sensors8-air_speed
[3.284s] -- Searching for <gz-sensors8> component [altimeter]
[3.287s] -- Looking for gz-sensors8-altimeter -- found version 8.2.2
[3.287s] -- Searching for dependencies of gz-sensors8-altimeter
[3.288s] -- Searching for <gz-sensors8> component [imu]
[3.290s] -- Looking for gz-sensors8-imu -- found version 8.2.2
[3.290s] -- Searching for dependencies of gz-sensors8-imu
[3.291s] -- Searching for <gz-sensors8> component [force_torque]
[3.293s] -- Looking for gz-sensors8-force_torque -- found version 8.2.2
[3.293s] -- Searching for dependencies of gz-sensors8-force_torque
[3.294s] -- Searching for <gz-sensors8> component [logical_camera]
[3.295s] -- Looking for gz-sensors8-logical_camera -- found version 8.2.2
[3.296s] -- Searching for dependencies of gz-sensors8-logical_camera
[3.296s] -- Searching for <gz-sensors8> component [magnetometer]
[3.298s] -- Looking for gz-sensors8-magnetometer -- found version 8.2.2
[3.298s] -- Searching for dependencies of gz-sensors8-magnetometer
[3.299s] -- Searching for <gz-sensors8> component [navsat]
[3.301s] -- Looking for gz-sensors8-navsat -- found version 8.2.2
[3.301s] -- Searching for dependencies of gz-sensors8-navsat
[3.301s] -- Searching for <gz-sensors8> component [dvl]
[3.303s] -- Looking for gz-sensors8-dvl -- found version 8.2.2
[3.303s] -- Searching for dependencies of gz-sensors8-dvl
[3.303s] -- Looking for gz-sensors8 -- found version 8.2.2
[3.304s] -- Searching for dependencies of gz-sensors8
[3.327s] -- Looking for gz-math7 -- found version 7.5.2
[3.327s] -- Looking for gz-common5 -- found version 5.7.1
[3.328s] -- Looking for gz-transport13 -- found version 13.5.0
[3.328s] -- Looking for gz-rendering8 -- found version 8.2.3
[3.329s] -- Looking for gz-msgs10 -- found version 10.3.2
[3.329s] -- Looking for sdformat14 -- found version 14.8.0
[3.329s] -- Searching for <gz-sensors8> component [rendering]
[3.331s] -- Looking for gz-sensors8-rendering -- found version 8.2.2
[3.331s] -- Searching for dependencies of gz-sensors8-rendering
[3.333s] -- Searching for <gz-sensors8> component [rendering]
[3.333s] -- Searching for <gz-sensors8> component [lidar]
[3.335s] -- Looking for gz-sensors8-lidar -- found version 8.2.2
[3.335s] -- Searching for dependencies of gz-sensors8-lidar
[3.335s] -- Looking for gz-sensors8 -- found version 8.2.2
[3.336s] -- Searching for <gz-sensors8> component [gpu_lidar]
[3.338s] -- Looking for gz-sensors8-gpu_lidar -- found version 8.2.2
[3.338s] -- Searching for dependencies of gz-sensors8-gpu_lidar
[3.339s] -- Looking for gz-sensors8 -- found version 8.2.2
[3.339s] -- Searching for <gz-sensors8> component [camera]
[3.341s] -- Looking for gz-sensors8-camera -- found version 8.2.2
[3.341s] -- Searching for dependencies of gz-sensors8-camera
[3.342s] -- Looking for gz-sensors8 -- found version 8.2.2
[3.342s] -- Searching for <gz-sensors8> component [boundingbox_camera]
[3.344s] -- Looking for gz-sensors8-boundingbox_camera -- found version 8.2.2
[3.344s] -- Searching for dependencies of gz-sensors8-boundingbox_camera
[3.345s] -- Searching for <gz-sensors8> component [segmentation_camera]
[3.347s] -- Looking for gz-sensors8-segmentation_camera -- found version 8.2.2
[3.347s] -- Searching for dependencies of gz-sensors8-segmentation_camera
[3.347s] -- Searching for <gz-sensors8> component [depth_camera]
[3.350s] -- Looking for gz-sensors8-depth_camera -- found version 8.2.2
[3.350s] -- Searching for dependencies of gz-sensors8-depth_camera
[3.351s] -- Looking for gz-sensors8 -- found version 8.2.2
[3.351s] -- Searching for <gz-sensors8> component [rgbd_camera]
[3.353s] -- Looking for gz-sensors8-rgbd_camera -- found version 8.2.2
[3.353s] -- Searching for dependencies of gz-sensors8-rgbd_camera
[3.354s] -- Looking for gz-sensors8 -- found version 8.2.2
[3.354s] -- Searching for <gz-sensors8> component [thermal_camera]
[3.356s] -- Looking for gz-sensors8-thermal_camera -- found version 8.2.2
[3.357s] -- Searching for dependencies of gz-sensors8-thermal_camera
[3.357s] -- Looking for gz-sensors8 -- found version 8.2.2
[3.357s] -- Searching for <gz-sensors8> component [wide_angle_camera]
[3.360s] -- Looking for gz-sensors8-wide_angle_camera -- found version 8.2.2
[3.360s] -- Searching for dependencies of gz-sensors8-wide_angle_camera
[3.361s] -- Looking for gz-rendering8 -- found version 8.2.3
[3.361s] -- Looking for gz-math7 -- found version 7.5.2
[3.362s] -- Looking for gz-utils2 -- found version 2.2.1
[3.387s] -- Looking for gz-plugin2 -- found version 2.0.4
[3.493s] -- Configuring done (3.5s)
[3.532s] -- Generating done (0.0s)
[3.541s] -- Build files have been written to: /home/grey/Documentos/GitHub/proy_fireye_ros2/build/proy_fireye_mundo
[3.559s] Invoked command in '/home/grey/Documentos/GitHub/proy_fireye_ros2/build/proy_fireye_mundo' returned '0': CMAKE_PREFIX_PATH=${CMAKE_PREFIX_PATH}:/home/grey/turtlebot3_ws/install/show_msg:/home/grey/turtlebot3_ws/install/my_nav2_system:/home/grey/turtlebot3_ws/install/my_first_subscriber:/home/grey/turtlebot3_ws/install/my_first_service:/home/grey/turtlebot3_ws/install/my_first_publisher:/home/grey/turtlebot3_ws/install/my_first_node:/home/grey/turtlebot3_ws/install/my_first_action:/opt/ros/jazzy DEBUGINFOD_URLS=https://debuginfod.ubuntu.com /usr/bin/cmake /home/grey/Documentos/GitHub/proy_fireye_ros2/proy_fireye_mundo -DCMAKE_INSTALL_PREFIX=/home/grey/Documentos/GitHub/proy_fireye_ros2/install/proy_fireye_mundo
[3.563s] Invoking command in '/home/grey/Documentos/GitHub/proy_fireye_ros2/build/proy_fireye_mundo': CMAKE_PREFIX_PATH=${CMAKE_PREFIX_PATH}:/home/grey/turtlebot3_ws/install/show_msg:/home/grey/turtlebot3_ws/install/my_nav2_system:/home/grey/turtlebot3_ws/install/my_first_subscriber:/home/grey/turtlebot3_ws/install/my_first_service:/home/grey/turtlebot3_ws/install/my_first_publisher:/home/grey/turtlebot3_ws/install/my_first_node:/home/grey/turtlebot3_ws/install/my_first_action:/opt/ros/jazzy DEBUGINFOD_URLS=https://debuginfod.ubuntu.com /usr/bin/cmake --build /home/grey/Documentos/GitHub/proy_fireye_ros2/build/proy_fireye_mundo -- -j22 -l22
[3.643s] [ 12%] [32mBuilding CXX object CMakeFiles/obstacle2.dir/src/obstacle2.cpp.o[0m
[3.643s] [ 25%] [32mBuilding CXX object CMakeFiles/obstacle1.dir/src/obstacle1.cpp.o[0m
[3.643s] [ 37%] [32mBuilding CXX object CMakeFiles/turtlebot3_drive.dir/src/turtlebot3_drive.cpp.o[0m
[3.645s] [ 50%] [32mBuilding CXX object CMakeFiles/obstacles.dir/src/obstacles.cpp.o[0m
[5.467s] [ 62%] [32m[1mLinking CXX shared library libobstacle2.so[0m
[5.490s] [ 75%] [32m[1mLinking CXX shared library libobstacle1.so[0m
[5.650s] [ 75%] Built target obstacle2
[5.684s] [ 75%] Built target obstacle1
[5.841s] [ 87%] [32m[1mLinking CXX shared library libobstacles.so[0m
[6.037s] [ 87%] Built target obstacles
[12.290s] [100%] [32m[1mLinking CXX executable turtlebot3_drive[0m
[12.660s] [100%] Built target turtlebot3_drive
[12.676s] Invoked command in '/home/grey/Documentos/GitHub/proy_fireye_ros2/build/proy_fireye_mundo' returned '0': CMAKE_PREFIX_PATH=${CMAKE_PREFIX_PATH}:/home/grey/turtlebot3_ws/install/show_msg:/home/grey/turtlebot3_ws/install/my_nav2_system:/home/grey/turtlebot3_ws/install/my_first_subscriber:/home/grey/turtlebot3_ws/install/my_first_service:/home/grey/turtlebot3_ws/install/my_first_publisher:/home/grey/turtlebot3_ws/install/my_first_node:/home/grey/turtlebot3_ws/install/my_first_action:/opt/ros/jazzy DEBUGINFOD_URLS=https://debuginfod.ubuntu.com /usr/bin/cmake --build /home/grey/Documentos/GitHub/proy_fireye_ros2/build/proy_fireye_mundo -- -j22 -l22
[12.691s] Invoking command in '/home/grey/Documentos/GitHub/proy_fireye_ros2/build/proy_fireye_mundo': CMAKE_PREFIX_PATH=${CMAKE_PREFIX_PATH}:/home/grey/turtlebot3_ws/install/show_msg:/home/grey/turtlebot3_ws/install/my_nav2_system:/home/grey/turtlebot3_ws/install/my_first_subscriber:/home/grey/turtlebot3_ws/install/my_first_service:/home/grey/turtlebot3_ws/install/my_first_publisher:/home/grey/turtlebot3_ws/install/my_first_node:/home/grey/turtlebot3_ws/install/my_first_action:/opt/ros/jazzy DEBUGINFOD_URLS=https://debuginfod.ubuntu.com /usr/bin/cmake --install /home/grey/Documentos/GitHub/proy_fireye_ros2/build/proy_fireye_mundo
[12.702s] -- Install configuration: ""
[12.702s] -- Installing: /home/grey/Documentos/GitHub/proy_fireye_ros2/install/proy_fireye_mundo/lib/proy_fireye_mundo/turtlebot3_drive
[12.708s] -- Set non-toolchain portion of runtime path of "/home/grey/Documentos/GitHub/proy_fireye_ros2/install/proy_fireye_mundo/lib/proy_fireye_mundo/turtlebot3_drive" to ""
[12.709s] -- Installing: /home/grey/Documentos/GitHub/proy_fireye_ros2/install/proy_fireye_mundo/lib/proy_fireye_mundo/libobstacles.so
[12.709s] -- Set non-toolchain portion of runtime path of "/home/grey/Documentos/GitHub/proy_fireye_ros2/install/proy_fireye_mundo/lib/proy_fireye_mundo/libobstacles.so" to ""
[12.710s] -- Installing: /home/grey/Documentos/GitHub/proy_fireye_ros2/install/proy_fireye_mundo/lib/proy_fireye_mundo/libobstacle1.so
[12.710s] -- Set non-toolchain portion of runtime path of "/home/grey/Documentos/GitHub/proy_fireye_ros2/install/proy_fireye_mundo/lib/proy_fireye_mundo/libobstacle1.so" to ""
[12.710s] -- Installing: /home/grey/Documentos/GitHub/proy_fireye_ros2/install/proy_fireye_mundo/lib/proy_fireye_mundo/libobstacle2.so
[12.711s] -- Set non-toolchain portion of runtime path of "/home/grey/Documentos/GitHub/proy_fireye_ros2/install/proy_fireye_mundo/lib/proy_fireye_mundo/libobstacle2.so" to ""
[12.711s] -- Installing: /home/grey/Documentos/GitHub/proy_fireye_ros2/install/proy_fireye_mundo/share/proy_fireye_mundo//launch
[12.711s] -- Installing: /home/grey/Documentos/GitHub/proy_fireye_ros2/install/proy_fireye_mundo/share/proy_fireye_mundo//launch/spawn_turtlebot3.launch.py
[12.712s] -- Installing: /home/grey/Documentos/GitHub/proy_fireye_ros2/install/proy_fireye_mundo/share/proy_fireye_mundo//launch/robot_state_publisher.launch.py
[12.712s] -- Installing: /home/grey/Documentos/GitHub/proy_fireye_ros2/install/proy_fireye_mundo/share/proy_fireye_mundo//launch/fireye_mundo.launch.py
[12.712s] -- Installing: /home/grey/Documentos/GitHub/proy_fireye_ros2/install/proy_fireye_mundo/share/proy_fireye_mundo//models
[12.712s] -- Installing: /home/grey/Documentos/GitHub/proy_fireye_ros2/install/proy_fireye_mundo/share/proy_fireye_mundo//models/cafe
[12.712s] -- Installing: /home/grey/Documentos/GitHub/proy_fireye_ros2/install/proy_fireye_mundo/share/proy_fireye_mundo//models/cafe/meshes
[12.712s] -- Installing: /home/grey/Documentos/GitHub/proy_fireye_ros2/install/proy_fireye_mundo/share/proy_fireye_mundo//models/cafe/meshes/cafe.dae
[12.713s] -- Installing: /home/grey/Documentos/GitHub/proy_fireye_ros2/install/proy_fireye_mundo/share/proy_fireye_mundo//models/cafe/model.sdf
[12.713s] -- Installing: /home/grey/Documentos/GitHub/proy_fireye_ros2/install/proy_fireye_mundo/share/proy_fireye_mundo//models/cafe/materials
[12.713s] -- Installing: /home/grey/Documentos/GitHub/proy_fireye_ros2/install/proy_fireye_mundo/share/proy_fireye_mundo//models/cafe/materials/textures
[12.714s] -- Installing: /home/grey/Documentos/GitHub/proy_fireye_ros2/install/proy_fireye_mundo/share/proy_fireye_mundo//models/cafe/materials/textures/__auto_25.jpg
[12.714s] -- Installing: /home/grey/Documentos/GitHub/proy_fireye_ros2/install/proy_fireye_mundo/share/proy_fireye_mundo//models/cafe/materials/textures/__auto_28.jpg
[12.714s] -- Installing: /home/grey/Documentos/GitHub/proy_fireye_ros2/install/proy_fireye_mundo/share/proy_fireye_mundo//models/cafe/materials/textures/__auto_23.jpg
[12.714s] -- Installing: /home/grey/Documentos/GitHub/proy_fireye_ros2/install/proy_fireye_mundo/share/proy_fireye_mundo//models/cafe/materials/textures/__auto_10.jpg
[12.714s] -- Installing: /home/grey/Documentos/GitHub/proy_fireye_ros2/install/proy_fireye_mundo/share/proy_fireye_mundo//models/cafe/materials/textures/__auto_31.jpg
[12.714s] -- Installing: /home/grey/Documentos/GitHub/proy_fireye_ros2/install/proy_fireye_mundo/share/proy_fireye_mundo//models/cafe/materials/textures/__auto_26.jpg
[12.714s] -- Installing: /home/grey/Documentos/GitHub/proy_fireye_ros2/install/proy_fireye_mundo/share/proy_fireye_mundo//models/cafe/materials/textures/__auto_2.jpg
[12.714s] -- Installing: /home/grey/Documentos/GitHub/proy_fireye_ros2/install/proy_fireye_mundo/share/proy_fireye_mundo//models/cafe/materials/textures/__auto_34.jpg
[12.714s] -- Installing: /home/grey/Documentos/GitHub/proy_fireye_ros2/install/proy_fireye_mundo/share/proy_fireye_mundo//models/cafe/materials/textures/__auto_37.jpg
[12.715s] -- Installing: /home/grey/Documentos/GitHub/proy_fireye_ros2/install/proy_fireye_mundo/share/proy_fireye_mundo//models/cafe/materials/textures/__auto_35.jpg
[12.715s] -- Installing: /home/grey/Documentos/GitHub/proy_fireye_ros2/install/proy_fireye_mundo/share/proy_fireye_mundo//models/cafe/materials/textures/__auto_30.jpg
[12.715s] -- Installing: /home/grey/Documentos/GitHub/proy_fireye_ros2/install/proy_fireye_mundo/share/proy_fireye_mundo//models/cafe/materials/textures/__auto_21.jpg
[12.715s] -- Installing: /home/grey/Documentos/GitHub/proy_fireye_ros2/install/proy_fireye_mundo/share/proy_fireye_mundo//models/cafe/materials/textures/__auto_22.jpg
[12.715s] -- Installing: /home/grey/Documentos/GitHub/proy_fireye_ros2/install/proy_fireye_mundo/share/proy_fireye_mundo//models/cafe/materials/textures/__auto_24.jpg
[12.715s] -- Installing: /home/grey/Documentos/GitHub/proy_fireye_ros2/install/proy_fireye_mundo/share/proy_fireye_mundo//models/cafe/materials/textures/__auto_29.jpg
[12.715s] -- Installing: /home/grey/Documentos/GitHub/proy_fireye_ros2/install/proy_fireye_mundo/share/proy_fireye_mundo//models/cafe/model.config
[12.715s] -- Installing: /home/grey/Documentos/GitHub/proy_fireye_ros2/install/proy_fireye_mundo/share/proy_fireye_mundo//models/small_house
[12.715s] -- Installing: /home/grey/Documentos/GitHub/proy_fireye_ros2/install/proy_fireye_mundo/share/proy_fireye_mundo//models/small_house/model.sdf
[12.715s] -- Installing: /home/grey/Documentos/GitHub/proy_fireye_ros2/install/proy_fireye_mundo/share/proy_fireye_mundo//models/small_house/model.config
[12.715s] -- Installing: /home/grey/Documentos/GitHub/proy_fireye_ros2/install/proy_fireye_mundo/share/proy_fireye_mundo//models/turtlebot3_common
[12.716s] -- Installing: /home/grey/Documentos/GitHub/proy_fireye_ros2/install/proy_fireye_mundo/share/proy_fireye_mundo//models/turtlebot3_common/meshes
[12.716s] -- Installing: /home/grey/Documentos/GitHub/proy_fireye_ros2/install/proy_fireye_mundo/share/proy_fireye_mundo//models/turtlebot3_common/meshes/r200.dae
[12.716s] -- Installing: /home/grey/Documentos/GitHub/proy_fireye_ros2/install/proy_fireye_mundo/share/proy_fireye_mundo//models/turtlebot3_common/meshes/wheels
[12.716s] -- Installing: /home/grey/Documentos/GitHub/proy_fireye_ros2/install/proy_fireye_mundo/share/proy_fireye_mundo//models/turtlebot3_common/meshes/wheels/right_tire.stl
[12.716s] -- Installing: /home/grey/Documentos/GitHub/proy_fireye_ros2/install/proy_fireye_mundo/share/proy_fireye_mundo//models/turtlebot3_common/meshes/wheels/left_tire.stl
[12.716s] -- Installing: /home/grey/Documentos/GitHub/proy_fireye_ros2/install/proy_fireye_mundo/share/proy_fireye_mundo//models/turtlebot3_common/meshes/sensors
[12.717s] -- Installing: /home/grey/Documentos/GitHub/proy_fireye_ros2/install/proy_fireye_mundo/share/proy_fireye_mundo//models/turtlebot3_common/meshes/sensors/r200.dae
[12.717s] -- Installing: /home/grey/Documentos/GitHub/proy_fireye_ros2/install/proy_fireye_mundo/share/proy_fireye_mundo//models/turtlebot3_common/meshes/sensors/astra.dae
[12.723s] -- Installing: /home/grey/Documentos/GitHub/proy_fireye_ros2/install/proy_fireye_mundo/share/proy_fireye_mundo//models/turtlebot3_common/meshes/sensors/lds.stl
[12.723s] -- Installing: /home/grey/Documentos/GitHub/proy_fireye_ros2/install/proy_fireye_mundo/share/proy_fireye_mundo//models/turtlebot3_common/meshes/sensors/astra.jpg
[12.724s] -- Installing: /home/grey/Documentos/GitHub/proy_fireye_ros2/install/proy_fireye_mundo/share/proy_fireye_mundo//models/turtlebot3_common/meshes/sensors/r200.jpg
[12.724s] -- Installing: /home/grey/Documentos/GitHub/proy_fireye_ros2/install/proy_fireye_mundo/share/proy_fireye_mundo//models/turtlebot3_common/meshes/burger_base.dae
[12.724s] -- Installing: /home/grey/Documentos/GitHub/proy_fireye_ros2/install/proy_fireye_mundo/share/proy_fireye_mundo//models/turtlebot3_common/meshes/bases
[12.724s] -- Installing: /home/grey/Documentos/GitHub/proy_fireye_ros2/install/proy_fireye_mundo/share/proy_fireye_mundo//models/turtlebot3_common/meshes/bases/waffle_base.stl
[12.734s] -- Installing: /home/grey/Documentos/GitHub/proy_fireye_ros2/install/proy_fireye_mundo/share/proy_fireye_mundo//models/turtlebot3_common/meshes/bases/waffle_pi_base.stl
[12.739s] -- Installing: /home/grey/Documentos/GitHub/proy_fireye_ros2/install/proy_fireye_mundo/share/proy_fireye_mundo//models/turtlebot3_common/meshes/bases/burger_base.stl
[12.743s] -- Installing: /home/grey/Documentos/GitHub/proy_fireye_ros2/install/proy_fireye_mundo/share/proy_fireye_mundo//models/turtlebot3_common/meshes/waffle_base.dae
[12.743s] -- Installing: /home/grey/Documentos/GitHub/proy_fireye_ros2/install/proy_fireye_mundo/share/proy_fireye_mundo//models/turtlebot3_common/meshes/lds.dae
[12.743s] -- Installing: /home/grey/Documentos/GitHub/proy_fireye_ros2/install/proy_fireye_mundo/share/proy_fireye_mundo//models/turtlebot3_common/meshes/waffle_pi_base.dae
[12.743s] -- Installing: /home/grey/Documentos/GitHub/proy_fireye_ros2/install/proy_fireye_mundo/share/proy_fireye_mundo//models/turtlebot3_common/meshes/tire.dae
[12.743s] -- Installing: /home/grey/Documentos/GitHub/proy_fireye_ros2/install/proy_fireye_mundo/share/proy_fireye_mundo//models/turtlebot3_common/model.config
[12.743s] -- Installing: /home/grey/Documentos/GitHub/proy_fireye_ros2/install/proy_fireye_mundo/share/proy_fireye_mundo//models/turtlebot3_burger
[12.744s] -- Installing: /home/grey/Documentos/GitHub/proy_fireye_ros2/install/proy_fireye_mundo/share/proy_fireye_mundo//models/turtlebot3_burger/model.sdf
[12.744s] -- Installing: /home/grey/Documentos/GitHub/proy_fireye_ros2/install/proy_fireye_mundo/share/proy_fireye_mundo//models/turtlebot3_burger/model-1_4.sdf
[12.744s] -- Installing: /home/grey/Documentos/GitHub/proy_fireye_ros2/install/proy_fireye_mundo/share/proy_fireye_mundo//models/turtlebot3_burger/model.config
[12.744s] -- Installing: /home/grey/Documentos/GitHub/proy_fireye_ros2/install/proy_fireye_mundo/share/proy_fireye_mundo//models/turtlebot3_burger_cam
[12.744s] -- Installing: /home/grey/Documentos/GitHub/proy_fireye_ros2/install/proy_fireye_mundo/share/proy_fireye_mundo//models/turtlebot3_burger_cam/model.sdf
[12.744s] -- Installing: /home/grey/Documentos/GitHub/proy_fireye_ros2/install/proy_fireye_mundo/share/proy_fireye_mundo//models/turtlebot3_burger_cam/model-1_4.sdf
[12.744s] -- Installing: /home/grey/Documentos/GitHub/proy_fireye_ros2/install/proy_fireye_mundo/share/proy_fireye_mundo//models/turtlebot3_burger_cam/model.config
[12.744s] -- Installing: /home/grey/Documentos/GitHub/proy_fireye_ros2/install/proy_fireye_mundo/share/proy_fireye_mundo//params
[12.744s] -- Installing: /home/grey/Documentos/GitHub/proy_fireye_ros2/install/proy_fireye_mundo/share/proy_fireye_mundo//params/turtlebot3_burger_bridge.yaml
[12.745s] -- Installing: /home/grey/Documentos/GitHub/proy_fireye_ros2/install/proy_fireye_mundo/share/proy_fireye_mundo//params/turtlebot3_burger_cam_bridge.yaml
[12.745s] -- Installing: /home/grey/Documentos/GitHub/proy_fireye_ros2/install/proy_fireye_mundo/share/proy_fireye_mundo//rviz
[12.745s] -- Installing: /home/grey/Documentos/GitHub/proy_fireye_ros2/install/proy_fireye_mundo/share/proy_fireye_mundo//rviz/turtlebot3_burger.urdf
[12.745s] -- Installing: /home/grey/Documentos/GitHub/proy_fireye_ros2/install/proy_fireye_mundo/share/proy_fireye_mundo//urdf
[12.745s] -- Installing: /home/grey/Documentos/GitHub/proy_fireye_ros2/install/proy_fireye_mundo/share/proy_fireye_mundo//urdf/turtlebot3_burger_cam.urdf
[12.745s] -- Installing: /home/grey/Documentos/GitHub/proy_fireye_ros2/install/proy_fireye_mundo/share/proy_fireye_mundo//urdf/common_properties.urdf
[12.745s] -- Installing: /home/grey/Documentos/GitHub/proy_fireye_ros2/install/proy_fireye_mundo/share/proy_fireye_mundo//urdf/turtlebot3_burger.urdf
[12.745s] -- Installing: /home/grey/Documentos/GitHub/proy_fireye_ros2/install/proy_fireye_mundo/share/proy_fireye_mundo//worlds
[12.746s] -- Installing: /home/grey/Documentos/GitHub/proy_fireye_ros2/install/proy_fireye_mundo/share/proy_fireye_mundo//worlds/my_world.world
[12.746s] -- Installing: /home/grey/Documentos/GitHub/proy_fireye_ros2/install/proy_fireye_mundo/share/proy_fireye_mundo//worlds/harmonic.sdf
[12.746s] -- Installing: /home/grey/Documentos/GitHub/proy_fireye_ros2/install/proy_fireye_mundo/include/
[12.746s] -- Installing: /home/grey/Documentos/GitHub/proy_fireye_ros2/install/proy_fireye_mundo/include//proy_fireye_world
[12.746s] -- Installing: /home/grey/Documentos/GitHub/proy_fireye_ros2/install/proy_fireye_mundo/include//turtlebot3_drive.hpp
[12.746s] -- Installing: /home/grey/Documentos/GitHub/proy_fireye_ros2/install/proy_fireye_mundo/include//obstacles.hpp
[12.746s] -- Installing: /home/grey/Documentos/GitHub/proy_fireye_ros2/install/proy_fireye_mundo/include//traffic_bar_plugin.hpp
[12.746s] -- Installing: /home/grey/Documentos/GitHub/proy_fireye_ros2/install/proy_fireye_mundo/include//traffic_light_plugin.hpp
[12.746s] -- Installing: /home/grey/Documentos/GitHub/proy_fireye_ros2/install/proy_fireye_mundo/include//obstacle2.hpp
[12.746s] -- Installing: /home/grey/Documentos/GitHub/proy_fireye_ros2/install/proy_fireye_mundo/include//obstacle1.hpp
[12.746s] -- Installing: /home/grey/Documentos/GitHub/proy_fireye_ros2/install/proy_fireye_mundo/share/ament_index/resource_index/package_run_dependencies/proy_fireye_mundo
[12.746s] -- Installing: /home/grey/Documentos/GitHub/proy_fireye_ros2/install/proy_fireye_mundo/share/ament_index/resource_index/parent_prefix_path/proy_fireye_mundo
[12.747s] -- Installing: /home/grey/Documentos/GitHub/proy_fireye_ros2/install/proy_fireye_mundo/share/proy_fireye_mundo/environment/ament_prefix_path.sh
[12.747s] -- Installing: /home/grey/Documentos/GitHub/proy_fireye_ros2/install/proy_fireye_mundo/share/proy_fireye_mundo/environment/ament_prefix_path.dsv
[12.747s] -- Installing: /home/grey/Documentos/GitHub/proy_fireye_ros2/install/proy_fireye_mundo/share/proy_fireye_mundo/environment/path.sh
[12.747s] -- Installing: /home/grey/Documentos/GitHub/proy_fireye_ros2/install/proy_fireye_mundo/share/proy_fireye_mundo/environment/path.dsv
[12.747s] -- Installing: /home/grey/Documentos/GitHub/proy_fireye_ros2/install/proy_fireye_mundo/share/proy_fireye_mundo/local_setup.bash
[12.747s] -- Installing: /home/grey/Documentos/GitHub/proy_fireye_ros2/install/proy_fireye_mundo/share/proy_fireye_mundo/local_setup.sh
[12.747s] -- Installing: /home/grey/Documentos/GitHub/proy_fireye_ros2/install/proy_fireye_mundo/share/proy_fireye_mundo/local_setup.zsh
[12.747s] -- Installing: /home/grey/Documentos/GitHub/proy_fireye_ros2/install/proy_fireye_mundo/share/proy_fireye_mundo/local_setup.dsv
[12.747s] -- Installing: /home/grey/Documentos/GitHub/proy_fireye_ros2/install/proy_fireye_mundo/share/proy_fireye_mundo/package.dsv
[12.747s] -- Installing: /home/grey/Documentos/GitHub/proy_fireye_ros2/install/proy_fireye_mundo/share/ament_index/resource_index/packages/proy_fireye_mundo
[12.747s] -- Installing: /home/grey/Documentos/GitHub/proy_fireye_ros2/install/proy_fireye_mundo/share/proy_fireye_mundo/cmake/ament_cmake_export_include_directories-extras.cmake
[12.747s] -- Installing: /home/grey/Documentos/GitHub/proy_fireye_ros2/install/proy_fireye_mundo/share/proy_fireye_mundo/cmake/ament_cmake_export_dependencies-extras.cmake
[12.747s] -- Installing: /home/grey/Documentos/GitHub/proy_fireye_ros2/install/proy_fireye_mundo/share/proy_fireye_mundo/cmake/proy_fireye_mundoConfig.cmake
[12.748s] -- Installing: /home/grey/Documentos/GitHub/proy_fireye_ros2/install/proy_fireye_mundo/share/proy_fireye_mundo/cmake/proy_fireye_mundoConfig-version.cmake
[12.748s] -- Installing: /home/grey/Documentos/GitHub/proy_fireye_ros2/install/proy_fireye_mundo/share/proy_fireye_mundo/package.xml
[12.749s] Invoked command in '/home/grey/Documentos/GitHub/proy_fireye_ros2/build/proy_fireye_mundo' returned '0': CMAKE_PREFIX_PATH=${CMAKE_PREFIX_PATH}:/home/grey/turtlebot3_ws/install/show_msg:/home/grey/turtlebot3_ws/install/my_nav2_system:/home/grey/turtlebot3_ws/install/my_first_subscriber:/home/grey/turtlebot3_ws/install/my_first_service:/home/grey/turtlebot3_ws/install/my_first_publisher:/home/grey/turtlebot3_ws/install/my_first_node:/home/grey/turtlebot3_ws/install/my_first_action:/opt/ros/jazzy DEBUGINFOD_URLS=https://debuginfod.ubuntu.com /usr/bin/cmake --install /home/grey/Documentos/GitHub/proy_fireye_ros2/build/proy_fireye_mundo
