[0.108s] DEBUG:colcon:Command line arguments: ['/usr/bin/colcon', 'build']
[0.108s] DEBUG:colcon:Parsed command line arguments: Namespace(log_base=None, log_level=None, verb_name='build', build_base='build', install_base='install', merge_install=False, symlink_install=False, test_result_base=None, continue_on_error=False, executor='parallel', parallel_workers=22, event_handlers=None, ignore_user_meta=False, metas=['./colcon.meta'], base_paths=['.'], packages_ignore=None, packages_ignore_regex=None, paths=None, packages_up_to=None, packages_up_to_regex=None, packages_above=None, packages_above_and_dependencies=None, packages_above_depth=None, packages_select_by_dep=None, packages_skip_by_dep=None, packages_skip_up_to=None, packages_select_build_failed=False, packages_skip_build_finished=False, packages_select_test_failures=False, packages_skip_test_passed=False, packages_select=None, packages_skip=None, packages_select_regex=None, packages_skip_regex=None, packages_start=None, packages_end=None, cmake_args=None, cmake_target=None, cmake_target_skip_unavailable=False, cmake_clean_cache=False, cmake_clean_first=False, cmake_force_configure=False, ament_cmake_args=None, catkin_cmake_args=None, catkin_skip_building_tests=False, verb_parser=<colcon_defaults.argument_parser.defaults.DefaultArgumentsDecorator object at 0x7bdd4c31df70>, verb_extension=<colcon_core.verb.build.BuildVerb object at 0x7bdd4c4a7a40>, main=<bound method BuildVerb.main of <colcon_core.verb.build.BuildVerb object at 0x7bdd4c4a7a40>>)
[0.148s] Level 1:colcon.colcon_core.package_discovery:discover_packages(colcon_meta) check parameters
[0.148s] Level 1:colcon.colcon_core.package_discovery:discover_packages(recursive) check parameters
[0.149s] Level 1:colcon.colcon_core.package_discovery:discover_packages(ignore) check parameters
[0.149s] Level 1:colcon.colcon_core.package_discovery:discover_packages(path) check parameters
[0.149s] Level 1:colcon.colcon_core.package_discovery:discover_packages(colcon_meta) discover
[0.149s] Level 1:colcon.colcon_core.package_discovery:discover_packages(recursive) discover
[0.149s] INFO:colcon.colcon_core.package_discovery:Crawling recursively for packages in '/home/grey/Documentos/GitHub/proy_fireye_ros2'
[0.149s] Level 1:colcon.colcon_core.package_identification:_identify(.) by extensions ['ignore', 'ignore_ament_install']
[0.149s] Level 1:colcon.colcon_core.package_identification:_identify(.) by extension 'ignore'
[0.149s] Level 1:colcon.colcon_core.package_identification:_identify(.) by extension 'ignore_ament_install'
[0.149s] Level 1:colcon.colcon_core.package_identification:_identify(.) by extensions ['colcon_pkg']
[0.149s] Level 1:colcon.colcon_core.package_identification:_identify(.) by extension 'colcon_pkg'
[0.149s] Level 1:colcon.colcon_core.package_identification:_identify(.) by extensions ['colcon_meta']
[0.149s] Level 1:colcon.colcon_core.package_identification:_identify(.) by extension 'colcon_meta'
[0.149s] Level 1:colcon.colcon_core.package_identification:_identify(.) by extensions ['ros']
[0.149s] Level 1:colcon.colcon_core.package_identification:_identify(.) by extension 'ros'
[0.177s] Level 1:colcon.colcon_core.package_identification:_identify(.) by extensions ['cmake', 'python']
[0.177s] Level 1:colcon.colcon_core.package_identification:_identify(.) by extension 'cmake'
[0.177s] Level 1:colcon.colcon_core.package_identification:_identify(.) by extension 'python'
[0.177s] Level 1:colcon.colcon_core.package_identification:_identify(.) by extensions ['python_setup_py']
[0.177s] Level 1:colcon.colcon_core.package_identification:_identify(.) by extension 'python_setup_py'
[0.177s] Level 1:colcon.colcon_core.package_identification:_identify(build) by extensions ['ignore', 'ignore_ament_install']
[0.177s] Level 1:colcon.colcon_core.package_identification:_identify(build) by extension 'ignore'
[0.178s] Level 1:colcon.colcon_core.package_identification:_identify(build) ignored
[0.178s] Level 1:colcon.colcon_core.package_identification:_identify(install) by extensions ['ignore', 'ignore_ament_install']
[0.178s] Level 1:colcon.colcon_core.package_identification:_identify(install) by extension 'ignore'
[0.178s] Level 1:colcon.colcon_core.package_identification:_identify(install) ignored
[0.178s] Level 1:colcon.colcon_core.package_identification:_identify(log) by extensions ['ignore', 'ignore_ament_install']
[0.178s] Level 1:colcon.colcon_core.package_identification:_identify(log) by extension 'ignore'
[0.178s] Level 1:colcon.colcon_core.package_identification:_identify(log) ignored
[0.178s] Level 1:colcon.colcon_core.package_identification:_identify(proy_fireye) by extensions ['ignore', 'ignore_ament_install']
[0.178s] Level 1:colcon.colcon_core.package_identification:_identify(proy_fireye) by extension 'ignore'
[0.178s] Level 1:colcon.colcon_core.package_identification:_identify(proy_fireye) by extension 'ignore_ament_install'
[0.178s] Level 1:colcon.colcon_core.package_identification:_identify(proy_fireye) by extensions ['colcon_pkg']
[0.178s] Level 1:colcon.colcon_core.package_identification:_identify(proy_fireye) by extension 'colcon_pkg'
[0.178s] Level 1:colcon.colcon_core.package_identification:_identify(proy_fireye) by extensions ['colcon_meta']
[0.178s] Level 1:colcon.colcon_core.package_identification:_identify(proy_fireye) by extension 'colcon_meta'
[0.178s] Level 1:colcon.colcon_core.package_identification:_identify(proy_fireye) by extensions ['ros']
[0.178s] Level 1:colcon.colcon_core.package_identification:_identify(proy_fireye) by extension 'ros'
[0.181s] DEBUG:colcon.colcon_core.package_identification:Package 'proy_fireye' with type 'ros.ament_cmake' and name 'proy_fireye'
[0.181s] Level 1:colcon.colcon_core.package_identification:_identify(proy_fireye_mundo) by extensions ['ignore', 'ignore_ament_install']
[0.181s] Level 1:colcon.colcon_core.package_identification:_identify(proy_fireye_mundo) by extension 'ignore'
[0.181s] Level 1:colcon.colcon_core.package_identification:_identify(proy_fireye_mundo) by extension 'ignore_ament_install'
[0.181s] Level 1:colcon.colcon_core.package_identification:_identify(proy_fireye_mundo) by extensions ['colcon_pkg']
[0.181s] Level 1:colcon.colcon_core.package_identification:_identify(proy_fireye_mundo) by extension 'colcon_pkg'
[0.181s] Level 1:colcon.colcon_core.package_identification:_identify(proy_fireye_mundo) by extensions ['colcon_meta']
[0.181s] Level 1:colcon.colcon_core.package_identification:_identify(proy_fireye_mundo) by extension 'colcon_meta'
[0.181s] Level 1:colcon.colcon_core.package_identification:_identify(proy_fireye_mundo) by extensions ['ros']
[0.181s] Level 1:colcon.colcon_core.package_identification:_identify(proy_fireye_mundo) by extension 'ros'
[0.182s] DEBUG:colcon.colcon_core.package_identification:Package 'proy_fireye_mundo' with type 'ros.ament_cmake' and name 'proy_fireye_mundo'
[0.182s] Level 1:colcon.colcon_core.package_identification:_identify(proy_fireye_slam) by extensions ['ignore', 'ignore_ament_install']
[0.182s] Level 1:colcon.colcon_core.package_identification:_identify(proy_fireye_slam) by extension 'ignore'
[0.183s] Level 1:colcon.colcon_core.package_identification:_identify(proy_fireye_slam) by extension 'ignore_ament_install'
[0.183s] Level 1:colcon.colcon_core.package_identification:_identify(proy_fireye_slam) by extensions ['colcon_pkg']
[0.183s] Level 1:colcon.colcon_core.package_identification:_identify(proy_fireye_slam) by extension 'colcon_pkg'
[0.183s] Level 1:colcon.colcon_core.package_identification:_identify(proy_fireye_slam) by extensions ['colcon_meta']
[0.183s] Level 1:colcon.colcon_core.package_identification:_identify(proy_fireye_slam) by extension 'colcon_meta'
[0.183s] Level 1:colcon.colcon_core.package_identification:_identify(proy_fireye_slam) by extensions ['ros']
[0.183s] Level 1:colcon.colcon_core.package_identification:_identify(proy_fireye_slam) by extension 'ros'
[0.183s] DEBUG:colcon.colcon_core.package_identification:Package 'proy_fireye_slam' with type 'ros.ament_python' and name 'proy_fireye_slam'
[0.183s] Level 1:colcon.colcon_core.package_discovery:discover_packages(recursive) using defaults
[0.184s] Level 1:colcon.colcon_core.package_discovery:discover_packages(ignore) discover
[0.184s] Level 1:colcon.colcon_core.package_discovery:discover_packages(ignore) using defaults
[0.184s] Level 1:colcon.colcon_core.package_discovery:discover_packages(path) discover
[0.184s] Level 1:colcon.colcon_core.package_discovery:discover_packages(path) using defaults
[0.203s] Level 5:colcon.colcon_core.verb:set package 'proy_fireye_mundo' build argument 'cmake_args' from command line to 'None'
[0.203s] Level 5:colcon.colcon_core.verb:set package 'proy_fireye_mundo' build argument 'cmake_target' from command line to 'None'
[0.203s] Level 5:colcon.colcon_core.verb:set package 'proy_fireye_mundo' build argument 'cmake_target_skip_unavailable' from command line to 'False'
[0.203s] Level 5:colcon.colcon_core.verb:set package 'proy_fireye_mundo' build argument 'cmake_clean_cache' from command line to 'False'
[0.203s] Level 5:colcon.colcon_core.verb:set package 'proy_fireye_mundo' build argument 'cmake_clean_first' from command line to 'False'
[0.203s] Level 5:colcon.colcon_core.verb:set package 'proy_fireye_mundo' build argument 'cmake_force_configure' from command line to 'False'
[0.203s] Level 5:colcon.colcon_core.verb:set package 'proy_fireye_mundo' build argument 'ament_cmake_args' from command line to 'None'
[0.203s] Level 5:colcon.colcon_core.verb:set package 'proy_fireye_mundo' build argument 'catkin_cmake_args' from command line to 'None'
[0.203s] Level 5:colcon.colcon_core.verb:set package 'proy_fireye_mundo' build argument 'catkin_skip_building_tests' from command line to 'False'
[0.203s] DEBUG:colcon.colcon_core.verb:Building package 'proy_fireye_mundo' with the following arguments: {'ament_cmake_args': None, 'build_base': '/home/grey/Documentos/GitHub/proy_fireye_ros2/build/proy_fireye_mundo', 'catkin_cmake_args': None, 'catkin_skip_building_tests': False, 'cmake_args': None, 'cmake_clean_cache': False, 'cmake_clean_first': False, 'cmake_force_configure': False, 'cmake_target': None, 'cmake_target_skip_unavailable': False, 'install_base': '/home/grey/Documentos/GitHub/proy_fireye_ros2/install/proy_fireye_mundo', 'merge_install': False, 'path': '/home/grey/Documentos/GitHub/proy_fireye_ros2/proy_fireye_mundo', 'symlink_install': False, 'test_result_base': None}
[0.204s] Level 5:colcon.colcon_core.verb:set package 'proy_fireye_slam' build argument 'cmake_args' from command line to 'None'
[0.204s] Level 5:colcon.colcon_core.verb:set package 'proy_fireye_slam' build argument 'cmake_target' from command line to 'None'
[0.204s] Level 5:colcon.colcon_core.verb:set package 'proy_fireye_slam' build argument 'cmake_target_skip_unavailable' from command line to 'False'
[0.204s] Level 5:colcon.colcon_core.verb:set package 'proy_fireye_slam' build argument 'cmake_clean_cache' from command line to 'False'
[0.204s] Level 5:colcon.colcon_core.verb:set package 'proy_fireye_slam' build argument 'cmake_clean_first' from command line to 'False'
[0.204s] Level 5:colcon.colcon_core.verb:set package 'proy_fireye_slam' build argument 'cmake_force_configure' from command line to 'False'
[0.204s] Level 5:colcon.colcon_core.verb:set package 'proy_fireye_slam' build argument 'ament_cmake_args' from command line to 'None'
[0.204s] Level 5:colcon.colcon_core.verb:set package 'proy_fireye_slam' build argument 'catkin_cmake_args' from command line to 'None'
[0.204s] Level 5:colcon.colcon_core.verb:set package 'proy_fireye_slam' build argument 'catkin_skip_building_tests' from command line to 'False'
[0.204s] DEBUG:colcon.colcon_core.verb:Building package 'proy_fireye_slam' with the following arguments: {'ament_cmake_args': None, 'build_base': '/home/grey/Documentos/GitHub/proy_fireye_ros2/build/proy_fireye_slam', 'catkin_cmake_args': None, 'catkin_skip_building_tests': False, 'cmake_args': None, 'cmake_clean_cache': False, 'cmake_clean_first': False, 'cmake_force_configure': False, 'cmake_target': None, 'cmake_target_skip_unavailable': False, 'install_base': '/home/grey/Documentos/GitHub/proy_fireye_ros2/install/proy_fireye_slam', 'merge_install': False, 'path': '/home/grey/Documentos/GitHub/proy_fireye_ros2/proy_fireye_slam', 'symlink_install': False, 'test_result_base': None}
[0.204s] Level 5:colcon.colcon_core.verb:set package 'proy_fireye' build argument 'cmake_args' from command line to 'None'
[0.204s] Level 5:colcon.colcon_core.verb:set package 'proy_fireye' build argument 'cmake_target' from command line to 'None'
[0.204s] Level 5:colcon.colcon_core.verb:set package 'proy_fireye' build argument 'cmake_target_skip_unavailable' from command line to 'False'
[0.204s] Level 5:colcon.colcon_core.verb:set package 'proy_fireye' build argument 'cmake_clean_cache' from command line to 'False'
[0.204s] Level 5:colcon.colcon_core.verb:set package 'proy_fireye' build argument 'cmake_clean_first' from command line to 'False'
[0.204s] Level 5:colcon.colcon_core.verb:set package 'proy_fireye' build argument 'cmake_force_configure' from command line to 'False'
[0.204s] Level 5:colcon.colcon_core.verb:set package 'proy_fireye' build argument 'ament_cmake_args' from command line to 'None'
[0.204s] Level 5:colcon.colcon_core.verb:set package 'proy_fireye' build argument 'catkin_cmake_args' from command line to 'None'
[0.204s] Level 5:colcon.colcon_core.verb:set package 'proy_fireye' build argument 'catkin_skip_building_tests' from command line to 'False'
[0.204s] DEBUG:colcon.colcon_core.verb:Building package 'proy_fireye' with the following arguments: {'ament_cmake_args': None, 'build_base': '/home/grey/Documentos/GitHub/proy_fireye_ros2/build/proy_fireye', 'catkin_cmake_args': None, 'catkin_skip_building_tests': False, 'cmake_args': None, 'cmake_clean_cache': False, 'cmake_clean_first': False, 'cmake_force_configure': False, 'cmake_target': None, 'cmake_target_skip_unavailable': False, 'install_base': '/home/grey/Documentos/GitHub/proy_fireye_ros2/install/proy_fireye', 'merge_install': False, 'path': '/home/grey/Documentos/GitHub/proy_fireye_ros2/proy_fireye', 'symlink_install': False, 'test_result_base': None}
[0.204s] INFO:colcon.colcon_core.executor:Executing jobs using 'parallel' executor
[0.206s] DEBUG:colcon.colcon_parallel_executor.executor.parallel:run_until_complete
[0.206s] INFO:colcon.colcon_ros.task.ament_cmake.build:Building ROS package in '/home/grey/Documentos/GitHub/proy_fireye_ros2/proy_fireye_mundo' with build type 'ament_cmake'
[0.206s] INFO:colcon.colcon_cmake.task.cmake.build:Building CMake package in '/home/grey/Documentos/GitHub/proy_fireye_ros2/proy_fireye_mundo'
[0.208s] INFO:colcon.colcon_core.plugin_system:Skipping extension 'colcon_core.shell.bat': Not used on non-Windows systems
[0.208s] DEBUG:colcon.colcon_core.shell:Skip shell extension 'dsv' for command environment
[0.209s] WARNING:colcon.colcon_ros.prefix_path.ament:The path '/home/grey/Documentos/GitHub/proy_fireye_ros2/install/proy_fireye' in the environment variable AMENT_PREFIX_PATH doesn't exist
[0.209s] WARNING:colcon.colcon_ros.prefix_path.ament:The path '/home/grey/Documentos/GitHub/proy_fireye_ros2/install/proy_fireye_slam' in the environment variable AMENT_PREFIX_PATH doesn't exist
[0.209s] WARNING:colcon.colcon_ros.prefix_path.ament:The path '/home/grey/Documentos/GitHub/proy_fireye_ros2/install/proy_fireye_mundo' in the environment variable AMENT_PREFIX_PATH doesn't exist
[0.209s] WARNING:colcon.colcon_ros.prefix_path.catkin:The path '/home/grey/Documentos/GitHub/proy_fireye_ros2/install/proy_fireye' in the environment variable CMAKE_PREFIX_PATH doesn't exist
[0.209s] WARNING:colcon.colcon_ros.prefix_path.catkin:The path '/home/grey/Documentos/GitHub/proy_fireye_ros2/install/proy_fireye_mundo' in the environment variable CMAKE_PREFIX_PATH doesn't exist
[0.214s] INFO:colcon.colcon_ros.task.ament_python.build:Building ROS package in '/home/grey/Documentos/GitHub/proy_fireye_ros2/proy_fireye_slam' with build type 'ament_python'
[0.214s] Level 1:colcon.colcon_core.shell:create_environment_hook('proy_fireye_slam', 'ament_prefix_path')
[0.215s] INFO:colcon.colcon_core.shell:Creating environment descriptor '/home/grey/Documentos/GitHub/proy_fireye_ros2/install/proy_fireye_slam/share/proy_fireye_slam/hook/ament_prefix_path.dsv'
[0.215s] INFO:colcon.colcon_core.shell:Creating environment hook '/home/grey/Documentos/GitHub/proy_fireye_ros2/install/proy_fireye_slam/share/proy_fireye_slam/hook/ament_prefix_path.sh'
[0.216s] DEBUG:colcon.colcon_core.shell:Skip shell extension 'dsv' for command environment
[0.224s] DEBUG:colcon.colcon_core.event_handler.log_command:Invoking command in '/home/grey/Documentos/GitHub/proy_fireye_ros2/build/proy_fireye_mundo': CMAKE_PREFIX_PATH=${CMAKE_PREFIX_PATH}:/home/grey/Documentos/GitHub/proy_fireye_ros2/install/proy_fireye_slam:/home/grey/turtlebot3_ws/install/show_msg:/home/grey/turtlebot3_ws/install/my_nav2_system:/home/grey/turtlebot3_ws/install/my_first_subscriber:/home/grey/turtlebot3_ws/install/my_first_service:/home/grey/turtlebot3_ws/install/my_first_publisher:/home/grey/turtlebot3_ws/install/my_first_node:/home/grey/turtlebot3_ws/install/my_first_action:/opt/ros/jazzy DEBUGINFOD_URLS=https://debuginfod.ubuntu.com /usr/bin/cmake /home/grey/Documentos/GitHub/proy_fireye_ros2/proy_fireye_mundo -DCMAKE_INSTALL_PREFIX=/home/grey/Documentos/GitHub/proy_fireye_ros2/install/proy_fireye_mundo
[0.471s] INFO:colcon.colcon_core.task.python.build:Building Python package in '/home/grey/Documentos/GitHub/proy_fireye_ros2/proy_fireye_slam'
[0.471s] DEBUG:colcon.colcon_core.shell:Skip shell extension 'dsv' for command environment
[1.085s] DEBUG:colcon.colcon_core.event_handler.log_command:Invoking command in '/home/grey/Documentos/GitHub/proy_fireye_ros2/proy_fireye_slam': DEBUGINFOD_URLS=https://debuginfod.ubuntu.com PYTHONPATH=/home/grey/Documentos/GitHub/proy_fireye_ros2/build/proy_fireye_slam/prefix_override:/usr/lib/python3/dist-packages/colcon_core/task/python/colcon_distutils_commands:/home/grey/Documentos/GitHub/proy_fireye_ros2/install/proy_fireye_slam/lib/python3.12/site-packages:${PYTHONPATH} /usr/bin/python3 -W ignore:setup.py install is deprecated -W ignore:easy_install command is deprecated setup.py egg_info --egg-base ../build/proy_fireye_slam build --build-base /home/grey/Documentos/GitHub/proy_fireye_ros2/build/proy_fireye_slam/build install --record /home/grey/Documentos/GitHub/proy_fireye_ros2/build/proy_fireye_slam/install.log --single-version-externally-managed install_data
[1.659s] DEBUG:colcon.colcon_core.event_handler.log_command:Invoked command in '/home/grey/Documentos/GitHub/proy_fireye_ros2/proy_fireye_slam' returned '0': DEBUGINFOD_URLS=https://debuginfod.ubuntu.com PYTHONPATH=/home/grey/Documentos/GitHub/proy_fireye_ros2/build/proy_fireye_slam/prefix_override:/usr/lib/python3/dist-packages/colcon_core/task/python/colcon_distutils_commands:/home/grey/Documentos/GitHub/proy_fireye_ros2/install/proy_fireye_slam/lib/python3.12/site-packages:${PYTHONPATH} /usr/bin/python3 -W ignore:setup.py install is deprecated -W ignore:easy_install command is deprecated setup.py egg_info --egg-base ../build/proy_fireye_slam build --build-base /home/grey/Documentos/GitHub/proy_fireye_ros2/build/proy_fireye_slam/build install --record /home/grey/Documentos/GitHub/proy_fireye_ros2/build/proy_fireye_slam/install.log --single-version-externally-managed install_data
[1.663s] Level 1:colcon.colcon_core.environment:checking '/home/grey/Documentos/GitHub/proy_fireye_ros2/install/proy_fireye_slam' for CMake module files
[1.663s] Level 1:colcon.colcon_core.environment:checking '/home/grey/Documentos/GitHub/proy_fireye_ros2/install/proy_fireye_slam' for CMake config files
[1.665s] Level 1:colcon.colcon_core.environment:checking '/home/grey/Documentos/GitHub/proy_fireye_ros2/install/proy_fireye_slam/lib'
[1.665s] Level 1:colcon.colcon_core.environment:checking '/home/grey/Documentos/GitHub/proy_fireye_ros2/install/proy_fireye_slam/bin'
[1.665s] Level 1:colcon.colcon_core.environment:checking '/home/grey/Documentos/GitHub/proy_fireye_ros2/install/proy_fireye_slam/lib/pkgconfig/proy_fireye_slam.pc'
[1.666s] Level 1:colcon.colcon_core.environment:checking '/home/grey/Documentos/GitHub/proy_fireye_ros2/install/proy_fireye_slam/lib/python3.12/site-packages'
[1.666s] Level 1:colcon.colcon_core.shell:create_environment_hook('proy_fireye_slam', 'pythonpath')
[1.666s] INFO:colcon.colcon_core.shell:Creating environment descriptor '/home/grey/Documentos/GitHub/proy_fireye_ros2/install/proy_fireye_slam/share/proy_fireye_slam/hook/pythonpath.dsv'
[1.667s] INFO:colcon.colcon_core.shell:Creating environment hook '/home/grey/Documentos/GitHub/proy_fireye_ros2/install/proy_fireye_slam/share/proy_fireye_slam/hook/pythonpath.sh'
[1.668s] Level 1:colcon.colcon_core.environment:checking '/home/grey/Documentos/GitHub/proy_fireye_ros2/install/proy_fireye_slam/bin'
[1.668s] Level 1:colcon.colcon_core.environment:create_environment_scripts_only(proy_fireye_slam)
[1.668s] INFO:colcon.colcon_core.shell:Creating package descriptor '/home/grey/Documentos/GitHub/proy_fireye_ros2/install/proy_fireye_slam/share/proy_fireye_slam/package.dsv'
[1.668s] INFO:colcon.colcon_core.shell:Creating package script '/home/grey/Documentos/GitHub/proy_fireye_ros2/install/proy_fireye_slam/share/proy_fireye_slam/package.sh'
[1.669s] INFO:colcon.colcon_core.shell:Creating package script '/home/grey/Documentos/GitHub/proy_fireye_ros2/install/proy_fireye_slam/share/proy_fireye_slam/package.bash'
[1.670s] INFO:colcon.colcon_core.shell:Creating package script '/home/grey/Documentos/GitHub/proy_fireye_ros2/install/proy_fireye_slam/share/proy_fireye_slam/package.zsh'
[1.670s] Level 1:colcon.colcon_core.environment:create_file_with_runtime_dependencies(/home/grey/Documentos/GitHub/proy_fireye_ros2/install/proy_fireye_slam/share/colcon-core/packages/proy_fireye_slam)
[4.252s] DEBUG:colcon.colcon_core.event_handler.log_command:Invoked command in '/home/grey/Documentos/GitHub/proy_fireye_ros2/build/proy_fireye_mundo' returned '0': CMAKE_PREFIX_PATH=${CMAKE_PREFIX_PATH}:/home/grey/Documentos/GitHub/proy_fireye_ros2/install/proy_fireye_slam:/home/grey/turtlebot3_ws/install/show_msg:/home/grey/turtlebot3_ws/install/my_nav2_system:/home/grey/turtlebot3_ws/install/my_first_subscriber:/home/grey/turtlebot3_ws/install/my_first_service:/home/grey/turtlebot3_ws/install/my_first_publisher:/home/grey/turtlebot3_ws/install/my_first_node:/home/grey/turtlebot3_ws/install/my_first_action:/opt/ros/jazzy DEBUGINFOD_URLS=https://debuginfod.ubuntu.com /usr/bin/cmake /home/grey/Documentos/GitHub/proy_fireye_ros2/proy_fireye_mundo -DCMAKE_INSTALL_PREFIX=/home/grey/Documentos/GitHub/proy_fireye_ros2/install/proy_fireye_mundo
[4.254s] DEBUG:colcon.colcon_core.event_handler.log_command:Invoking command in '/home/grey/Documentos/GitHub/proy_fireye_ros2/build/proy_fireye_mundo': CMAKE_PREFIX_PATH=${CMAKE_PREFIX_PATH}:/home/grey/Documentos/GitHub/proy_fireye_ros2/install/proy_fireye_slam:/home/grey/turtlebot3_ws/install/show_msg:/home/grey/turtlebot3_ws/install/my_nav2_system:/home/grey/turtlebot3_ws/install/my_first_subscriber:/home/grey/turtlebot3_ws/install/my_first_service:/home/grey/turtlebot3_ws/install/my_first_publisher:/home/grey/turtlebot3_ws/install/my_first_node:/home/grey/turtlebot3_ws/install/my_first_action:/opt/ros/jazzy DEBUGINFOD_URLS=https://debuginfod.ubuntu.com /usr/bin/cmake --build /home/grey/Documentos/GitHub/proy_fireye_ros2/build/proy_fireye_mundo -- -j22 -l22
[15.130s] DEBUG:colcon.colcon_core.event_handler.log_command:Invoked command in '/home/grey/Documentos/GitHub/proy_fireye_ros2/build/proy_fireye_mundo' returned '0': CMAKE_PREFIX_PATH=${CMAKE_PREFIX_PATH}:/home/grey/Documentos/GitHub/proy_fireye_ros2/install/proy_fireye_slam:/home/grey/turtlebot3_ws/install/show_msg:/home/grey/turtlebot3_ws/install/my_nav2_system:/home/grey/turtlebot3_ws/install/my_first_subscriber:/home/grey/turtlebot3_ws/install/my_first_service:/home/grey/turtlebot3_ws/install/my_first_publisher:/home/grey/turtlebot3_ws/install/my_first_node:/home/grey/turtlebot3_ws/install/my_first_action:/opt/ros/jazzy DEBUGINFOD_URLS=https://debuginfod.ubuntu.com /usr/bin/cmake --build /home/grey/Documentos/GitHub/proy_fireye_ros2/build/proy_fireye_mundo -- -j22 -l22
[15.145s] DEBUG:colcon.colcon_core.event_handler.log_command:Invoking command in '/home/grey/Documentos/GitHub/proy_fireye_ros2/build/proy_fireye_mundo': CMAKE_PREFIX_PATH=${CMAKE_PREFIX_PATH}:/home/grey/Documentos/GitHub/proy_fireye_ros2/install/proy_fireye_slam:/home/grey/turtlebot3_ws/install/show_msg:/home/grey/turtlebot3_ws/install/my_nav2_system:/home/grey/turtlebot3_ws/install/my_first_subscriber:/home/grey/turtlebot3_ws/install/my_first_service:/home/grey/turtlebot3_ws/install/my_first_publisher:/home/grey/turtlebot3_ws/install/my_first_node:/home/grey/turtlebot3_ws/install/my_first_action:/opt/ros/jazzy DEBUGINFOD_URLS=https://debuginfod.ubuntu.com /usr/bin/cmake --install /home/grey/Documentos/GitHub/proy_fireye_ros2/build/proy_fireye_mundo
[15.227s] Level 1:colcon.colcon_core.environment:create_environment_scripts_only(proy_fireye_mundo)
[15.228s] Level 1:colcon.colcon_core.environment:checking '/home/grey/Documentos/GitHub/proy_fireye_ros2/install/proy_fireye_mundo' for CMake module files
[15.228s] DEBUG:colcon.colcon_core.event_handler.log_command:Invoked command in '/home/grey/Documentos/GitHub/proy_fireye_ros2/build/proy_fireye_mundo' returned '0': CMAKE_PREFIX_PATH=${CMAKE_PREFIX_PATH}:/home/grey/Documentos/GitHub/proy_fireye_ros2/install/proy_fireye_slam:/home/grey/turtlebot3_ws/install/show_msg:/home/grey/turtlebot3_ws/install/my_nav2_system:/home/grey/turtlebot3_ws/install/my_first_subscriber:/home/grey/turtlebot3_ws/install/my_first_service:/home/grey/turtlebot3_ws/install/my_first_publisher:/home/grey/turtlebot3_ws/install/my_first_node:/home/grey/turtlebot3_ws/install/my_first_action:/opt/ros/jazzy DEBUGINFOD_URLS=https://debuginfod.ubuntu.com /usr/bin/cmake --install /home/grey/Documentos/GitHub/proy_fireye_ros2/build/proy_fireye_mundo
[15.229s] Level 1:colcon.colcon_core.environment:checking '/home/grey/Documentos/GitHub/proy_fireye_ros2/install/proy_fireye_mundo' for CMake config files
[15.229s] Level 1:colcon.colcon_core.shell:create_environment_hook('proy_fireye_mundo', 'cmake_prefix_path')
[15.229s] INFO:colcon.colcon_core.shell:Creating environment descriptor '/home/grey/Documentos/GitHub/proy_fireye_ros2/install/proy_fireye_mundo/share/proy_fireye_mundo/hook/cmake_prefix_path.dsv'
[15.230s] INFO:colcon.colcon_core.shell:Creating environment hook '/home/grey/Documentos/GitHub/proy_fireye_ros2/install/proy_fireye_mundo/share/proy_fireye_mundo/hook/cmake_prefix_path.sh'
[15.231s] Level 1:colcon.colcon_core.environment:checking '/home/grey/Documentos/GitHub/proy_fireye_ros2/install/proy_fireye_mundo/lib'
[15.231s] Level 1:colcon.colcon_core.environment:checking '/home/grey/Documentos/GitHub/proy_fireye_ros2/install/proy_fireye_mundo/bin'
[15.231s] Level 1:colcon.colcon_core.environment:checking '/home/grey/Documentos/GitHub/proy_fireye_ros2/install/proy_fireye_mundo/lib/pkgconfig/proy_fireye_mundo.pc'
[15.231s] Level 1:colcon.colcon_core.environment:checking '/home/grey/Documentos/GitHub/proy_fireye_ros2/install/proy_fireye_mundo/lib/python3.12/site-packages'
[15.232s] Level 1:colcon.colcon_core.environment:checking '/home/grey/Documentos/GitHub/proy_fireye_ros2/install/proy_fireye_mundo/bin'
[15.232s] INFO:colcon.colcon_core.shell:Creating package descriptor '/home/grey/Documentos/GitHub/proy_fireye_ros2/install/proy_fireye_mundo/share/proy_fireye_mundo/package.dsv'
[15.232s] INFO:colcon.colcon_core.shell:Creating package script '/home/grey/Documentos/GitHub/proy_fireye_ros2/install/proy_fireye_mundo/share/proy_fireye_mundo/package.sh'
[15.233s] INFO:colcon.colcon_core.shell:Creating package script '/home/grey/Documentos/GitHub/proy_fireye_ros2/install/proy_fireye_mundo/share/proy_fireye_mundo/package.bash'
[15.233s] INFO:colcon.colcon_core.shell:Creating package script '/home/grey/Documentos/GitHub/proy_fireye_ros2/install/proy_fireye_mundo/share/proy_fireye_mundo/package.zsh'
[15.234s] Level 1:colcon.colcon_core.environment:create_file_with_runtime_dependencies(/home/grey/Documentos/GitHub/proy_fireye_ros2/install/proy_fireye_mundo/share/colcon-core/packages/proy_fireye_mundo)
[15.234s] Level 1:colcon.colcon_core.environment:create_environment_scripts_only(proy_fireye_mundo)
[15.234s] Level 1:colcon.colcon_core.environment:checking '/home/grey/Documentos/GitHub/proy_fireye_ros2/install/proy_fireye_mundo' for CMake module files
[15.235s] Level 1:colcon.colcon_core.environment:checking '/home/grey/Documentos/GitHub/proy_fireye_ros2/install/proy_fireye_mundo' for CMake config files
[15.235s] Level 1:colcon.colcon_core.shell:create_environment_hook('proy_fireye_mundo', 'cmake_prefix_path')
[15.236s] INFO:colcon.colcon_core.shell:Creating environment descriptor '/home/grey/Documentos/GitHub/proy_fireye_ros2/install/proy_fireye_mundo/share/proy_fireye_mundo/hook/cmake_prefix_path.dsv'
[15.236s] INFO:colcon.colcon_core.shell:Creating environment hook '/home/grey/Documentos/GitHub/proy_fireye_ros2/install/proy_fireye_mundo/share/proy_fireye_mundo/hook/cmake_prefix_path.sh'
[15.237s] Level 1:colcon.colcon_core.environment:checking '/home/grey/Documentos/GitHub/proy_fireye_ros2/install/proy_fireye_mundo/lib'
[15.237s] Level 1:colcon.colcon_core.environment:checking '/home/grey/Documentos/GitHub/proy_fireye_ros2/install/proy_fireye_mundo/bin'
[15.237s] Level 1:colcon.colcon_core.environment:checking '/home/grey/Documentos/GitHub/proy_fireye_ros2/install/proy_fireye_mundo/lib/pkgconfig/proy_fireye_mundo.pc'
[15.237s] Level 1:colcon.colcon_core.environment:checking '/home/grey/Documentos/GitHub/proy_fireye_ros2/install/proy_fireye_mundo/lib/python3.12/site-packages'
[15.237s] Level 1:colcon.colcon_core.environment:checking '/home/grey/Documentos/GitHub/proy_fireye_ros2/install/proy_fireye_mundo/bin'
[15.238s] INFO:colcon.colcon_core.shell:Creating package descriptor '/home/grey/Documentos/GitHub/proy_fireye_ros2/install/proy_fireye_mundo/share/proy_fireye_mundo/package.dsv'
[15.238s] INFO:colcon.colcon_core.shell:Creating package script '/home/grey/Documentos/GitHub/proy_fireye_ros2/install/proy_fireye_mundo/share/proy_fireye_mundo/package.sh'
[15.239s] INFO:colcon.colcon_core.shell:Creating package script '/home/grey/Documentos/GitHub/proy_fireye_ros2/install/proy_fireye_mundo/share/proy_fireye_mundo/package.bash'
[15.239s] INFO:colcon.colcon_core.shell:Creating package script '/home/grey/Documentos/GitHub/proy_fireye_ros2/install/proy_fireye_mundo/share/proy_fireye_mundo/package.zsh'
[15.240s] Level 1:colcon.colcon_core.environment:create_file_with_runtime_dependencies(/home/grey/Documentos/GitHub/proy_fireye_ros2/install/proy_fireye_mundo/share/colcon-core/packages/proy_fireye_mundo)
[15.240s] INFO:colcon.colcon_ros.task.ament_cmake.build:Building ROS package in '/home/grey/Documentos/GitHub/proy_fireye_ros2/proy_fireye' with build type 'ament_cmake'
[15.240s] INFO:colcon.colcon_cmake.task.cmake.build:Building CMake package in '/home/grey/Documentos/GitHub/proy_fireye_ros2/proy_fireye'
[15.240s] DEBUG:colcon.colcon_core.shell:Skip shell extension 'dsv' for command environment
[15.254s] DEBUG:colcon.colcon_core.event_handler.log_command:Invoking command in '/home/grey/Documentos/GitHub/proy_fireye_ros2/build/proy_fireye': AMENT_PREFIX_PATH=/home/grey/Documentos/GitHub/proy_fireye_ros2/install/proy_fireye_slam:/home/grey/Documentos/GitHub/proy_fireye_ros2/install/proy_fireye:/home/grey/Documentos/GitHub/proy_fireye_ros2/install/proy_fireye_mundo:/home/grey/turtlebot3_ws/install/turtlebot3_simulations:/home/grey/turtlebot3_ws/install/turtlebot3_gazebo:/home/grey/turtlebot3_ws/install/turtlebot3_fake_node:/home/grey/turtlebot3_ws/install/show_msg:/home/grey/turtlebot3_ws/install/my_world:/home/grey/turtlebot3_ws/install/my_nav2_system:/home/grey/turtlebot3_ws/install/my_first_subscriber:/home/grey/turtlebot3_ws/install/my_first_service:/home/grey/turtlebot3_ws/install/my_first_publisher:/home/grey/turtlebot3_ws/install/my_first_node:/home/grey/turtlebot3_ws/install/my_first_action:/home/grey/turtlebot3_ws/install/custom_interface:/opt/ros/jazzy CMAKE_PREFIX_PATH=/home/grey/Documentos/GitHub/proy_fireye_ros2/install/proy_fireye_mundo:/home/grey/Documentos/GitHub/proy_fireye_ros2/install/proy_fireye:/home/grey/turtlebot3_ws/install/turtlebot3_simulations:/home/grey/turtlebot3_ws/install/turtlebot3_gazebo:/home/grey/turtlebot3_ws/install/turtlebot3_fake_node:/home/grey/turtlebot3_ws/install/my_world:/home/grey/turtlebot3_ws/install/custom_interface:/opt/ros/jazzy/opt/gz_sim_vendor:/opt/ros/jazzy/opt/gz_sensors_vendor:/opt/ros/jazzy/opt/gz_physics_vendor:/opt/ros/jazzy/opt/sdformat_vendor:/opt/ros/jazzy/opt/gz_gui_vendor:/opt/ros/jazzy/opt/gz_transport_vendor:/opt/ros/jazzy/opt/gz_rendering_vendor:/opt/ros/jazzy/opt/gz_plugin_vendor:/opt/ros/jazzy/opt/gz_fuel_tools_vendor:/opt/ros/jazzy/opt/gz_msgs_vendor:/opt/ros/jazzy/opt/gz_common_vendor:/opt/ros/jazzy/opt/gz_math_vendor:/opt/ros/jazzy/opt/gz_utils_vendor:/opt/ros/jazzy/opt/gz_tools_vendor:/opt/ros/jazzy/opt/gz_ogre_next_vendor:/opt/ros/jazzy/opt/gz_dartsim_vendor:/opt/ros/jazzy/opt/gz_cmake_vendor:/home/grey/Documentos/GitHub/proy_fireye_ros2/install/proy_fireye_slam:/home/grey/turtlebot3_ws/install/show_msg:/home/grey/turtlebot3_ws/install/my_nav2_system:/home/grey/turtlebot3_ws/install/my_first_subscriber:/home/grey/turtlebot3_ws/install/my_first_service:/home/grey/turtlebot3_ws/install/my_first_publisher:/home/grey/turtlebot3_ws/install/my_first_node:/home/grey/turtlebot3_ws/install/my_first_action:/opt/ros/jazzy DEBUGINFOD_URLS=https://debuginfod.ubuntu.com /usr/bin/cmake /home/grey/Documentos/GitHub/proy_fireye_ros2/proy_fireye -DCMAKE_INSTALL_PREFIX=/home/grey/Documentos/GitHub/proy_fireye_ros2/install/proy_fireye
[16.208s] DEBUG:colcon.colcon_core.event_handler.log_command:Invoked command in '/home/grey/Documentos/GitHub/proy_fireye_ros2/build/proy_fireye' returned '0': AMENT_PREFIX_PATH=/home/grey/Documentos/GitHub/proy_fireye_ros2/install/proy_fireye_slam:/home/grey/Documentos/GitHub/proy_fireye_ros2/install/proy_fireye:/home/grey/Documentos/GitHub/proy_fireye_ros2/install/proy_fireye_mundo:/home/grey/turtlebot3_ws/install/turtlebot3_simulations:/home/grey/turtlebot3_ws/install/turtlebot3_gazebo:/home/grey/turtlebot3_ws/install/turtlebot3_fake_node:/home/grey/turtlebot3_ws/install/show_msg:/home/grey/turtlebot3_ws/install/my_world:/home/grey/turtlebot3_ws/install/my_nav2_system:/home/grey/turtlebot3_ws/install/my_first_subscriber:/home/grey/turtlebot3_ws/install/my_first_service:/home/grey/turtlebot3_ws/install/my_first_publisher:/home/grey/turtlebot3_ws/install/my_first_node:/home/grey/turtlebot3_ws/install/my_first_action:/home/grey/turtlebot3_ws/install/custom_interface:/opt/ros/jazzy CMAKE_PREFIX_PATH=/home/grey/Documentos/GitHub/proy_fireye_ros2/install/proy_fireye_mundo:/home/grey/Documentos/GitHub/proy_fireye_ros2/install/proy_fireye:/home/grey/turtlebot3_ws/install/turtlebot3_simulations:/home/grey/turtlebot3_ws/install/turtlebot3_gazebo:/home/grey/turtlebot3_ws/install/turtlebot3_fake_node:/home/grey/turtlebot3_ws/install/my_world:/home/grey/turtlebot3_ws/install/custom_interface:/opt/ros/jazzy/opt/gz_sim_vendor:/opt/ros/jazzy/opt/gz_sensors_vendor:/opt/ros/jazzy/opt/gz_physics_vendor:/opt/ros/jazzy/opt/sdformat_vendor:/opt/ros/jazzy/opt/gz_gui_vendor:/opt/ros/jazzy/opt/gz_transport_vendor:/opt/ros/jazzy/opt/gz_rendering_vendor:/opt/ros/jazzy/opt/gz_plugin_vendor:/opt/ros/jazzy/opt/gz_fuel_tools_vendor:/opt/ros/jazzy/opt/gz_msgs_vendor:/opt/ros/jazzy/opt/gz_common_vendor:/opt/ros/jazzy/opt/gz_math_vendor:/opt/ros/jazzy/opt/gz_utils_vendor:/opt/ros/jazzy/opt/gz_tools_vendor:/opt/ros/jazzy/opt/gz_ogre_next_vendor:/opt/ros/jazzy/opt/gz_dartsim_vendor:/opt/ros/jazzy/opt/gz_cmake_vendor:/home/grey/Documentos/GitHub/proy_fireye_ros2/install/proy_fireye_slam:/home/grey/turtlebot3_ws/install/show_msg:/home/grey/turtlebot3_ws/install/my_nav2_system:/home/grey/turtlebot3_ws/install/my_first_subscriber:/home/grey/turtlebot3_ws/install/my_first_service:/home/grey/turtlebot3_ws/install/my_first_publisher:/home/grey/turtlebot3_ws/install/my_first_node:/home/grey/turtlebot3_ws/install/my_first_action:/opt/ros/jazzy DEBUGINFOD_URLS=https://debuginfod.ubuntu.com /usr/bin/cmake /home/grey/Documentos/GitHub/proy_fireye_ros2/proy_fireye -DCMAKE_INSTALL_PREFIX=/home/grey/Documentos/GitHub/proy_fireye_ros2/install/proy_fireye
[16.209s] DEBUG:colcon.colcon_core.event_handler.log_command:Invoking command in '/home/grey/Documentos/GitHub/proy_fireye_ros2/build/proy_fireye': AMENT_PREFIX_PATH=/home/grey/Documentos/GitHub/proy_fireye_ros2/install/proy_fireye_slam:/home/grey/Documentos/GitHub/proy_fireye_ros2/install/proy_fireye:/home/grey/Documentos/GitHub/proy_fireye_ros2/install/proy_fireye_mundo:/home/grey/turtlebot3_ws/install/turtlebot3_simulations:/home/grey/turtlebot3_ws/install/turtlebot3_gazebo:/home/grey/turtlebot3_ws/install/turtlebot3_fake_node:/home/grey/turtlebot3_ws/install/show_msg:/home/grey/turtlebot3_ws/install/my_world:/home/grey/turtlebot3_ws/install/my_nav2_system:/home/grey/turtlebot3_ws/install/my_first_subscriber:/home/grey/turtlebot3_ws/install/my_first_service:/home/grey/turtlebot3_ws/install/my_first_publisher:/home/grey/turtlebot3_ws/install/my_first_node:/home/grey/turtlebot3_ws/install/my_first_action:/home/grey/turtlebot3_ws/install/custom_interface:/opt/ros/jazzy CMAKE_PREFIX_PATH=/home/grey/Documentos/GitHub/proy_fireye_ros2/install/proy_fireye_mundo:/home/grey/Documentos/GitHub/proy_fireye_ros2/install/proy_fireye:/home/grey/turtlebot3_ws/install/turtlebot3_simulations:/home/grey/turtlebot3_ws/install/turtlebot3_gazebo:/home/grey/turtlebot3_ws/install/turtlebot3_fake_node:/home/grey/turtlebot3_ws/install/my_world:/home/grey/turtlebot3_ws/install/custom_interface:/opt/ros/jazzy/opt/gz_sim_vendor:/opt/ros/jazzy/opt/gz_sensors_vendor:/opt/ros/jazzy/opt/gz_physics_vendor:/opt/ros/jazzy/opt/sdformat_vendor:/opt/ros/jazzy/opt/gz_gui_vendor:/opt/ros/jazzy/opt/gz_transport_vendor:/opt/ros/jazzy/opt/gz_rendering_vendor:/opt/ros/jazzy/opt/gz_plugin_vendor:/opt/ros/jazzy/opt/gz_fuel_tools_vendor:/opt/ros/jazzy/opt/gz_msgs_vendor:/opt/ros/jazzy/opt/gz_common_vendor:/opt/ros/jazzy/opt/gz_math_vendor:/opt/ros/jazzy/opt/gz_utils_vendor:/opt/ros/jazzy/opt/gz_tools_vendor:/opt/ros/jazzy/opt/gz_ogre_next_vendor:/opt/ros/jazzy/opt/gz_dartsim_vendor:/opt/ros/jazzy/opt/gz_cmake_vendor:/home/grey/Documentos/GitHub/proy_fireye_ros2/install/proy_fireye_slam:/home/grey/turtlebot3_ws/install/show_msg:/home/grey/turtlebot3_ws/install/my_nav2_system:/home/grey/turtlebot3_ws/install/my_first_subscriber:/home/grey/turtlebot3_ws/install/my_first_service:/home/grey/turtlebot3_ws/install/my_first_publisher:/home/grey/turtlebot3_ws/install/my_first_node:/home/grey/turtlebot3_ws/install/my_first_action:/opt/ros/jazzy DEBUGINFOD_URLS=https://debuginfod.ubuntu.com /usr/bin/cmake --build /home/grey/Documentos/GitHub/proy_fireye_ros2/build/proy_fireye -- -j22 -l22
[16.262s] DEBUG:colcon.colcon_core.event_handler.log_command:Invoked command in '/home/grey/Documentos/GitHub/proy_fireye_ros2/build/proy_fireye' returned '0': AMENT_PREFIX_PATH=/home/grey/Documentos/GitHub/proy_fireye_ros2/install/proy_fireye_slam:/home/grey/Documentos/GitHub/proy_fireye_ros2/install/proy_fireye:/home/grey/Documentos/GitHub/proy_fireye_ros2/install/proy_fireye_mundo:/home/grey/turtlebot3_ws/install/turtlebot3_simulations:/home/grey/turtlebot3_ws/install/turtlebot3_gazebo:/home/grey/turtlebot3_ws/install/turtlebot3_fake_node:/home/grey/turtlebot3_ws/install/show_msg:/home/grey/turtlebot3_ws/install/my_world:/home/grey/turtlebot3_ws/install/my_nav2_system:/home/grey/turtlebot3_ws/install/my_first_subscriber:/home/grey/turtlebot3_ws/install/my_first_service:/home/grey/turtlebot3_ws/install/my_first_publisher:/home/grey/turtlebot3_ws/install/my_first_node:/home/grey/turtlebot3_ws/install/my_first_action:/home/grey/turtlebot3_ws/install/custom_interface:/opt/ros/jazzy CMAKE_PREFIX_PATH=/home/grey/Documentos/GitHub/proy_fireye_ros2/install/proy_fireye_mundo:/home/grey/Documentos/GitHub/proy_fireye_ros2/install/proy_fireye:/home/grey/turtlebot3_ws/install/turtlebot3_simulations:/home/grey/turtlebot3_ws/install/turtlebot3_gazebo:/home/grey/turtlebot3_ws/install/turtlebot3_fake_node:/home/grey/turtlebot3_ws/install/my_world:/home/grey/turtlebot3_ws/install/custom_interface:/opt/ros/jazzy/opt/gz_sim_vendor:/opt/ros/jazzy/opt/gz_sensors_vendor:/opt/ros/jazzy/opt/gz_physics_vendor:/opt/ros/jazzy/opt/sdformat_vendor:/opt/ros/jazzy/opt/gz_gui_vendor:/opt/ros/jazzy/opt/gz_transport_vendor:/opt/ros/jazzy/opt/gz_rendering_vendor:/opt/ros/jazzy/opt/gz_plugin_vendor:/opt/ros/jazzy/opt/gz_fuel_tools_vendor:/opt/ros/jazzy/opt/gz_msgs_vendor:/opt/ros/jazzy/opt/gz_common_vendor:/opt/ros/jazzy/opt/gz_math_vendor:/opt/ros/jazzy/opt/gz_utils_vendor:/opt/ros/jazzy/opt/gz_tools_vendor:/opt/ros/jazzy/opt/gz_ogre_next_vendor:/opt/ros/jazzy/opt/gz_dartsim_vendor:/opt/ros/jazzy/opt/gz_cmake_vendor:/home/grey/Documentos/GitHub/proy_fireye_ros2/install/proy_fireye_slam:/home/grey/turtlebot3_ws/install/show_msg:/home/grey/turtlebot3_ws/install/my_nav2_system:/home/grey/turtlebot3_ws/install/my_first_subscriber:/home/grey/turtlebot3_ws/install/my_first_service:/home/grey/turtlebot3_ws/install/my_first_publisher:/home/grey/turtlebot3_ws/install/my_first_node:/home/grey/turtlebot3_ws/install/my_first_action:/opt/ros/jazzy DEBUGINFOD_URLS=https://debuginfod.ubuntu.com /usr/bin/cmake --build /home/grey/Documentos/GitHub/proy_fireye_ros2/build/proy_fireye -- -j22 -l22
[16.264s] DEBUG:colcon.colcon_core.event_handler.log_command:Invoking command in '/home/grey/Documentos/GitHub/proy_fireye_ros2/build/proy_fireye': AMENT_PREFIX_PATH=/home/grey/Documentos/GitHub/proy_fireye_ros2/install/proy_fireye_slam:/home/grey/Documentos/GitHub/proy_fireye_ros2/install/proy_fireye:/home/grey/Documentos/GitHub/proy_fireye_ros2/install/proy_fireye_mundo:/home/grey/turtlebot3_ws/install/turtlebot3_simulations:/home/grey/turtlebot3_ws/install/turtlebot3_gazebo:/home/grey/turtlebot3_ws/install/turtlebot3_fake_node:/home/grey/turtlebot3_ws/install/show_msg:/home/grey/turtlebot3_ws/install/my_world:/home/grey/turtlebot3_ws/install/my_nav2_system:/home/grey/turtlebot3_ws/install/my_first_subscriber:/home/grey/turtlebot3_ws/install/my_first_service:/home/grey/turtlebot3_ws/install/my_first_publisher:/home/grey/turtlebot3_ws/install/my_first_node:/home/grey/turtlebot3_ws/install/my_first_action:/home/grey/turtlebot3_ws/install/custom_interface:/opt/ros/jazzy CMAKE_PREFIX_PATH=/home/grey/Documentos/GitHub/proy_fireye_ros2/install/proy_fireye_mundo:/home/grey/Documentos/GitHub/proy_fireye_ros2/install/proy_fireye:/home/grey/turtlebot3_ws/install/turtlebot3_simulations:/home/grey/turtlebot3_ws/install/turtlebot3_gazebo:/home/grey/turtlebot3_ws/install/turtlebot3_fake_node:/home/grey/turtlebot3_ws/install/my_world:/home/grey/turtlebot3_ws/install/custom_interface:/opt/ros/jazzy/opt/gz_sim_vendor:/opt/ros/jazzy/opt/gz_sensors_vendor:/opt/ros/jazzy/opt/gz_physics_vendor:/opt/ros/jazzy/opt/sdformat_vendor:/opt/ros/jazzy/opt/gz_gui_vendor:/opt/ros/jazzy/opt/gz_transport_vendor:/opt/ros/jazzy/opt/gz_rendering_vendor:/opt/ros/jazzy/opt/gz_plugin_vendor:/opt/ros/jazzy/opt/gz_fuel_tools_vendor:/opt/ros/jazzy/opt/gz_msgs_vendor:/opt/ros/jazzy/opt/gz_common_vendor:/opt/ros/jazzy/opt/gz_math_vendor:/opt/ros/jazzy/opt/gz_utils_vendor:/opt/ros/jazzy/opt/gz_tools_vendor:/opt/ros/jazzy/opt/gz_ogre_next_vendor:/opt/ros/jazzy/opt/gz_dartsim_vendor:/opt/ros/jazzy/opt/gz_cmake_vendor:/home/grey/Documentos/GitHub/proy_fireye_ros2/install/proy_fireye_slam:/home/grey/turtlebot3_ws/install/show_msg:/home/grey/turtlebot3_ws/install/my_nav2_system:/home/grey/turtlebot3_ws/install/my_first_subscriber:/home/grey/turtlebot3_ws/install/my_first_service:/home/grey/turtlebot3_ws/install/my_first_publisher:/home/grey/turtlebot3_ws/install/my_first_node:/home/grey/turtlebot3_ws/install/my_first_action:/opt/ros/jazzy DEBUGINFOD_URLS=https://debuginfod.ubuntu.com /usr/bin/cmake --install /home/grey/Documentos/GitHub/proy_fireye_ros2/build/proy_fireye
[16.279s] Level 1:colcon.colcon_core.environment:create_environment_scripts_only(proy_fireye)
[16.279s] Level 1:colcon.colcon_core.environment:checking '/home/grey/Documentos/GitHub/proy_fireye_ros2/install/proy_fireye' for CMake module files
[16.280s] DEBUG:colcon.colcon_core.event_handler.log_command:Invoked command in '/home/grey/Documentos/GitHub/proy_fireye_ros2/build/proy_fireye' returned '0': AMENT_PREFIX_PATH=/home/grey/Documentos/GitHub/proy_fireye_ros2/install/proy_fireye_slam:/home/grey/Documentos/GitHub/proy_fireye_ros2/install/proy_fireye:/home/grey/Documentos/GitHub/proy_fireye_ros2/install/proy_fireye_mundo:/home/grey/turtlebot3_ws/install/turtlebot3_simulations:/home/grey/turtlebot3_ws/install/turtlebot3_gazebo:/home/grey/turtlebot3_ws/install/turtlebot3_fake_node:/home/grey/turtlebot3_ws/install/show_msg:/home/grey/turtlebot3_ws/install/my_world:/home/grey/turtlebot3_ws/install/my_nav2_system:/home/grey/turtlebot3_ws/install/my_first_subscriber:/home/grey/turtlebot3_ws/install/my_first_service:/home/grey/turtlebot3_ws/install/my_first_publisher:/home/grey/turtlebot3_ws/install/my_first_node:/home/grey/turtlebot3_ws/install/my_first_action:/home/grey/turtlebot3_ws/install/custom_interface:/opt/ros/jazzy CMAKE_PREFIX_PATH=/home/grey/Documentos/GitHub/proy_fireye_ros2/install/proy_fireye_mundo:/home/grey/Documentos/GitHub/proy_fireye_ros2/install/proy_fireye:/home/grey/turtlebot3_ws/install/turtlebot3_simulations:/home/grey/turtlebot3_ws/install/turtlebot3_gazebo:/home/grey/turtlebot3_ws/install/turtlebot3_fake_node:/home/grey/turtlebot3_ws/install/my_world:/home/grey/turtlebot3_ws/install/custom_interface:/opt/ros/jazzy/opt/gz_sim_vendor:/opt/ros/jazzy/opt/gz_sensors_vendor:/opt/ros/jazzy/opt/gz_physics_vendor:/opt/ros/jazzy/opt/sdformat_vendor:/opt/ros/jazzy/opt/gz_gui_vendor:/opt/ros/jazzy/opt/gz_transport_vendor:/opt/ros/jazzy/opt/gz_rendering_vendor:/opt/ros/jazzy/opt/gz_plugin_vendor:/opt/ros/jazzy/opt/gz_fuel_tools_vendor:/opt/ros/jazzy/opt/gz_msgs_vendor:/opt/ros/jazzy/opt/gz_common_vendor:/opt/ros/jazzy/opt/gz_math_vendor:/opt/ros/jazzy/opt/gz_utils_vendor:/opt/ros/jazzy/opt/gz_tools_vendor:/opt/ros/jazzy/opt/gz_ogre_next_vendor:/opt/ros/jazzy/opt/gz_dartsim_vendor:/opt/ros/jazzy/opt/gz_cmake_vendor:/home/grey/Documentos/GitHub/proy_fireye_ros2/install/proy_fireye_slam:/home/grey/turtlebot3_ws/install/show_msg:/home/grey/turtlebot3_ws/install/my_nav2_system:/home/grey/turtlebot3_ws/install/my_first_subscriber:/home/grey/turtlebot3_ws/install/my_first_service:/home/grey/turtlebot3_ws/install/my_first_publisher:/home/grey/turtlebot3_ws/install/my_first_node:/home/grey/turtlebot3_ws/install/my_first_action:/opt/ros/jazzy DEBUGINFOD_URLS=https://debuginfod.ubuntu.com /usr/bin/cmake --install /home/grey/Documentos/GitHub/proy_fireye_ros2/build/proy_fireye
[16.281s] Level 1:colcon.colcon_core.environment:checking '/home/grey/Documentos/GitHub/proy_fireye_ros2/install/proy_fireye' for CMake config files
[16.281s] Level 1:colcon.colcon_core.shell:create_environment_hook('proy_fireye', 'cmake_prefix_path')
[16.281s] INFO:colcon.colcon_core.shell:Creating environment descriptor '/home/grey/Documentos/GitHub/proy_fireye_ros2/install/proy_fireye/share/proy_fireye/hook/cmake_prefix_path.dsv'
[16.282s] INFO:colcon.colcon_core.shell:Creating environment hook '/home/grey/Documentos/GitHub/proy_fireye_ros2/install/proy_fireye/share/proy_fireye/hook/cmake_prefix_path.sh'
[16.283s] Level 1:colcon.colcon_core.environment:checking '/home/grey/Documentos/GitHub/proy_fireye_ros2/install/proy_fireye/bin'
[16.283s] Level 1:colcon.colcon_core.environment:checking '/home/grey/Documentos/GitHub/proy_fireye_ros2/install/proy_fireye/lib/pkgconfig/proy_fireye.pc'
[16.283s] Level 1:colcon.colcon_core.environment:checking '/home/grey/Documentos/GitHub/proy_fireye_ros2/install/proy_fireye/lib/python3.12/site-packages'
[16.284s] Level 1:colcon.colcon_core.environment:checking '/home/grey/Documentos/GitHub/proy_fireye_ros2/install/proy_fireye/bin'
[16.284s] INFO:colcon.colcon_core.shell:Creating package descriptor '/home/grey/Documentos/GitHub/proy_fireye_ros2/install/proy_fireye/share/proy_fireye/package.dsv'
[16.284s] INFO:colcon.colcon_core.shell:Creating package script '/home/grey/Documentos/GitHub/proy_fireye_ros2/install/proy_fireye/share/proy_fireye/package.sh'
[16.285s] INFO:colcon.colcon_core.shell:Creating package script '/home/grey/Documentos/GitHub/proy_fireye_ros2/install/proy_fireye/share/proy_fireye/package.bash'
[16.285s] INFO:colcon.colcon_core.shell:Creating package script '/home/grey/Documentos/GitHub/proy_fireye_ros2/install/proy_fireye/share/proy_fireye/package.zsh'
[16.285s] Level 1:colcon.colcon_core.environment:create_file_with_runtime_dependencies(/home/grey/Documentos/GitHub/proy_fireye_ros2/install/proy_fireye/share/colcon-core/packages/proy_fireye)
[16.286s] Level 1:colcon.colcon_core.environment:create_environment_scripts_only(proy_fireye)
[16.286s] Level 1:colcon.colcon_core.environment:checking '/home/grey/Documentos/GitHub/proy_fireye_ros2/install/proy_fireye' for CMake module files
[16.287s] Level 1:colcon.colcon_core.environment:checking '/home/grey/Documentos/GitHub/proy_fireye_ros2/install/proy_fireye' for CMake config files
[16.287s] Level 1:colcon.colcon_core.shell:create_environment_hook('proy_fireye', 'cmake_prefix_path')
[16.287s] INFO:colcon.colcon_core.shell:Creating environment descriptor '/home/grey/Documentos/GitHub/proy_fireye_ros2/install/proy_fireye/share/proy_fireye/hook/cmake_prefix_path.dsv'
[16.287s] INFO:colcon.colcon_core.shell:Creating environment hook '/home/grey/Documentos/GitHub/proy_fireye_ros2/install/proy_fireye/share/proy_fireye/hook/cmake_prefix_path.sh'
[16.288s] Level 1:colcon.colcon_core.environment:checking '/home/grey/Documentos/GitHub/proy_fireye_ros2/install/proy_fireye/bin'
[16.288s] Level 1:colcon.colcon_core.environment:checking '/home/grey/Documentos/GitHub/proy_fireye_ros2/install/proy_fireye/lib/pkgconfig/proy_fireye.pc'
[16.288s] Level 1:colcon.colcon_core.environment:checking '/home/grey/Documentos/GitHub/proy_fireye_ros2/install/proy_fireye/lib/python3.12/site-packages'
[16.289s] Level 1:colcon.colcon_core.environment:checking '/home/grey/Documentos/GitHub/proy_fireye_ros2/install/proy_fireye/bin'
[16.289s] INFO:colcon.colcon_core.shell:Creating package descriptor '/home/grey/Documentos/GitHub/proy_fireye_ros2/install/proy_fireye/share/proy_fireye/package.dsv'
[16.289s] INFO:colcon.colcon_core.shell:Creating package script '/home/grey/Documentos/GitHub/proy_fireye_ros2/install/proy_fireye/share/proy_fireye/package.sh'
[16.290s] INFO:colcon.colcon_core.shell:Creating package script '/home/grey/Documentos/GitHub/proy_fireye_ros2/install/proy_fireye/share/proy_fireye/package.bash'
[16.290s] INFO:colcon.colcon_core.shell:Creating package script '/home/grey/Documentos/GitHub/proy_fireye_ros2/install/proy_fireye/share/proy_fireye/package.zsh'
[16.291s] Level 1:colcon.colcon_core.environment:create_file_with_runtime_dependencies(/home/grey/Documentos/GitHub/proy_fireye_ros2/install/proy_fireye/share/colcon-core/packages/proy_fireye)
[16.291s] DEBUG:colcon.colcon_parallel_executor.executor.parallel:closing loop
[16.291s] DEBUG:colcon.colcon_parallel_executor.executor.parallel:loop closed
[16.291s] DEBUG:colcon.colcon_parallel_executor.executor.parallel:run_until_complete finished with '0'
[16.291s] DEBUG:colcon.colcon_core.event_reactor:joining thread
[16.301s] INFO:colcon.colcon_core.plugin_system:Skipping extension 'colcon_notification.desktop_notification.terminal_notifier': Not used on non-Darwin systems
[16.301s] INFO:colcon.colcon_core.plugin_system:Skipping extension 'colcon_notification.desktop_notification.win32': Not used on non-Windows systems
[16.301s] INFO:colcon.colcon_notification.desktop_notification:Sending desktop notification using 'notify2'
[16.322s] DEBUG:colcon.colcon_core.event_reactor:joined thread
[16.323s] INFO:colcon.colcon_core.shell:Creating prefix script '/home/grey/Documentos/GitHub/proy_fireye_ros2/install/local_setup.sh'
[16.324s] INFO:colcon.colcon_core.shell:Creating prefix util module '/home/grey/Documentos/GitHub/proy_fireye_ros2/install/_local_setup_util_sh.py'
[16.325s] INFO:colcon.colcon_core.shell:Creating prefix chain script '/home/grey/Documentos/GitHub/proy_fireye_ros2/install/setup.sh'
[16.326s] INFO:colcon.colcon_core.shell:Creating prefix script '/home/grey/Documentos/GitHub/proy_fireye_ros2/install/local_setup.bash'
[16.327s] INFO:colcon.colcon_core.shell:Creating prefix chain script '/home/grey/Documentos/GitHub/proy_fireye_ros2/install/setup.bash'
[16.328s] INFO:colcon.colcon_core.shell:Creating prefix script '/home/grey/Documentos/GitHub/proy_fireye_ros2/install/local_setup.zsh'
[16.329s] INFO:colcon.colcon_core.shell:Creating prefix chain script '/home/grey/Documentos/GitHub/proy_fireye_ros2/install/setup.zsh'
