[0.106s] DEBUG:colcon:Command line arguments: ['/usr/bin/colcon', 'build', '--packages-select', 'proy_fireye_mundo', 'proy_fireye']
[0.106s] DEBUG:colcon:Parsed command line arguments: Namespace(log_base=None, log_level=None, verb_name='build', build_base='build', install_base='install', merge_install=False, symlink_install=False, test_result_base=None, continue_on_error=False, executor='parallel', parallel_workers=22, event_handlers=None, ignore_user_meta=False, metas=['./colcon.meta'], base_paths=['.'], packages_ignore=None, packages_ignore_regex=None, paths=None, packages_up_to=None, packages_up_to_regex=None, packages_above=None, packages_above_and_dependencies=None, packages_above_depth=None, packages_select_by_dep=None, packages_skip_by_dep=None, packages_skip_up_to=None, packages_select_build_failed=False, packages_skip_build_finished=False, packages_select_test_failures=False, packages_skip_test_passed=False, packages_select=['proy_fireye_mundo', 'proy_fireye'], packages_skip=None, packages_select_regex=None, packages_skip_regex=None, packages_start=None, packages_end=None, cmake_args=None, cmake_target=None, cmake_target_skip_unavailable=False, cmake_clean_cache=False, cmake_clean_first=False, cmake_force_configure=False, ament_cmake_args=None, catkin_cmake_args=None, catkin_skip_building_tests=False, verb_parser=<colcon_defaults.argument_parser.defaults.DefaultArgumentsDecorator object at 0x72f470415be0>, verb_extension=<colcon_core.verb.build.BuildVerb object at 0x72f47059f830>, main=<bound method BuildVerb.main of <colcon_core.verb.build.BuildVerb object at 0x72f47059f830>>)
[0.152s] Level 1:colcon.colcon_core.package_discovery:discover_packages(colcon_meta) check parameters
[0.152s] Level 1:colcon.colcon_core.package_discovery:discover_packages(recursive) check parameters
[0.153s] Level 1:colcon.colcon_core.package_discovery:discover_packages(ignore) check parameters
[0.153s] Level 1:colcon.colcon_core.package_discovery:discover_packages(path) check parameters
[0.153s] Level 1:colcon.colcon_core.package_discovery:discover_packages(colcon_meta) discover
[0.153s] Level 1:colcon.colcon_core.package_discovery:discover_packages(recursive) discover
[0.153s] INFO:colcon.colcon_core.package_discovery:Crawling recursively for packages in '/home/grey/Documentos/GitHub/proy_fireye_ros2'
[0.153s] Level 1:colcon.colcon_core.package_identification:_identify(.) by extensions ['ignore', 'ignore_ament_install']
[0.153s] Level 1:colcon.colcon_core.package_identification:_identify(.) by extension 'ignore'
[0.153s] Level 1:colcon.colcon_core.package_identification:_identify(.) by extension 'ignore_ament_install'
[0.153s] Level 1:colcon.colcon_core.package_identification:_identify(.) by extensions ['colcon_pkg']
[0.153s] Level 1:colcon.colcon_core.package_identification:_identify(.) by extension 'colcon_pkg'
[0.153s] Level 1:colcon.colcon_core.package_identification:_identify(.) by extensions ['colcon_meta']
[0.153s] Level 1:colcon.colcon_core.package_identification:_identify(.) by extension 'colcon_meta'
[0.153s] Level 1:colcon.colcon_core.package_identification:_identify(.) by extensions ['ros']
[0.153s] Level 1:colcon.colcon_core.package_identification:_identify(.) by extension 'ros'
[0.181s] Level 1:colcon.colcon_core.package_identification:_identify(.) by extensions ['cmake', 'python']
[0.181s] Level 1:colcon.colcon_core.package_identification:_identify(.) by extension 'cmake'
[0.181s] Level 1:colcon.colcon_core.package_identification:_identify(.) by extension 'python'
[0.181s] Level 1:colcon.colcon_core.package_identification:_identify(.) by extensions ['python_setup_py']
[0.181s] Level 1:colcon.colcon_core.package_identification:_identify(.) by extension 'python_setup_py'
[0.181s] Level 1:colcon.colcon_core.package_identification:_identify(build) by extensions ['ignore', 'ignore_ament_install']
[0.181s] Level 1:colcon.colcon_core.package_identification:_identify(build) by extension 'ignore'
[0.181s] Level 1:colcon.colcon_core.package_identification:_identify(build) ignored
[0.181s] Level 1:colcon.colcon_core.package_identification:_identify(install) by extensions ['ignore', 'ignore_ament_install']
[0.181s] Level 1:colcon.colcon_core.package_identification:_identify(install) by extension 'ignore'
[0.181s] Level 1:colcon.colcon_core.package_identification:_identify(install) ignored
[0.182s] Level 1:colcon.colcon_core.package_identification:_identify(log) by extensions ['ignore', 'ignore_ament_install']
[0.182s] Level 1:colcon.colcon_core.package_identification:_identify(log) by extension 'ignore'
[0.182s] Level 1:colcon.colcon_core.package_identification:_identify(log) ignored
[0.182s] Level 1:colcon.colcon_core.package_identification:_identify(proy_fireye) by extensions ['ignore', 'ignore_ament_install']
[0.182s] Level 1:colcon.colcon_core.package_identification:_identify(proy_fireye) by extension 'ignore'
[0.182s] Level 1:colcon.colcon_core.package_identification:_identify(proy_fireye) by extension 'ignore_ament_install'
[0.182s] Level 1:colcon.colcon_core.package_identification:_identify(proy_fireye) by extensions ['colcon_pkg']
[0.182s] Level 1:colcon.colcon_core.package_identification:_identify(proy_fireye) by extension 'colcon_pkg'
[0.182s] Level 1:colcon.colcon_core.package_identification:_identify(proy_fireye) by extensions ['colcon_meta']
[0.182s] Level 1:colcon.colcon_core.package_identification:_identify(proy_fireye) by extension 'colcon_meta'
[0.182s] Level 1:colcon.colcon_core.package_identification:_identify(proy_fireye) by extensions ['ros']
[0.182s] Level 1:colcon.colcon_core.package_identification:_identify(proy_fireye) by extension 'ros'
[0.184s] DEBUG:colcon.colcon_core.package_identification:Package 'proy_fireye' with type 'ros.ament_cmake' and name 'proy_fireye'
[0.184s] Level 1:colcon.colcon_core.package_identification:_identify(proy_fireye_mundo) by extensions ['ignore', 'ignore_ament_install']
[0.185s] Level 1:colcon.colcon_core.package_identification:_identify(proy_fireye_mundo) by extension 'ignore'
[0.185s] Level 1:colcon.colcon_core.package_identification:_identify(proy_fireye_mundo) by extension 'ignore_ament_install'
[0.185s] Level 1:colcon.colcon_core.package_identification:_identify(proy_fireye_mundo) by extensions ['colcon_pkg']
[0.185s] Level 1:colcon.colcon_core.package_identification:_identify(proy_fireye_mundo) by extension 'colcon_pkg'
[0.185s] Level 1:colcon.colcon_core.package_identification:_identify(proy_fireye_mundo) by extensions ['colcon_meta']
[0.185s] Level 1:colcon.colcon_core.package_identification:_identify(proy_fireye_mundo) by extension 'colcon_meta'
[0.185s] Level 1:colcon.colcon_core.package_identification:_identify(proy_fireye_mundo) by extensions ['ros']
[0.185s] Level 1:colcon.colcon_core.package_identification:_identify(proy_fireye_mundo) by extension 'ros'
[0.186s] DEBUG:colcon.colcon_core.package_identification:Package 'proy_fireye_mundo' with type 'ros.ament_cmake' and name 'proy_fireye_mundo'
[0.186s] Level 1:colcon.colcon_core.package_discovery:discover_packages(recursive) using defaults
[0.186s] Level 1:colcon.colcon_core.package_discovery:discover_packages(ignore) discover
[0.186s] Level 1:colcon.colcon_core.package_discovery:discover_packages(ignore) using defaults
[0.186s] Level 1:colcon.colcon_core.package_discovery:discover_packages(path) discover
[0.186s] Level 1:colcon.colcon_core.package_discovery:discover_packages(path) using defaults
[0.206s] Level 5:colcon.colcon_core.verb:set package 'proy_fireye_mundo' build argument 'cmake_args' from command line to 'None'
[0.206s] Level 5:colcon.colcon_core.verb:set package 'proy_fireye_mundo' build argument 'cmake_target' from command line to 'None'
[0.206s] Level 5:colcon.colcon_core.verb:set package 'proy_fireye_mundo' build argument 'cmake_target_skip_unavailable' from command line to 'False'
[0.206s] Level 5:colcon.colcon_core.verb:set package 'proy_fireye_mundo' build argument 'cmake_clean_cache' from command line to 'False'
[0.206s] Level 5:colcon.colcon_core.verb:set package 'proy_fireye_mundo' build argument 'cmake_clean_first' from command line to 'False'
[0.206s] Level 5:colcon.colcon_core.verb:set package 'proy_fireye_mundo' build argument 'cmake_force_configure' from command line to 'False'
[0.206s] Level 5:colcon.colcon_core.verb:set package 'proy_fireye_mundo' build argument 'ament_cmake_args' from command line to 'None'
[0.206s] Level 5:colcon.colcon_core.verb:set package 'proy_fireye_mundo' build argument 'catkin_cmake_args' from command line to 'None'
[0.206s] Level 5:colcon.colcon_core.verb:set package 'proy_fireye_mundo' build argument 'catkin_skip_building_tests' from command line to 'False'
[0.206s] DEBUG:colcon.colcon_core.verb:Building package 'proy_fireye_mundo' with the following arguments: {'ament_cmake_args': None, 'build_base': '/home/grey/Documentos/GitHub/proy_fireye_ros2/build/proy_fireye_mundo', 'catkin_cmake_args': None, 'catkin_skip_building_tests': False, 'cmake_args': None, 'cmake_clean_cache': False, 'cmake_clean_first': False, 'cmake_force_configure': False, 'cmake_target': None, 'cmake_target_skip_unavailable': False, 'install_base': '/home/grey/Documentos/GitHub/proy_fireye_ros2/install/proy_fireye_mundo', 'merge_install': False, 'path': '/home/grey/Documentos/GitHub/proy_fireye_ros2/proy_fireye_mundo', 'symlink_install': False, 'test_result_base': None}
[0.206s] Level 5:colcon.colcon_core.verb:set package 'proy_fireye' build argument 'cmake_args' from command line to 'None'
[0.206s] Level 5:colcon.colcon_core.verb:set package 'proy_fireye' build argument 'cmake_target' from command line to 'None'
[0.206s] Level 5:colcon.colcon_core.verb:set package 'proy_fireye' build argument 'cmake_target_skip_unavailable' from command line to 'False'
[0.206s] Level 5:colcon.colcon_core.verb:set package 'proy_fireye' build argument 'cmake_clean_cache' from command line to 'False'
[0.206s] Level 5:colcon.colcon_core.verb:set package 'proy_fireye' build argument 'cmake_clean_first' from command line to 'False'
[0.206s] Level 5:colcon.colcon_core.verb:set package 'proy_fireye' build argument 'cmake_force_configure' from command line to 'False'
[0.206s] Level 5:colcon.colcon_core.verb:set package 'proy_fireye' build argument 'ament_cmake_args' from command line to 'None'
[0.206s] Level 5:colcon.colcon_core.verb:set package 'proy_fireye' build argument 'catkin_cmake_args' from command line to 'None'
[0.206s] Level 5:colcon.colcon_core.verb:set package 'proy_fireye' build argument 'catkin_skip_building_tests' from command line to 'False'
[0.206s] DEBUG:colcon.colcon_core.verb:Building package 'proy_fireye' with the following arguments: {'ament_cmake_args': None, 'build_base': '/home/grey/Documentos/GitHub/proy_fireye_ros2/build/proy_fireye', 'catkin_cmake_args': None, 'catkin_skip_building_tests': False, 'cmake_args': None, 'cmake_clean_cache': False, 'cmake_clean_first': False, 'cmake_force_configure': False, 'cmake_target': None, 'cmake_target_skip_unavailable': False, 'install_base': '/home/grey/Documentos/GitHub/proy_fireye_ros2/install/proy_fireye', 'merge_install': False, 'path': '/home/grey/Documentos/GitHub/proy_fireye_ros2/proy_fireye', 'symlink_install': False, 'test_result_base': None}
[0.206s] INFO:colcon.colcon_core.executor:Executing jobs using 'parallel' executor
[0.208s] DEBUG:colcon.colcon_parallel_executor.executor.parallel:run_until_complete
[0.209s] INFO:colcon.colcon_ros.task.ament_cmake.build:Building ROS package in '/home/grey/Documentos/GitHub/proy_fireye_ros2/proy_fireye_mundo' with build type 'ament_cmake'
[0.209s] INFO:colcon.colcon_cmake.task.cmake.build:Building CMake package in '/home/grey/Documentos/GitHub/proy_fireye_ros2/proy_fireye_mundo'
[0.212s] INFO:colcon.colcon_core.plugin_system:Skipping extension 'colcon_core.shell.bat': Not used on non-Windows systems
[0.212s] DEBUG:colcon.colcon_core.shell:Skip shell extension 'dsv' for command environment
[0.229s] DEBUG:colcon.colcon_core.event_handler.log_command:Invoking command in '/home/grey/Documentos/GitHub/proy_fireye_ros2/build/proy_fireye_mundo': CMAKE_PREFIX_PATH=${CMAKE_PREFIX_PATH}:/home/grey/turtlebot3_ws/install/show_msg:/home/grey/turtlebot3_ws/install/my_nav2_system:/home/grey/turtlebot3_ws/install/my_first_subscriber:/home/grey/turtlebot3_ws/install/my_first_service:/home/grey/turtlebot3_ws/install/my_first_publisher:/home/grey/turtlebot3_ws/install/my_first_node:/home/grey/turtlebot3_ws/install/my_first_action:/opt/ros/jazzy DEBUGINFOD_URLS=https://debuginfod.ubuntu.com /usr/bin/cmake --build /home/grey/Documentos/GitHub/proy_fireye_ros2/build/proy_fireye_mundo -- -j22 -l22
[0.340s] DEBUG:colcon.colcon_core.event_handler.log_command:Invoked command in '/home/grey/Documentos/GitHub/proy_fireye_ros2/build/proy_fireye_mundo' returned '0': CMAKE_PREFIX_PATH=${CMAKE_PREFIX_PATH}:/home/grey/turtlebot3_ws/install/show_msg:/home/grey/turtlebot3_ws/install/my_nav2_system:/home/grey/turtlebot3_ws/install/my_first_subscriber:/home/grey/turtlebot3_ws/install/my_first_service:/home/grey/turtlebot3_ws/install/my_first_publisher:/home/grey/turtlebot3_ws/install/my_first_node:/home/grey/turtlebot3_ws/install/my_first_action:/opt/ros/jazzy DEBUGINFOD_URLS=https://debuginfod.ubuntu.com /usr/bin/cmake --build /home/grey/Documentos/GitHub/proy_fireye_ros2/build/proy_fireye_mundo -- -j22 -l22
[0.353s] DEBUG:colcon.colcon_core.event_handler.log_command:Invoking command in '/home/grey/Documentos/GitHub/proy_fireye_ros2/build/proy_fireye_mundo': CMAKE_PREFIX_PATH=${CMAKE_PREFIX_PATH}:/home/grey/turtlebot3_ws/install/show_msg:/home/grey/turtlebot3_ws/install/my_nav2_system:/home/grey/turtlebot3_ws/install/my_first_subscriber:/home/grey/turtlebot3_ws/install/my_first_service:/home/grey/turtlebot3_ws/install/my_first_publisher:/home/grey/turtlebot3_ws/install/my_first_node:/home/grey/turtlebot3_ws/install/my_first_action:/opt/ros/jazzy DEBUGINFOD_URLS=https://debuginfod.ubuntu.com /usr/bin/cmake --install /home/grey/Documentos/GitHub/proy_fireye_ros2/build/proy_fireye_mundo
[0.375s] Level 1:colcon.colcon_core.environment:create_environment_scripts_only(proy_fireye_mundo)
[0.376s] DEBUG:colcon.colcon_core.event_handler.log_command:Invoked command in '/home/grey/Documentos/GitHub/proy_fireye_ros2/build/proy_fireye_mundo' returned '0': CMAKE_PREFIX_PATH=${CMAKE_PREFIX_PATH}:/home/grey/turtlebot3_ws/install/show_msg:/home/grey/turtlebot3_ws/install/my_nav2_system:/home/grey/turtlebot3_ws/install/my_first_subscriber:/home/grey/turtlebot3_ws/install/my_first_service:/home/grey/turtlebot3_ws/install/my_first_publisher:/home/grey/turtlebot3_ws/install/my_first_node:/home/grey/turtlebot3_ws/install/my_first_action:/opt/ros/jazzy DEBUGINFOD_URLS=https://debuginfod.ubuntu.com /usr/bin/cmake --install /home/grey/Documentos/GitHub/proy_fireye_ros2/build/proy_fireye_mundo
[0.378s] Level 1:colcon.colcon_core.environment:checking '/home/grey/Documentos/GitHub/proy_fireye_ros2/install/proy_fireye_mundo' for CMake module files
[0.379s] Level 1:colcon.colcon_core.environment:checking '/home/grey/Documentos/GitHub/proy_fireye_ros2/install/proy_fireye_mundo' for CMake config files
[0.379s] Level 1:colcon.colcon_core.shell:create_environment_hook('proy_fireye_mundo', 'cmake_prefix_path')
[0.380s] INFO:colcon.colcon_core.shell:Creating environment descriptor '/home/grey/Documentos/GitHub/proy_fireye_ros2/install/proy_fireye_mundo/share/proy_fireye_mundo/hook/cmake_prefix_path.dsv'
[0.380s] INFO:colcon.colcon_core.shell:Creating environment hook '/home/grey/Documentos/GitHub/proy_fireye_ros2/install/proy_fireye_mundo/share/proy_fireye_mundo/hook/cmake_prefix_path.sh'
[0.381s] Level 1:colcon.colcon_core.environment:checking '/home/grey/Documentos/GitHub/proy_fireye_ros2/install/proy_fireye_mundo/lib'
[0.382s] Level 1:colcon.colcon_core.environment:checking '/home/grey/Documentos/GitHub/proy_fireye_ros2/install/proy_fireye_mundo/bin'
[0.382s] Level 1:colcon.colcon_core.environment:checking '/home/grey/Documentos/GitHub/proy_fireye_ros2/install/proy_fireye_mundo/lib/pkgconfig/proy_fireye_mundo.pc'
[0.384s] Level 1:colcon.colcon_core.environment:checking '/home/grey/Documentos/GitHub/proy_fireye_ros2/install/proy_fireye_mundo/lib/python3.12/site-packages'
[0.385s] Level 1:colcon.colcon_core.environment:checking '/home/grey/Documentos/GitHub/proy_fireye_ros2/install/proy_fireye_mundo/bin'
[0.385s] INFO:colcon.colcon_core.shell:Creating package descriptor '/home/grey/Documentos/GitHub/proy_fireye_ros2/install/proy_fireye_mundo/share/proy_fireye_mundo/package.dsv'
[0.386s] INFO:colcon.colcon_core.shell:Creating package script '/home/grey/Documentos/GitHub/proy_fireye_ros2/install/proy_fireye_mundo/share/proy_fireye_mundo/package.sh'
[0.386s] INFO:colcon.colcon_core.shell:Creating package script '/home/grey/Documentos/GitHub/proy_fireye_ros2/install/proy_fireye_mundo/share/proy_fireye_mundo/package.bash'
[0.387s] INFO:colcon.colcon_core.shell:Creating package script '/home/grey/Documentos/GitHub/proy_fireye_ros2/install/proy_fireye_mundo/share/proy_fireye_mundo/package.zsh'
[0.388s] Level 1:colcon.colcon_core.environment:create_file_with_runtime_dependencies(/home/grey/Documentos/GitHub/proy_fireye_ros2/install/proy_fireye_mundo/share/colcon-core/packages/proy_fireye_mundo)
[0.388s] Level 1:colcon.colcon_core.environment:create_environment_scripts_only(proy_fireye_mundo)
[0.389s] Level 1:colcon.colcon_core.environment:checking '/home/grey/Documentos/GitHub/proy_fireye_ros2/install/proy_fireye_mundo' for CMake module files
[0.389s] Level 1:colcon.colcon_core.environment:checking '/home/grey/Documentos/GitHub/proy_fireye_ros2/install/proy_fireye_mundo' for CMake config files
[0.390s] Level 1:colcon.colcon_core.shell:create_environment_hook('proy_fireye_mundo', 'cmake_prefix_path')
[0.390s] INFO:colcon.colcon_core.shell:Creating environment descriptor '/home/grey/Documentos/GitHub/proy_fireye_ros2/install/proy_fireye_mundo/share/proy_fireye_mundo/hook/cmake_prefix_path.dsv'
[0.390s] INFO:colcon.colcon_core.shell:Creating environment hook '/home/grey/Documentos/GitHub/proy_fireye_ros2/install/proy_fireye_mundo/share/proy_fireye_mundo/hook/cmake_prefix_path.sh'
[0.391s] Level 1:colcon.colcon_core.environment:checking '/home/grey/Documentos/GitHub/proy_fireye_ros2/install/proy_fireye_mundo/lib'
[0.391s] Level 1:colcon.colcon_core.environment:checking '/home/grey/Documentos/GitHub/proy_fireye_ros2/install/proy_fireye_mundo/bin'
[0.391s] Level 1:colcon.colcon_core.environment:checking '/home/grey/Documentos/GitHub/proy_fireye_ros2/install/proy_fireye_mundo/lib/pkgconfig/proy_fireye_mundo.pc'
[0.391s] Level 1:colcon.colcon_core.environment:checking '/home/grey/Documentos/GitHub/proy_fireye_ros2/install/proy_fireye_mundo/lib/python3.12/site-packages'
[0.392s] Level 1:colcon.colcon_core.environment:checking '/home/grey/Documentos/GitHub/proy_fireye_ros2/install/proy_fireye_mundo/bin'
[0.392s] INFO:colcon.colcon_core.shell:Creating package descriptor '/home/grey/Documentos/GitHub/proy_fireye_ros2/install/proy_fireye_mundo/share/proy_fireye_mundo/package.dsv'
[0.393s] INFO:colcon.colcon_core.shell:Creating package script '/home/grey/Documentos/GitHub/proy_fireye_ros2/install/proy_fireye_mundo/share/proy_fireye_mundo/package.sh'
[0.393s] INFO:colcon.colcon_core.shell:Creating package script '/home/grey/Documentos/GitHub/proy_fireye_ros2/install/proy_fireye_mundo/share/proy_fireye_mundo/package.bash'
[0.393s] INFO:colcon.colcon_core.shell:Creating package script '/home/grey/Documentos/GitHub/proy_fireye_ros2/install/proy_fireye_mundo/share/proy_fireye_mundo/package.zsh'
[0.394s] Level 1:colcon.colcon_core.environment:create_file_with_runtime_dependencies(/home/grey/Documentos/GitHub/proy_fireye_ros2/install/proy_fireye_mundo/share/colcon-core/packages/proy_fireye_mundo)
[0.394s] INFO:colcon.colcon_ros.task.ament_cmake.build:Building ROS package in '/home/grey/Documentos/GitHub/proy_fireye_ros2/proy_fireye' with build type 'ament_cmake'
[0.394s] INFO:colcon.colcon_cmake.task.cmake.build:Building CMake package in '/home/grey/Documentos/GitHub/proy_fireye_ros2/proy_fireye'
[0.394s] DEBUG:colcon.colcon_core.shell:Skip shell extension 'dsv' for command environment
[0.410s] DEBUG:colcon.colcon_core.event_handler.log_command:Invoking command in '/home/grey/Documentos/GitHub/proy_fireye_ros2/build/proy_fireye': CMAKE_PREFIX_PATH=/home/grey/Documentos/GitHub/proy_fireye_ros2/install/proy_fireye_mundo:/home/grey/Documentos/GitHub/proy_fireye_ros2/install/proy_fireye:/home/grey/turtlebot3_ws/install/turtlebot3_simulations:/home/grey/turtlebot3_ws/install/turtlebot3_gazebo:/home/grey/turtlebot3_ws/install/turtlebot3_fake_node:/home/grey/turtlebot3_ws/install/my_world:/home/grey/turtlebot3_ws/install/custom_interface:/opt/ros/jazzy/opt/gz_sim_vendor:/opt/ros/jazzy/opt/gz_sensors_vendor:/opt/ros/jazzy/opt/gz_physics_vendor:/opt/ros/jazzy/opt/sdformat_vendor:/opt/ros/jazzy/opt/gz_gui_vendor:/opt/ros/jazzy/opt/gz_transport_vendor:/opt/ros/jazzy/opt/gz_rendering_vendor:/opt/ros/jazzy/opt/gz_plugin_vendor:/opt/ros/jazzy/opt/gz_fuel_tools_vendor:/opt/ros/jazzy/opt/gz_msgs_vendor:/opt/ros/jazzy/opt/gz_common_vendor:/opt/ros/jazzy/opt/gz_math_vendor:/opt/ros/jazzy/opt/gz_utils_vendor:/opt/ros/jazzy/opt/gz_tools_vendor:/opt/ros/jazzy/opt/gz_ogre_next_vendor:/opt/ros/jazzy/opt/gz_dartsim_vendor:/opt/ros/jazzy/opt/gz_cmake_vendor:/home/grey/turtlebot3_ws/install/show_msg:/home/grey/turtlebot3_ws/install/my_nav2_system:/home/grey/turtlebot3_ws/install/my_first_subscriber:/home/grey/turtlebot3_ws/install/my_first_service:/home/grey/turtlebot3_ws/install/my_first_publisher:/home/grey/turtlebot3_ws/install/my_first_node:/home/grey/turtlebot3_ws/install/my_first_action:/opt/ros/jazzy DEBUGINFOD_URLS=https://debuginfod.ubuntu.com /usr/bin/cmake --build /home/grey/Documentos/GitHub/proy_fireye_ros2/build/proy_fireye -- -j22 -l22
[0.460s] DEBUG:colcon.colcon_core.event_handler.log_command:Invoked command in '/home/grey/Documentos/GitHub/proy_fireye_ros2/build/proy_fireye' returned '0': CMAKE_PREFIX_PATH=/home/grey/Documentos/GitHub/proy_fireye_ros2/install/proy_fireye_mundo:/home/grey/Documentos/GitHub/proy_fireye_ros2/install/proy_fireye:/home/grey/turtlebot3_ws/install/turtlebot3_simulations:/home/grey/turtlebot3_ws/install/turtlebot3_gazebo:/home/grey/turtlebot3_ws/install/turtlebot3_fake_node:/home/grey/turtlebot3_ws/install/my_world:/home/grey/turtlebot3_ws/install/custom_interface:/opt/ros/jazzy/opt/gz_sim_vendor:/opt/ros/jazzy/opt/gz_sensors_vendor:/opt/ros/jazzy/opt/gz_physics_vendor:/opt/ros/jazzy/opt/sdformat_vendor:/opt/ros/jazzy/opt/gz_gui_vendor:/opt/ros/jazzy/opt/gz_transport_vendor:/opt/ros/jazzy/opt/gz_rendering_vendor:/opt/ros/jazzy/opt/gz_plugin_vendor:/opt/ros/jazzy/opt/gz_fuel_tools_vendor:/opt/ros/jazzy/opt/gz_msgs_vendor:/opt/ros/jazzy/opt/gz_common_vendor:/opt/ros/jazzy/opt/gz_math_vendor:/opt/ros/jazzy/opt/gz_utils_vendor:/opt/ros/jazzy/opt/gz_tools_vendor:/opt/ros/jazzy/opt/gz_ogre_next_vendor:/opt/ros/jazzy/opt/gz_dartsim_vendor:/opt/ros/jazzy/opt/gz_cmake_vendor:/home/grey/turtlebot3_ws/install/show_msg:/home/grey/turtlebot3_ws/install/my_nav2_system:/home/grey/turtlebot3_ws/install/my_first_subscriber:/home/grey/turtlebot3_ws/install/my_first_service:/home/grey/turtlebot3_ws/install/my_first_publisher:/home/grey/turtlebot3_ws/install/my_first_node:/home/grey/turtlebot3_ws/install/my_first_action:/opt/ros/jazzy DEBUGINFOD_URLS=https://debuginfod.ubuntu.com /usr/bin/cmake --build /home/grey/Documentos/GitHub/proy_fireye_ros2/build/proy_fireye -- -j22 -l22
[0.462s] DEBUG:colcon.colcon_core.event_handler.log_command:Invoking command in '/home/grey/Documentos/GitHub/proy_fireye_ros2/build/proy_fireye': CMAKE_PREFIX_PATH=/home/grey/Documentos/GitHub/proy_fireye_ros2/install/proy_fireye_mundo:/home/grey/Documentos/GitHub/proy_fireye_ros2/install/proy_fireye:/home/grey/turtlebot3_ws/install/turtlebot3_simulations:/home/grey/turtlebot3_ws/install/turtlebot3_gazebo:/home/grey/turtlebot3_ws/install/turtlebot3_fake_node:/home/grey/turtlebot3_ws/install/my_world:/home/grey/turtlebot3_ws/install/custom_interface:/opt/ros/jazzy/opt/gz_sim_vendor:/opt/ros/jazzy/opt/gz_sensors_vendor:/opt/ros/jazzy/opt/gz_physics_vendor:/opt/ros/jazzy/opt/sdformat_vendor:/opt/ros/jazzy/opt/gz_gui_vendor:/opt/ros/jazzy/opt/gz_transport_vendor:/opt/ros/jazzy/opt/gz_rendering_vendor:/opt/ros/jazzy/opt/gz_plugin_vendor:/opt/ros/jazzy/opt/gz_fuel_tools_vendor:/opt/ros/jazzy/opt/gz_msgs_vendor:/opt/ros/jazzy/opt/gz_common_vendor:/opt/ros/jazzy/opt/gz_math_vendor:/opt/ros/jazzy/opt/gz_utils_vendor:/opt/ros/jazzy/opt/gz_tools_vendor:/opt/ros/jazzy/opt/gz_ogre_next_vendor:/opt/ros/jazzy/opt/gz_dartsim_vendor:/opt/ros/jazzy/opt/gz_cmake_vendor:/home/grey/turtlebot3_ws/install/show_msg:/home/grey/turtlebot3_ws/install/my_nav2_system:/home/grey/turtlebot3_ws/install/my_first_subscriber:/home/grey/turtlebot3_ws/install/my_first_service:/home/grey/turtlebot3_ws/install/my_first_publisher:/home/grey/turtlebot3_ws/install/my_first_node:/home/grey/turtlebot3_ws/install/my_first_action:/opt/ros/jazzy DEBUGINFOD_URLS=https://debuginfod.ubuntu.com /usr/bin/cmake --install /home/grey/Documentos/GitHub/proy_fireye_ros2/build/proy_fireye
[0.473s] Level 1:colcon.colcon_core.environment:create_environment_scripts_only(proy_fireye)
[0.474s] DEBUG:colcon.colcon_core.event_handler.log_command:Invoked command in '/home/grey/Documentos/GitHub/proy_fireye_ros2/build/proy_fireye' returned '0': CMAKE_PREFIX_PATH=/home/grey/Documentos/GitHub/proy_fireye_ros2/install/proy_fireye_mundo:/home/grey/Documentos/GitHub/proy_fireye_ros2/install/proy_fireye:/home/grey/turtlebot3_ws/install/turtlebot3_simulations:/home/grey/turtlebot3_ws/install/turtlebot3_gazebo:/home/grey/turtlebot3_ws/install/turtlebot3_fake_node:/home/grey/turtlebot3_ws/install/my_world:/home/grey/turtlebot3_ws/install/custom_interface:/opt/ros/jazzy/opt/gz_sim_vendor:/opt/ros/jazzy/opt/gz_sensors_vendor:/opt/ros/jazzy/opt/gz_physics_vendor:/opt/ros/jazzy/opt/sdformat_vendor:/opt/ros/jazzy/opt/gz_gui_vendor:/opt/ros/jazzy/opt/gz_transport_vendor:/opt/ros/jazzy/opt/gz_rendering_vendor:/opt/ros/jazzy/opt/gz_plugin_vendor:/opt/ros/jazzy/opt/gz_fuel_tools_vendor:/opt/ros/jazzy/opt/gz_msgs_vendor:/opt/ros/jazzy/opt/gz_common_vendor:/opt/ros/jazzy/opt/gz_math_vendor:/opt/ros/jazzy/opt/gz_utils_vendor:/opt/ros/jazzy/opt/gz_tools_vendor:/opt/ros/jazzy/opt/gz_ogre_next_vendor:/opt/ros/jazzy/opt/gz_dartsim_vendor:/opt/ros/jazzy/opt/gz_cmake_vendor:/home/grey/turtlebot3_ws/install/show_msg:/home/grey/turtlebot3_ws/install/my_nav2_system:/home/grey/turtlebot3_ws/install/my_first_subscriber:/home/grey/turtlebot3_ws/install/my_first_service:/home/grey/turtlebot3_ws/install/my_first_publisher:/home/grey/turtlebot3_ws/install/my_first_node:/home/grey/turtlebot3_ws/install/my_first_action:/opt/ros/jazzy DEBUGINFOD_URLS=https://debuginfod.ubuntu.com /usr/bin/cmake --install /home/grey/Documentos/GitHub/proy_fireye_ros2/build/proy_fireye
[0.474s] Level 1:colcon.colcon_core.environment:checking '/home/grey/Documentos/GitHub/proy_fireye_ros2/install/proy_fireye' for CMake module files
[0.475s] Level 1:colcon.colcon_core.environment:checking '/home/grey/Documentos/GitHub/proy_fireye_ros2/install/proy_fireye' for CMake config files
[0.475s] Level 1:colcon.colcon_core.shell:create_environment_hook('proy_fireye', 'cmake_prefix_path')
[0.476s] INFO:colcon.colcon_core.shell:Creating environment descriptor '/home/grey/Documentos/GitHub/proy_fireye_ros2/install/proy_fireye/share/proy_fireye/hook/cmake_prefix_path.dsv'
[0.476s] INFO:colcon.colcon_core.shell:Creating environment hook '/home/grey/Documentos/GitHub/proy_fireye_ros2/install/proy_fireye/share/proy_fireye/hook/cmake_prefix_path.sh'
[0.477s] Level 1:colcon.colcon_core.environment:checking '/home/grey/Documentos/GitHub/proy_fireye_ros2/install/proy_fireye/bin'
[0.478s] Level 1:colcon.colcon_core.environment:checking '/home/grey/Documentos/GitHub/proy_fireye_ros2/install/proy_fireye/lib/pkgconfig/proy_fireye.pc'
[0.478s] Level 1:colcon.colcon_core.environment:checking '/home/grey/Documentos/GitHub/proy_fireye_ros2/install/proy_fireye/lib/python3.12/site-packages'
[0.479s] Level 1:colcon.colcon_core.environment:checking '/home/grey/Documentos/GitHub/proy_fireye_ros2/install/proy_fireye/bin'
[0.479s] INFO:colcon.colcon_core.shell:Creating package descriptor '/home/grey/Documentos/GitHub/proy_fireye_ros2/install/proy_fireye/share/proy_fireye/package.dsv'
[0.479s] INFO:colcon.colcon_core.shell:Creating package script '/home/grey/Documentos/GitHub/proy_fireye_ros2/install/proy_fireye/share/proy_fireye/package.sh'
[0.480s] INFO:colcon.colcon_core.shell:Creating package script '/home/grey/Documentos/GitHub/proy_fireye_ros2/install/proy_fireye/share/proy_fireye/package.bash'
[0.480s] INFO:colcon.colcon_core.shell:Creating package script '/home/grey/Documentos/GitHub/proy_fireye_ros2/install/proy_fireye/share/proy_fireye/package.zsh'
[0.481s] Level 1:colcon.colcon_core.environment:create_file_with_runtime_dependencies(/home/grey/Documentos/GitHub/proy_fireye_ros2/install/proy_fireye/share/colcon-core/packages/proy_fireye)
[0.481s] Level 1:colcon.colcon_core.environment:create_environment_scripts_only(proy_fireye)
[0.481s] Level 1:colcon.colcon_core.environment:checking '/home/grey/Documentos/GitHub/proy_fireye_ros2/install/proy_fireye' for CMake module files
[0.482s] Level 1:colcon.colcon_core.environment:checking '/home/grey/Documentos/GitHub/proy_fireye_ros2/install/proy_fireye' for CMake config files
[0.482s] Level 1:colcon.colcon_core.shell:create_environment_hook('proy_fireye', 'cmake_prefix_path')
[0.482s] INFO:colcon.colcon_core.shell:Creating environment descriptor '/home/grey/Documentos/GitHub/proy_fireye_ros2/install/proy_fireye/share/proy_fireye/hook/cmake_prefix_path.dsv'
[0.483s] INFO:colcon.colcon_core.shell:Creating environment hook '/home/grey/Documentos/GitHub/proy_fireye_ros2/install/proy_fireye/share/proy_fireye/hook/cmake_prefix_path.sh'
[0.483s] Level 1:colcon.colcon_core.environment:checking '/home/grey/Documentos/GitHub/proy_fireye_ros2/install/proy_fireye/bin'
[0.483s] Level 1:colcon.colcon_core.environment:checking '/home/grey/Documentos/GitHub/proy_fireye_ros2/install/proy_fireye/lib/pkgconfig/proy_fireye.pc'
[0.484s] Level 1:colcon.colcon_core.environment:checking '/home/grey/Documentos/GitHub/proy_fireye_ros2/install/proy_fireye/lib/python3.12/site-packages'
[0.484s] Level 1:colcon.colcon_core.environment:checking '/home/grey/Documentos/GitHub/proy_fireye_ros2/install/proy_fireye/bin'
[0.484s] INFO:colcon.colcon_core.shell:Creating package descriptor '/home/grey/Documentos/GitHub/proy_fireye_ros2/install/proy_fireye/share/proy_fireye/package.dsv'
[0.485s] INFO:colcon.colcon_core.shell:Creating package script '/home/grey/Documentos/GitHub/proy_fireye_ros2/install/proy_fireye/share/proy_fireye/package.sh'
[0.485s] INFO:colcon.colcon_core.shell:Creating package script '/home/grey/Documentos/GitHub/proy_fireye_ros2/install/proy_fireye/share/proy_fireye/package.bash'
[0.486s] INFO:colcon.colcon_core.shell:Creating package script '/home/grey/Documentos/GitHub/proy_fireye_ros2/install/proy_fireye/share/proy_fireye/package.zsh'
[0.486s] Level 1:colcon.colcon_core.environment:create_file_with_runtime_dependencies(/home/grey/Documentos/GitHub/proy_fireye_ros2/install/proy_fireye/share/colcon-core/packages/proy_fireye)
[0.486s] DEBUG:colcon.colcon_parallel_executor.executor.parallel:closing loop
[0.487s] DEBUG:colcon.colcon_parallel_executor.executor.parallel:loop closed
[0.487s] DEBUG:colcon.colcon_parallel_executor.executor.parallel:run_until_complete finished with '0'
[0.487s] DEBUG:colcon.colcon_core.event_reactor:joining thread
[0.495s] INFO:colcon.colcon_core.plugin_system:Skipping extension 'colcon_notification.desktop_notification.terminal_notifier': Not used on non-Darwin systems
[0.495s] INFO:colcon.colcon_core.plugin_system:Skipping extension 'colcon_notification.desktop_notification.win32': Not used on non-Windows systems
[0.495s] INFO:colcon.colcon_notification.desktop_notification:Sending desktop notification using 'notify2'
[0.516s] DEBUG:colcon.colcon_core.event_reactor:joined thread
[0.516s] INFO:colcon.colcon_core.shell:Creating prefix script '/home/grey/Documentos/GitHub/proy_fireye_ros2/install/local_setup.sh'
[0.517s] INFO:colcon.colcon_core.shell:Creating prefix util module '/home/grey/Documentos/GitHub/proy_fireye_ros2/install/_local_setup_util_sh.py'
[0.518s] INFO:colcon.colcon_core.shell:Creating prefix chain script '/home/grey/Documentos/GitHub/proy_fireye_ros2/install/setup.sh'
[0.519s] INFO:colcon.colcon_core.shell:Creating prefix script '/home/grey/Documentos/GitHub/proy_fireye_ros2/install/local_setup.bash'
[0.520s] INFO:colcon.colcon_core.shell:Creating prefix chain script '/home/grey/Documentos/GitHub/proy_fireye_ros2/install/setup.bash'
[0.521s] INFO:colcon.colcon_core.shell:Creating prefix script '/home/grey/Documentos/GitHub/proy_fireye_ros2/install/local_setup.zsh'
[0.521s] INFO:colcon.colcon_core.shell:Creating prefix chain script '/home/grey/Documentos/GitHub/proy_fireye_ros2/install/setup.zsh'
