running egg_info
writing ../build/proy_fireye_slam/proy_fireye_slam.egg-info/PKG-INFO
writing dependency_links to ../build/proy_fireye_slam/proy_fireye_slam.egg-info/dependency_links.txt
writing entry points to ../build/proy_fireye_slam/proy_fireye_slam.egg-info/entry_points.txt
writing requirements to ../build/proy_fireye_slam/proy_fireye_slam.egg-info/requires.txt
writing top-level names to ../build/proy_fireye_slam/proy_fireye_slam.egg-info/top_level.txt
reading manifest file '../build/proy_fireye_slam/proy_fireye_slam.egg-info/SOURCES.txt'
writing manifest file '../build/proy_fireye_slam/proy_fireye_slam.egg-info/SOURCES.txt'
running build
running build_py
copying proy_fireye_slam/initial_pose_pub.py -> /home/grey/Documentos/GitHub/proy_fireye_ros2/build/proy_fireye_slam/build/lib/proy_fireye_slam
running install
running install_lib
copying /home/grey/Documentos/GitHub/proy_fireye_ros2/build/proy_fireye_slam/build/lib/proy_fireye_slam/initial_pose_pub.py -> /home/grey/Documentos/GitHub/proy_fireye_ros2/install/proy_fireye_slam/lib/python3.12/site-packages/proy_fireye_slam
byte-compiling /home/grey/Documentos/GitHub/proy_fireye_ros2/install/proy_fireye_slam/lib/python3.12/site-packages/proy_fireye_slam/initial_pose_pub.py to initial_pose_pub.cpython-312.pyc
running install_data
running install_egg_info
removing '/home/grey/Documentos/GitHub/proy_fireye_ros2/install/proy_fireye_slam/lib/python3.12/site-packages/proy_fireye_slam-0.0.0-py3.12.egg-info' (and everything under it)
Copying ../build/proy_fireye_slam/proy_fireye_slam.egg-info to /home/grey/Documentos/GitHub/proy_fireye_ros2/install/proy_fireye_slam/lib/python3.12/site-packages/proy_fireye_slam-0.0.0-py3.12.egg-info
running install_scripts
Installing initial_pose_pub script to /home/grey/Documentos/GitHub/proy_fireye_ros2/install/proy_fireye_slam/lib/proy_fireye_slam
writing list of installed files to '/home/grey/Documentos/GitHub/proy_fireye_ros2/build/proy_fireye_slam/install.log'
