[0.920s] Invoking command in '/home/grey/Documentos/GitHub/proy_fireye_ros2/proy_fireye_slam': DEBUGINFOD_URLS=https://debuginfod.ubuntu.com PYTHONPATH=/home/grey/Documentos/GitHub/proy_fireye_ros2/build/proy_fireye_slam/prefix_override:/usr/lib/python3/dist-packages/colcon_core/task/python/colcon_distutils_commands:/home/grey/Documentos/GitHub/proy_fireye_ros2/install/proy_fireye_slam/lib/python3.12/site-packages:${PYTHONPATH} /usr/bin/python3 -W ignore:setup.py install is deprecated -W ignore:easy_install command is deprecated setup.py egg_info --egg-base ../build/proy_fireye_slam build --build-base /home/grey/Documentos/GitHub/proy_fireye_ros2/build/proy_fireye_slam/build install --record /home/grey/Documentos/GitHub/proy_fireye_ros2/build/proy_fireye_slam/install.log --single-version-externally-managed install_data
[1.229s] running egg_info
[1.249s] writing ../build/proy_fireye_slam/proy_fireye_slam.egg-info/PKG-INFO
[1.249s] writing dependency_links to ../build/proy_fireye_slam/proy_fireye_slam.egg-info/dependency_links.txt
[1.249s] writing entry points to ../build/proy_fireye_slam/proy_fireye_slam.egg-info/entry_points.txt
[1.249s] writing requirements to ../build/proy_fireye_slam/proy_fireye_slam.egg-info/requires.txt
[1.249s] writing top-level names to ../build/proy_fireye_slam/proy_fireye_slam.egg-info/top_level.txt
[1.290s] reading manifest file '../build/proy_fireye_slam/proy_fireye_slam.egg-info/SOURCES.txt'
[1.290s] writing manifest file '../build/proy_fireye_slam/proy_fireye_slam.egg-info/SOURCES.txt'
[1.291s] running build
[1.291s] running build_py
[1.291s] copying proy_fireye_slam/initial_pose_pub.py -> /home/grey/Documentos/GitHub/proy_fireye_ros2/build/proy_fireye_slam/build/lib/proy_fireye_slam
[1.291s] running install
[1.298s] running install_lib
[1.318s] copying /home/grey/Documentos/GitHub/proy_fireye_ros2/build/proy_fireye_slam/build/lib/proy_fireye_slam/initial_pose_pub.py -> /home/grey/Documentos/GitHub/proy_fireye_ros2/install/proy_fireye_slam/lib/python3.12/site-packages/proy_fireye_slam
[1.319s] byte-compiling /home/grey/Documentos/GitHub/proy_fireye_ros2/install/proy_fireye_slam/lib/python3.12/site-packages/proy_fireye_slam/initial_pose_pub.py to initial_pose_pub.cpython-312.pyc
[1.320s] running install_data
[1.320s] running install_egg_info
[1.341s] removing '/home/grey/Documentos/GitHub/proy_fireye_ros2/install/proy_fireye_slam/lib/python3.12/site-packages/proy_fireye_slam-0.0.0-py3.12.egg-info' (and everything under it)
[1.342s] Copying ../build/proy_fireye_slam/proy_fireye_slam.egg-info to /home/grey/Documentos/GitHub/proy_fireye_ros2/install/proy_fireye_slam/lib/python3.12/site-packages/proy_fireye_slam-0.0.0-py3.12.egg-info
[1.342s] running install_scripts
[1.480s] Installing initial_pose_pub script to /home/grey/Documentos/GitHub/proy_fireye_ros2/install/proy_fireye_slam/lib/proy_fireye_slam
[1.480s] writing list of installed files to '/home/grey/Documentos/GitHub/proy_fireye_ros2/build/proy_fireye_slam/install.log'
[1.527s] Invoked command in '/home/grey/Documentos/GitHub/proy_fireye_ros2/proy_fireye_slam' returned '0': DEBUGINFOD_URLS=https://debuginfod.ubuntu.com PYTHONPATH=/home/grey/Documentos/GitHub/proy_fireye_ros2/build/proy_fireye_slam/prefix_override:/usr/lib/python3/dist-packages/colcon_core/task/python/colcon_distutils_commands:/home/grey/Documentos/GitHub/proy_fireye_ros2/install/proy_fireye_slam/lib/python3.12/site-packages:${PYTHONPATH} /usr/bin/python3 -W ignore:setup.py install is deprecated -W ignore:easy_install command is deprecated setup.py egg_info --egg-base ../build/proy_fireye_slam build --build-base /home/grey/Documentos/GitHub/proy_fireye_ros2/build/proy_fireye_slam/build install --record /home/grey/Documentos/GitHub/proy_fireye_ros2/build/proy_fireye_slam/install.log --single-version-externally-managed install_data
