[0.015s] Invoking command in '/home/grey/Documentos/GitHub/proy_fireye_ros2/build/proy_fireye_mundo': CMAKE_PREFIX_PATH=${CMAKE_PREFIX_PATH}:/home/grey/turtlebot3_ws/install/show_msg:/home/grey/turtlebot3_ws/install/my_nav2_system:/home/grey/turtlebot3_ws/install/my_first_subscriber:/home/grey/turtlebot3_ws/install/my_first_service:/home/grey/turtlebot3_ws/install/my_first_publisher:/home/grey/turtlebot3_ws/install/my_first_node:/home/grey/turtlebot3_ws/install/my_first_action:/opt/ros/jazzy DEBUGINFOD_URLS=https://debuginfod.ubuntu.com /usr/bin/cmake --build /home/grey/Documentos/GitHub/proy_fireye_ros2/build/proy_fireye_mundo -- -j22 -l22
[0.100s] [ 25%] Built target obstacles
[0.101s] [ 50%] Built target obstacle1
[0.101s] [ 75%] Built target obstacle2
[0.103s] [100%] Built target turtlebot3_drive
[0.121s] Invoked command in '/home/grey/Documentos/GitHub/proy_fireye_ros2/build/proy_fireye_mundo' returned '0': CMAKE_PREFIX_PATH=${CMAKE_PREFIX_PATH}:/home/grey/turtlebot3_ws/install/show_msg:/home/grey/turtlebot3_ws/install/my_nav2_system:/home/grey/turtlebot3_ws/install/my_first_subscriber:/home/grey/turtlebot3_ws/install/my_first_service:/home/grey/turtlebot3_ws/install/my_first_publisher:/home/grey/turtlebot3_ws/install/my_first_node:/home/grey/turtlebot3_ws/install/my_first_action:/opt/ros/jazzy DEBUGINFOD_URLS=https://debuginfod.ubuntu.com /usr/bin/cmake --build /home/grey/Documentos/GitHub/proy_fireye_ros2/build/proy_fireye_mundo -- -j22 -l22
[0.142s] Invoking command in '/home/grey/Documentos/GitHub/proy_fireye_ros2/build/proy_fireye_mundo': CMAKE_PREFIX_PATH=${CMAKE_PREFIX_PATH}:/home/grey/turtlebot3_ws/install/show_msg:/home/grey/turtlebot3_ws/install/my_nav2_system:/home/grey/turtlebot3_ws/install/my_first_subscriber:/home/grey/turtlebot3_ws/install/my_first_service:/home/grey/turtlebot3_ws/install/my_first_publisher:/home/grey/turtlebot3_ws/install/my_first_node:/home/grey/turtlebot3_ws/install/my_first_action:/opt/ros/jazzy DEBUGINFOD_URLS=https://debuginfod.ubuntu.com /usr/bin/cmake --install /home/grey/Documentos/GitHub/proy_fireye_ros2/build/proy_fireye_mundo
[0.153s] -- Install configuration: ""
[0.153s] -- Up-to-date: /home/grey/Documentos/GitHub/proy_fireye_ros2/install/proy_fireye_mundo/lib/proy_fireye_mundo/turtlebot3_drive
[0.154s] -- Up-to-date: /home/grey/Documentos/GitHub/proy_fireye_ros2/install/proy_fireye_mundo/lib/proy_fireye_mundo/libobstacles.so
[0.154s] -- Up-to-date: /home/grey/Documentos/GitHub/proy_fireye_ros2/install/proy_fireye_mundo/lib/proy_fireye_mundo/libobstacle1.so
[0.154s] -- Up-to-date: /home/grey/Documentos/GitHub/proy_fireye_ros2/install/proy_fireye_mundo/lib/proy_fireye_mundo/libobstacle2.so
[0.155s] -- Up-to-date: /home/grey/Documentos/GitHub/proy_fireye_ros2/install/proy_fireye_mundo/share/proy_fireye_mundo//launch
[0.155s] -- Up-to-date: /home/grey/Documentos/GitHub/proy_fireye_ros2/install/proy_fireye_mundo/share/proy_fireye_mundo//launch/spawn_turtlebot3.launch.py
[0.155s] -- Up-to-date: /home/grey/Documentos/GitHub/proy_fireye_ros2/install/proy_fireye_mundo/share/proy_fireye_mundo//launch/robot_state_publisher.launch.py
[0.155s] -- Up-to-date: /home/grey/Documentos/GitHub/proy_fireye_ros2/install/proy_fireye_mundo/share/proy_fireye_mundo//launch/fireye_mundo.launch.py
[0.155s] -- Up-to-date: /home/grey/Documentos/GitHub/proy_fireye_ros2/install/proy_fireye_mundo/share/proy_fireye_mundo//models
[0.155s] -- Up-to-date: /home/grey/Documentos/GitHub/proy_fireye_ros2/install/proy_fireye_mundo/share/proy_fireye_mundo//models/cafe
[0.155s] -- Up-to-date: /home/grey/Documentos/GitHub/proy_fireye_ros2/install/proy_fireye_mundo/share/proy_fireye_mundo//models/cafe/meshes
[0.156s] -- Up-to-date: /home/grey/Documentos/GitHub/proy_fireye_ros2/install/proy_fireye_mundo/share/proy_fireye_mundo//models/cafe/meshes/cafe.dae
[0.156s] -- Up-to-date: /home/grey/Documentos/GitHub/proy_fireye_ros2/install/proy_fireye_mundo/share/proy_fireye_mundo//models/cafe/model.sdf
[0.156s] -- Up-to-date: /home/grey/Documentos/GitHub/proy_fireye_ros2/install/proy_fireye_mundo/share/proy_fireye_mundo//models/cafe/materials
[0.156s] -- Up-to-date: /home/grey/Documentos/GitHub/proy_fireye_ros2/install/proy_fireye_mundo/share/proy_fireye_mundo//models/cafe/materials/textures
[0.156s] -- Up-to-date: /home/grey/Documentos/GitHub/proy_fireye_ros2/install/proy_fireye_mundo/share/proy_fireye_mundo//models/cafe/materials/textures/__auto_25.jpg
[0.156s] -- Up-to-date: /home/grey/Documentos/GitHub/proy_fireye_ros2/install/proy_fireye_mundo/share/proy_fireye_mundo//models/cafe/materials/textures/__auto_28.jpg
[0.156s] -- Up-to-date: /home/grey/Documentos/GitHub/proy_fireye_ros2/install/proy_fireye_mundo/share/proy_fireye_mundo//models/cafe/materials/textures/__auto_23.jpg
[0.157s] -- Up-to-date: /home/grey/Documentos/GitHub/proy_fireye_ros2/install/proy_fireye_mundo/share/proy_fireye_mundo//models/cafe/materials/textures/__auto_10.jpg
[0.157s] -- Up-to-date: /home/grey/Documentos/GitHub/proy_fireye_ros2/install/proy_fireye_mundo/share/proy_fireye_mundo//models/cafe/materials/textures/__auto_31.jpg
[0.157s] -- Up-to-date: /home/grey/Documentos/GitHub/proy_fireye_ros2/install/proy_fireye_mundo/share/proy_fireye_mundo//models/cafe/materials/textures/__auto_26.jpg
[0.157s] -- Up-to-date: /home/grey/Documentos/GitHub/proy_fireye_ros2/install/proy_fireye_mundo/share/proy_fireye_mundo//models/cafe/materials/textures/__auto_2.jpg
[0.157s] -- Up-to-date: /home/grey/Documentos/GitHub/proy_fireye_ros2/install/proy_fireye_mundo/share/proy_fireye_mundo//models/cafe/materials/textures/__auto_34.jpg
[0.157s] -- Up-to-date: /home/grey/Documentos/GitHub/proy_fireye_ros2/install/proy_fireye_mundo/share/proy_fireye_mundo//models/cafe/materials/textures/__auto_37.jpg
[0.157s] -- Up-to-date: /home/grey/Documentos/GitHub/proy_fireye_ros2/install/proy_fireye_mundo/share/proy_fireye_mundo//models/cafe/materials/textures/__auto_35.jpg
[0.157s] -- Up-to-date: /home/grey/Documentos/GitHub/proy_fireye_ros2/install/proy_fireye_mundo/share/proy_fireye_mundo//models/cafe/materials/textures/__auto_30.jpg
[0.157s] -- Up-to-date: /home/grey/Documentos/GitHub/proy_fireye_ros2/install/proy_fireye_mundo/share/proy_fireye_mundo//models/cafe/materials/textures/__auto_21.jpg
[0.157s] -- Up-to-date: /home/grey/Documentos/GitHub/proy_fireye_ros2/install/proy_fireye_mundo/share/proy_fireye_mundo//models/cafe/materials/textures/__auto_22.jpg
[0.158s] -- Up-to-date: /home/grey/Documentos/GitHub/proy_fireye_ros2/install/proy_fireye_mundo/share/proy_fireye_mundo//models/cafe/materials/textures/__auto_24.jpg
[0.158s] -- Up-to-date: /home/grey/Documentos/GitHub/proy_fireye_ros2/install/proy_fireye_mundo/share/proy_fireye_mundo//models/cafe/materials/textures/__auto_29.jpg
[0.158s] -- Up-to-date: /home/grey/Documentos/GitHub/proy_fireye_ros2/install/proy_fireye_mundo/share/proy_fireye_mundo//models/cafe/model.config
[0.158s] -- Up-to-date: /home/grey/Documentos/GitHub/proy_fireye_ros2/install/proy_fireye_mundo/share/proy_fireye_mundo//models/small_house
[0.158s] -- Up-to-date: /home/grey/Documentos/GitHub/proy_fireye_ros2/install/proy_fireye_mundo/share/proy_fireye_mundo//models/small_house/model.sdf
[0.158s] -- Up-to-date: /home/grey/Documentos/GitHub/proy_fireye_ros2/install/proy_fireye_mundo/share/proy_fireye_mundo//models/small_house/model.config
[0.158s] -- Up-to-date: /home/grey/Documentos/GitHub/proy_fireye_ros2/install/proy_fireye_mundo/share/proy_fireye_mundo//models/turtlebot3_common
[0.158s] -- Up-to-date: /home/grey/Documentos/GitHub/proy_fireye_ros2/install/proy_fireye_mundo/share/proy_fireye_mundo//models/turtlebot3_common/meshes
[0.158s] -- Up-to-date: /home/grey/Documentos/GitHub/proy_fireye_ros2/install/proy_fireye_mundo/share/proy_fireye_mundo//models/turtlebot3_common/meshes/r200.dae
[0.159s] -- Up-to-date: /home/grey/Documentos/GitHub/proy_fireye_ros2/install/proy_fireye_mundo/share/proy_fireye_mundo//models/turtlebot3_common/meshes/wheels
[0.159s] -- Up-to-date: /home/grey/Documentos/GitHub/proy_fireye_ros2/install/proy_fireye_mundo/share/proy_fireye_mundo//models/turtlebot3_common/meshes/wheels/right_tire.stl
[0.159s] -- Up-to-date: /home/grey/Documentos/GitHub/proy_fireye_ros2/install/proy_fireye_mundo/share/proy_fireye_mundo//models/turtlebot3_common/meshes/wheels/left_tire.stl
[0.159s] -- Up-to-date: /home/grey/Documentos/GitHub/proy_fireye_ros2/install/proy_fireye_mundo/share/proy_fireye_mundo//models/turtlebot3_common/meshes/sensors
[0.159s] -- Up-to-date: /home/grey/Documentos/GitHub/proy_fireye_ros2/install/proy_fireye_mundo/share/proy_fireye_mundo//models/turtlebot3_common/meshes/sensors/r200.dae
[0.159s] -- Up-to-date: /home/grey/Documentos/GitHub/proy_fireye_ros2/install/proy_fireye_mundo/share/proy_fireye_mundo//models/turtlebot3_common/meshes/sensors/astra.dae
[0.159s] -- Up-to-date: /home/grey/Documentos/GitHub/proy_fireye_ros2/install/proy_fireye_mundo/share/proy_fireye_mundo//models/turtlebot3_common/meshes/sensors/lds.stl
[0.159s] -- Up-to-date: /home/grey/Documentos/GitHub/proy_fireye_ros2/install/proy_fireye_mundo/share/proy_fireye_mundo//models/turtlebot3_common/meshes/sensors/astra.jpg
[0.159s] -- Up-to-date: /home/grey/Documentos/GitHub/proy_fireye_ros2/install/proy_fireye_mundo/share/proy_fireye_mundo//models/turtlebot3_common/meshes/sensors/r200.jpg
[0.159s] -- Up-to-date: /home/grey/Documentos/GitHub/proy_fireye_ros2/install/proy_fireye_mundo/share/proy_fireye_mundo//models/turtlebot3_common/meshes/burger_base.dae
[0.159s] -- Up-to-date: /home/grey/Documentos/GitHub/proy_fireye_ros2/install/proy_fireye_mundo/share/proy_fireye_mundo//models/turtlebot3_common/meshes/bases
[0.159s] -- Up-to-date: /home/grey/Documentos/GitHub/proy_fireye_ros2/install/proy_fireye_mundo/share/proy_fireye_mundo//models/turtlebot3_common/meshes/bases/waffle_base.stl
[0.160s] -- Up-to-date: /home/grey/Documentos/GitHub/proy_fireye_ros2/install/proy_fireye_mundo/share/proy_fireye_mundo//models/turtlebot3_common/meshes/bases/waffle_pi_base.stl
[0.160s] -- Up-to-date: /home/grey/Documentos/GitHub/proy_fireye_ros2/install/proy_fireye_mundo/share/proy_fireye_mundo//models/turtlebot3_common/meshes/bases/burger_base.stl
[0.160s] -- Up-to-date: /home/grey/Documentos/GitHub/proy_fireye_ros2/install/proy_fireye_mundo/share/proy_fireye_mundo//models/turtlebot3_common/meshes/waffle_base.dae
[0.160s] -- Up-to-date: /home/grey/Documentos/GitHub/proy_fireye_ros2/install/proy_fireye_mundo/share/proy_fireye_mundo//models/turtlebot3_common/meshes/lds.dae
[0.160s] -- Up-to-date: /home/grey/Documentos/GitHub/proy_fireye_ros2/install/proy_fireye_mundo/share/proy_fireye_mundo//models/turtlebot3_common/meshes/waffle_pi_base.dae
[0.160s] -- Up-to-date: /home/grey/Documentos/GitHub/proy_fireye_ros2/install/proy_fireye_mundo/share/proy_fireye_mundo//models/turtlebot3_common/meshes/tire.dae
[0.160s] -- Up-to-date: /home/grey/Documentos/GitHub/proy_fireye_ros2/install/proy_fireye_mundo/share/proy_fireye_mundo//models/turtlebot3_common/model.config
[0.160s] -- Up-to-date: /home/grey/Documentos/GitHub/proy_fireye_ros2/install/proy_fireye_mundo/share/proy_fireye_mundo//models/turtlebot3_burger
[0.161s] -- Up-to-date: /home/grey/Documentos/GitHub/proy_fireye_ros2/install/proy_fireye_mundo/share/proy_fireye_mundo//models/turtlebot3_burger/model.sdf
[0.161s] -- Up-to-date: /home/grey/Documentos/GitHub/proy_fireye_ros2/install/proy_fireye_mundo/share/proy_fireye_mundo//models/turtlebot3_burger/model-1_4.sdf
[0.161s] -- Up-to-date: /home/grey/Documentos/GitHub/proy_fireye_ros2/install/proy_fireye_mundo/share/proy_fireye_mundo//models/turtlebot3_burger/model.config
[0.161s] -- Up-to-date: /home/grey/Documentos/GitHub/proy_fireye_ros2/install/proy_fireye_mundo/share/proy_fireye_mundo//models/turtlebot3_burger_cam
[0.161s] -- Up-to-date: /home/grey/Documentos/GitHub/proy_fireye_ros2/install/proy_fireye_mundo/share/proy_fireye_mundo//models/turtlebot3_burger_cam/model.sdf
[0.161s] -- Up-to-date: /home/grey/Documentos/GitHub/proy_fireye_ros2/install/proy_fireye_mundo/share/proy_fireye_mundo//models/turtlebot3_burger_cam/model-1_4.sdf
[0.161s] -- Up-to-date: /home/grey/Documentos/GitHub/proy_fireye_ros2/install/proy_fireye_mundo/share/proy_fireye_mundo//models/turtlebot3_burger_cam/model.config
[0.161s] -- Up-to-date: /home/grey/Documentos/GitHub/proy_fireye_ros2/install/proy_fireye_mundo/share/proy_fireye_mundo//params
[0.161s] -- Up-to-date: /home/grey/Documentos/GitHub/proy_fireye_ros2/install/proy_fireye_mundo/share/proy_fireye_mundo//params/turtlebot3_burger_bridge.yaml
[0.162s] -- Up-to-date: /home/grey/Documentos/GitHub/proy_fireye_ros2/install/proy_fireye_mundo/share/proy_fireye_mundo//params/turtlebot3_burger_cam_bridge.yaml
[0.162s] -- Up-to-date: /home/grey/Documentos/GitHub/proy_fireye_ros2/install/proy_fireye_mundo/share/proy_fireye_mundo//rviz
[0.162s] -- Up-to-date: /home/grey/Documentos/GitHub/proy_fireye_ros2/install/proy_fireye_mundo/share/proy_fireye_mundo//rviz/turtlebot3_burger.urdf
[0.162s] -- Up-to-date: /home/grey/Documentos/GitHub/proy_fireye_ros2/install/proy_fireye_mundo/share/proy_fireye_mundo//urdf
[0.162s] -- Up-to-date: /home/grey/Documentos/GitHub/proy_fireye_ros2/install/proy_fireye_mundo/share/proy_fireye_mundo//urdf/turtlebot3_burger_cam.urdf
[0.162s] -- Up-to-date: /home/grey/Documentos/GitHub/proy_fireye_ros2/install/proy_fireye_mundo/share/proy_fireye_mundo//urdf/common_properties.urdf
[0.162s] -- Up-to-date: /home/grey/Documentos/GitHub/proy_fireye_ros2/install/proy_fireye_mundo/share/proy_fireye_mundo//urdf/turtlebot3_burger.urdf
[0.162s] -- Up-to-date: /home/grey/Documentos/GitHub/proy_fireye_ros2/install/proy_fireye_mundo/share/proy_fireye_mundo//worlds
[0.162s] -- Up-to-date: /home/grey/Documentos/GitHub/proy_fireye_ros2/install/proy_fireye_mundo/share/proy_fireye_mundo//worlds/my_world.world
[0.162s] -- Installing: /home/grey/Documentos/GitHub/proy_fireye_ros2/install/proy_fireye_mundo/share/proy_fireye_mundo//worlds/harmonic.sdf
[0.162s] -- Up-to-date: /home/grey/Documentos/GitHub/proy_fireye_ros2/install/proy_fireye_mundo/include/
[0.162s] -- Up-to-date: /home/grey/Documentos/GitHub/proy_fireye_ros2/install/proy_fireye_mundo/include//proy_fireye_world
[0.162s] -- Up-to-date: /home/grey/Documentos/GitHub/proy_fireye_ros2/install/proy_fireye_mundo/include//turtlebot3_drive.hpp
[0.163s] -- Up-to-date: /home/grey/Documentos/GitHub/proy_fireye_ros2/install/proy_fireye_mundo/include//obstacles.hpp
[0.163s] -- Up-to-date: /home/grey/Documentos/GitHub/proy_fireye_ros2/install/proy_fireye_mundo/include//traffic_bar_plugin.hpp
[0.163s] -- Up-to-date: /home/grey/Documentos/GitHub/proy_fireye_ros2/install/proy_fireye_mundo/include//traffic_light_plugin.hpp
[0.163s] -- Up-to-date: /home/grey/Documentos/GitHub/proy_fireye_ros2/install/proy_fireye_mundo/include//obstacle2.hpp
[0.163s] -- Up-to-date: /home/grey/Documentos/GitHub/proy_fireye_ros2/install/proy_fireye_mundo/include//obstacle1.hpp
[0.164s] -- Up-to-date: /home/grey/Documentos/GitHub/proy_fireye_ros2/install/proy_fireye_mundo/share/ament_index/resource_index/package_run_dependencies/proy_fireye_mundo
[0.164s] -- Up-to-date: /home/grey/Documentos/GitHub/proy_fireye_ros2/install/proy_fireye_mundo/share/ament_index/resource_index/parent_prefix_path/proy_fireye_mundo
[0.164s] -- Up-to-date: /home/grey/Documentos/GitHub/proy_fireye_ros2/install/proy_fireye_mundo/share/proy_fireye_mundo/environment/ament_prefix_path.sh
[0.164s] -- Up-to-date: /home/grey/Documentos/GitHub/proy_fireye_ros2/install/proy_fireye_mundo/share/proy_fireye_mundo/environment/ament_prefix_path.dsv
[0.164s] -- Up-to-date: /home/grey/Documentos/GitHub/proy_fireye_ros2/install/proy_fireye_mundo/share/proy_fireye_mundo/environment/path.sh
[0.164s] -- Up-to-date: /home/grey/Documentos/GitHub/proy_fireye_ros2/install/proy_fireye_mundo/share/proy_fireye_mundo/environment/path.dsv
[0.164s] -- Up-to-date: /home/grey/Documentos/GitHub/proy_fireye_ros2/install/proy_fireye_mundo/share/proy_fireye_mundo/local_setup.bash
[0.164s] -- Up-to-date: /home/grey/Documentos/GitHub/proy_fireye_ros2/install/proy_fireye_mundo/share/proy_fireye_mundo/local_setup.sh
[0.164s] -- Up-to-date: /home/grey/Documentos/GitHub/proy_fireye_ros2/install/proy_fireye_mundo/share/proy_fireye_mundo/local_setup.zsh
[0.164s] -- Up-to-date: /home/grey/Documentos/GitHub/proy_fireye_ros2/install/proy_fireye_mundo/share/proy_fireye_mundo/local_setup.dsv
[0.164s] -- Installing: /home/grey/Documentos/GitHub/proy_fireye_ros2/install/proy_fireye_mundo/share/proy_fireye_mundo/package.dsv
[0.164s] -- Up-to-date: /home/grey/Documentos/GitHub/proy_fireye_ros2/install/proy_fireye_mundo/share/ament_index/resource_index/packages/proy_fireye_mundo
[0.164s] -- Up-to-date: /home/grey/Documentos/GitHub/proy_fireye_ros2/install/proy_fireye_mundo/share/proy_fireye_mundo/cmake/ament_cmake_export_include_directories-extras.cmake
[0.165s] -- Up-to-date: /home/grey/Documentos/GitHub/proy_fireye_ros2/install/proy_fireye_mundo/share/proy_fireye_mundo/cmake/ament_cmake_export_dependencies-extras.cmake
[0.165s] -- Up-to-date: /home/grey/Documentos/GitHub/proy_fireye_ros2/install/proy_fireye_mundo/share/proy_fireye_mundo/cmake/proy_fireye_mundoConfig.cmake
[0.165s] -- Up-to-date: /home/grey/Documentos/GitHub/proy_fireye_ros2/install/proy_fireye_mundo/share/proy_fireye_mundo/cmake/proy_fireye_mundoConfig-version.cmake
[0.165s] -- Up-to-date: /home/grey/Documentos/GitHub/proy_fireye_ros2/install/proy_fireye_mundo/share/proy_fireye_mundo/package.xml
[0.165s] Invoked command in '/home/grey/Documentos/GitHub/proy_fireye_ros2/build/proy_fireye_mundo' returned '0': CMAKE_PREFIX_PATH=${CMAKE_PREFIX_PATH}:/home/grey/turtlebot3_ws/install/show_msg:/home/grey/turtlebot3_ws/install/my_nav2_system:/home/grey/turtlebot3_ws/install/my_first_subscriber:/home/grey/turtlebot3_ws/install/my_first_service:/home/grey/turtlebot3_ws/install/my_first_publisher:/home/grey/turtlebot3_ws/install/my_first_node:/home/grey/turtlebot3_ws/install/my_first_action:/opt/ros/jazzy DEBUGINFOD_URLS=https://debuginfod.ubuntu.com /usr/bin/cmake --install /home/grey/Documentos/GitHub/proy_fireye_ros2/build/proy_fireye_mundo
