[ 50%] Built target obstacles
[ 50%] Built target obstacle2
[100%] Built target obstacle1
[100%] Built target turtlebot3_drive
-- Install configuration: ""
-- Up-to-date: /home/grey/Documentos/GitHub/proy_fireye_ros2/install/proy_fireye_mundo/lib/proy_fireye_mundo/turtlebot3_drive
-- Up-to-date: /home/grey/Documentos/GitHub/proy_fireye_ros2/install/proy_fireye_mundo/lib/proy_fireye_mundo/libobstacles.so
-- Up-to-date: /home/grey/Documentos/GitHub/proy_fireye_ros2/install/proy_fireye_mundo/lib/proy_fireye_mundo/libobstacle1.so
-- Up-to-date: /home/grey/Documentos/GitHub/proy_fireye_ros2/install/proy_fireye_mundo/lib/proy_fireye_mundo/libobstacle2.so
-- Up-to-date: /home/grey/Documentos/GitHub/proy_fireye_ros2/install/proy_fireye_mundo/share/proy_fireye_mundo//launch
-- Up-to-date: /home/grey/Documentos/GitHub/proy_fireye_ros2/install/proy_fireye_mundo/share/proy_fireye_mundo//launch/spawn_turtlebot3.launch.py
-- Up-to-date: /home/grey/Documentos/GitHub/proy_fireye_ros2/install/proy_fireye_mundo/share/proy_fireye_mundo//launch/robot_state_publisher.launch.py
-- Up-to-date: /home/grey/Documentos/GitHub/proy_fireye_ros2/install/proy_fireye_mundo/share/proy_fireye_mundo//launch/fireye_mundo.launch.py
-- Up-to-date: /home/grey/Documentos/GitHub/proy_fireye_ros2/install/proy_fireye_mundo/share/proy_fireye_mundo//models
-- Up-to-date: /home/grey/Documentos/GitHub/proy_fireye_ros2/install/proy_fireye_mundo/share/proy_fireye_mundo//models/cafe
-- Up-to-date: /home/grey/Documentos/GitHub/proy_fireye_ros2/install/proy_fireye_mundo/share/proy_fireye_mundo//models/cafe/meshes
-- Up-to-date: /home/grey/Documentos/GitHub/proy_fireye_ros2/install/proy_fireye_mundo/share/proy_fireye_mundo//models/cafe/meshes/cafe.dae
-- Up-to-date: /home/grey/Documentos/GitHub/proy_fireye_ros2/install/proy_fireye_mundo/share/proy_fireye_mundo//models/cafe/model.sdf
-- Up-to-date: /home/grey/Documentos/GitHub/proy_fireye_ros2/install/proy_fireye_mundo/share/proy_fireye_mundo//models/cafe/materials
-- Up-to-date: /home/grey/Documentos/GitHub/proy_fireye_ros2/install/proy_fireye_mundo/share/proy_fireye_mundo//models/cafe/materials/textures
-- Up-to-date: /home/grey/Documentos/GitHub/proy_fireye_ros2/install/proy_fireye_mundo/share/proy_fireye_mundo//models/cafe/materials/textures/__auto_25.jpg
-- Up-to-date: /home/grey/Documentos/GitHub/proy_fireye_ros2/install/proy_fireye_mundo/share/proy_fireye_mundo//models/cafe/materials/textures/__auto_28.jpg
-- Up-to-date: /home/grey/Documentos/GitHub/proy_fireye_ros2/install/proy_fireye_mundo/share/proy_fireye_mundo//models/cafe/materials/textures/__auto_23.jpg
-- Up-to-date: /home/grey/Documentos/GitHub/proy_fireye_ros2/install/proy_fireye_mundo/share/proy_fireye_mundo//models/cafe/materials/textures/__auto_10.jpg
-- Up-to-date: /home/grey/Documentos/GitHub/proy_fireye_ros2/install/proy_fireye_mundo/share/proy_fireye_mundo//models/cafe/materials/textures/__auto_31.jpg
-- Up-to-date: /home/grey/Documentos/GitHub/proy_fireye_ros2/install/proy_fireye_mundo/share/proy_fireye_mundo//models/cafe/materials/textures/__auto_26.jpg
-- Up-to-date: /home/grey/Documentos/GitHub/proy_fireye_ros2/install/proy_fireye_mundo/share/proy_fireye_mundo//models/cafe/materials/textures/__auto_2.jpg
-- Up-to-date: /home/grey/Documentos/GitHub/proy_fireye_ros2/install/proy_fireye_mundo/share/proy_fireye_mundo//models/cafe/materials/textures/__auto_34.jpg
-- Up-to-date: /home/grey/Documentos/GitHub/proy_fireye_ros2/install/proy_fireye_mundo/share/proy_fireye_mundo//models/cafe/materials/textures/__auto_37.jpg
-- Up-to-date: /home/grey/Documentos/GitHub/proy_fireye_ros2/install/proy_fireye_mundo/share/proy_fireye_mundo//models/cafe/materials/textures/__auto_35.jpg
-- Up-to-date: /home/grey/Documentos/GitHub/proy_fireye_ros2/install/proy_fireye_mundo/share/proy_fireye_mundo//models/cafe/materials/textures/__auto_30.jpg
-- Up-to-date: /home/grey/Documentos/GitHub/proy_fireye_ros2/install/proy_fireye_mundo/share/proy_fireye_mundo//models/cafe/materials/textures/__auto_21.jpg
-- Up-to-date: /home/grey/Documentos/GitHub/proy_fireye_ros2/install/proy_fireye_mundo/share/proy_fireye_mundo//models/cafe/materials/textures/__auto_22.jpg
-- Up-to-date: /home/grey/Documentos/GitHub/proy_fireye_ros2/install/proy_fireye_mundo/share/proy_fireye_mundo//models/cafe/materials/textures/__auto_24.jpg
-- Up-to-date: /home/grey/Documentos/GitHub/proy_fireye_ros2/install/proy_fireye_mundo/share/proy_fireye_mundo//models/cafe/materials/textures/__auto_29.jpg
-- Up-to-date: /home/grey/Documentos/GitHub/proy_fireye_ros2/install/proy_fireye_mundo/share/proy_fireye_mundo//models/cafe/model.config
-- Up-to-date: /home/grey/Documentos/GitHub/proy_fireye_ros2/install/proy_fireye_mundo/share/proy_fireye_mundo//models/small_house
-- Up-to-date: /home/grey/Documentos/GitHub/proy_fireye_ros2/install/proy_fireye_mundo/share/proy_fireye_mundo//models/small_house/model.sdf
-- Up-to-date: /home/grey/Documentos/GitHub/proy_fireye_ros2/install/proy_fireye_mundo/share/proy_fireye_mundo//models/small_house/model.config
-- Up-to-date: /home/grey/Documentos/GitHub/proy_fireye_ros2/install/proy_fireye_mundo/share/proy_fireye_mundo//models/turtlebot3_common
-- Up-to-date: /home/grey/Documentos/GitHub/proy_fireye_ros2/install/proy_fireye_mundo/share/proy_fireye_mundo//models/turtlebot3_common/meshes
-- Up-to-date: /home/grey/Documentos/GitHub/proy_fireye_ros2/install/proy_fireye_mundo/share/proy_fireye_mundo//models/turtlebot3_common/meshes/r200.dae
-- Up-to-date: /home/grey/Documentos/GitHub/proy_fireye_ros2/install/proy_fireye_mundo/share/proy_fireye_mundo//models/turtlebot3_common/meshes/wheels
-- Up-to-date: /home/grey/Documentos/GitHub/proy_fireye_ros2/install/proy_fireye_mundo/share/proy_fireye_mundo//models/turtlebot3_common/meshes/wheels/right_tire.stl
-- Up-to-date: /home/grey/Documentos/GitHub/proy_fireye_ros2/install/proy_fireye_mundo/share/proy_fireye_mundo//models/turtlebot3_common/meshes/wheels/left_tire.stl
-- Up-to-date: /home/grey/Documentos/GitHub/proy_fireye_ros2/install/proy_fireye_mundo/share/proy_fireye_mundo//models/turtlebot3_common/meshes/sensors
-- Up-to-date: /home/grey/Documentos/GitHub/proy_fireye_ros2/install/proy_fireye_mundo/share/proy_fireye_mundo//models/turtlebot3_common/meshes/sensors/r200.dae
-- Up-to-date: /home/grey/Documentos/GitHub/proy_fireye_ros2/install/proy_fireye_mundo/share/proy_fireye_mundo//models/turtlebot3_common/meshes/sensors/astra.dae
-- Up-to-date: /home/grey/Documentos/GitHub/proy_fireye_ros2/install/proy_fireye_mundo/share/proy_fireye_mundo//models/turtlebot3_common/meshes/sensors/lds.stl
-- Up-to-date: /home/grey/Documentos/GitHub/proy_fireye_ros2/install/proy_fireye_mundo/share/proy_fireye_mundo//models/turtlebot3_common/meshes/sensors/astra.jpg
-- Up-to-date: /home/grey/Documentos/GitHub/proy_fireye_ros2/install/proy_fireye_mundo/share/proy_fireye_mundo//models/turtlebot3_common/meshes/sensors/r200.jpg
-- Up-to-date: /home/grey/Documentos/GitHub/proy_fireye_ros2/install/proy_fireye_mundo/share/proy_fireye_mundo//models/turtlebot3_common/meshes/burger_base.dae
-- Up-to-date: /home/grey/Documentos/GitHub/proy_fireye_ros2/install/proy_fireye_mundo/share/proy_fireye_mundo//models/turtlebot3_common/meshes/bases
-- Up-to-date: /home/grey/Documentos/GitHub/proy_fireye_ros2/install/proy_fireye_mundo/share/proy_fireye_mundo//models/turtlebot3_common/meshes/bases/waffle_base.stl
-- Up-to-date: /home/grey/Documentos/GitHub/proy_fireye_ros2/install/proy_fireye_mundo/share/proy_fireye_mundo//models/turtlebot3_common/meshes/bases/waffle_pi_base.stl
-- Up-to-date: /home/grey/Documentos/GitHub/proy_fireye_ros2/install/proy_fireye_mundo/share/proy_fireye_mundo//models/turtlebot3_common/meshes/bases/burger_base.stl
-- Up-to-date: /home/grey/Documentos/GitHub/proy_fireye_ros2/install/proy_fireye_mundo/share/proy_fireye_mundo//models/turtlebot3_common/meshes/waffle_base.dae
-- Up-to-date: /home/grey/Documentos/GitHub/proy_fireye_ros2/install/proy_fireye_mundo/share/proy_fireye_mundo//models/turtlebot3_common/meshes/lds.dae
-- Up-to-date: /home/grey/Documentos/GitHub/proy_fireye_ros2/install/proy_fireye_mundo/share/proy_fireye_mundo//models/turtlebot3_common/meshes/waffle_pi_base.dae
-- Up-to-date: /home/grey/Documentos/GitHub/proy_fireye_ros2/install/proy_fireye_mundo/share/proy_fireye_mundo//models/turtlebot3_common/meshes/tire.dae
-- Up-to-date: /home/grey/Documentos/GitHub/proy_fireye_ros2/install/proy_fireye_mundo/share/proy_fireye_mundo//models/turtlebot3_common/model.config
-- Up-to-date: /home/grey/Documentos/GitHub/proy_fireye_ros2/install/proy_fireye_mundo/share/proy_fireye_mundo//models/turtlebot3_burger
-- Up-to-date: /home/grey/Documentos/GitHub/proy_fireye_ros2/install/proy_fireye_mundo/share/proy_fireye_mundo//models/turtlebot3_burger/model.sdf
-- Up-to-date: /home/grey/Documentos/GitHub/proy_fireye_ros2/install/proy_fireye_mundo/share/proy_fireye_mundo//models/turtlebot3_burger/model-1_4.sdf
-- Up-to-date: /home/grey/Documentos/GitHub/proy_fireye_ros2/install/proy_fireye_mundo/share/proy_fireye_mundo//models/turtlebot3_burger/model.config
-- Up-to-date: /home/grey/Documentos/GitHub/proy_fireye_ros2/install/proy_fireye_mundo/share/proy_fireye_mundo//models/turtlebot3_burger_cam
-- Up-to-date: /home/grey/Documentos/GitHub/proy_fireye_ros2/install/proy_fireye_mundo/share/proy_fireye_mundo//models/turtlebot3_burger_cam/model.sdf
-- Up-to-date: /home/grey/Documentos/GitHub/proy_fireye_ros2/install/proy_fireye_mundo/share/proy_fireye_mundo//models/turtlebot3_burger_cam/model-1_4.sdf
-- Up-to-date: /home/grey/Documentos/GitHub/proy_fireye_ros2/install/proy_fireye_mundo/share/proy_fireye_mundo//models/turtlebot3_burger_cam/model.config
-- Up-to-date: /home/grey/Documentos/GitHub/proy_fireye_ros2/install/proy_fireye_mundo/share/proy_fireye_mundo//params
-- Up-to-date: /home/grey/Documentos/GitHub/proy_fireye_ros2/install/proy_fireye_mundo/share/proy_fireye_mundo//params/turtlebot3_burger_bridge.yaml
-- Up-to-date: /home/grey/Documentos/GitHub/proy_fireye_ros2/install/proy_fireye_mundo/share/proy_fireye_mundo//params/turtlebot3_burger_cam_bridge.yaml
-- Up-to-date: /home/grey/Documentos/GitHub/proy_fireye_ros2/install/proy_fireye_mundo/share/proy_fireye_mundo//rviz
-- Up-to-date: /home/grey/Documentos/GitHub/proy_fireye_ros2/install/proy_fireye_mundo/share/proy_fireye_mundo//rviz/turtlebot3_burger.urdf
-- Up-to-date: /home/grey/Documentos/GitHub/proy_fireye_ros2/install/proy_fireye_mundo/share/proy_fireye_mundo//urdf
-- Up-to-date: /home/grey/Documentos/GitHub/proy_fireye_ros2/install/proy_fireye_mundo/share/proy_fireye_mundo//urdf/turtlebot3_burger_cam.urdf
-- Up-to-date: /home/grey/Documentos/GitHub/proy_fireye_ros2/install/proy_fireye_mundo/share/proy_fireye_mundo//urdf/common_properties.urdf
-- Up-to-date: /home/grey/Documentos/GitHub/proy_fireye_ros2/install/proy_fireye_mundo/share/proy_fireye_mundo//urdf/turtlebot3_burger.urdf
-- Up-to-date: /home/grey/Documentos/GitHub/proy_fireye_ros2/install/proy_fireye_mundo/share/proy_fireye_mundo//worlds
-- Up-to-date: /home/grey/Documentos/GitHub/proy_fireye_ros2/install/proy_fireye_mundo/share/proy_fireye_mundo//worlds/my_world.world
-- Installing: /home/grey/Documentos/GitHub/proy_fireye_ros2/install/proy_fireye_mundo/share/proy_fireye_mundo//worlds/harmonic.sdf
-- Up-to-date: /home/grey/Documentos/GitHub/proy_fireye_ros2/install/proy_fireye_mundo/include/
-- Up-to-date: /home/grey/Documentos/GitHub/proy_fireye_ros2/install/proy_fireye_mundo/include//proy_fireye_world
-- Up-to-date: /home/grey/Documentos/GitHub/proy_fireye_ros2/install/proy_fireye_mundo/include//turtlebot3_drive.hpp
-- Up-to-date: /home/grey/Documentos/GitHub/proy_fireye_ros2/install/proy_fireye_mundo/include//obstacles.hpp
-- Up-to-date: /home/grey/Documentos/GitHub/proy_fireye_ros2/install/proy_fireye_mundo/include//traffic_bar_plugin.hpp
-- Up-to-date: /home/grey/Documentos/GitHub/proy_fireye_ros2/install/proy_fireye_mundo/include//traffic_light_plugin.hpp
-- Up-to-date: /home/grey/Documentos/GitHub/proy_fireye_ros2/install/proy_fireye_mundo/include//obstacle2.hpp
-- Up-to-date: /home/grey/Documentos/GitHub/proy_fireye_ros2/install/proy_fireye_mundo/include//obstacle1.hpp
-- Up-to-date: /home/grey/Documentos/GitHub/proy_fireye_ros2/install/proy_fireye_mundo/share/ament_index/resource_index/package_run_dependencies/proy_fireye_mundo
-- Up-to-date: /home/grey/Documentos/GitHub/proy_fireye_ros2/install/proy_fireye_mundo/share/ament_index/resource_index/parent_prefix_path/proy_fireye_mundo
-- Up-to-date: /home/grey/Documentos/GitHub/proy_fireye_ros2/install/proy_fireye_mundo/share/proy_fireye_mundo/environment/ament_prefix_path.sh
-- Up-to-date: /home/grey/Documentos/GitHub/proy_fireye_ros2/install/proy_fireye_mundo/share/proy_fireye_mundo/environment/ament_prefix_path.dsv
-- Up-to-date: /home/grey/Documentos/GitHub/proy_fireye_ros2/install/proy_fireye_mundo/share/proy_fireye_mundo/environment/path.sh
-- Up-to-date: /home/grey/Documentos/GitHub/proy_fireye_ros2/install/proy_fireye_mundo/share/proy_fireye_mundo/environment/path.dsv
-- Up-to-date: /home/grey/Documentos/GitHub/proy_fireye_ros2/install/proy_fireye_mundo/share/proy_fireye_mundo/local_setup.bash
-- Up-to-date: /home/grey/Documentos/GitHub/proy_fireye_ros2/install/proy_fireye_mundo/share/proy_fireye_mundo/local_setup.sh
-- Up-to-date: /home/grey/Documentos/GitHub/proy_fireye_ros2/install/proy_fireye_mundo/share/proy_fireye_mundo/local_setup.zsh
-- Up-to-date: /home/grey/Documentos/GitHub/proy_fireye_ros2/install/proy_fireye_mundo/share/proy_fireye_mundo/local_setup.dsv
-- Installing: /home/grey/Documentos/GitHub/proy_fireye_ros2/install/proy_fireye_mundo/share/proy_fireye_mundo/package.dsv
-- Up-to-date: /home/grey/Documentos/GitHub/proy_fireye_ros2/install/proy_fireye_mundo/share/ament_index/resource_index/packages/proy_fireye_mundo
-- Up-to-date: /home/grey/Documentos/GitHub/proy_fireye_ros2/install/proy_fireye_mundo/share/proy_fireye_mundo/cmake/ament_cmake_export_include_directories-extras.cmake
-- Up-to-date: /home/grey/Documentos/GitHub/proy_fireye_ros2/install/proy_fireye_mundo/share/proy_fireye_mundo/cmake/ament_cmake_export_dependencies-extras.cmake
-- Up-to-date: /home/grey/Documentos/GitHub/proy_fireye_ros2/install/proy_fireye_mundo/share/proy_fireye_mundo/cmake/proy_fireye_mundoConfig.cmake
-- Up-to-date: /home/grey/Documentos/GitHub/proy_fireye_ros2/install/proy_fireye_mundo/share/proy_fireye_mundo/cmake/proy_fireye_mundoConfig-version.cmake
-- Up-to-date: /home/grey/Documentos/GitHub/proy_fireye_ros2/install/proy_fireye_mundo/share/proy_fireye_mundo/package.xml
