[0.016s] Invoking command in '/home/grey/Documentos/GitHub/proy_fireye_ros2/build/proy_fireye': CMAKE_PREFIX_PATH=${CMAKE_PREFIX_PATH}:/home/grey/turtlebot3_ws/install/show_msg:/home/grey/turtlebot3_ws/install/my_nav2_system:/home/grey/turtlebot3_ws/install/my_first_subscriber:/home/grey/turtlebot3_ws/install/my_first_service:/home/grey/turtlebot3_ws/install/my_first_publisher:/home/grey/turtlebot3_ws/install/my_first_node:/home/grey/turtlebot3_ws/install/my_first_action:/opt/ros/jazzy DEBUGINFOD_URLS=https://debuginfod.ubuntu.com /usr/bin/cmake /home/grey/Documentos/GitHub/proy_fireye_ros2/proy_fireye -DCMAKE_INSTALL_PREFIX=/home/grey/Documentos/GitHub/proy_fireye_ros2/install/proy_fireye
[0.097s] -- The C compiler identification is GNU 13.3.0
[0.168s] -- The CXX compiler identification is GNU 13.3.0
[0.191s] -- Detecting C compiler ABI info
[0.310s] -- Detecting C compiler ABI info - done
[0.325s] -- Check for working C compiler: /usr/bin/cc - skipped
[0.325s] -- Detecting C compile features
[0.326s] -- Detecting C compile features - done
[0.340s] -- Detecting CXX compiler ABI info
[0.470s] -- Detecting CXX compiler ABI info - done
[0.486s] -- Check for working CXX compiler: /usr/bin/c++ - skipped
[0.486s] -- Detecting CXX compile features
[0.487s] -- Detecting CXX compile features - done
[0.493s] -- Found ament_cmake: 2.5.5 (/opt/ros/jazzy/share/ament_cmake/cmake)
[0.697s] -- Found Python3: /usr/bin/python3 (found version "3.12.3") found components: Interpreter 
[0.944s] -- Configuring done (0.9s)
[0.946s] -- Generating done (0.0s)
[0.948s] -- Build files have been written to: /home/grey/Documentos/GitHub/proy_fireye_ros2/build/proy_fireye
[0.957s] Invoked command in '/home/grey/Documentos/GitHub/proy_fireye_ros2/build/proy_fireye' returned '0': CMAKE_PREFIX_PATH=${CMAKE_PREFIX_PATH}:/home/grey/turtlebot3_ws/install/show_msg:/home/grey/turtlebot3_ws/install/my_nav2_system:/home/grey/turtlebot3_ws/install/my_first_subscriber:/home/grey/turtlebot3_ws/install/my_first_service:/home/grey/turtlebot3_ws/install/my_first_publisher:/home/grey/turtlebot3_ws/install/my_first_node:/home/grey/turtlebot3_ws/install/my_first_action:/opt/ros/jazzy DEBUGINFOD_URLS=https://debuginfod.ubuntu.com /usr/bin/cmake /home/grey/Documentos/GitHub/proy_fireye_ros2/proy_fireye -DCMAKE_INSTALL_PREFIX=/home/grey/Documentos/GitHub/proy_fireye_ros2/install/proy_fireye
[0.958s] Invoking command in '/home/grey/Documentos/GitHub/proy_fireye_ros2/build/proy_fireye': CMAKE_PREFIX_PATH=${CMAKE_PREFIX_PATH}:/home/grey/turtlebot3_ws/install/show_msg:/home/grey/turtlebot3_ws/install/my_nav2_system:/home/grey/turtlebot3_ws/install/my_first_subscriber:/home/grey/turtlebot3_ws/install/my_first_service:/home/grey/turtlebot3_ws/install/my_first_publisher:/home/grey/turtlebot3_ws/install/my_first_node:/home/grey/turtlebot3_ws/install/my_first_action:/opt/ros/jazzy DEBUGINFOD_URLS=https://debuginfod.ubuntu.com /usr/bin/cmake --build /home/grey/Documentos/GitHub/proy_fireye_ros2/build/proy_fireye -- -j22 -l22
[1.012s] Invoked command in '/home/grey/Documentos/GitHub/proy_fireye_ros2/build/proy_fireye' returned '0': CMAKE_PREFIX_PATH=${CMAKE_PREFIX_PATH}:/home/grey/turtlebot3_ws/install/show_msg:/home/grey/turtlebot3_ws/install/my_nav2_system:/home/grey/turtlebot3_ws/install/my_first_subscriber:/home/grey/turtlebot3_ws/install/my_first_service:/home/grey/turtlebot3_ws/install/my_first_publisher:/home/grey/turtlebot3_ws/install/my_first_node:/home/grey/turtlebot3_ws/install/my_first_action:/opt/ros/jazzy DEBUGINFOD_URLS=https://debuginfod.ubuntu.com /usr/bin/cmake --build /home/grey/Documentos/GitHub/proy_fireye_ros2/build/proy_fireye -- -j22 -l22
[1.025s] Invoking command in '/home/grey/Documentos/GitHub/proy_fireye_ros2/build/proy_fireye': CMAKE_PREFIX_PATH=${CMAKE_PREFIX_PATH}:/home/grey/turtlebot3_ws/install/show_msg:/home/grey/turtlebot3_ws/install/my_nav2_system:/home/grey/turtlebot3_ws/install/my_first_subscriber:/home/grey/turtlebot3_ws/install/my_first_service:/home/grey/turtlebot3_ws/install/my_first_publisher:/home/grey/turtlebot3_ws/install/my_first_node:/home/grey/turtlebot3_ws/install/my_first_action:/opt/ros/jazzy DEBUGINFOD_URLS=https://debuginfod.ubuntu.com /usr/bin/cmake --install /home/grey/Documentos/GitHub/proy_fireye_ros2/build/proy_fireye
[1.036s] -- Install configuration: ""
[1.037s] -- Installing: /home/grey/Documentos/GitHub/proy_fireye_ros2/install/proy_fireye/share/ament_index/resource_index/package_run_dependencies/proy_fireye
[1.037s] -- Installing: /home/grey/Documentos/GitHub/proy_fireye_ros2/install/proy_fireye/share/ament_index/resource_index/parent_prefix_path/proy_fireye
[1.037s] -- Installing: /home/grey/Documentos/GitHub/proy_fireye_ros2/install/proy_fireye/share/proy_fireye/environment/ament_prefix_path.sh
[1.037s] -- Installing: /home/grey/Documentos/GitHub/proy_fireye_ros2/install/proy_fireye/share/proy_fireye/environment/ament_prefix_path.dsv
[1.038s] -- Installing: /home/grey/Documentos/GitHub/proy_fireye_ros2/install/proy_fireye/share/proy_fireye/environment/path.sh
[1.038s] -- Installing: /home/grey/Documentos/GitHub/proy_fireye_ros2/install/proy_fireye/share/proy_fireye/environment/path.dsv
[1.038s] -- Installing: /home/grey/Documentos/GitHub/proy_fireye_ros2/install/proy_fireye/share/proy_fireye/local_setup.bash
[1.038s] -- Installing: /home/grey/Documentos/GitHub/proy_fireye_ros2/install/proy_fireye/share/proy_fireye/local_setup.sh
[1.038s] -- Installing: /home/grey/Documentos/GitHub/proy_fireye_ros2/install/proy_fireye/share/proy_fireye/local_setup.zsh
[1.038s] -- Installing: /home/grey/Documentos/GitHub/proy_fireye_ros2/install/proy_fireye/share/proy_fireye/local_setup.dsv
[1.038s] -- Installing: /home/grey/Documentos/GitHub/proy_fireye_ros2/install/proy_fireye/share/proy_fireye/package.dsv
[1.039s] -- Installing: /home/grey/Documentos/GitHub/proy_fireye_ros2/install/proy_fireye/share/ament_index/resource_index/packages/proy_fireye
[1.039s] -- Installing: /home/grey/Documentos/GitHub/proy_fireye_ros2/install/proy_fireye/share/proy_fireye/cmake/proy_fireyeConfig.cmake
[1.039s] -- Installing: /home/grey/Documentos/GitHub/proy_fireye_ros2/install/proy_fireye/share/proy_fireye/cmake/proy_fireyeConfig-version.cmake
[1.039s] -- Installing: /home/grey/Documentos/GitHub/proy_fireye_ros2/install/proy_fireye/share/proy_fireye/package.xml
[1.040s] Invoked command in '/home/grey/Documentos/GitHub/proy_fireye_ros2/build/proy_fireye' returned '0': CMAKE_PREFIX_PATH=${CMAKE_PREFIX_PATH}:/home/grey/turtlebot3_ws/install/show_msg:/home/grey/turtlebot3_ws/install/my_nav2_system:/home/grey/turtlebot3_ws/install/my_first_subscriber:/home/grey/turtlebot3_ws/install/my_first_service:/home/grey/turtlebot3_ws/install/my_first_publisher:/home/grey/turtlebot3_ws/install/my_first_node:/home/grey/turtlebot3_ws/install/my_first_action:/opt/ros/jazzy DEBUGINFOD_URLS=https://debuginfod.ubuntu.com /usr/bin/cmake --install /home/grey/Documentos/GitHub/proy_fireye_ros2/build/proy_fireye
