[0.116s] DEBUG:colcon:Command line arguments: ['/usr/bin/colcon', 'build', '--packages-select', 'proy_fireye_mundo', 'proy_fireye']
[0.116s] DEBUG:colcon:Parsed command line arguments: Namespace(log_base=None, log_level=None, verb_name='build', build_base='build', install_base='install', merge_install=False, symlink_install=False, test_result_base=None, continue_on_error=False, executor='parallel', parallel_workers=22, event_handlers=None, ignore_user_meta=False, metas=['./colcon.meta'], base_paths=['.'], packages_ignore=None, packages_ignore_regex=None, paths=None, packages_up_to=None, packages_up_to_regex=None, packages_above=None, packages_above_and_dependencies=None, packages_above_depth=None, packages_select_by_dep=None, packages_skip_by_dep=None, packages_skip_up_to=None, packages_select_build_failed=False, packages_skip_build_finished=False, packages_select_test_failures=False, packages_skip_test_passed=False, packages_select=['proy_fireye_mundo', 'proy_fireye'], packages_skip=None, packages_select_regex=None, packages_skip_regex=None, packages_start=None, packages_end=None, cmake_args=None, cmake_target=None, cmake_target_skip_unavailable=False, cmake_clean_cache=False, cmake_clean_first=False, cmake_force_configure=False, ament_cmake_args=None, catkin_cmake_args=None, catkin_skip_building_tests=False, verb_parser=<colcon_defaults.argument_parser.defaults.DefaultArgumentsDecorator object at 0x773ed411dd30>, verb_extension=<colcon_core.verb.build.BuildVerb object at 0x773ed42a7ad0>, main=<bound method BuildVerb.main of <colcon_core.verb.build.BuildVerb object at 0x773ed42a7ad0>>)
[0.161s] Level 1:colcon.colcon_core.package_discovery:discover_packages(colcon_meta) check parameters
[0.161s] Level 1:colcon.colcon_core.package_discovery:discover_packages(recursive) check parameters
[0.161s] Level 1:colcon.colcon_core.package_discovery:discover_packages(ignore) check parameters
[0.161s] Level 1:colcon.colcon_core.package_discovery:discover_packages(path) check parameters
[0.161s] Level 1:colcon.colcon_core.package_discovery:discover_packages(colcon_meta) discover
[0.161s] Level 1:colcon.colcon_core.package_discovery:discover_packages(recursive) discover
[0.161s] INFO:colcon.colcon_core.package_discovery:Crawling recursively for packages in '/home/grey/Documentos/GitHub/proy_fireye_ros2'
[0.161s] Level 1:colcon.colcon_core.package_identification:_identify(.) by extensions ['ignore', 'ignore_ament_install']
[0.161s] Level 1:colcon.colcon_core.package_identification:_identify(.) by extension 'ignore'
[0.162s] Level 1:colcon.colcon_core.package_identification:_identify(.) by extension 'ignore_ament_install'
[0.162s] Level 1:colcon.colcon_core.package_identification:_identify(.) by extensions ['colcon_pkg']
[0.162s] Level 1:colcon.colcon_core.package_identification:_identify(.) by extension 'colcon_pkg'
[0.162s] Level 1:colcon.colcon_core.package_identification:_identify(.) by extensions ['colcon_meta']
[0.162s] Level 1:colcon.colcon_core.package_identification:_identify(.) by extension 'colcon_meta'
[0.162s] Level 1:colcon.colcon_core.package_identification:_identify(.) by extensions ['ros']
[0.162s] Level 1:colcon.colcon_core.package_identification:_identify(.) by extension 'ros'
[0.193s] Level 1:colcon.colcon_core.package_identification:_identify(.) by extensions ['cmake', 'python']
[0.193s] Level 1:colcon.colcon_core.package_identification:_identify(.) by extension 'cmake'
[0.193s] Level 1:colcon.colcon_core.package_identification:_identify(.) by extension 'python'
[0.193s] Level 1:colcon.colcon_core.package_identification:_identify(.) by extensions ['python_setup_py']
[0.193s] Level 1:colcon.colcon_core.package_identification:_identify(.) by extension 'python_setup_py'
[0.193s] Level 1:colcon.colcon_core.package_identification:_identify(build) by extensions ['ignore', 'ignore_ament_install']
[0.193s] Level 1:colcon.colcon_core.package_identification:_identify(build) by extension 'ignore'
[0.193s] Level 1:colcon.colcon_core.package_identification:_identify(build) ignored
[0.193s] Level 1:colcon.colcon_core.package_identification:_identify(install) by extensions ['ignore', 'ignore_ament_install']
[0.193s] Level 1:colcon.colcon_core.package_identification:_identify(install) by extension 'ignore'
[0.193s] Level 1:colcon.colcon_core.package_identification:_identify(install) ignored
[0.193s] Level 1:colcon.colcon_core.package_identification:_identify(log) by extensions ['ignore', 'ignore_ament_install']
[0.194s] Level 1:colcon.colcon_core.package_identification:_identify(log) by extension 'ignore'
[0.194s] Level 1:colcon.colcon_core.package_identification:_identify(log) ignored
[0.194s] Level 1:colcon.colcon_core.package_identification:_identify(proy_fireye) by extensions ['ignore', 'ignore_ament_install']
[0.194s] Level 1:colcon.colcon_core.package_identification:_identify(proy_fireye) by extension 'ignore'
[0.194s] Level 1:colcon.colcon_core.package_identification:_identify(proy_fireye) by extension 'ignore_ament_install'
[0.194s] Level 1:colcon.colcon_core.package_identification:_identify(proy_fireye) by extensions ['colcon_pkg']
[0.194s] Level 1:colcon.colcon_core.package_identification:_identify(proy_fireye) by extension 'colcon_pkg'
[0.194s] Level 1:colcon.colcon_core.package_identification:_identify(proy_fireye) by extensions ['colcon_meta']
[0.194s] Level 1:colcon.colcon_core.package_identification:_identify(proy_fireye) by extension 'colcon_meta'
[0.194s] Level 1:colcon.colcon_core.package_identification:_identify(proy_fireye) by extensions ['ros']
[0.194s] Level 1:colcon.colcon_core.package_identification:_identify(proy_fireye) by extension 'ros'
[0.197s] DEBUG:colcon.colcon_core.package_identification:Package 'proy_fireye' with type 'ros.ament_cmake' and name 'proy_fireye'
[0.197s] Level 1:colcon.colcon_core.package_identification:_identify(proy_fireye_mundo) by extensions ['ignore', 'ignore_ament_install']
[0.197s] Level 1:colcon.colcon_core.package_identification:_identify(proy_fireye_mundo) by extension 'ignore'
[0.197s] Level 1:colcon.colcon_core.package_identification:_identify(proy_fireye_mundo) by extension 'ignore_ament_install'
[0.198s] Level 1:colcon.colcon_core.package_identification:_identify(proy_fireye_mundo) by extensions ['colcon_pkg']
[0.198s] Level 1:colcon.colcon_core.package_identification:_identify(proy_fireye_mundo) by extension 'colcon_pkg'
[0.198s] Level 1:colcon.colcon_core.package_identification:_identify(proy_fireye_mundo) by extensions ['colcon_meta']
[0.198s] Level 1:colcon.colcon_core.package_identification:_identify(proy_fireye_mundo) by extension 'colcon_meta'
[0.198s] Level 1:colcon.colcon_core.package_identification:_identify(proy_fireye_mundo) by extensions ['ros']
[0.198s] Level 1:colcon.colcon_core.package_identification:_identify(proy_fireye_mundo) by extension 'ros'
[0.199s] DEBUG:colcon.colcon_core.package_identification:Package 'proy_fireye_mundo' with type 'ros.ament_cmake' and name 'proy_fireye_mundo'
[0.199s] Level 1:colcon.colcon_core.package_discovery:discover_packages(recursive) using defaults
[0.199s] Level 1:colcon.colcon_core.package_discovery:discover_packages(ignore) discover
[0.199s] Level 1:colcon.colcon_core.package_discovery:discover_packages(ignore) using defaults
[0.199s] Level 1:colcon.colcon_core.package_discovery:discover_packages(path) discover
[0.199s] Level 1:colcon.colcon_core.package_discovery:discover_packages(path) using defaults
[0.221s] Level 5:colcon.colcon_core.verb:set package 'proy_fireye_mundo' build argument 'cmake_args' from command line to 'None'
[0.221s] Level 5:colcon.colcon_core.verb:set package 'proy_fireye_mundo' build argument 'cmake_target' from command line to 'None'
[0.221s] Level 5:colcon.colcon_core.verb:set package 'proy_fireye_mundo' build argument 'cmake_target_skip_unavailable' from command line to 'False'
[0.221s] Level 5:colcon.colcon_core.verb:set package 'proy_fireye_mundo' build argument 'cmake_clean_cache' from command line to 'False'
[0.221s] Level 5:colcon.colcon_core.verb:set package 'proy_fireye_mundo' build argument 'cmake_clean_first' from command line to 'False'
[0.221s] Level 5:colcon.colcon_core.verb:set package 'proy_fireye_mundo' build argument 'cmake_force_configure' from command line to 'False'
[0.221s] Level 5:colcon.colcon_core.verb:set package 'proy_fireye_mundo' build argument 'ament_cmake_args' from command line to 'None'
[0.221s] Level 5:colcon.colcon_core.verb:set package 'proy_fireye_mundo' build argument 'catkin_cmake_args' from command line to 'None'
[0.221s] Level 5:colcon.colcon_core.verb:set package 'proy_fireye_mundo' build argument 'catkin_skip_building_tests' from command line to 'False'
[0.221s] DEBUG:colcon.colcon_core.verb:Building package 'proy_fireye_mundo' with the following arguments: {'ament_cmake_args': None, 'build_base': '/home/grey/Documentos/GitHub/proy_fireye_ros2/build/proy_fireye_mundo', 'catkin_cmake_args': None, 'catkin_skip_building_tests': False, 'cmake_args': None, 'cmake_clean_cache': False, 'cmake_clean_first': False, 'cmake_force_configure': False, 'cmake_target': None, 'cmake_target_skip_unavailable': False, 'install_base': '/home/grey/Documentos/GitHub/proy_fireye_ros2/install/proy_fireye_mundo', 'merge_install': False, 'path': '/home/grey/Documentos/GitHub/proy_fireye_ros2/proy_fireye_mundo', 'symlink_install': False, 'test_result_base': None}
[0.222s] Level 5:colcon.colcon_core.verb:set package 'proy_fireye' build argument 'cmake_args' from command line to 'None'
[0.222s] Level 5:colcon.colcon_core.verb:set package 'proy_fireye' build argument 'cmake_target' from command line to 'None'
[0.222s] Level 5:colcon.colcon_core.verb:set package 'proy_fireye' build argument 'cmake_target_skip_unavailable' from command line to 'False'
[0.222s] Level 5:colcon.colcon_core.verb:set package 'proy_fireye' build argument 'cmake_clean_cache' from command line to 'False'
[0.222s] Level 5:colcon.colcon_core.verb:set package 'proy_fireye' build argument 'cmake_clean_first' from command line to 'False'
[0.222s] Level 5:colcon.colcon_core.verb:set package 'proy_fireye' build argument 'cmake_force_configure' from command line to 'False'
[0.222s] Level 5:colcon.colcon_core.verb:set package 'proy_fireye' build argument 'ament_cmake_args' from command line to 'None'
[0.222s] Level 5:colcon.colcon_core.verb:set package 'proy_fireye' build argument 'catkin_cmake_args' from command line to 'None'
[0.222s] Level 5:colcon.colcon_core.verb:set package 'proy_fireye' build argument 'catkin_skip_building_tests' from command line to 'False'
[0.222s] DEBUG:colcon.colcon_core.verb:Building package 'proy_fireye' with the following arguments: {'ament_cmake_args': None, 'build_base': '/home/grey/Documentos/GitHub/proy_fireye_ros2/build/proy_fireye', 'catkin_cmake_args': None, 'catkin_skip_building_tests': False, 'cmake_args': None, 'cmake_clean_cache': False, 'cmake_clean_first': False, 'cmake_force_configure': False, 'cmake_target': None, 'cmake_target_skip_unavailable': False, 'install_base': '/home/grey/Documentos/GitHub/proy_fireye_ros2/install/proy_fireye', 'merge_install': False, 'path': '/home/grey/Documentos/GitHub/proy_fireye_ros2/proy_fireye', 'symlink_install': False, 'test_result_base': None}
[0.222s] INFO:colcon.colcon_core.executor:Executing jobs using 'parallel' executor
[0.223s] DEBUG:colcon.colcon_parallel_executor.executor.parallel:run_until_complete
[0.223s] INFO:colcon.colcon_ros.task.ament_cmake.build:Building ROS package in '/home/grey/Documentos/GitHub/proy_fireye_ros2/proy_fireye_mundo' with build type 'ament_cmake'
[0.224s] INFO:colcon.colcon_cmake.task.cmake.build:Building CMake package in '/home/grey/Documentos/GitHub/proy_fireye_ros2/proy_fireye_mundo'
[0.225s] INFO:colcon.colcon_core.plugin_system:Skipping extension 'colcon_core.shell.bat': Not used on non-Windows systems
[0.226s] DEBUG:colcon.colcon_core.shell:Skip shell extension 'dsv' for command environment
[0.243s] DEBUG:colcon.colcon_core.event_handler.log_command:Invoking command in '/home/grey/Documentos/GitHub/proy_fireye_ros2/build/proy_fireye_mundo': CMAKE_PREFIX_PATH=${CMAKE_PREFIX_PATH}:/home/grey/turtlebot3_ws/install/show_msg:/home/grey/turtlebot3_ws/install/my_nav2_system:/home/grey/turtlebot3_ws/install/my_first_subscriber:/home/grey/turtlebot3_ws/install/my_first_service:/home/grey/turtlebot3_ws/install/my_first_publisher:/home/grey/turtlebot3_ws/install/my_first_node:/home/grey/turtlebot3_ws/install/my_first_action:/opt/ros/jazzy DEBUGINFOD_URLS=https://debuginfod.ubuntu.com /usr/bin/cmake --build /home/grey/Documentos/GitHub/proy_fireye_ros2/build/proy_fireye_mundo -- -j22 -l22
[0.350s] DEBUG:colcon.colcon_core.event_handler.log_command:Invoked command in '/home/grey/Documentos/GitHub/proy_fireye_ros2/build/proy_fireye_mundo' returned '0': CMAKE_PREFIX_PATH=${CMAKE_PREFIX_PATH}:/home/grey/turtlebot3_ws/install/show_msg:/home/grey/turtlebot3_ws/install/my_nav2_system:/home/grey/turtlebot3_ws/install/my_first_subscriber:/home/grey/turtlebot3_ws/install/my_first_service:/home/grey/turtlebot3_ws/install/my_first_publisher:/home/grey/turtlebot3_ws/install/my_first_node:/home/grey/turtlebot3_ws/install/my_first_action:/opt/ros/jazzy DEBUGINFOD_URLS=https://debuginfod.ubuntu.com /usr/bin/cmake --build /home/grey/Documentos/GitHub/proy_fireye_ros2/build/proy_fireye_mundo -- -j22 -l22
[0.365s] DEBUG:colcon.colcon_core.event_handler.log_command:Invoking command in '/home/grey/Documentos/GitHub/proy_fireye_ros2/build/proy_fireye_mundo': CMAKE_PREFIX_PATH=${CMAKE_PREFIX_PATH}:/home/grey/turtlebot3_ws/install/show_msg:/home/grey/turtlebot3_ws/install/my_nav2_system:/home/grey/turtlebot3_ws/install/my_first_subscriber:/home/grey/turtlebot3_ws/install/my_first_service:/home/grey/turtlebot3_ws/install/my_first_publisher:/home/grey/turtlebot3_ws/install/my_first_node:/home/grey/turtlebot3_ws/install/my_first_action:/opt/ros/jazzy DEBUGINFOD_URLS=https://debuginfod.ubuntu.com /usr/bin/cmake --install /home/grey/Documentos/GitHub/proy_fireye_ros2/build/proy_fireye_mundo
[0.384s] Level 1:colcon.colcon_core.environment:create_environment_scripts_only(proy_fireye_mundo)
[0.393s] DEBUG:colcon.colcon_core.event_handler.log_command:Invoked command in '/home/grey/Documentos/GitHub/proy_fireye_ros2/build/proy_fireye_mundo' returned '0': CMAKE_PREFIX_PATH=${CMAKE_PREFIX_PATH}:/home/grey/turtlebot3_ws/install/show_msg:/home/grey/turtlebot3_ws/install/my_nav2_system:/home/grey/turtlebot3_ws/install/my_first_subscriber:/home/grey/turtlebot3_ws/install/my_first_service:/home/grey/turtlebot3_ws/install/my_first_publisher:/home/grey/turtlebot3_ws/install/my_first_node:/home/grey/turtlebot3_ws/install/my_first_action:/opt/ros/jazzy DEBUGINFOD_URLS=https://debuginfod.ubuntu.com /usr/bin/cmake --install /home/grey/Documentos/GitHub/proy_fireye_ros2/build/proy_fireye_mundo
[0.397s] Level 1:colcon.colcon_core.environment:checking '/home/grey/Documentos/GitHub/proy_fireye_ros2/install/proy_fireye_mundo' for CMake module files
[0.399s] Level 1:colcon.colcon_core.environment:checking '/home/grey/Documentos/GitHub/proy_fireye_ros2/install/proy_fireye_mundo' for CMake config files
[0.400s] Level 1:colcon.colcon_core.shell:create_environment_hook('proy_fireye_mundo', 'cmake_prefix_path')
[0.401s] INFO:colcon.colcon_core.shell:Creating environment descriptor '/home/grey/Documentos/GitHub/proy_fireye_ros2/install/proy_fireye_mundo/share/proy_fireye_mundo/hook/cmake_prefix_path.dsv'
[0.403s] INFO:colcon.colcon_core.shell:Creating environment hook '/home/grey/Documentos/GitHub/proy_fireye_ros2/install/proy_fireye_mundo/share/proy_fireye_mundo/hook/cmake_prefix_path.sh'
[0.406s] Level 1:colcon.colcon_core.environment:checking '/home/grey/Documentos/GitHub/proy_fireye_ros2/install/proy_fireye_mundo/lib'
[0.407s] Level 1:colcon.colcon_core.environment:checking '/home/grey/Documentos/GitHub/proy_fireye_ros2/install/proy_fireye_mundo/bin'
[0.407s] Level 1:colcon.colcon_core.environment:checking '/home/grey/Documentos/GitHub/proy_fireye_ros2/install/proy_fireye_mundo/lib/pkgconfig/proy_fireye_mundo.pc'
[0.413s] Level 1:colcon.colcon_core.environment:checking '/home/grey/Documentos/GitHub/proy_fireye_ros2/install/proy_fireye_mundo/lib/python3.12/site-packages'
[0.414s] Level 1:colcon.colcon_core.environment:checking '/home/grey/Documentos/GitHub/proy_fireye_ros2/install/proy_fireye_mundo/bin'
[0.415s] INFO:colcon.colcon_core.shell:Creating package descriptor '/home/grey/Documentos/GitHub/proy_fireye_ros2/install/proy_fireye_mundo/share/proy_fireye_mundo/package.dsv'
[0.417s] INFO:colcon.colcon_core.shell:Creating package script '/home/grey/Documentos/GitHub/proy_fireye_ros2/install/proy_fireye_mundo/share/proy_fireye_mundo/package.sh'
[0.419s] INFO:colcon.colcon_core.shell:Creating package script '/home/grey/Documentos/GitHub/proy_fireye_ros2/install/proy_fireye_mundo/share/proy_fireye_mundo/package.bash'
[0.421s] INFO:colcon.colcon_core.shell:Creating package script '/home/grey/Documentos/GitHub/proy_fireye_ros2/install/proy_fireye_mundo/share/proy_fireye_mundo/package.zsh'
[0.422s] Level 1:colcon.colcon_core.environment:create_file_with_runtime_dependencies(/home/grey/Documentos/GitHub/proy_fireye_ros2/install/proy_fireye_mundo/share/colcon-core/packages/proy_fireye_mundo)
[0.423s] Level 1:colcon.colcon_core.environment:create_environment_scripts_only(proy_fireye_mundo)
[0.423s] Level 1:colcon.colcon_core.environment:checking '/home/grey/Documentos/GitHub/proy_fireye_ros2/install/proy_fireye_mundo' for CMake module files
[0.424s] Level 1:colcon.colcon_core.environment:checking '/home/grey/Documentos/GitHub/proy_fireye_ros2/install/proy_fireye_mundo' for CMake config files
[0.424s] Level 1:colcon.colcon_core.shell:create_environment_hook('proy_fireye_mundo', 'cmake_prefix_path')
[0.424s] INFO:colcon.colcon_core.shell:Creating environment descriptor '/home/grey/Documentos/GitHub/proy_fireye_ros2/install/proy_fireye_mundo/share/proy_fireye_mundo/hook/cmake_prefix_path.dsv'
[0.425s] INFO:colcon.colcon_core.shell:Creating environment hook '/home/grey/Documentos/GitHub/proy_fireye_ros2/install/proy_fireye_mundo/share/proy_fireye_mundo/hook/cmake_prefix_path.sh'
[0.426s] Level 1:colcon.colcon_core.environment:checking '/home/grey/Documentos/GitHub/proy_fireye_ros2/install/proy_fireye_mundo/lib'
[0.426s] Level 1:colcon.colcon_core.environment:checking '/home/grey/Documentos/GitHub/proy_fireye_ros2/install/proy_fireye_mundo/bin'
[0.426s] Level 1:colcon.colcon_core.environment:checking '/home/grey/Documentos/GitHub/proy_fireye_ros2/install/proy_fireye_mundo/lib/pkgconfig/proy_fireye_mundo.pc'
[0.426s] Level 1:colcon.colcon_core.environment:checking '/home/grey/Documentos/GitHub/proy_fireye_ros2/install/proy_fireye_mundo/lib/python3.12/site-packages'
[0.427s] Level 1:colcon.colcon_core.environment:checking '/home/grey/Documentos/GitHub/proy_fireye_ros2/install/proy_fireye_mundo/bin'
[0.427s] INFO:colcon.colcon_core.shell:Creating package descriptor '/home/grey/Documentos/GitHub/proy_fireye_ros2/install/proy_fireye_mundo/share/proy_fireye_mundo/package.dsv'
[0.427s] INFO:colcon.colcon_core.shell:Creating package script '/home/grey/Documentos/GitHub/proy_fireye_ros2/install/proy_fireye_mundo/share/proy_fireye_mundo/package.sh'
[0.428s] INFO:colcon.colcon_core.shell:Creating package script '/home/grey/Documentos/GitHub/proy_fireye_ros2/install/proy_fireye_mundo/share/proy_fireye_mundo/package.bash'
[0.428s] INFO:colcon.colcon_core.shell:Creating package script '/home/grey/Documentos/GitHub/proy_fireye_ros2/install/proy_fireye_mundo/share/proy_fireye_mundo/package.zsh'
[0.429s] Level 1:colcon.colcon_core.environment:create_file_with_runtime_dependencies(/home/grey/Documentos/GitHub/proy_fireye_ros2/install/proy_fireye_mundo/share/colcon-core/packages/proy_fireye_mundo)
[0.429s] INFO:colcon.colcon_ros.task.ament_cmake.build:Building ROS package in '/home/grey/Documentos/GitHub/proy_fireye_ros2/proy_fireye' with build type 'ament_cmake'
[0.429s] INFO:colcon.colcon_cmake.task.cmake.build:Building CMake package in '/home/grey/Documentos/GitHub/proy_fireye_ros2/proy_fireye'
[0.430s] DEBUG:colcon.colcon_core.shell:Skip shell extension 'dsv' for command environment
[0.442s] DEBUG:colcon.colcon_core.event_handler.log_command:Invoking command in '/home/grey/Documentos/GitHub/proy_fireye_ros2/build/proy_fireye': CMAKE_PREFIX_PATH=/home/grey/Documentos/GitHub/proy_fireye_ros2/install/proy_fireye_mundo:/home/grey/Documentos/GitHub/proy_fireye_ros2/install/proy_fireye:/home/grey/turtlebot3_ws/install/turtlebot3_simulations:/home/grey/turtlebot3_ws/install/turtlebot3_gazebo:/home/grey/turtlebot3_ws/install/turtlebot3_fake_node:/home/grey/turtlebot3_ws/install/my_world:/home/grey/turtlebot3_ws/install/custom_interface:/opt/ros/jazzy/opt/gz_sim_vendor:/opt/ros/jazzy/opt/gz_sensors_vendor:/opt/ros/jazzy/opt/gz_physics_vendor:/opt/ros/jazzy/opt/sdformat_vendor:/opt/ros/jazzy/opt/gz_gui_vendor:/opt/ros/jazzy/opt/gz_transport_vendor:/opt/ros/jazzy/opt/gz_rendering_vendor:/opt/ros/jazzy/opt/gz_plugin_vendor:/opt/ros/jazzy/opt/gz_fuel_tools_vendor:/opt/ros/jazzy/opt/gz_msgs_vendor:/opt/ros/jazzy/opt/gz_common_vendor:/opt/ros/jazzy/opt/gz_math_vendor:/opt/ros/jazzy/opt/gz_utils_vendor:/opt/ros/jazzy/opt/gz_tools_vendor:/opt/ros/jazzy/opt/gz_ogre_next_vendor:/opt/ros/jazzy/opt/gz_dartsim_vendor:/opt/ros/jazzy/opt/gz_cmake_vendor:/home/grey/turtlebot3_ws/install/show_msg:/home/grey/turtlebot3_ws/install/my_nav2_system:/home/grey/turtlebot3_ws/install/my_first_subscriber:/home/grey/turtlebot3_ws/install/my_first_service:/home/grey/turtlebot3_ws/install/my_first_publisher:/home/grey/turtlebot3_ws/install/my_first_node:/home/grey/turtlebot3_ws/install/my_first_action:/opt/ros/jazzy DEBUGINFOD_URLS=https://debuginfod.ubuntu.com /usr/bin/cmake --build /home/grey/Documentos/GitHub/proy_fireye_ros2/build/proy_fireye -- -j22 -l22
[0.493s] DEBUG:colcon.colcon_core.event_handler.log_command:Invoked command in '/home/grey/Documentos/GitHub/proy_fireye_ros2/build/proy_fireye' returned '0': CMAKE_PREFIX_PATH=/home/grey/Documentos/GitHub/proy_fireye_ros2/install/proy_fireye_mundo:/home/grey/Documentos/GitHub/proy_fireye_ros2/install/proy_fireye:/home/grey/turtlebot3_ws/install/turtlebot3_simulations:/home/grey/turtlebot3_ws/install/turtlebot3_gazebo:/home/grey/turtlebot3_ws/install/turtlebot3_fake_node:/home/grey/turtlebot3_ws/install/my_world:/home/grey/turtlebot3_ws/install/custom_interface:/opt/ros/jazzy/opt/gz_sim_vendor:/opt/ros/jazzy/opt/gz_sensors_vendor:/opt/ros/jazzy/opt/gz_physics_vendor:/opt/ros/jazzy/opt/sdformat_vendor:/opt/ros/jazzy/opt/gz_gui_vendor:/opt/ros/jazzy/opt/gz_transport_vendor:/opt/ros/jazzy/opt/gz_rendering_vendor:/opt/ros/jazzy/opt/gz_plugin_vendor:/opt/ros/jazzy/opt/gz_fuel_tools_vendor:/opt/ros/jazzy/opt/gz_msgs_vendor:/opt/ros/jazzy/opt/gz_common_vendor:/opt/ros/jazzy/opt/gz_math_vendor:/opt/ros/jazzy/opt/gz_utils_vendor:/opt/ros/jazzy/opt/gz_tools_vendor:/opt/ros/jazzy/opt/gz_ogre_next_vendor:/opt/ros/jazzy/opt/gz_dartsim_vendor:/opt/ros/jazzy/opt/gz_cmake_vendor:/home/grey/turtlebot3_ws/install/show_msg:/home/grey/turtlebot3_ws/install/my_nav2_system:/home/grey/turtlebot3_ws/install/my_first_subscriber:/home/grey/turtlebot3_ws/install/my_first_service:/home/grey/turtlebot3_ws/install/my_first_publisher:/home/grey/turtlebot3_ws/install/my_first_node:/home/grey/turtlebot3_ws/install/my_first_action:/opt/ros/jazzy DEBUGINFOD_URLS=https://debuginfod.ubuntu.com /usr/bin/cmake --build /home/grey/Documentos/GitHub/proy_fireye_ros2/build/proy_fireye -- -j22 -l22
[0.495s] DEBUG:colcon.colcon_core.event_handler.log_command:Invoking command in '/home/grey/Documentos/GitHub/proy_fireye_ros2/build/proy_fireye': CMAKE_PREFIX_PATH=/home/grey/Documentos/GitHub/proy_fireye_ros2/install/proy_fireye_mundo:/home/grey/Documentos/GitHub/proy_fireye_ros2/install/proy_fireye:/home/grey/turtlebot3_ws/install/turtlebot3_simulations:/home/grey/turtlebot3_ws/install/turtlebot3_gazebo:/home/grey/turtlebot3_ws/install/turtlebot3_fake_node:/home/grey/turtlebot3_ws/install/my_world:/home/grey/turtlebot3_ws/install/custom_interface:/opt/ros/jazzy/opt/gz_sim_vendor:/opt/ros/jazzy/opt/gz_sensors_vendor:/opt/ros/jazzy/opt/gz_physics_vendor:/opt/ros/jazzy/opt/sdformat_vendor:/opt/ros/jazzy/opt/gz_gui_vendor:/opt/ros/jazzy/opt/gz_transport_vendor:/opt/ros/jazzy/opt/gz_rendering_vendor:/opt/ros/jazzy/opt/gz_plugin_vendor:/opt/ros/jazzy/opt/gz_fuel_tools_vendor:/opt/ros/jazzy/opt/gz_msgs_vendor:/opt/ros/jazzy/opt/gz_common_vendor:/opt/ros/jazzy/opt/gz_math_vendor:/opt/ros/jazzy/opt/gz_utils_vendor:/opt/ros/jazzy/opt/gz_tools_vendor:/opt/ros/jazzy/opt/gz_ogre_next_vendor:/opt/ros/jazzy/opt/gz_dartsim_vendor:/opt/ros/jazzy/opt/gz_cmake_vendor:/home/grey/turtlebot3_ws/install/show_msg:/home/grey/turtlebot3_ws/install/my_nav2_system:/home/grey/turtlebot3_ws/install/my_first_subscriber:/home/grey/turtlebot3_ws/install/my_first_service:/home/grey/turtlebot3_ws/install/my_first_publisher:/home/grey/turtlebot3_ws/install/my_first_node:/home/grey/turtlebot3_ws/install/my_first_action:/opt/ros/jazzy DEBUGINFOD_URLS=https://debuginfod.ubuntu.com /usr/bin/cmake --install /home/grey/Documentos/GitHub/proy_fireye_ros2/build/proy_fireye
[0.512s] Level 1:colcon.colcon_core.environment:create_environment_scripts_only(proy_fireye)
[0.512s] Level 1:colcon.colcon_core.environment:checking '/home/grey/Documentos/GitHub/proy_fireye_ros2/install/proy_fireye' for CMake module files
[0.513s] DEBUG:colcon.colcon_core.event_handler.log_command:Invoked command in '/home/grey/Documentos/GitHub/proy_fireye_ros2/build/proy_fireye' returned '0': CMAKE_PREFIX_PATH=/home/grey/Documentos/GitHub/proy_fireye_ros2/install/proy_fireye_mundo:/home/grey/Documentos/GitHub/proy_fireye_ros2/install/proy_fireye:/home/grey/turtlebot3_ws/install/turtlebot3_simulations:/home/grey/turtlebot3_ws/install/turtlebot3_gazebo:/home/grey/turtlebot3_ws/install/turtlebot3_fake_node:/home/grey/turtlebot3_ws/install/my_world:/home/grey/turtlebot3_ws/install/custom_interface:/opt/ros/jazzy/opt/gz_sim_vendor:/opt/ros/jazzy/opt/gz_sensors_vendor:/opt/ros/jazzy/opt/gz_physics_vendor:/opt/ros/jazzy/opt/sdformat_vendor:/opt/ros/jazzy/opt/gz_gui_vendor:/opt/ros/jazzy/opt/gz_transport_vendor:/opt/ros/jazzy/opt/gz_rendering_vendor:/opt/ros/jazzy/opt/gz_plugin_vendor:/opt/ros/jazzy/opt/gz_fuel_tools_vendor:/opt/ros/jazzy/opt/gz_msgs_vendor:/opt/ros/jazzy/opt/gz_common_vendor:/opt/ros/jazzy/opt/gz_math_vendor:/opt/ros/jazzy/opt/gz_utils_vendor:/opt/ros/jazzy/opt/gz_tools_vendor:/opt/ros/jazzy/opt/gz_ogre_next_vendor:/opt/ros/jazzy/opt/gz_dartsim_vendor:/opt/ros/jazzy/opt/gz_cmake_vendor:/home/grey/turtlebot3_ws/install/show_msg:/home/grey/turtlebot3_ws/install/my_nav2_system:/home/grey/turtlebot3_ws/install/my_first_subscriber:/home/grey/turtlebot3_ws/install/my_first_service:/home/grey/turtlebot3_ws/install/my_first_publisher:/home/grey/turtlebot3_ws/install/my_first_node:/home/grey/turtlebot3_ws/install/my_first_action:/opt/ros/jazzy DEBUGINFOD_URLS=https://debuginfod.ubuntu.com /usr/bin/cmake --install /home/grey/Documentos/GitHub/proy_fireye_ros2/build/proy_fireye
[0.513s] Level 1:colcon.colcon_core.environment:checking '/home/grey/Documentos/GitHub/proy_fireye_ros2/install/proy_fireye' for CMake config files
[0.514s] Level 1:colcon.colcon_core.shell:create_environment_hook('proy_fireye', 'cmake_prefix_path')
[0.514s] INFO:colcon.colcon_core.shell:Creating environment descriptor '/home/grey/Documentos/GitHub/proy_fireye_ros2/install/proy_fireye/share/proy_fireye/hook/cmake_prefix_path.dsv'
[0.515s] INFO:colcon.colcon_core.shell:Creating environment hook '/home/grey/Documentos/GitHub/proy_fireye_ros2/install/proy_fireye/share/proy_fireye/hook/cmake_prefix_path.sh'
[0.516s] Level 1:colcon.colcon_core.environment:checking '/home/grey/Documentos/GitHub/proy_fireye_ros2/install/proy_fireye/bin'
[0.516s] Level 1:colcon.colcon_core.environment:checking '/home/grey/Documentos/GitHub/proy_fireye_ros2/install/proy_fireye/lib/pkgconfig/proy_fireye.pc'
[0.516s] Level 1:colcon.colcon_core.environment:checking '/home/grey/Documentos/GitHub/proy_fireye_ros2/install/proy_fireye/lib/python3.12/site-packages'
[0.517s] Level 1:colcon.colcon_core.environment:checking '/home/grey/Documentos/GitHub/proy_fireye_ros2/install/proy_fireye/bin'
[0.517s] INFO:colcon.colcon_core.shell:Creating package descriptor '/home/grey/Documentos/GitHub/proy_fireye_ros2/install/proy_fireye/share/proy_fireye/package.dsv'
[0.518s] INFO:colcon.colcon_core.shell:Creating package script '/home/grey/Documentos/GitHub/proy_fireye_ros2/install/proy_fireye/share/proy_fireye/package.sh'
[0.518s] INFO:colcon.colcon_core.shell:Creating package script '/home/grey/Documentos/GitHub/proy_fireye_ros2/install/proy_fireye/share/proy_fireye/package.bash'
[0.519s] INFO:colcon.colcon_core.shell:Creating package script '/home/grey/Documentos/GitHub/proy_fireye_ros2/install/proy_fireye/share/proy_fireye/package.zsh'
[0.519s] Level 1:colcon.colcon_core.environment:create_file_with_runtime_dependencies(/home/grey/Documentos/GitHub/proy_fireye_ros2/install/proy_fireye/share/colcon-core/packages/proy_fireye)
[0.520s] Level 1:colcon.colcon_core.environment:create_environment_scripts_only(proy_fireye)
[0.520s] Level 1:colcon.colcon_core.environment:checking '/home/grey/Documentos/GitHub/proy_fireye_ros2/install/proy_fireye' for CMake module files
[0.521s] Level 1:colcon.colcon_core.environment:checking '/home/grey/Documentos/GitHub/proy_fireye_ros2/install/proy_fireye' for CMake config files
[0.521s] Level 1:colcon.colcon_core.shell:create_environment_hook('proy_fireye', 'cmake_prefix_path')
[0.521s] INFO:colcon.colcon_core.shell:Creating environment descriptor '/home/grey/Documentos/GitHub/proy_fireye_ros2/install/proy_fireye/share/proy_fireye/hook/cmake_prefix_path.dsv'
[0.522s] INFO:colcon.colcon_core.shell:Creating environment hook '/home/grey/Documentos/GitHub/proy_fireye_ros2/install/proy_fireye/share/proy_fireye/hook/cmake_prefix_path.sh'
[0.522s] Level 1:colcon.colcon_core.environment:checking '/home/grey/Documentos/GitHub/proy_fireye_ros2/install/proy_fireye/bin'
[0.522s] Level 1:colcon.colcon_core.environment:checking '/home/grey/Documentos/GitHub/proy_fireye_ros2/install/proy_fireye/lib/pkgconfig/proy_fireye.pc'
[0.523s] Level 1:colcon.colcon_core.environment:checking '/home/grey/Documentos/GitHub/proy_fireye_ros2/install/proy_fireye/lib/python3.12/site-packages'
[0.523s] Level 1:colcon.colcon_core.environment:checking '/home/grey/Documentos/GitHub/proy_fireye_ros2/install/proy_fireye/bin'
[0.523s] INFO:colcon.colcon_core.shell:Creating package descriptor '/home/grey/Documentos/GitHub/proy_fireye_ros2/install/proy_fireye/share/proy_fireye/package.dsv'
[0.524s] INFO:colcon.colcon_core.shell:Creating package script '/home/grey/Documentos/GitHub/proy_fireye_ros2/install/proy_fireye/share/proy_fireye/package.sh'
[0.524s] INFO:colcon.colcon_core.shell:Creating package script '/home/grey/Documentos/GitHub/proy_fireye_ros2/install/proy_fireye/share/proy_fireye/package.bash'
[0.525s] INFO:colcon.colcon_core.shell:Creating package script '/home/grey/Documentos/GitHub/proy_fireye_ros2/install/proy_fireye/share/proy_fireye/package.zsh'
[0.525s] Level 1:colcon.colcon_core.environment:create_file_with_runtime_dependencies(/home/grey/Documentos/GitHub/proy_fireye_ros2/install/proy_fireye/share/colcon-core/packages/proy_fireye)
[0.526s] DEBUG:colcon.colcon_parallel_executor.executor.parallel:closing loop
[0.526s] DEBUG:colcon.colcon_parallel_executor.executor.parallel:loop closed
[0.526s] DEBUG:colcon.colcon_parallel_executor.executor.parallel:run_until_complete finished with '0'
[0.526s] DEBUG:colcon.colcon_core.event_reactor:joining thread
[0.536s] INFO:colcon.colcon_core.plugin_system:Skipping extension 'colcon_notification.desktop_notification.terminal_notifier': Not used on non-Darwin systems
[0.536s] INFO:colcon.colcon_core.plugin_system:Skipping extension 'colcon_notification.desktop_notification.win32': Not used on non-Windows systems
[0.536s] INFO:colcon.colcon_notification.desktop_notification:Sending desktop notification using 'notify2'
[0.557s] DEBUG:colcon.colcon_core.event_reactor:joined thread
[0.558s] INFO:colcon.colcon_core.shell:Creating prefix script '/home/grey/Documentos/GitHub/proy_fireye_ros2/install/local_setup.sh'
[0.559s] INFO:colcon.colcon_core.shell:Creating prefix util module '/home/grey/Documentos/GitHub/proy_fireye_ros2/install/_local_setup_util_sh.py'
[0.560s] INFO:colcon.colcon_core.shell:Creating prefix chain script '/home/grey/Documentos/GitHub/proy_fireye_ros2/install/setup.sh'
[0.562s] INFO:colcon.colcon_core.shell:Creating prefix script '/home/grey/Documentos/GitHub/proy_fireye_ros2/install/local_setup.bash'
[0.562s] INFO:colcon.colcon_core.shell:Creating prefix chain script '/home/grey/Documentos/GitHub/proy_fireye_ros2/install/setup.bash'
[0.564s] INFO:colcon.colcon_core.shell:Creating prefix script '/home/grey/Documentos/GitHub/proy_fireye_ros2/install/local_setup.zsh'
[0.564s] INFO:colcon.colcon_core.shell:Creating prefix chain script '/home/grey/Documentos/GitHub/proy_fireye_ros2/install/setup.zsh'
