[0.106s] DEBUG:colcon:Command line arguments: ['/usr/bin/colcon', 'build', '--packages-select', 'proy_fireye_mundo', 'proy_fireye']
[0.106s] DEBUG:colcon:Parsed command line arguments: Namespace(log_base=None, log_level=None, verb_name='build', build_base='build', install_base='install', merge_install=False, symlink_install=False, test_result_base=None, continue_on_error=False, executor='parallel', parallel_workers=22, event_handlers=None, ignore_user_meta=False, metas=['./colcon.meta'], base_paths=['.'], packages_ignore=None, packages_ignore_regex=None, paths=None, packages_up_to=None, packages_up_to_regex=None, packages_above=None, packages_above_and_dependencies=None, packages_above_depth=None, packages_select_by_dep=None, packages_skip_by_dep=None, packages_skip_up_to=None, packages_select_build_failed=False, packages_skip_build_finished=False, packages_select_test_failures=False, packages_skip_test_passed=False, packages_select=['proy_fireye_mundo', 'proy_fireye'], packages_skip=None, packages_select_regex=None, packages_skip_regex=None, packages_start=None, packages_end=None, cmake_args=None, cmake_target=None, cmake_target_skip_unavailable=False, cmake_clean_cache=False, cmake_clean_first=False, cmake_force_configure=False, ament_cmake_args=None, catkin_cmake_args=None, catkin_skip_building_tests=False, verb_parser=<colcon_defaults.argument_parser.defaults.DefaultArgumentsDecorator object at 0x7ab03f319e50>, verb_extension=<colcon_core.verb.build.BuildVerb object at 0x7ab03f4a3a40>, main=<bound method BuildVerb.main of <colcon_core.verb.build.BuildVerb object at 0x7ab03f4a3a40>>)
[0.145s] Level 1:colcon.colcon_core.package_discovery:discover_packages(colcon_meta) check parameters
[0.145s] Level 1:colcon.colcon_core.package_discovery:discover_packages(recursive) check parameters
[0.145s] Level 1:colcon.colcon_core.package_discovery:discover_packages(ignore) check parameters
[0.145s] Level 1:colcon.colcon_core.package_discovery:discover_packages(path) check parameters
[0.145s] Level 1:colcon.colcon_core.package_discovery:discover_packages(colcon_meta) discover
[0.145s] Level 1:colcon.colcon_core.package_discovery:discover_packages(recursive) discover
[0.145s] INFO:colcon.colcon_core.package_discovery:Crawling recursively for packages in '/home/grey/Documentos/GitHub/proy_fireye_ros2'
[0.145s] Level 1:colcon.colcon_core.package_identification:_identify(.) by extensions ['ignore', 'ignore_ament_install']
[0.145s] Level 1:colcon.colcon_core.package_identification:_identify(.) by extension 'ignore'
[0.145s] Level 1:colcon.colcon_core.package_identification:_identify(.) by extension 'ignore_ament_install'
[0.146s] Level 1:colcon.colcon_core.package_identification:_identify(.) by extensions ['colcon_pkg']
[0.146s] Level 1:colcon.colcon_core.package_identification:_identify(.) by extension 'colcon_pkg'
[0.146s] Level 1:colcon.colcon_core.package_identification:_identify(.) by extensions ['colcon_meta']
[0.146s] Level 1:colcon.colcon_core.package_identification:_identify(.) by extension 'colcon_meta'
[0.146s] Level 1:colcon.colcon_core.package_identification:_identify(.) by extensions ['ros']
[0.146s] Level 1:colcon.colcon_core.package_identification:_identify(.) by extension 'ros'
[0.173s] Level 1:colcon.colcon_core.package_identification:_identify(.) by extensions ['cmake', 'python']
[0.173s] Level 1:colcon.colcon_core.package_identification:_identify(.) by extension 'cmake'
[0.173s] Level 1:colcon.colcon_core.package_identification:_identify(.) by extension 'python'
[0.173s] Level 1:colcon.colcon_core.package_identification:_identify(.) by extensions ['python_setup_py']
[0.173s] Level 1:colcon.colcon_core.package_identification:_identify(.) by extension 'python_setup_py'
[0.173s] Level 1:colcon.colcon_core.package_identification:_identify(build) by extensions ['ignore', 'ignore_ament_install']
[0.174s] Level 1:colcon.colcon_core.package_identification:_identify(build) by extension 'ignore'
[0.174s] Level 1:colcon.colcon_core.package_identification:_identify(build) ignored
[0.174s] Level 1:colcon.colcon_core.package_identification:_identify(install) by extensions ['ignore', 'ignore_ament_install']
[0.174s] Level 1:colcon.colcon_core.package_identification:_identify(install) by extension 'ignore'
[0.174s] Level 1:colcon.colcon_core.package_identification:_identify(install) ignored
[0.174s] Level 1:colcon.colcon_core.package_identification:_identify(log) by extensions ['ignore', 'ignore_ament_install']
[0.174s] Level 1:colcon.colcon_core.package_identification:_identify(log) by extension 'ignore'
[0.174s] Level 1:colcon.colcon_core.package_identification:_identify(log) ignored
[0.174s] Level 1:colcon.colcon_core.package_identification:_identify(proy_fireye) by extensions ['ignore', 'ignore_ament_install']
[0.174s] Level 1:colcon.colcon_core.package_identification:_identify(proy_fireye) by extension 'ignore'
[0.174s] Level 1:colcon.colcon_core.package_identification:_identify(proy_fireye) by extension 'ignore_ament_install'
[0.174s] Level 1:colcon.colcon_core.package_identification:_identify(proy_fireye) by extensions ['colcon_pkg']
[0.174s] Level 1:colcon.colcon_core.package_identification:_identify(proy_fireye) by extension 'colcon_pkg'
[0.174s] Level 1:colcon.colcon_core.package_identification:_identify(proy_fireye) by extensions ['colcon_meta']
[0.174s] Level 1:colcon.colcon_core.package_identification:_identify(proy_fireye) by extension 'colcon_meta'
[0.174s] Level 1:colcon.colcon_core.package_identification:_identify(proy_fireye) by extensions ['ros']
[0.174s] Level 1:colcon.colcon_core.package_identification:_identify(proy_fireye) by extension 'ros'
[0.177s] DEBUG:colcon.colcon_core.package_identification:Package 'proy_fireye' with type 'ros.ament_cmake' and name 'proy_fireye'
[0.177s] Level 1:colcon.colcon_core.package_identification:_identify(proy_fireye_mundo) by extensions ['ignore', 'ignore_ament_install']
[0.177s] Level 1:colcon.colcon_core.package_identification:_identify(proy_fireye_mundo) by extension 'ignore'
[0.177s] Level 1:colcon.colcon_core.package_identification:_identify(proy_fireye_mundo) by extension 'ignore_ament_install'
[0.177s] Level 1:colcon.colcon_core.package_identification:_identify(proy_fireye_mundo) by extensions ['colcon_pkg']
[0.177s] Level 1:colcon.colcon_core.package_identification:_identify(proy_fireye_mundo) by extension 'colcon_pkg'
[0.177s] Level 1:colcon.colcon_core.package_identification:_identify(proy_fireye_mundo) by extensions ['colcon_meta']
[0.177s] Level 1:colcon.colcon_core.package_identification:_identify(proy_fireye_mundo) by extension 'colcon_meta'
[0.177s] Level 1:colcon.colcon_core.package_identification:_identify(proy_fireye_mundo) by extensions ['ros']
[0.177s] Level 1:colcon.colcon_core.package_identification:_identify(proy_fireye_mundo) by extension 'ros'
[0.178s] DEBUG:colcon.colcon_core.package_identification:Package 'proy_fireye_mundo' with type 'ros.ament_cmake' and name 'proy_fireye_mundo'
[0.178s] Level 1:colcon.colcon_core.package_discovery:discover_packages(recursive) using defaults
[0.178s] Level 1:colcon.colcon_core.package_discovery:discover_packages(ignore) discover
[0.178s] Level 1:colcon.colcon_core.package_discovery:discover_packages(ignore) using defaults
[0.178s] Level 1:colcon.colcon_core.package_discovery:discover_packages(path) discover
[0.178s] Level 1:colcon.colcon_core.package_discovery:discover_packages(path) using defaults
[0.197s] Level 5:colcon.colcon_core.verb:set package 'proy_fireye_mundo' build argument 'cmake_args' from command line to 'None'
[0.197s] Level 5:colcon.colcon_core.verb:set package 'proy_fireye_mundo' build argument 'cmake_target' from command line to 'None'
[0.197s] Level 5:colcon.colcon_core.verb:set package 'proy_fireye_mundo' build argument 'cmake_target_skip_unavailable' from command line to 'False'
[0.197s] Level 5:colcon.colcon_core.verb:set package 'proy_fireye_mundo' build argument 'cmake_clean_cache' from command line to 'False'
[0.197s] Level 5:colcon.colcon_core.verb:set package 'proy_fireye_mundo' build argument 'cmake_clean_first' from command line to 'False'
[0.197s] Level 5:colcon.colcon_core.verb:set package 'proy_fireye_mundo' build argument 'cmake_force_configure' from command line to 'False'
[0.197s] Level 5:colcon.colcon_core.verb:set package 'proy_fireye_mundo' build argument 'ament_cmake_args' from command line to 'None'
[0.197s] Level 5:colcon.colcon_core.verb:set package 'proy_fireye_mundo' build argument 'catkin_cmake_args' from command line to 'None'
[0.197s] Level 5:colcon.colcon_core.verb:set package 'proy_fireye_mundo' build argument 'catkin_skip_building_tests' from command line to 'False'
[0.197s] DEBUG:colcon.colcon_core.verb:Building package 'proy_fireye_mundo' with the following arguments: {'ament_cmake_args': None, 'build_base': '/home/grey/Documentos/GitHub/proy_fireye_ros2/build/proy_fireye_mundo', 'catkin_cmake_args': None, 'catkin_skip_building_tests': False, 'cmake_args': None, 'cmake_clean_cache': False, 'cmake_clean_first': False, 'cmake_force_configure': False, 'cmake_target': None, 'cmake_target_skip_unavailable': False, 'install_base': '/home/grey/Documentos/GitHub/proy_fireye_ros2/install/proy_fireye_mundo', 'merge_install': False, 'path': '/home/grey/Documentos/GitHub/proy_fireye_ros2/proy_fireye_mundo', 'symlink_install': False, 'test_result_base': None}
[0.198s] Level 5:colcon.colcon_core.verb:set package 'proy_fireye' build argument 'cmake_args' from command line to 'None'
[0.198s] Level 5:colcon.colcon_core.verb:set package 'proy_fireye' build argument 'cmake_target' from command line to 'None'
[0.198s] Level 5:colcon.colcon_core.verb:set package 'proy_fireye' build argument 'cmake_target_skip_unavailable' from command line to 'False'
[0.198s] Level 5:colcon.colcon_core.verb:set package 'proy_fireye' build argument 'cmake_clean_cache' from command line to 'False'
[0.198s] Level 5:colcon.colcon_core.verb:set package 'proy_fireye' build argument 'cmake_clean_first' from command line to 'False'
[0.198s] Level 5:colcon.colcon_core.verb:set package 'proy_fireye' build argument 'cmake_force_configure' from command line to 'False'
[0.198s] Level 5:colcon.colcon_core.verb:set package 'proy_fireye' build argument 'ament_cmake_args' from command line to 'None'
[0.198s] Level 5:colcon.colcon_core.verb:set package 'proy_fireye' build argument 'catkin_cmake_args' from command line to 'None'
[0.198s] Level 5:colcon.colcon_core.verb:set package 'proy_fireye' build argument 'catkin_skip_building_tests' from command line to 'False'
[0.198s] DEBUG:colcon.colcon_core.verb:Building package 'proy_fireye' with the following arguments: {'ament_cmake_args': None, 'build_base': '/home/grey/Documentos/GitHub/proy_fireye_ros2/build/proy_fireye', 'catkin_cmake_args': None, 'catkin_skip_building_tests': False, 'cmake_args': None, 'cmake_clean_cache': False, 'cmake_clean_first': False, 'cmake_force_configure': False, 'cmake_target': None, 'cmake_target_skip_unavailable': False, 'install_base': '/home/grey/Documentos/GitHub/proy_fireye_ros2/install/proy_fireye', 'merge_install': False, 'path': '/home/grey/Documentos/GitHub/proy_fireye_ros2/proy_fireye', 'symlink_install': False, 'test_result_base': None}
[0.198s] INFO:colcon.colcon_core.executor:Executing jobs using 'parallel' executor
[0.199s] DEBUG:colcon.colcon_parallel_executor.executor.parallel:run_until_complete
[0.199s] INFO:colcon.colcon_ros.task.ament_cmake.build:Building ROS package in '/home/grey/Documentos/GitHub/proy_fireye_ros2/proy_fireye_mundo' with build type 'ament_cmake'
[0.200s] INFO:colcon.colcon_cmake.task.cmake.build:Building CMake package in '/home/grey/Documentos/GitHub/proy_fireye_ros2/proy_fireye_mundo'
[0.202s] INFO:colcon.colcon_core.plugin_system:Skipping extension 'colcon_core.shell.bat': Not used on non-Windows systems
[0.202s] DEBUG:colcon.colcon_core.shell:Skip shell extension 'dsv' for command environment
[0.215s] DEBUG:colcon.colcon_core.event_handler.log_command:Invoking command in '/home/grey/Documentos/GitHub/proy_fireye_ros2/build/proy_fireye_mundo': CMAKE_PREFIX_PATH=${CMAKE_PREFIX_PATH}:/home/grey/turtlebot3_ws/install/show_msg:/home/grey/turtlebot3_ws/install/my_nav2_system:/home/grey/turtlebot3_ws/install/my_first_subscriber:/home/grey/turtlebot3_ws/install/my_first_service:/home/grey/turtlebot3_ws/install/my_first_publisher:/home/grey/turtlebot3_ws/install/my_first_node:/home/grey/turtlebot3_ws/install/my_first_action:/opt/ros/jazzy DEBUGINFOD_URLS=https://debuginfod.ubuntu.com /usr/bin/cmake /home/grey/Documentos/GitHub/proy_fireye_ros2/proy_fireye_mundo -DCMAKE_INSTALL_PREFIX=/home/grey/Documentos/GitHub/proy_fireye_ros2/install/proy_fireye_mundo
[3.760s] DEBUG:colcon.colcon_core.event_handler.log_command:Invoked command in '/home/grey/Documentos/GitHub/proy_fireye_ros2/build/proy_fireye_mundo' returned '0': CMAKE_PREFIX_PATH=${CMAKE_PREFIX_PATH}:/home/grey/turtlebot3_ws/install/show_msg:/home/grey/turtlebot3_ws/install/my_nav2_system:/home/grey/turtlebot3_ws/install/my_first_subscriber:/home/grey/turtlebot3_ws/install/my_first_service:/home/grey/turtlebot3_ws/install/my_first_publisher:/home/grey/turtlebot3_ws/install/my_first_node:/home/grey/turtlebot3_ws/install/my_first_action:/opt/ros/jazzy DEBUGINFOD_URLS=https://debuginfod.ubuntu.com /usr/bin/cmake /home/grey/Documentos/GitHub/proy_fireye_ros2/proy_fireye_mundo -DCMAKE_INSTALL_PREFIX=/home/grey/Documentos/GitHub/proy_fireye_ros2/install/proy_fireye_mundo
[3.763s] DEBUG:colcon.colcon_core.event_handler.log_command:Invoking command in '/home/grey/Documentos/GitHub/proy_fireye_ros2/build/proy_fireye_mundo': CMAKE_PREFIX_PATH=${CMAKE_PREFIX_PATH}:/home/grey/turtlebot3_ws/install/show_msg:/home/grey/turtlebot3_ws/install/my_nav2_system:/home/grey/turtlebot3_ws/install/my_first_subscriber:/home/grey/turtlebot3_ws/install/my_first_service:/home/grey/turtlebot3_ws/install/my_first_publisher:/home/grey/turtlebot3_ws/install/my_first_node:/home/grey/turtlebot3_ws/install/my_first_action:/opt/ros/jazzy DEBUGINFOD_URLS=https://debuginfod.ubuntu.com /usr/bin/cmake --build /home/grey/Documentos/GitHub/proy_fireye_ros2/build/proy_fireye_mundo -- -j22 -l22
[12.876s] DEBUG:colcon.colcon_core.event_handler.log_command:Invoked command in '/home/grey/Documentos/GitHub/proy_fireye_ros2/build/proy_fireye_mundo' returned '0': CMAKE_PREFIX_PATH=${CMAKE_PREFIX_PATH}:/home/grey/turtlebot3_ws/install/show_msg:/home/grey/turtlebot3_ws/install/my_nav2_system:/home/grey/turtlebot3_ws/install/my_first_subscriber:/home/grey/turtlebot3_ws/install/my_first_service:/home/grey/turtlebot3_ws/install/my_first_publisher:/home/grey/turtlebot3_ws/install/my_first_node:/home/grey/turtlebot3_ws/install/my_first_action:/opt/ros/jazzy DEBUGINFOD_URLS=https://debuginfod.ubuntu.com /usr/bin/cmake --build /home/grey/Documentos/GitHub/proy_fireye_ros2/build/proy_fireye_mundo -- -j22 -l22
[12.892s] DEBUG:colcon.colcon_core.event_handler.log_command:Invoking command in '/home/grey/Documentos/GitHub/proy_fireye_ros2/build/proy_fireye_mundo': CMAKE_PREFIX_PATH=${CMAKE_PREFIX_PATH}:/home/grey/turtlebot3_ws/install/show_msg:/home/grey/turtlebot3_ws/install/my_nav2_system:/home/grey/turtlebot3_ws/install/my_first_subscriber:/home/grey/turtlebot3_ws/install/my_first_service:/home/grey/turtlebot3_ws/install/my_first_publisher:/home/grey/turtlebot3_ws/install/my_first_node:/home/grey/turtlebot3_ws/install/my_first_action:/opt/ros/jazzy DEBUGINFOD_URLS=https://debuginfod.ubuntu.com /usr/bin/cmake --install /home/grey/Documentos/GitHub/proy_fireye_ros2/build/proy_fireye_mundo
[12.948s] Level 1:colcon.colcon_core.environment:create_environment_scripts_only(proy_fireye_mundo)
[12.949s] DEBUG:colcon.colcon_core.event_handler.log_command:Invoked command in '/home/grey/Documentos/GitHub/proy_fireye_ros2/build/proy_fireye_mundo' returned '0': CMAKE_PREFIX_PATH=${CMAKE_PREFIX_PATH}:/home/grey/turtlebot3_ws/install/show_msg:/home/grey/turtlebot3_ws/install/my_nav2_system:/home/grey/turtlebot3_ws/install/my_first_subscriber:/home/grey/turtlebot3_ws/install/my_first_service:/home/grey/turtlebot3_ws/install/my_first_publisher:/home/grey/turtlebot3_ws/install/my_first_node:/home/grey/turtlebot3_ws/install/my_first_action:/opt/ros/jazzy DEBUGINFOD_URLS=https://debuginfod.ubuntu.com /usr/bin/cmake --install /home/grey/Documentos/GitHub/proy_fireye_ros2/build/proy_fireye_mundo
[12.951s] Level 1:colcon.colcon_core.environment:checking '/home/grey/Documentos/GitHub/proy_fireye_ros2/install/proy_fireye_mundo' for CMake module files
[12.952s] Level 1:colcon.colcon_core.environment:checking '/home/grey/Documentos/GitHub/proy_fireye_ros2/install/proy_fireye_mundo' for CMake config files
[12.952s] Level 1:colcon.colcon_core.shell:create_environment_hook('proy_fireye_mundo', 'cmake_prefix_path')
[12.952s] INFO:colcon.colcon_core.shell:Creating environment descriptor '/home/grey/Documentos/GitHub/proy_fireye_ros2/install/proy_fireye_mundo/share/proy_fireye_mundo/hook/cmake_prefix_path.dsv'
[12.953s] INFO:colcon.colcon_core.shell:Creating environment hook '/home/grey/Documentos/GitHub/proy_fireye_ros2/install/proy_fireye_mundo/share/proy_fireye_mundo/hook/cmake_prefix_path.sh'
[12.954s] Level 1:colcon.colcon_core.environment:checking '/home/grey/Documentos/GitHub/proy_fireye_ros2/install/proy_fireye_mundo/lib'
[12.954s] Level 1:colcon.colcon_core.environment:checking '/home/grey/Documentos/GitHub/proy_fireye_ros2/install/proy_fireye_mundo/bin'
[12.954s] Level 1:colcon.colcon_core.environment:checking '/home/grey/Documentos/GitHub/proy_fireye_ros2/install/proy_fireye_mundo/lib/pkgconfig/proy_fireye_mundo.pc'
[12.957s] Level 1:colcon.colcon_core.environment:checking '/home/grey/Documentos/GitHub/proy_fireye_ros2/install/proy_fireye_mundo/lib/python3.12/site-packages'
[12.957s] Level 1:colcon.colcon_core.environment:checking '/home/grey/Documentos/GitHub/proy_fireye_ros2/install/proy_fireye_mundo/bin'
[12.957s] INFO:colcon.colcon_core.shell:Creating package descriptor '/home/grey/Documentos/GitHub/proy_fireye_ros2/install/proy_fireye_mundo/share/proy_fireye_mundo/package.dsv'
[12.958s] INFO:colcon.colcon_core.shell:Creating package script '/home/grey/Documentos/GitHub/proy_fireye_ros2/install/proy_fireye_mundo/share/proy_fireye_mundo/package.sh'
[12.958s] INFO:colcon.colcon_core.shell:Creating package script '/home/grey/Documentos/GitHub/proy_fireye_ros2/install/proy_fireye_mundo/share/proy_fireye_mundo/package.bash'
[12.959s] INFO:colcon.colcon_core.shell:Creating package script '/home/grey/Documentos/GitHub/proy_fireye_ros2/install/proy_fireye_mundo/share/proy_fireye_mundo/package.zsh'
[12.959s] Level 1:colcon.colcon_core.environment:create_file_with_runtime_dependencies(/home/grey/Documentos/GitHub/proy_fireye_ros2/install/proy_fireye_mundo/share/colcon-core/packages/proy_fireye_mundo)
[12.960s] Level 1:colcon.colcon_core.environment:create_environment_scripts_only(proy_fireye_mundo)
[12.960s] Level 1:colcon.colcon_core.environment:checking '/home/grey/Documentos/GitHub/proy_fireye_ros2/install/proy_fireye_mundo' for CMake module files
[12.961s] Level 1:colcon.colcon_core.environment:checking '/home/grey/Documentos/GitHub/proy_fireye_ros2/install/proy_fireye_mundo' for CMake config files
[12.961s] Level 1:colcon.colcon_core.shell:create_environment_hook('proy_fireye_mundo', 'cmake_prefix_path')
[12.961s] INFO:colcon.colcon_core.shell:Creating environment descriptor '/home/grey/Documentos/GitHub/proy_fireye_ros2/install/proy_fireye_mundo/share/proy_fireye_mundo/hook/cmake_prefix_path.dsv'
[12.961s] INFO:colcon.colcon_core.shell:Creating environment hook '/home/grey/Documentos/GitHub/proy_fireye_ros2/install/proy_fireye_mundo/share/proy_fireye_mundo/hook/cmake_prefix_path.sh'
[12.962s] Level 1:colcon.colcon_core.environment:checking '/home/grey/Documentos/GitHub/proy_fireye_ros2/install/proy_fireye_mundo/lib'
[12.962s] Level 1:colcon.colcon_core.environment:checking '/home/grey/Documentos/GitHub/proy_fireye_ros2/install/proy_fireye_mundo/bin'
[12.962s] Level 1:colcon.colcon_core.environment:checking '/home/grey/Documentos/GitHub/proy_fireye_ros2/install/proy_fireye_mundo/lib/pkgconfig/proy_fireye_mundo.pc'
[12.962s] Level 1:colcon.colcon_core.environment:checking '/home/grey/Documentos/GitHub/proy_fireye_ros2/install/proy_fireye_mundo/lib/python3.12/site-packages'
[12.963s] Level 1:colcon.colcon_core.environment:checking '/home/grey/Documentos/GitHub/proy_fireye_ros2/install/proy_fireye_mundo/bin'
[12.963s] INFO:colcon.colcon_core.shell:Creating package descriptor '/home/grey/Documentos/GitHub/proy_fireye_ros2/install/proy_fireye_mundo/share/proy_fireye_mundo/package.dsv'
[12.964s] INFO:colcon.colcon_core.shell:Creating package script '/home/grey/Documentos/GitHub/proy_fireye_ros2/install/proy_fireye_mundo/share/proy_fireye_mundo/package.sh'
[12.964s] INFO:colcon.colcon_core.shell:Creating package script '/home/grey/Documentos/GitHub/proy_fireye_ros2/install/proy_fireye_mundo/share/proy_fireye_mundo/package.bash'
[12.964s] INFO:colcon.colcon_core.shell:Creating package script '/home/grey/Documentos/GitHub/proy_fireye_ros2/install/proy_fireye_mundo/share/proy_fireye_mundo/package.zsh'
[12.965s] Level 1:colcon.colcon_core.environment:create_file_with_runtime_dependencies(/home/grey/Documentos/GitHub/proy_fireye_ros2/install/proy_fireye_mundo/share/colcon-core/packages/proy_fireye_mundo)
[12.965s] INFO:colcon.colcon_ros.task.ament_cmake.build:Building ROS package in '/home/grey/Documentos/GitHub/proy_fireye_ros2/proy_fireye' with build type 'ament_cmake'
[12.965s] INFO:colcon.colcon_cmake.task.cmake.build:Building CMake package in '/home/grey/Documentos/GitHub/proy_fireye_ros2/proy_fireye'
[12.965s] DEBUG:colcon.colcon_core.shell:Skip shell extension 'dsv' for command environment
[12.976s] DEBUG:colcon.colcon_core.event_handler.log_command:Invoking command in '/home/grey/Documentos/GitHub/proy_fireye_ros2/build/proy_fireye': AMENT_PREFIX_PATH=/home/grey/Documentos/GitHub/proy_fireye_ros2/install/proy_fireye_mundo:${AMENT_PREFIX_PATH} CMAKE_PREFIX_PATH=/home/grey/Documentos/GitHub/proy_fireye_ros2/install/proy_fireye_mundo:/home/grey/turtlebot3_ws/install/turtlebot3_simulations:/home/grey/turtlebot3_ws/install/turtlebot3_gazebo:/home/grey/turtlebot3_ws/install/turtlebot3_fake_node:/home/grey/turtlebot3_ws/install/my_world:/home/grey/turtlebot3_ws/install/custom_interface:/opt/ros/jazzy/opt/gz_sim_vendor:/opt/ros/jazzy/opt/gz_sensors_vendor:/opt/ros/jazzy/opt/gz_physics_vendor:/opt/ros/jazzy/opt/sdformat_vendor:/opt/ros/jazzy/opt/gz_gui_vendor:/opt/ros/jazzy/opt/gz_transport_vendor:/opt/ros/jazzy/opt/gz_rendering_vendor:/opt/ros/jazzy/opt/gz_plugin_vendor:/opt/ros/jazzy/opt/gz_fuel_tools_vendor:/opt/ros/jazzy/opt/gz_msgs_vendor:/opt/ros/jazzy/opt/gz_common_vendor:/opt/ros/jazzy/opt/gz_math_vendor:/opt/ros/jazzy/opt/gz_utils_vendor:/opt/ros/jazzy/opt/gz_tools_vendor:/opt/ros/jazzy/opt/gz_ogre_next_vendor:/opt/ros/jazzy/opt/gz_dartsim_vendor:/opt/ros/jazzy/opt/gz_cmake_vendor:/home/grey/turtlebot3_ws/install/show_msg:/home/grey/turtlebot3_ws/install/my_nav2_system:/home/grey/turtlebot3_ws/install/my_first_subscriber:/home/grey/turtlebot3_ws/install/my_first_service:/home/grey/turtlebot3_ws/install/my_first_publisher:/home/grey/turtlebot3_ws/install/my_first_node:/home/grey/turtlebot3_ws/install/my_first_action:/opt/ros/jazzy DEBUGINFOD_URLS=https://debuginfod.ubuntu.com /usr/bin/cmake --build /home/grey/Documentos/GitHub/proy_fireye_ros2/build/proy_fireye -- -j22 -l22
[13.032s] DEBUG:colcon.colcon_core.event_handler.log_command:Invoked command in '/home/grey/Documentos/GitHub/proy_fireye_ros2/build/proy_fireye' returned '0': AMENT_PREFIX_PATH=/home/grey/Documentos/GitHub/proy_fireye_ros2/install/proy_fireye_mundo:${AMENT_PREFIX_PATH} CMAKE_PREFIX_PATH=/home/grey/Documentos/GitHub/proy_fireye_ros2/install/proy_fireye_mundo:/home/grey/turtlebot3_ws/install/turtlebot3_simulations:/home/grey/turtlebot3_ws/install/turtlebot3_gazebo:/home/grey/turtlebot3_ws/install/turtlebot3_fake_node:/home/grey/turtlebot3_ws/install/my_world:/home/grey/turtlebot3_ws/install/custom_interface:/opt/ros/jazzy/opt/gz_sim_vendor:/opt/ros/jazzy/opt/gz_sensors_vendor:/opt/ros/jazzy/opt/gz_physics_vendor:/opt/ros/jazzy/opt/sdformat_vendor:/opt/ros/jazzy/opt/gz_gui_vendor:/opt/ros/jazzy/opt/gz_transport_vendor:/opt/ros/jazzy/opt/gz_rendering_vendor:/opt/ros/jazzy/opt/gz_plugin_vendor:/opt/ros/jazzy/opt/gz_fuel_tools_vendor:/opt/ros/jazzy/opt/gz_msgs_vendor:/opt/ros/jazzy/opt/gz_common_vendor:/opt/ros/jazzy/opt/gz_math_vendor:/opt/ros/jazzy/opt/gz_utils_vendor:/opt/ros/jazzy/opt/gz_tools_vendor:/opt/ros/jazzy/opt/gz_ogre_next_vendor:/opt/ros/jazzy/opt/gz_dartsim_vendor:/opt/ros/jazzy/opt/gz_cmake_vendor:/home/grey/turtlebot3_ws/install/show_msg:/home/grey/turtlebot3_ws/install/my_nav2_system:/home/grey/turtlebot3_ws/install/my_first_subscriber:/home/grey/turtlebot3_ws/install/my_first_service:/home/grey/turtlebot3_ws/install/my_first_publisher:/home/grey/turtlebot3_ws/install/my_first_node:/home/grey/turtlebot3_ws/install/my_first_action:/opt/ros/jazzy DEBUGINFOD_URLS=https://debuginfod.ubuntu.com /usr/bin/cmake --build /home/grey/Documentos/GitHub/proy_fireye_ros2/build/proy_fireye -- -j22 -l22
[13.034s] DEBUG:colcon.colcon_core.event_handler.log_command:Invoking command in '/home/grey/Documentos/GitHub/proy_fireye_ros2/build/proy_fireye': AMENT_PREFIX_PATH=/home/grey/Documentos/GitHub/proy_fireye_ros2/install/proy_fireye_mundo:${AMENT_PREFIX_PATH} CMAKE_PREFIX_PATH=/home/grey/Documentos/GitHub/proy_fireye_ros2/install/proy_fireye_mundo:/home/grey/turtlebot3_ws/install/turtlebot3_simulations:/home/grey/turtlebot3_ws/install/turtlebot3_gazebo:/home/grey/turtlebot3_ws/install/turtlebot3_fake_node:/home/grey/turtlebot3_ws/install/my_world:/home/grey/turtlebot3_ws/install/custom_interface:/opt/ros/jazzy/opt/gz_sim_vendor:/opt/ros/jazzy/opt/gz_sensors_vendor:/opt/ros/jazzy/opt/gz_physics_vendor:/opt/ros/jazzy/opt/sdformat_vendor:/opt/ros/jazzy/opt/gz_gui_vendor:/opt/ros/jazzy/opt/gz_transport_vendor:/opt/ros/jazzy/opt/gz_rendering_vendor:/opt/ros/jazzy/opt/gz_plugin_vendor:/opt/ros/jazzy/opt/gz_fuel_tools_vendor:/opt/ros/jazzy/opt/gz_msgs_vendor:/opt/ros/jazzy/opt/gz_common_vendor:/opt/ros/jazzy/opt/gz_math_vendor:/opt/ros/jazzy/opt/gz_utils_vendor:/opt/ros/jazzy/opt/gz_tools_vendor:/opt/ros/jazzy/opt/gz_ogre_next_vendor:/opt/ros/jazzy/opt/gz_dartsim_vendor:/opt/ros/jazzy/opt/gz_cmake_vendor:/home/grey/turtlebot3_ws/install/show_msg:/home/grey/turtlebot3_ws/install/my_nav2_system:/home/grey/turtlebot3_ws/install/my_first_subscriber:/home/grey/turtlebot3_ws/install/my_first_service:/home/grey/turtlebot3_ws/install/my_first_publisher:/home/grey/turtlebot3_ws/install/my_first_node:/home/grey/turtlebot3_ws/install/my_first_action:/opt/ros/jazzy DEBUGINFOD_URLS=https://debuginfod.ubuntu.com /usr/bin/cmake --install /home/grey/Documentos/GitHub/proy_fireye_ros2/build/proy_fireye
[13.050s] Level 1:colcon.colcon_core.environment:create_environment_scripts_only(proy_fireye)
[13.050s] Level 1:colcon.colcon_core.environment:checking '/home/grey/Documentos/GitHub/proy_fireye_ros2/install/proy_fireye' for CMake module files
[13.051s] DEBUG:colcon.colcon_core.event_handler.log_command:Invoked command in '/home/grey/Documentos/GitHub/proy_fireye_ros2/build/proy_fireye' returned '0': AMENT_PREFIX_PATH=/home/grey/Documentos/GitHub/proy_fireye_ros2/install/proy_fireye_mundo:${AMENT_PREFIX_PATH} CMAKE_PREFIX_PATH=/home/grey/Documentos/GitHub/proy_fireye_ros2/install/proy_fireye_mundo:/home/grey/turtlebot3_ws/install/turtlebot3_simulations:/home/grey/turtlebot3_ws/install/turtlebot3_gazebo:/home/grey/turtlebot3_ws/install/turtlebot3_fake_node:/home/grey/turtlebot3_ws/install/my_world:/home/grey/turtlebot3_ws/install/custom_interface:/opt/ros/jazzy/opt/gz_sim_vendor:/opt/ros/jazzy/opt/gz_sensors_vendor:/opt/ros/jazzy/opt/gz_physics_vendor:/opt/ros/jazzy/opt/sdformat_vendor:/opt/ros/jazzy/opt/gz_gui_vendor:/opt/ros/jazzy/opt/gz_transport_vendor:/opt/ros/jazzy/opt/gz_rendering_vendor:/opt/ros/jazzy/opt/gz_plugin_vendor:/opt/ros/jazzy/opt/gz_fuel_tools_vendor:/opt/ros/jazzy/opt/gz_msgs_vendor:/opt/ros/jazzy/opt/gz_common_vendor:/opt/ros/jazzy/opt/gz_math_vendor:/opt/ros/jazzy/opt/gz_utils_vendor:/opt/ros/jazzy/opt/gz_tools_vendor:/opt/ros/jazzy/opt/gz_ogre_next_vendor:/opt/ros/jazzy/opt/gz_dartsim_vendor:/opt/ros/jazzy/opt/gz_cmake_vendor:/home/grey/turtlebot3_ws/install/show_msg:/home/grey/turtlebot3_ws/install/my_nav2_system:/home/grey/turtlebot3_ws/install/my_first_subscriber:/home/grey/turtlebot3_ws/install/my_first_service:/home/grey/turtlebot3_ws/install/my_first_publisher:/home/grey/turtlebot3_ws/install/my_first_node:/home/grey/turtlebot3_ws/install/my_first_action:/opt/ros/jazzy DEBUGINFOD_URLS=https://debuginfod.ubuntu.com /usr/bin/cmake --install /home/grey/Documentos/GitHub/proy_fireye_ros2/build/proy_fireye
[13.051s] Level 1:colcon.colcon_core.environment:checking '/home/grey/Documentos/GitHub/proy_fireye_ros2/install/proy_fireye' for CMake config files
[13.052s] Level 1:colcon.colcon_core.shell:create_environment_hook('proy_fireye', 'cmake_prefix_path')
[13.052s] INFO:colcon.colcon_core.shell:Creating environment descriptor '/home/grey/Documentos/GitHub/proy_fireye_ros2/install/proy_fireye/share/proy_fireye/hook/cmake_prefix_path.dsv'
[13.052s] INFO:colcon.colcon_core.shell:Creating environment hook '/home/grey/Documentos/GitHub/proy_fireye_ros2/install/proy_fireye/share/proy_fireye/hook/cmake_prefix_path.sh'
[13.053s] Level 1:colcon.colcon_core.environment:checking '/home/grey/Documentos/GitHub/proy_fireye_ros2/install/proy_fireye/bin'
[13.053s] Level 1:colcon.colcon_core.environment:checking '/home/grey/Documentos/GitHub/proy_fireye_ros2/install/proy_fireye/lib/pkgconfig/proy_fireye.pc'
[13.054s] Level 1:colcon.colcon_core.environment:checking '/home/grey/Documentos/GitHub/proy_fireye_ros2/install/proy_fireye/lib/python3.12/site-packages'
[13.054s] Level 1:colcon.colcon_core.environment:checking '/home/grey/Documentos/GitHub/proy_fireye_ros2/install/proy_fireye/bin'
[13.055s] INFO:colcon.colcon_core.shell:Creating package descriptor '/home/grey/Documentos/GitHub/proy_fireye_ros2/install/proy_fireye/share/proy_fireye/package.dsv'
[13.055s] INFO:colcon.colcon_core.shell:Creating package script '/home/grey/Documentos/GitHub/proy_fireye_ros2/install/proy_fireye/share/proy_fireye/package.sh'
[13.056s] INFO:colcon.colcon_core.shell:Creating package script '/home/grey/Documentos/GitHub/proy_fireye_ros2/install/proy_fireye/share/proy_fireye/package.bash'
[13.056s] INFO:colcon.colcon_core.shell:Creating package script '/home/grey/Documentos/GitHub/proy_fireye_ros2/install/proy_fireye/share/proy_fireye/package.zsh'
[13.057s] Level 1:colcon.colcon_core.environment:create_file_with_runtime_dependencies(/home/grey/Documentos/GitHub/proy_fireye_ros2/install/proy_fireye/share/colcon-core/packages/proy_fireye)
[13.057s] Level 1:colcon.colcon_core.environment:create_environment_scripts_only(proy_fireye)
[13.057s] Level 1:colcon.colcon_core.environment:checking '/home/grey/Documentos/GitHub/proy_fireye_ros2/install/proy_fireye' for CMake module files
[13.058s] Level 1:colcon.colcon_core.environment:checking '/home/grey/Documentos/GitHub/proy_fireye_ros2/install/proy_fireye' for CMake config files
[13.058s] Level 1:colcon.colcon_core.shell:create_environment_hook('proy_fireye', 'cmake_prefix_path')
[13.058s] INFO:colcon.colcon_core.shell:Creating environment descriptor '/home/grey/Documentos/GitHub/proy_fireye_ros2/install/proy_fireye/share/proy_fireye/hook/cmake_prefix_path.dsv'
[13.059s] INFO:colcon.colcon_core.shell:Creating environment hook '/home/grey/Documentos/GitHub/proy_fireye_ros2/install/proy_fireye/share/proy_fireye/hook/cmake_prefix_path.sh'
[13.060s] Level 1:colcon.colcon_core.environment:checking '/home/grey/Documentos/GitHub/proy_fireye_ros2/install/proy_fireye/bin'
[13.060s] Level 1:colcon.colcon_core.environment:checking '/home/grey/Documentos/GitHub/proy_fireye_ros2/install/proy_fireye/lib/pkgconfig/proy_fireye.pc'
[13.060s] Level 1:colcon.colcon_core.environment:checking '/home/grey/Documentos/GitHub/proy_fireye_ros2/install/proy_fireye/lib/python3.12/site-packages'
[13.060s] Level 1:colcon.colcon_core.environment:checking '/home/grey/Documentos/GitHub/proy_fireye_ros2/install/proy_fireye/bin'
[13.061s] INFO:colcon.colcon_core.shell:Creating package descriptor '/home/grey/Documentos/GitHub/proy_fireye_ros2/install/proy_fireye/share/proy_fireye/package.dsv'
[13.061s] INFO:colcon.colcon_core.shell:Creating package script '/home/grey/Documentos/GitHub/proy_fireye_ros2/install/proy_fireye/share/proy_fireye/package.sh'
[13.062s] INFO:colcon.colcon_core.shell:Creating package script '/home/grey/Documentos/GitHub/proy_fireye_ros2/install/proy_fireye/share/proy_fireye/package.bash'
[13.062s] INFO:colcon.colcon_core.shell:Creating package script '/home/grey/Documentos/GitHub/proy_fireye_ros2/install/proy_fireye/share/proy_fireye/package.zsh'
[13.062s] Level 1:colcon.colcon_core.environment:create_file_with_runtime_dependencies(/home/grey/Documentos/GitHub/proy_fireye_ros2/install/proy_fireye/share/colcon-core/packages/proy_fireye)
[13.063s] DEBUG:colcon.colcon_parallel_executor.executor.parallel:closing loop
[13.063s] DEBUG:colcon.colcon_parallel_executor.executor.parallel:loop closed
[13.063s] DEBUG:colcon.colcon_parallel_executor.executor.parallel:run_until_complete finished with '0'
[13.063s] DEBUG:colcon.colcon_core.event_reactor:joining thread
[13.072s] INFO:colcon.colcon_core.plugin_system:Skipping extension 'colcon_notification.desktop_notification.terminal_notifier': Not used on non-Darwin systems
[13.073s] INFO:colcon.colcon_core.plugin_system:Skipping extension 'colcon_notification.desktop_notification.win32': Not used on non-Windows systems
[13.073s] INFO:colcon.colcon_notification.desktop_notification:Sending desktop notification using 'notify2'
[13.093s] DEBUG:colcon.colcon_core.event_reactor:joined thread
[13.094s] INFO:colcon.colcon_core.shell:Creating prefix script '/home/grey/Documentos/GitHub/proy_fireye_ros2/install/local_setup.sh'
[13.095s] INFO:colcon.colcon_core.shell:Creating prefix util module '/home/grey/Documentos/GitHub/proy_fireye_ros2/install/_local_setup_util_sh.py'
[13.096s] INFO:colcon.colcon_core.shell:Creating prefix chain script '/home/grey/Documentos/GitHub/proy_fireye_ros2/install/setup.sh'
[13.098s] INFO:colcon.colcon_core.shell:Creating prefix script '/home/grey/Documentos/GitHub/proy_fireye_ros2/install/local_setup.bash'
[13.098s] INFO:colcon.colcon_core.shell:Creating prefix chain script '/home/grey/Documentos/GitHub/proy_fireye_ros2/install/setup.bash'
[13.100s] INFO:colcon.colcon_core.shell:Creating prefix script '/home/grey/Documentos/GitHub/proy_fireye_ros2/install/local_setup.zsh'
[13.100s] INFO:colcon.colcon_core.shell:Creating prefix chain script '/home/grey/Documentos/GitHub/proy_fireye_ros2/install/setup.zsh'
