[0.018s] Invoking command in '/home/grey/Documentos/GitHub/proy_fireye_ros2/build/proy_fireye_mundo': CMAKE_PREFIX_PATH=${CMAKE_PREFIX_PATH}:/home/grey/Documentos/GitHub/proy_fireye_ros2/install/proy_fireye_slam:/home/grey/turtlebot3_ws/install/show_msg:/home/grey/turtlebot3_ws/install/my_nav2_system:/home/grey/turtlebot3_ws/install/my_first_subscriber:/home/grey/turtlebot3_ws/install/my_first_service:/home/grey/turtlebot3_ws/install/my_first_publisher:/home/grey/turtlebot3_ws/install/my_first_node:/home/grey/turtlebot3_ws/install/my_first_action:/opt/ros/jazzy DEBUGINFOD_URLS=https://debuginfod.ubuntu.com /usr/bin/cmake /home/grey/Documentos/GitHub/proy_fireye_ros2/proy_fireye_mundo -DCMAKE_INSTALL_PREFIX=/home/grey/Documentos/GitHub/proy_fireye_ros2/install/proy_fireye_mundo
[0.145s] -- The C compiler identification is GNU 13.3.0
[0.266s] -- The CXX compiler identification is GNU 13.3.0
[0.293s] -- Detecting C compiler ABI info
[0.433s] -- Detecting C compiler ABI info - done
[0.446s] -- Check for working C compiler: /usr/bin/cc - skipped
[0.447s] -- Detecting C compile features
[0.447s] -- Detecting C compile features - done
[0.462s] -- Detecting CXX compiler ABI info
[0.600s] -- Detecting CXX compiler ABI info - done
[0.612s] -- Check for working CXX compiler: /usr/bin/c++ - skipped
[0.612s] -- Detecting CXX compile features
[0.613s] -- Detecting CXX compile features - done
[0.622s] -- Found ament_cmake: 2.5.5 (/opt/ros/jazzy/share/ament_cmake/cmake)
[0.832s] -- Found Python3: /usr/bin/python3 (found version "3.12.3") found components: Interpreter 
[1.023s] -- Found ros_gz_sim: 1.0.18 (/opt/ros/jazzy/share/ros_gz_sim/cmake)
[1.113s] -- Found rosidl_generator_c: 4.6.7 (/opt/ros/jazzy/share/rosidl_generator_c/cmake)
[1.135s] -- Found rosidl_generator_cpp: 4.6.7 (/opt/ros/jazzy/share/rosidl_generator_cpp/cmake)
[1.165s] -- Using all available rosidl_typesupport_c: rosidl_typesupport_fastrtps_c;rosidl_typesupport_introspection_c
[1.193s] -- Using all available rosidl_typesupport_cpp: rosidl_typesupport_fastrtps_cpp;rosidl_typesupport_introspection_cpp
[1.323s] -- Found rmw_implementation_cmake: 7.3.3 (/opt/ros/jazzy/share/rmw_implementation_cmake/cmake)
[1.331s] -- Found rmw_fastrtps_cpp: 8.4.3 (/opt/ros/jazzy/share/rmw_fastrtps_cpp/cmake)
[1.475s] -- Found OpenSSL: /usr/lib/x86_64-linux-gnu/libcrypto.so (found version "3.0.13")  
[1.503s] -- Found FastRTPS: /opt/ros/jazzy/include (Required is at least version "2.13") 
[1.538s] -- Using RMW implementation 'rmw_fastrtps_cpp' as default
[1.922s] -- Found nav_msgs: 5.3.6 (/opt/ros/jazzy/share/nav_msgs/cmake)
[1.959s] -- Found sensor_msgs: 5.3.6 (/opt/ros/jazzy/share/sensor_msgs/cmake)
[1.993s] -- Found gz_math_vendor: 0.0.8 (/opt/ros/jazzy/share/gz_math_vendor/cmake)
[2.007s] -- Looking for gz-math7 -- found version 7.5.2
[2.020s] -- Searching for dependencies of gz-math7
[2.023s] -- Looking for gz-utils2 -- found version 2.2.1
[2.023s] -- Searching for dependencies of gz-utils2
[2.029s] -- Found gz_sim_vendor: 0.0.9 (/opt/ros/jazzy/share/gz_sim_vendor/cmake)
[2.116s] -- Looking for gz-sim8 -- found version 8.10.0
[2.116s] -- Searching for dependencies of gz-sim8
[2.119s] -- Looking for sdformat14 -- found version 14.8.0
[2.119s] -- Searching for dependencies of sdformat14
[2.126s] -- Checking for module 'tinyxml2'
[2.150s] --   Found tinyxml2, version 10.0.0
[2.194s] -- Looking for gz-math7 -- found version 7.5.2
[2.194s] -- Looking for gz-utils2 -- found version 2.2.1
[2.195s] -- Searching for dependencies of gz-utils2
[2.195s] -- Searching for <gz-utils2> component [cli]
[2.200s] -- Looking for gz-utils2-cli -- found version 2.2.1
[2.200s] -- Searching for dependencies of gz-utils2-cli
[2.207s] -- Looking for gz-plugin2 -- found version 2.0.4
[2.207s] -- Searching for dependencies of gz-plugin2
[2.207s] -- Looking for gz-utils2 -- found version 2.2.1
[2.209s] -- Searching for <gz-plugin2> component [loader]
[2.212s] -- Looking for gz-plugin2-loader -- found version 2.0.4
[2.212s] -- Searching for dependencies of gz-plugin2-loader
[2.213s] -- Searching for <gz-plugin2> component [register]
[2.216s] -- Looking for gz-plugin2-register -- found version 2.0.4
[2.216s] -- Searching for dependencies of gz-plugin2-register
[2.220s] -- Looking for gz-transport13 -- found version 13.5.0
[2.220s] -- Searching for dependencies of gz-transport13
[2.407s] -- Found Protobuf: /usr/lib/x86_64-linux-gnu/libprotobuf.so (found version "3.21.12") 
[2.423s] -- Config-file not installed for ZeroMQ -- checking for pkg-config
[2.430s] -- Checking for module 'libzmq >= 4'
[2.452s] --   Found libzmq, version 4.3.5
[2.510s] -- Found ZeroMQ: TRUE (Required is at least version "4") 
[2.521s] -- Checking for module 'uuid'
[2.544s] --   Found uuid, version 2.39.3
[2.587s] -- Found UUID: TRUE  
[2.588s] -- Looking for gz-utils2 -- found version 2.2.1
[2.593s] -- Looking for gz-msgs10 -- found version 10.3.2
[2.594s] -- Searching for dependencies of gz-msgs10
[2.623s] -- Looking for gz-utils2 -- found version 2.2.1
[2.623s] -- Looking for gz-math7 -- found version 7.5.2
[2.636s] -- Searching for <gz-transport13> component [log]
[2.640s] -- Looking for gz-transport13-log -- found version 13.5.0
[2.640s] -- Searching for dependencies of gz-transport13-log
[2.641s] -- Searching for <gz-transport13> component [parameters]
[2.644s] -- Looking for gz-transport13-parameters -- found version 13.5.0
[2.644s] -- Searching for dependencies of gz-transport13-parameters
[2.646s] -- Looking for gz-msgs10 -- found version 10.3.2
[2.649s] -- Looking for gz-common5 -- found version 5.7.1
[2.649s] -- Searching for dependencies of gz-common5
[2.649s] -- Looking for gz-utils2 -- found version 2.2.1
[2.651s] -- Looking for dlfcn.h - found
[2.653s] -- Looking for libdl - found
[2.654s] -- Found DL: TRUE  
[2.665s] -- Searching for <gz-common5> component [av]
[2.669s] -- Looking for gz-common5-av -- found version 5.7.1
[2.670s] -- Searching for dependencies of gz-common5-av
[2.677s] -- Checking for module 'libswscale'
[2.700s] --   Found libswscale, version 7.5.100
[2.746s] -- Found SWSCALE: TRUE  
[2.754s] -- Checking for module 'libavdevice >= 56.4.100'
[2.776s] --   Found libavdevice, version 60.3.100
[2.838s] -- Found AVDEVICE: TRUE (Required is at least version "56.4.100") 
[2.845s] -- Checking for module 'libavformat'
[2.869s] --   Found libavformat, version 60.16.100
[2.917s] -- Found AVFORMAT: TRUE  
[2.925s] -- Checking for module 'libavcodec'
[2.946s] --   Found libavcodec, version 60.31.102
[2.993s] -- Found AVCODEC: TRUE  
[3.001s] -- Checking for module 'libavutil'
[3.024s] --   Found libavutil, version 58.29.100
[3.069s] -- Found AVUTIL: TRUE  
[3.071s] -- Searching for <gz-common5> component [events]
[3.076s] -- Looking for gz-common5-events -- found version 5.7.1
[3.077s] -- Searching for dependencies of gz-common5-events
[3.077s] -- Looking for gz-math7 -- found version 7.5.2
[3.078s] -- Searching for <gz-common5> component [graphics]
[3.083s] -- Looking for gz-common5-graphics -- found version 5.7.1
[3.083s] -- Searching for dependencies of gz-common5-graphics
[3.084s] -- Looking for gz-math7 -- found version 7.5.2
[3.093s] -- Found GzAssimp: TRUE (found version "5.3.0") 
[3.094s] -- Searching for <gz-common5> component [io]
[3.097s] -- Looking for gz-common5-io -- found version 5.7.1
[3.097s] -- Searching for dependencies of gz-common5-io
[3.098s] -- Searching for <gz-common5> component [profiler]
[3.101s] -- Looking for gz-common5-profiler -- found version 5.7.1
[3.101s] -- Searching for dependencies of gz-common5-profiler
[3.104s] -- Looking for gz-fuel_tools9 -- found version 9.1.1
[3.105s] -- Searching for dependencies of gz-fuel_tools9
[3.223s] -- Found CURL: /usr/lib/x86_64-linux-gnu/libcurl.so (found version "8.5.0")  
[3.240s] -- Checking for module 'jsoncpp'
[3.263s] --   Found jsoncpp, version 1.9.5
[3.307s] -- Found JSONCPP: TRUE  
[3.331s] -- Checking for module 'yaml-0.1'
[3.354s] --   Found yaml-0.1, version 0.2.5
[3.399s] -- Found YAML: TRUE  
[3.408s] -- Checking for module 'libzip'
[3.431s] --   Found libzip, version 1.7.3
[3.475s] -- Found ZIP: TRUE  
[3.475s] -- Looking for gz-utils2 -- found version 2.2.1
[3.476s] -- Looking for gz-common5 -- found version 5.7.1
[3.476s] -- Searching for dependencies of gz-common5
[3.476s] -- Looking for gz-utils2 -- found version 2.2.1
[3.477s] -- Looking for dlfcn.h - found
[3.477s] -- Looking for libdl - found
[3.487s] -- Searching for <gz-common5> component [testing]
[3.491s] -- Looking for gz-common5-testing -- found version 5.7.1
[3.492s] -- Searching for dependencies of gz-common5-testing
[3.493s] -- Looking for gz-math7 -- found version 7.5.2
[3.494s] -- Looking for gz-msgs10 -- found version 10.3.2
[3.498s] -- Looking for gz-gui8 -- found version 8.4.0
[3.498s] -- Searching for dependencies of gz-gui8
[3.532s] -- Looking for gz-utils2 -- found version 2.2.1
[3.533s] -- Looking for gz-math7 -- found version 7.5.2
[3.534s] -- Looking for gz-common5 -- found version 5.7.1
[3.534s] -- Looking for gz-plugin2 -- found version 2.0.4
[3.534s] -- Looking for gz-transport13 -- found version 13.5.0
[3.539s] -- Looking for gz-rendering8 -- found version 8.2.3
[3.539s] -- Searching for dependencies of gz-rendering8
[3.540s] -- Looking for gz-math7 -- found version 7.5.2
[3.540s] -- Searching for dependencies of gz-math7
[3.540s] -- Looking for gz-utils2 -- found version 2.2.1
[3.540s] -- Searching for <gz-math7> component [eigen3]
[3.544s] -- Looking for gz-math7-eigen3 -- found version 7.5.2
[3.544s] -- Searching for dependencies of gz-math7-eigen3
[3.557s] -- Looking for gz-common5 -- found version 5.7.1
[3.557s] -- Searching for dependencies of gz-common5
[3.557s] -- Looking for gz-utils2 -- found version 2.2.1
[3.557s] -- Looking for dlfcn.h - found
[3.557s] -- Looking for libdl - found
[3.567s] -- Searching for <gz-common5> component [graphics]
[3.567s] -- Searching for <gz-common5> component [events]
[3.567s] -- Searching for <gz-common5> component [geospatial]
[3.571s] -- Looking for gz-common5-geospatial -- found version 5.7.1
[3.571s] -- Searching for dependencies of gz-common5-geospatial
[3.572s] -- Looking for gz-math7 -- found version 7.5.2
[3.572s] -- Looking for gz-common5 -- found version 5.7.1
[3.574s] -- Looking for gz-plugin2 -- found version 2.0.4
[3.574s] -- Searching for dependencies of gz-plugin2
[3.575s] -- Looking for gz-utils2 -- found version 2.2.1
[3.575s] -- Searching for <gz-plugin2> component [all]
[3.578s] -- Looking for all libraries of gz-plugin2 -- found version 2.0.4
[3.579s] -- Looking for gz-plugin2 -- found version 2.0.4
[3.581s] -- Looking for gz-utils2 -- found version 2.2.1
[3.598s] -- Found OpenGL: /usr/lib/x86_64-linux-gnu/libOpenGL.so  found components: OpenGL 
[3.600s] -- Looking for gz-msgs10 -- found version 10.3.2
[3.650s] -- Looking for gz-physics7 -- found version 7.6.0
[3.650s] -- Searching for dependencies of gz-physics7
[3.650s] -- Looking for gz-common5 -- found version 5.7.1
[3.651s] -- Looking for gz-math7 -- found version 7.5.2
[3.651s] -- Looking for gz-plugin2 -- found version 2.0.4
[3.652s] -- Looking for gz-utils2 -- found version 2.2.1
[3.654s] -- Searching for <gz-physics7> component [heightmap]
[3.656s] -- Looking for gz-physics7-heightmap -- found version 7.6.0
[3.656s] -- Searching for dependencies of gz-physics7-heightmap
[3.657s] -- Looking for gz-common5 -- found version 5.7.1
[3.657s] -- Searching for <gz-physics7> component [mesh]
[3.660s] -- Looking for gz-physics7-mesh -- found version 7.6.0
[3.660s] -- Searching for dependencies of gz-physics7-mesh
[3.661s] -- Looking for gz-common5 -- found version 5.7.1
[3.661s] -- Searching for <gz-physics7> component [sdf]
[3.664s] -- Looking for gz-physics7-sdf -- found version 7.6.0
[3.664s] -- Searching for dependencies of gz-physics7-sdf
[3.664s] -- Looking for sdformat14 -- found version 14.8.0
[3.669s] -- Looking for gz-sensors8 -- found version 8.2.2
[3.669s] -- Searching for dependencies of gz-sensors8
[3.694s] -- Looking for gz-math7 -- found version 7.5.2
[3.694s] -- Looking for gz-common5 -- found version 5.7.1
[3.695s] -- Looking for gz-transport13 -- found version 13.5.0
[3.695s] -- Looking for gz-rendering8 -- found version 8.2.3
[3.696s] -- Looking for gz-msgs10 -- found version 10.3.2
[3.696s] -- Looking for sdformat14 -- found version 14.8.0
[3.698s] -- Searching for <gz-sensors8> component [air_pressure]
[3.701s] -- Looking for gz-sensors8-air_pressure -- found version 8.2.2
[3.702s] -- Searching for dependencies of gz-sensors8-air_pressure
[3.703s] -- Searching for <gz-sensors8> component [air_speed]
[3.706s] -- Looking for gz-sensors8-air_speed -- found version 8.2.2
[3.706s] -- Searching for dependencies of gz-sensors8-air_speed
[3.707s] -- Searching for <gz-sensors8> component [altimeter]
[3.710s] -- Looking for gz-sensors8-altimeter -- found version 8.2.2
[3.710s] -- Searching for dependencies of gz-sensors8-altimeter
[3.711s] -- Searching for <gz-sensors8> component [imu]
[3.714s] -- Looking for gz-sensors8-imu -- found version 8.2.2
[3.714s] -- Searching for dependencies of gz-sensors8-imu
[3.715s] -- Searching for <gz-sensors8> component [force_torque]
[3.717s] -- Looking for gz-sensors8-force_torque -- found version 8.2.2
[3.718s] -- Searching for dependencies of gz-sensors8-force_torque
[3.718s] -- Searching for <gz-sensors8> component [logical_camera]
[3.721s] -- Looking for gz-sensors8-logical_camera -- found version 8.2.2
[3.721s] -- Searching for dependencies of gz-sensors8-logical_camera
[3.722s] -- Searching for <gz-sensors8> component [magnetometer]
[3.724s] -- Looking for gz-sensors8-magnetometer -- found version 8.2.2
[3.724s] -- Searching for dependencies of gz-sensors8-magnetometer
[3.725s] -- Searching for <gz-sensors8> component [navsat]
[3.728s] -- Looking for gz-sensors8-navsat -- found version 8.2.2
[3.728s] -- Searching for dependencies of gz-sensors8-navsat
[3.729s] -- Searching for <gz-sensors8> component [dvl]
[3.731s] -- Looking for gz-sensors8-dvl -- found version 8.2.2
[3.731s] -- Searching for dependencies of gz-sensors8-dvl
[3.731s] -- Looking for gz-sensors8 -- found version 8.2.2
[3.732s] -- Searching for dependencies of gz-sensors8
[3.758s] -- Looking for gz-math7 -- found version 7.5.2
[3.758s] -- Looking for gz-common5 -- found version 5.7.1
[3.759s] -- Looking for gz-transport13 -- found version 13.5.0
[3.760s] -- Looking for gz-rendering8 -- found version 8.2.3
[3.760s] -- Looking for gz-msgs10 -- found version 10.3.2
[3.761s] -- Looking for sdformat14 -- found version 14.8.0
[3.761s] -- Searching for <gz-sensors8> component [rendering]
[3.765s] -- Looking for gz-sensors8-rendering -- found version 8.2.2
[3.765s] -- Searching for dependencies of gz-sensors8-rendering
[3.767s] -- Searching for <gz-sensors8> component [rendering]
[3.767s] -- Searching for <gz-sensors8> component [lidar]
[3.770s] -- Looking for gz-sensors8-lidar -- found version 8.2.2
[3.771s] -- Searching for dependencies of gz-sensors8-lidar
[3.771s] -- Looking for gz-sensors8 -- found version 8.2.2
[3.772s] -- Searching for <gz-sensors8> component [gpu_lidar]
[3.775s] -- Looking for gz-sensors8-gpu_lidar -- found version 8.2.2
[3.775s] -- Searching for dependencies of gz-sensors8-gpu_lidar
[3.775s] -- Looking for gz-sensors8 -- found version 8.2.2
[3.777s] -- Searching for <gz-sensors8> component [camera]
[3.780s] -- Looking for gz-sensors8-camera -- found version 8.2.2
[3.780s] -- Searching for dependencies of gz-sensors8-camera
[3.780s] -- Looking for gz-sensors8 -- found version 8.2.2
[3.781s] -- Searching for <gz-sensors8> component [boundingbox_camera]
[3.784s] -- Looking for gz-sensors8-boundingbox_camera -- found version 8.2.2
[3.785s] -- Searching for dependencies of gz-sensors8-boundingbox_camera
[3.786s] -- Searching for <gz-sensors8> component [segmentation_camera]
[3.788s] -- Looking for gz-sensors8-segmentation_camera -- found version 8.2.2
[3.789s] -- Searching for dependencies of gz-sensors8-segmentation_camera
[3.789s] -- Searching for <gz-sensors8> component [depth_camera]
[3.792s] -- Looking for gz-sensors8-depth_camera -- found version 8.2.2
[3.793s] -- Searching for dependencies of gz-sensors8-depth_camera
[3.793s] -- Looking for gz-sensors8 -- found version 8.2.2
[3.794s] -- Searching for <gz-sensors8> component [rgbd_camera]
[3.797s] -- Looking for gz-sensors8-rgbd_camera -- found version 8.2.2
[3.797s] -- Searching for dependencies of gz-sensors8-rgbd_camera
[3.797s] -- Looking for gz-sensors8 -- found version 8.2.2
[3.798s] -- Searching for <gz-sensors8> component [thermal_camera]
[3.801s] -- Looking for gz-sensors8-thermal_camera -- found version 8.2.2
[3.801s] -- Searching for dependencies of gz-sensors8-thermal_camera
[3.801s] -- Looking for gz-sensors8 -- found version 8.2.2
[3.802s] -- Searching for <gz-sensors8> component [wide_angle_camera]
[3.805s] -- Looking for gz-sensors8-wide_angle_camera -- found version 8.2.2
[3.805s] -- Searching for dependencies of gz-sensors8-wide_angle_camera
[3.806s] -- Looking for gz-rendering8 -- found version 8.2.3
[3.807s] -- Looking for gz-math7 -- found version 7.5.2
[3.807s] -- Looking for gz-utils2 -- found version 2.2.1
[3.843s] -- Looking for gz-plugin2 -- found version 2.0.4
[3.966s] -- Configuring done (3.9s)
[4.007s] -- Generating done (0.0s)
[4.021s] -- Build files have been written to: /home/grey/Documentos/GitHub/proy_fireye_ros2/build/proy_fireye_mundo
[4.045s] Invoked command in '/home/grey/Documentos/GitHub/proy_fireye_ros2/build/proy_fireye_mundo' returned '0': CMAKE_PREFIX_PATH=${CMAKE_PREFIX_PATH}:/home/grey/Documentos/GitHub/proy_fireye_ros2/install/proy_fireye_slam:/home/grey/turtlebot3_ws/install/show_msg:/home/grey/turtlebot3_ws/install/my_nav2_system:/home/grey/turtlebot3_ws/install/my_first_subscriber:/home/grey/turtlebot3_ws/install/my_first_service:/home/grey/turtlebot3_ws/install/my_first_publisher:/home/grey/turtlebot3_ws/install/my_first_node:/home/grey/turtlebot3_ws/install/my_first_action:/opt/ros/jazzy DEBUGINFOD_URLS=https://debuginfod.ubuntu.com /usr/bin/cmake /home/grey/Documentos/GitHub/proy_fireye_ros2/proy_fireye_mundo -DCMAKE_INSTALL_PREFIX=/home/grey/Documentos/GitHub/proy_fireye_ros2/install/proy_fireye_mundo
[4.048s] Invoking command in '/home/grey/Documentos/GitHub/proy_fireye_ros2/build/proy_fireye_mundo': CMAKE_PREFIX_PATH=${CMAKE_PREFIX_PATH}:/home/grey/Documentos/GitHub/proy_fireye_ros2/install/proy_fireye_slam:/home/grey/turtlebot3_ws/install/show_msg:/home/grey/turtlebot3_ws/install/my_nav2_system:/home/grey/turtlebot3_ws/install/my_first_subscriber:/home/grey/turtlebot3_ws/install/my_first_service:/home/grey/turtlebot3_ws/install/my_first_publisher:/home/grey/turtlebot3_ws/install/my_first_node:/home/grey/turtlebot3_ws/install/my_first_action:/opt/ros/jazzy DEBUGINFOD_URLS=https://debuginfod.ubuntu.com /usr/bin/cmake --build /home/grey/Documentos/GitHub/proy_fireye_ros2/build/proy_fireye_mundo -- -j22 -l22
[4.126s] [ 12%] [32mBuilding CXX object CMakeFiles/turtlebot3_drive.dir/src/turtlebot3_drive.cpp.o[0m
[4.126s] [ 25%] [32mBuilding CXX object CMakeFiles/obstacles.dir/src/obstacles.cpp.o[0m
[4.126s] [ 37%] [32mBuilding CXX object CMakeFiles/obstacle2.dir/src/obstacle2.cpp.o[0m
[4.126s] [ 50%] [32mBuilding CXX object CMakeFiles/obstacle1.dir/src/obstacle1.cpp.o[0m
[6.504s] [ 62%] [32m[1mLinking CXX shared library libobstacle2.so[0m
[6.505s] [ 75%] [32m[1mLinking CXX shared library libobstacle1.so[0m
[6.710s] [ 75%] Built target obstacle2
[6.710s] [ 75%] Built target obstacle1
[6.920s] [ 87%] [32m[1mLinking CXX shared library libobstacles.so[0m
[7.128s] [ 87%] Built target obstacles
[14.461s] [100%] [32m[1mLinking CXX executable turtlebot3_drive[0m
[14.908s] [100%] Built target turtlebot3_drive
[14.924s] Invoked command in '/home/grey/Documentos/GitHub/proy_fireye_ros2/build/proy_fireye_mundo' returned '0': CMAKE_PREFIX_PATH=${CMAKE_PREFIX_PATH}:/home/grey/Documentos/GitHub/proy_fireye_ros2/install/proy_fireye_slam:/home/grey/turtlebot3_ws/install/show_msg:/home/grey/turtlebot3_ws/install/my_nav2_system:/home/grey/turtlebot3_ws/install/my_first_subscriber:/home/grey/turtlebot3_ws/install/my_first_service:/home/grey/turtlebot3_ws/install/my_first_publisher:/home/grey/turtlebot3_ws/install/my_first_node:/home/grey/turtlebot3_ws/install/my_first_action:/opt/ros/jazzy DEBUGINFOD_URLS=https://debuginfod.ubuntu.com /usr/bin/cmake --build /home/grey/Documentos/GitHub/proy_fireye_ros2/build/proy_fireye_mundo -- -j22 -l22
[14.938s] Invoking command in '/home/grey/Documentos/GitHub/proy_fireye_ros2/build/proy_fireye_mundo': CMAKE_PREFIX_PATH=${CMAKE_PREFIX_PATH}:/home/grey/Documentos/GitHub/proy_fireye_ros2/install/proy_fireye_slam:/home/grey/turtlebot3_ws/install/show_msg:/home/grey/turtlebot3_ws/install/my_nav2_system:/home/grey/turtlebot3_ws/install/my_first_subscriber:/home/grey/turtlebot3_ws/install/my_first_service:/home/grey/turtlebot3_ws/install/my_first_publisher:/home/grey/turtlebot3_ws/install/my_first_node:/home/grey/turtlebot3_ws/install/my_first_action:/opt/ros/jazzy DEBUGINFOD_URLS=https://debuginfod.ubuntu.com /usr/bin/cmake --install /home/grey/Documentos/GitHub/proy_fireye_ros2/build/proy_fireye_mundo
[14.950s] -- Install configuration: ""
[14.951s] -- Installing: /home/grey/Documentos/GitHub/proy_fireye_ros2/install/proy_fireye_mundo/lib/proy_fireye_mundo/turtlebot3_drive
[14.957s] -- Set non-toolchain portion of runtime path of "/home/grey/Documentos/GitHub/proy_fireye_ros2/install/proy_fireye_mundo/lib/proy_fireye_mundo/turtlebot3_drive" to ""
[14.957s] -- Installing: /home/grey/Documentos/GitHub/proy_fireye_ros2/install/proy_fireye_mundo/lib/proy_fireye_mundo/libobstacles.so
[14.958s] -- Set non-toolchain portion of runtime path of "/home/grey/Documentos/GitHub/proy_fireye_ros2/install/proy_fireye_mundo/lib/proy_fireye_mundo/libobstacles.so" to ""
[14.958s] -- Installing: /home/grey/Documentos/GitHub/proy_fireye_ros2/install/proy_fireye_mundo/lib/proy_fireye_mundo/libobstacle1.so
[14.959s] -- Set non-toolchain portion of runtime path of "/home/grey/Documentos/GitHub/proy_fireye_ros2/install/proy_fireye_mundo/lib/proy_fireye_mundo/libobstacle1.so" to ""
[14.959s] -- Installing: /home/grey/Documentos/GitHub/proy_fireye_ros2/install/proy_fireye_mundo/lib/proy_fireye_mundo/libobstacle2.so
[14.960s] -- Set non-toolchain portion of runtime path of "/home/grey/Documentos/GitHub/proy_fireye_ros2/install/proy_fireye_mundo/lib/proy_fireye_mundo/libobstacle2.so" to ""
[14.960s] -- Installing: /home/grey/Documentos/GitHub/proy_fireye_ros2/install/proy_fireye_mundo/share/proy_fireye_mundo//launch
[14.960s] -- Installing: /home/grey/Documentos/GitHub/proy_fireye_ros2/install/proy_fireye_mundo/share/proy_fireye_mundo//launch/spawn_turtlebot3.launch.py
[14.960s] -- Installing: /home/grey/Documentos/GitHub/proy_fireye_ros2/install/proy_fireye_mundo/share/proy_fireye_mundo//launch/robot_state_publisher.launch.py
[14.960s] -- Installing: /home/grey/Documentos/GitHub/proy_fireye_ros2/install/proy_fireye_mundo/share/proy_fireye_mundo//launch/fireye_mundo.launch.py
[14.960s] -- Installing: /home/grey/Documentos/GitHub/proy_fireye_ros2/install/proy_fireye_mundo/share/proy_fireye_mundo//models
[14.960s] -- Installing: /home/grey/Documentos/GitHub/proy_fireye_ros2/install/proy_fireye_mundo/share/proy_fireye_mundo//models/cafe
[14.960s] -- Installing: /home/grey/Documentos/GitHub/proy_fireye_ros2/install/proy_fireye_mundo/share/proy_fireye_mundo//models/cafe/meshes
[14.960s] -- Installing: /home/grey/Documentos/GitHub/proy_fireye_ros2/install/proy_fireye_mundo/share/proy_fireye_mundo//models/cafe/meshes/cafe.dae
[14.963s] -- Installing: /home/grey/Documentos/GitHub/proy_fireye_ros2/install/proy_fireye_mundo/share/proy_fireye_mundo//models/cafe/model.sdf
[14.964s] -- Installing: /home/grey/Documentos/GitHub/proy_fireye_ros2/install/proy_fireye_mundo/share/proy_fireye_mundo//models/cafe/materials
[14.964s] -- Installing: /home/grey/Documentos/GitHub/proy_fireye_ros2/install/proy_fireye_mundo/share/proy_fireye_mundo//models/cafe/materials/textures
[14.964s] -- Installing: /home/grey/Documentos/GitHub/proy_fireye_ros2/install/proy_fireye_mundo/share/proy_fireye_mundo//models/cafe/materials/textures/__auto_25.jpg
[14.964s] -- Installing: /home/grey/Documentos/GitHub/proy_fireye_ros2/install/proy_fireye_mundo/share/proy_fireye_mundo//models/cafe/materials/textures/__auto_28.jpg
[14.964s] -- Installing: /home/grey/Documentos/GitHub/proy_fireye_ros2/install/proy_fireye_mundo/share/proy_fireye_mundo//models/cafe/materials/textures/__auto_23.jpg
[14.965s] -- Installing: /home/grey/Documentos/GitHub/proy_fireye_ros2/install/proy_fireye_mundo/share/proy_fireye_mundo//models/cafe/materials/textures/__auto_10.jpg
[14.965s] -- Installing: /home/grey/Documentos/GitHub/proy_fireye_ros2/install/proy_fireye_mundo/share/proy_fireye_mundo//models/cafe/materials/textures/__auto_31.jpg
[14.965s] -- Installing: /home/grey/Documentos/GitHub/proy_fireye_ros2/install/proy_fireye_mundo/share/proy_fireye_mundo//models/cafe/materials/textures/__auto_26.jpg
[14.965s] -- Installing: /home/grey/Documentos/GitHub/proy_fireye_ros2/install/proy_fireye_mundo/share/proy_fireye_mundo//models/cafe/materials/textures/__auto_2.jpg
[14.966s] -- Installing: /home/grey/Documentos/GitHub/proy_fireye_ros2/install/proy_fireye_mundo/share/proy_fireye_mundo//models/cafe/materials/textures/__auto_34.jpg
[14.966s] -- Installing: /home/grey/Documentos/GitHub/proy_fireye_ros2/install/proy_fireye_mundo/share/proy_fireye_mundo//models/cafe/materials/textures/__auto_37.jpg
[14.966s] -- Installing: /home/grey/Documentos/GitHub/proy_fireye_ros2/install/proy_fireye_mundo/share/proy_fireye_mundo//models/cafe/materials/textures/__auto_35.jpg
[14.966s] -- Installing: /home/grey/Documentos/GitHub/proy_fireye_ros2/install/proy_fireye_mundo/share/proy_fireye_mundo//models/cafe/materials/textures/__auto_30.jpg
[14.967s] -- Installing: /home/grey/Documentos/GitHub/proy_fireye_ros2/install/proy_fireye_mundo/share/proy_fireye_mundo//models/cafe/materials/textures/__auto_21.jpg
[14.967s] -- Installing: /home/grey/Documentos/GitHub/proy_fireye_ros2/install/proy_fireye_mundo/share/proy_fireye_mundo//models/cafe/materials/textures/__auto_22.jpg
[14.967s] -- Installing: /home/grey/Documentos/GitHub/proy_fireye_ros2/install/proy_fireye_mundo/share/proy_fireye_mundo//models/cafe/materials/textures/__auto_24.jpg
[14.967s] -- Installing: /home/grey/Documentos/GitHub/proy_fireye_ros2/install/proy_fireye_mundo/share/proy_fireye_mundo//models/cafe/materials/textures/__auto_29.jpg
[14.968s] -- Installing: /home/grey/Documentos/GitHub/proy_fireye_ros2/install/proy_fireye_mundo/share/proy_fireye_mundo//models/cafe/model.config
[14.968s] -- Installing: /home/grey/Documentos/GitHub/proy_fireye_ros2/install/proy_fireye_mundo/share/proy_fireye_mundo//models/small_house
[14.968s] -- Installing: /home/grey/Documentos/GitHub/proy_fireye_ros2/install/proy_fireye_mundo/share/proy_fireye_mundo//models/small_house/model.sdf
[14.968s] -- Installing: /home/grey/Documentos/GitHub/proy_fireye_ros2/install/proy_fireye_mundo/share/proy_fireye_mundo//models/small_house/model.config
[14.968s] -- Installing: /home/grey/Documentos/GitHub/proy_fireye_ros2/install/proy_fireye_mundo/share/proy_fireye_mundo//models/turtlebot3_common
[14.968s] -- Installing: /home/grey/Documentos/GitHub/proy_fireye_ros2/install/proy_fireye_mundo/share/proy_fireye_mundo//models/turtlebot3_common/meshes
[14.968s] -- Installing: /home/grey/Documentos/GitHub/proy_fireye_ros2/install/proy_fireye_mundo/share/proy_fireye_mundo//models/turtlebot3_common/meshes/r200.dae
[14.969s] -- Installing: /home/grey/Documentos/GitHub/proy_fireye_ros2/install/proy_fireye_mundo/share/proy_fireye_mundo//models/turtlebot3_common/meshes/wheels
[14.969s] -- Installing: /home/grey/Documentos/GitHub/proy_fireye_ros2/install/proy_fireye_mundo/share/proy_fireye_mundo//models/turtlebot3_common/meshes/wheels/right_tire.stl
[14.971s] -- Installing: /home/grey/Documentos/GitHub/proy_fireye_ros2/install/proy_fireye_mundo/share/proy_fireye_mundo//models/turtlebot3_common/meshes/wheels/left_tire.stl
[14.973s] -- Installing: /home/grey/Documentos/GitHub/proy_fireye_ros2/install/proy_fireye_mundo/share/proy_fireye_mundo//models/turtlebot3_common/meshes/sensors
[14.973s] -- Installing: /home/grey/Documentos/GitHub/proy_fireye_ros2/install/proy_fireye_mundo/share/proy_fireye_mundo//models/turtlebot3_common/meshes/sensors/r200.dae
[14.974s] -- Installing: /home/grey/Documentos/GitHub/proy_fireye_ros2/install/proy_fireye_mundo/share/proy_fireye_mundo//models/turtlebot3_common/meshes/sensors/astra.dae
[14.984s] -- Installing: /home/grey/Documentos/GitHub/proy_fireye_ros2/install/proy_fireye_mundo/share/proy_fireye_mundo//models/turtlebot3_common/meshes/sensors/lds.stl
[14.985s] -- Installing: /home/grey/Documentos/GitHub/proy_fireye_ros2/install/proy_fireye_mundo/share/proy_fireye_mundo//models/turtlebot3_common/meshes/sensors/astra.jpg
[14.986s] -- Installing: /home/grey/Documentos/GitHub/proy_fireye_ros2/install/proy_fireye_mundo/share/proy_fireye_mundo//models/turtlebot3_common/meshes/sensors/r200.jpg
[14.986s] -- Installing: /home/grey/Documentos/GitHub/proy_fireye_ros2/install/proy_fireye_mundo/share/proy_fireye_mundo//models/turtlebot3_common/meshes/burger_base.dae
[14.986s] -- Installing: /home/grey/Documentos/GitHub/proy_fireye_ros2/install/proy_fireye_mundo/share/proy_fireye_mundo//models/turtlebot3_common/meshes/bases
[14.986s] -- Installing: /home/grey/Documentos/GitHub/proy_fireye_ros2/install/proy_fireye_mundo/share/proy_fireye_mundo//models/turtlebot3_common/meshes/bases/waffle_base.stl
[15.001s] -- Installing: /home/grey/Documentos/GitHub/proy_fireye_ros2/install/proy_fireye_mundo/share/proy_fireye_mundo//models/turtlebot3_common/meshes/bases/waffle_pi_base.stl
[15.009s] -- Installing: /home/grey/Documentos/GitHub/proy_fireye_ros2/install/proy_fireye_mundo/share/proy_fireye_mundo//models/turtlebot3_common/meshes/bases/burger_base.stl
[15.013s] -- Installing: /home/grey/Documentos/GitHub/proy_fireye_ros2/install/proy_fireye_mundo/share/proy_fireye_mundo//models/turtlebot3_common/meshes/waffle_base.dae
[15.013s] -- Installing: /home/grey/Documentos/GitHub/proy_fireye_ros2/install/proy_fireye_mundo/share/proy_fireye_mundo//models/turtlebot3_common/meshes/lds.dae
[15.014s] -- Installing: /home/grey/Documentos/GitHub/proy_fireye_ros2/install/proy_fireye_mundo/share/proy_fireye_mundo//models/turtlebot3_common/meshes/waffle_pi_base.dae
[15.014s] -- Installing: /home/grey/Documentos/GitHub/proy_fireye_ros2/install/proy_fireye_mundo/share/proy_fireye_mundo//models/turtlebot3_common/meshes/tire.dae
[15.014s] -- Installing: /home/grey/Documentos/GitHub/proy_fireye_ros2/install/proy_fireye_mundo/share/proy_fireye_mundo//models/turtlebot3_common/model.config
[15.014s] -- Installing: /home/grey/Documentos/GitHub/proy_fireye_ros2/install/proy_fireye_mundo/share/proy_fireye_mundo//models/turtlebot3_burger
[15.014s] -- Installing: /home/grey/Documentos/GitHub/proy_fireye_ros2/install/proy_fireye_mundo/share/proy_fireye_mundo//models/turtlebot3_burger/model.sdf
[15.014s] -- Installing: /home/grey/Documentos/GitHub/proy_fireye_ros2/install/proy_fireye_mundo/share/proy_fireye_mundo//models/turtlebot3_burger/model-1_4.sdf
[15.014s] -- Installing: /home/grey/Documentos/GitHub/proy_fireye_ros2/install/proy_fireye_mundo/share/proy_fireye_mundo//models/turtlebot3_burger/model.config
[15.015s] -- Installing: /home/grey/Documentos/GitHub/proy_fireye_ros2/install/proy_fireye_mundo/share/proy_fireye_mundo//models/turtlebot3_burger_cam
[15.015s] -- Installing: /home/grey/Documentos/GitHub/proy_fireye_ros2/install/proy_fireye_mundo/share/proy_fireye_mundo//models/turtlebot3_burger_cam/model.sdf
[15.015s] -- Installing: /home/grey/Documentos/GitHub/proy_fireye_ros2/install/proy_fireye_mundo/share/proy_fireye_mundo//models/turtlebot3_burger_cam/model-1_4.sdf
[15.015s] -- Installing: /home/grey/Documentos/GitHub/proy_fireye_ros2/install/proy_fireye_mundo/share/proy_fireye_mundo//models/turtlebot3_burger_cam/model.config
[15.015s] -- Installing: /home/grey/Documentos/GitHub/proy_fireye_ros2/install/proy_fireye_mundo/share/proy_fireye_mundo//params
[15.015s] -- Installing: /home/grey/Documentos/GitHub/proy_fireye_ros2/install/proy_fireye_mundo/share/proy_fireye_mundo//params/turtlebot3_burger_bridge.yaml
[15.015s] -- Installing: /home/grey/Documentos/GitHub/proy_fireye_ros2/install/proy_fireye_mundo/share/proy_fireye_mundo//params/turtlebot3_burger_cam_bridge.yaml
[15.015s] -- Installing: /home/grey/Documentos/GitHub/proy_fireye_ros2/install/proy_fireye_mundo/share/proy_fireye_mundo//rviz
[15.016s] -- Installing: /home/grey/Documentos/GitHub/proy_fireye_ros2/install/proy_fireye_mundo/share/proy_fireye_mundo//rviz/turtlebot3_burger.urdf
[15.016s] -- Installing: /home/grey/Documentos/GitHub/proy_fireye_ros2/install/proy_fireye_mundo/share/proy_fireye_mundo//urdf
[15.016s] -- Installing: /home/grey/Documentos/GitHub/proy_fireye_ros2/install/proy_fireye_mundo/share/proy_fireye_mundo//urdf/turtlebot3_burger_cam.urdf
[15.016s] -- Installing: /home/grey/Documentos/GitHub/proy_fireye_ros2/install/proy_fireye_mundo/share/proy_fireye_mundo//urdf/common_properties.urdf
[15.016s] -- Installing: /home/grey/Documentos/GitHub/proy_fireye_ros2/install/proy_fireye_mundo/share/proy_fireye_mundo//urdf/turtlebot3_burger.urdf
[15.016s] -- Installing: /home/grey/Documentos/GitHub/proy_fireye_ros2/install/proy_fireye_mundo/share/proy_fireye_mundo//worlds
[15.016s] -- Installing: /home/grey/Documentos/GitHub/proy_fireye_ros2/install/proy_fireye_mundo/share/proy_fireye_mundo//worlds/my_world.world
[15.016s] -- Installing: /home/grey/Documentos/GitHub/proy_fireye_ros2/install/proy_fireye_mundo/share/proy_fireye_mundo//worlds/harmonic.sdf
[15.017s] -- Installing: /home/grey/Documentos/GitHub/proy_fireye_ros2/install/proy_fireye_mundo/include/
[15.017s] -- Installing: /home/grey/Documentos/GitHub/proy_fireye_ros2/install/proy_fireye_mundo/include//proy_fireye_world
[15.017s] -- Installing: /home/grey/Documentos/GitHub/proy_fireye_ros2/install/proy_fireye_mundo/include//turtlebot3_drive.hpp
[15.017s] -- Installing: /home/grey/Documentos/GitHub/proy_fireye_ros2/install/proy_fireye_mundo/include//obstacles.hpp
[15.017s] -- Installing: /home/grey/Documentos/GitHub/proy_fireye_ros2/install/proy_fireye_mundo/include//traffic_bar_plugin.hpp
[15.017s] -- Installing: /home/grey/Documentos/GitHub/proy_fireye_ros2/install/proy_fireye_mundo/include//traffic_light_plugin.hpp
[15.017s] -- Installing: /home/grey/Documentos/GitHub/proy_fireye_ros2/install/proy_fireye_mundo/include//obstacle2.hpp
[15.017s] -- Installing: /home/grey/Documentos/GitHub/proy_fireye_ros2/install/proy_fireye_mundo/include//obstacle1.hpp
[15.017s] -- Installing: /home/grey/Documentos/GitHub/proy_fireye_ros2/install/proy_fireye_mundo/share/ament_index/resource_index/package_run_dependencies/proy_fireye_mundo
[15.017s] -- Installing: /home/grey/Documentos/GitHub/proy_fireye_ros2/install/proy_fireye_mundo/share/ament_index/resource_index/parent_prefix_path/proy_fireye_mundo
[15.018s] -- Installing: /home/grey/Documentos/GitHub/proy_fireye_ros2/install/proy_fireye_mundo/share/proy_fireye_mundo/environment/ament_prefix_path.sh
[15.018s] -- Installing: /home/grey/Documentos/GitHub/proy_fireye_ros2/install/proy_fireye_mundo/share/proy_fireye_mundo/environment/ament_prefix_path.dsv
[15.018s] -- Installing: /home/grey/Documentos/GitHub/proy_fireye_ros2/install/proy_fireye_mundo/share/proy_fireye_mundo/environment/path.sh
[15.018s] -- Installing: /home/grey/Documentos/GitHub/proy_fireye_ros2/install/proy_fireye_mundo/share/proy_fireye_mundo/environment/path.dsv
[15.018s] -- Installing: /home/grey/Documentos/GitHub/proy_fireye_ros2/install/proy_fireye_mundo/share/proy_fireye_mundo/local_setup.bash
[15.018s] -- Installing: /home/grey/Documentos/GitHub/proy_fireye_ros2/install/proy_fireye_mundo/share/proy_fireye_mundo/local_setup.sh
[15.018s] -- Installing: /home/grey/Documentos/GitHub/proy_fireye_ros2/install/proy_fireye_mundo/share/proy_fireye_mundo/local_setup.zsh
[15.018s] -- Installing: /home/grey/Documentos/GitHub/proy_fireye_ros2/install/proy_fireye_mundo/share/proy_fireye_mundo/local_setup.dsv
[15.018s] -- Installing: /home/grey/Documentos/GitHub/proy_fireye_ros2/install/proy_fireye_mundo/share/proy_fireye_mundo/package.dsv
[15.018s] -- Installing: /home/grey/Documentos/GitHub/proy_fireye_ros2/install/proy_fireye_mundo/share/ament_index/resource_index/packages/proy_fireye_mundo
[15.019s] -- Installing: /home/grey/Documentos/GitHub/proy_fireye_ros2/install/proy_fireye_mundo/share/proy_fireye_mundo/cmake/ament_cmake_export_include_directories-extras.cmake
[15.019s] -- Installing: /home/grey/Documentos/GitHub/proy_fireye_ros2/install/proy_fireye_mundo/share/proy_fireye_mundo/cmake/ament_cmake_export_dependencies-extras.cmake
[15.019s] -- Installing: /home/grey/Documentos/GitHub/proy_fireye_ros2/install/proy_fireye_mundo/share/proy_fireye_mundo/cmake/proy_fireye_mundoConfig.cmake
[15.019s] -- Installing: /home/grey/Documentos/GitHub/proy_fireye_ros2/install/proy_fireye_mundo/share/proy_fireye_mundo/cmake/proy_fireye_mundoConfig-version.cmake
[15.019s] -- Installing: /home/grey/Documentos/GitHub/proy_fireye_ros2/install/proy_fireye_mundo/share/proy_fireye_mundo/package.xml
[15.022s] Invoked command in '/home/grey/Documentos/GitHub/proy_fireye_ros2/build/proy_fireye_mundo' returned '0': CMAKE_PREFIX_PATH=${CMAKE_PREFIX_PATH}:/home/grey/Documentos/GitHub/proy_fireye_ros2/install/proy_fireye_slam:/home/grey/turtlebot3_ws/install/show_msg:/home/grey/turtlebot3_ws/install/my_nav2_system:/home/grey/turtlebot3_ws/install/my_first_subscriber:/home/grey/turtlebot3_ws/install/my_first_service:/home/grey/turtlebot3_ws/install/my_first_publisher:/home/grey/turtlebot3_ws/install/my_first_node:/home/grey/turtlebot3_ws/install/my_first_action:/opt/ros/jazzy DEBUGINFOD_URLS=https://debuginfod.ubuntu.com /usr/bin/cmake --install /home/grey/Documentos/GitHub/proy_fireye_ros2/build/proy_fireye_mundo
