[0.108s] DEBUG:colcon:Command line arguments: ['/usr/bin/colcon', 'build']
[0.108s] DEBUG:colcon:Parsed command line arguments: Namespace(log_base=None, log_level=None, verb_name='build', build_base='build', install_base='install', merge_install=False, symlink_install=False, test_result_base=None, continue_on_error=False, executor='parallel', parallel_workers=22, event_handlers=None, ignore_user_meta=False, metas=['./colcon.meta'], base_paths=['.'], packages_ignore=None, packages_ignore_regex=None, paths=None, packages_up_to=None, packages_up_to_regex=None, packages_above=None, packages_above_and_dependencies=None, packages_above_depth=None, packages_select_by_dep=None, packages_skip_by_dep=None, packages_skip_up_to=None, packages_select_build_failed=False, packages_skip_build_finished=False, packages_select_test_failures=False, packages_skip_test_passed=False, packages_select=None, packages_skip=None, packages_select_regex=None, packages_skip_regex=None, packages_start=None, packages_end=None, cmake_args=None, cmake_target=None, cmake_target_skip_unavailable=False, cmake_clean_cache=False, cmake_clean_first=False, cmake_force_configure=False, ament_cmake_args=None, catkin_cmake_args=None, catkin_skip_building_tests=False, verb_parser=<colcon_defaults.argument_parser.defaults.DefaultArgumentsDecorator object at 0x73128bb18f50>, verb_extension=<colcon_core.verb.build.BuildVerb object at 0x73128bc9f680>, main=<bound method BuildVerb.main of <colcon_core.verb.build.BuildVerb object at 0x73128bc9f680>>)
[0.147s] Level 1:colcon.colcon_core.package_discovery:discover_packages(colcon_meta) check parameters
[0.147s] Level 1:colcon.colcon_core.package_discovery:discover_packages(recursive) check parameters
[0.147s] Level 1:colcon.colcon_core.package_discovery:discover_packages(ignore) check parameters
[0.147s] Level 1:colcon.colcon_core.package_discovery:discover_packages(path) check parameters
[0.147s] Level 1:colcon.colcon_core.package_discovery:discover_packages(colcon_meta) discover
[0.147s] Level 1:colcon.colcon_core.package_discovery:discover_packages(recursive) discover
[0.147s] INFO:colcon.colcon_core.package_discovery:Crawling recursively for packages in '/home/grey/Documentos/GitHub/proy_fireye_ros2'
[0.147s] Level 1:colcon.colcon_core.package_identification:_identify(.) by extensions ['ignore', 'ignore_ament_install']
[0.147s] Level 1:colcon.colcon_core.package_identification:_identify(.) by extension 'ignore'
[0.147s] Level 1:colcon.colcon_core.package_identification:_identify(.) by extension 'ignore_ament_install'
[0.147s] Level 1:colcon.colcon_core.package_identification:_identify(.) by extensions ['colcon_pkg']
[0.147s] Level 1:colcon.colcon_core.package_identification:_identify(.) by extension 'colcon_pkg'
[0.147s] Level 1:colcon.colcon_core.package_identification:_identify(.) by extensions ['colcon_meta']
[0.147s] Level 1:colcon.colcon_core.package_identification:_identify(.) by extension 'colcon_meta'
[0.147s] Level 1:colcon.colcon_core.package_identification:_identify(.) by extensions ['ros']
[0.147s] Level 1:colcon.colcon_core.package_identification:_identify(.) by extension 'ros'
[0.175s] Level 1:colcon.colcon_core.package_identification:_identify(.) by extensions ['cmake', 'python']
[0.175s] Level 1:colcon.colcon_core.package_identification:_identify(.) by extension 'cmake'
[0.175s] Level 1:colcon.colcon_core.package_identification:_identify(.) by extension 'python'
[0.175s] Level 1:colcon.colcon_core.package_identification:_identify(.) by extensions ['python_setup_py']
[0.175s] Level 1:colcon.colcon_core.package_identification:_identify(.) by extension 'python_setup_py'
[0.176s] Level 1:colcon.colcon_core.package_identification:_identify(build) by extensions ['ignore', 'ignore_ament_install']
[0.176s] Level 1:colcon.colcon_core.package_identification:_identify(build) by extension 'ignore'
[0.176s] Level 1:colcon.colcon_core.package_identification:_identify(build) ignored
[0.176s] Level 1:colcon.colcon_core.package_identification:_identify(install) by extensions ['ignore', 'ignore_ament_install']
[0.176s] Level 1:colcon.colcon_core.package_identification:_identify(install) by extension 'ignore'
[0.176s] Level 1:colcon.colcon_core.package_identification:_identify(install) ignored
[0.176s] Level 1:colcon.colcon_core.package_identification:_identify(log) by extensions ['ignore', 'ignore_ament_install']
[0.176s] Level 1:colcon.colcon_core.package_identification:_identify(log) by extension 'ignore'
[0.176s] Level 1:colcon.colcon_core.package_identification:_identify(log) ignored
[0.176s] Level 1:colcon.colcon_core.package_identification:_identify(proy_fireye) by extensions ['ignore', 'ignore_ament_install']
[0.176s] Level 1:colcon.colcon_core.package_identification:_identify(proy_fireye) by extension 'ignore'
[0.176s] Level 1:colcon.colcon_core.package_identification:_identify(proy_fireye) by extension 'ignore_ament_install'
[0.176s] Level 1:colcon.colcon_core.package_identification:_identify(proy_fireye) by extensions ['colcon_pkg']
[0.176s] Level 1:colcon.colcon_core.package_identification:_identify(proy_fireye) by extension 'colcon_pkg'
[0.176s] Level 1:colcon.colcon_core.package_identification:_identify(proy_fireye) by extensions ['colcon_meta']
[0.177s] Level 1:colcon.colcon_core.package_identification:_identify(proy_fireye) by extension 'colcon_meta'
[0.177s] Level 1:colcon.colcon_core.package_identification:_identify(proy_fireye) by extensions ['ros']
[0.177s] Level 1:colcon.colcon_core.package_identification:_identify(proy_fireye) by extension 'ros'
[0.179s] DEBUG:colcon.colcon_core.package_identification:Package 'proy_fireye' with type 'ros.ament_cmake' and name 'proy_fireye'
[0.179s] Level 1:colcon.colcon_core.package_identification:_identify(proy_fireye_mundo) by extensions ['ignore', 'ignore_ament_install']
[0.179s] Level 1:colcon.colcon_core.package_identification:_identify(proy_fireye_mundo) by extension 'ignore'
[0.179s] Level 1:colcon.colcon_core.package_identification:_identify(proy_fireye_mundo) by extension 'ignore_ament_install'
[0.179s] Level 1:colcon.colcon_core.package_identification:_identify(proy_fireye_mundo) by extensions ['colcon_pkg']
[0.179s] Level 1:colcon.colcon_core.package_identification:_identify(proy_fireye_mundo) by extension 'colcon_pkg'
[0.179s] Level 1:colcon.colcon_core.package_identification:_identify(proy_fireye_mundo) by extensions ['colcon_meta']
[0.179s] Level 1:colcon.colcon_core.package_identification:_identify(proy_fireye_mundo) by extension 'colcon_meta'
[0.179s] Level 1:colcon.colcon_core.package_identification:_identify(proy_fireye_mundo) by extensions ['ros']
[0.179s] Level 1:colcon.colcon_core.package_identification:_identify(proy_fireye_mundo) by extension 'ros'
[0.181s] DEBUG:colcon.colcon_core.package_identification:Package 'proy_fireye_mundo' with type 'ros.ament_cmake' and name 'proy_fireye_mundo'
[0.181s] Level 1:colcon.colcon_core.package_identification:_identify(proy_fireye_slam) by extensions ['ignore', 'ignore_ament_install']
[0.181s] Level 1:colcon.colcon_core.package_identification:_identify(proy_fireye_slam) by extension 'ignore'
[0.181s] Level 1:colcon.colcon_core.package_identification:_identify(proy_fireye_slam) by extension 'ignore_ament_install'
[0.181s] Level 1:colcon.colcon_core.package_identification:_identify(proy_fireye_slam) by extensions ['colcon_pkg']
[0.181s] Level 1:colcon.colcon_core.package_identification:_identify(proy_fireye_slam) by extension 'colcon_pkg'
[0.181s] Level 1:colcon.colcon_core.package_identification:_identify(proy_fireye_slam) by extensions ['colcon_meta']
[0.181s] Level 1:colcon.colcon_core.package_identification:_identify(proy_fireye_slam) by extension 'colcon_meta'
[0.181s] Level 1:colcon.colcon_core.package_identification:_identify(proy_fireye_slam) by extensions ['ros']
[0.181s] Level 1:colcon.colcon_core.package_identification:_identify(proy_fireye_slam) by extension 'ros'
[0.182s] DEBUG:colcon.colcon_core.package_identification:Package 'proy_fireye_slam' with type 'ros.ament_python' and name 'proy_fireye_slam'
[0.182s] Level 1:colcon.colcon_core.package_discovery:discover_packages(recursive) using defaults
[0.182s] Level 1:colcon.colcon_core.package_discovery:discover_packages(ignore) discover
[0.182s] Level 1:colcon.colcon_core.package_discovery:discover_packages(ignore) using defaults
[0.182s] Level 1:colcon.colcon_core.package_discovery:discover_packages(path) discover
[0.182s] Level 1:colcon.colcon_core.package_discovery:discover_packages(path) using defaults
[0.202s] Level 5:colcon.colcon_core.verb:set package 'proy_fireye_mundo' build argument 'cmake_args' from command line to 'None'
[0.202s] Level 5:colcon.colcon_core.verb:set package 'proy_fireye_mundo' build argument 'cmake_target' from command line to 'None'
[0.202s] Level 5:colcon.colcon_core.verb:set package 'proy_fireye_mundo' build argument 'cmake_target_skip_unavailable' from command line to 'False'
[0.202s] Level 5:colcon.colcon_core.verb:set package 'proy_fireye_mundo' build argument 'cmake_clean_cache' from command line to 'False'
[0.202s] Level 5:colcon.colcon_core.verb:set package 'proy_fireye_mundo' build argument 'cmake_clean_first' from command line to 'False'
[0.202s] Level 5:colcon.colcon_core.verb:set package 'proy_fireye_mundo' build argument 'cmake_force_configure' from command line to 'False'
[0.202s] Level 5:colcon.colcon_core.verb:set package 'proy_fireye_mundo' build argument 'ament_cmake_args' from command line to 'None'
[0.202s] Level 5:colcon.colcon_core.verb:set package 'proy_fireye_mundo' build argument 'catkin_cmake_args' from command line to 'None'
[0.202s] Level 5:colcon.colcon_core.verb:set package 'proy_fireye_mundo' build argument 'catkin_skip_building_tests' from command line to 'False'
[0.202s] DEBUG:colcon.colcon_core.verb:Building package 'proy_fireye_mundo' with the following arguments: {'ament_cmake_args': None, 'build_base': '/home/grey/Documentos/GitHub/proy_fireye_ros2/build/proy_fireye_mundo', 'catkin_cmake_args': None, 'catkin_skip_building_tests': False, 'cmake_args': None, 'cmake_clean_cache': False, 'cmake_clean_first': False, 'cmake_force_configure': False, 'cmake_target': None, 'cmake_target_skip_unavailable': False, 'install_base': '/home/grey/Documentos/GitHub/proy_fireye_ros2/install/proy_fireye_mundo', 'merge_install': False, 'path': '/home/grey/Documentos/GitHub/proy_fireye_ros2/proy_fireye_mundo', 'symlink_install': False, 'test_result_base': None}
[0.202s] Level 5:colcon.colcon_core.verb:set package 'proy_fireye_slam' build argument 'cmake_args' from command line to 'None'
[0.202s] Level 5:colcon.colcon_core.verb:set package 'proy_fireye_slam' build argument 'cmake_target' from command line to 'None'
[0.202s] Level 5:colcon.colcon_core.verb:set package 'proy_fireye_slam' build argument 'cmake_target_skip_unavailable' from command line to 'False'
[0.202s] Level 5:colcon.colcon_core.verb:set package 'proy_fireye_slam' build argument 'cmake_clean_cache' from command line to 'False'
[0.202s] Level 5:colcon.colcon_core.verb:set package 'proy_fireye_slam' build argument 'cmake_clean_first' from command line to 'False'
[0.202s] Level 5:colcon.colcon_core.verb:set package 'proy_fireye_slam' build argument 'cmake_force_configure' from command line to 'False'
[0.202s] Level 5:colcon.colcon_core.verb:set package 'proy_fireye_slam' build argument 'ament_cmake_args' from command line to 'None'
[0.202s] Level 5:colcon.colcon_core.verb:set package 'proy_fireye_slam' build argument 'catkin_cmake_args' from command line to 'None'
[0.202s] Level 5:colcon.colcon_core.verb:set package 'proy_fireye_slam' build argument 'catkin_skip_building_tests' from command line to 'False'
[0.202s] DEBUG:colcon.colcon_core.verb:Building package 'proy_fireye_slam' with the following arguments: {'ament_cmake_args': None, 'build_base': '/home/grey/Documentos/GitHub/proy_fireye_ros2/build/proy_fireye_slam', 'catkin_cmake_args': None, 'catkin_skip_building_tests': False, 'cmake_args': None, 'cmake_clean_cache': False, 'cmake_clean_first': False, 'cmake_force_configure': False, 'cmake_target': None, 'cmake_target_skip_unavailable': False, 'install_base': '/home/grey/Documentos/GitHub/proy_fireye_ros2/install/proy_fireye_slam', 'merge_install': False, 'path': '/home/grey/Documentos/GitHub/proy_fireye_ros2/proy_fireye_slam', 'symlink_install': False, 'test_result_base': None}
[0.202s] Level 5:colcon.colcon_core.verb:set package 'proy_fireye' build argument 'cmake_args' from command line to 'None'
[0.202s] Level 5:colcon.colcon_core.verb:set package 'proy_fireye' build argument 'cmake_target' from command line to 'None'
[0.203s] Level 5:colcon.colcon_core.verb:set package 'proy_fireye' build argument 'cmake_target_skip_unavailable' from command line to 'False'
[0.203s] Level 5:colcon.colcon_core.verb:set package 'proy_fireye' build argument 'cmake_clean_cache' from command line to 'False'
[0.203s] Level 5:colcon.colcon_core.verb:set package 'proy_fireye' build argument 'cmake_clean_first' from command line to 'False'
[0.203s] Level 5:colcon.colcon_core.verb:set package 'proy_fireye' build argument 'cmake_force_configure' from command line to 'False'
[0.203s] Level 5:colcon.colcon_core.verb:set package 'proy_fireye' build argument 'ament_cmake_args' from command line to 'None'
[0.203s] Level 5:colcon.colcon_core.verb:set package 'proy_fireye' build argument 'catkin_cmake_args' from command line to 'None'
[0.203s] Level 5:colcon.colcon_core.verb:set package 'proy_fireye' build argument 'catkin_skip_building_tests' from command line to 'False'
[0.203s] DEBUG:colcon.colcon_core.verb:Building package 'proy_fireye' with the following arguments: {'ament_cmake_args': None, 'build_base': '/home/grey/Documentos/GitHub/proy_fireye_ros2/build/proy_fireye', 'catkin_cmake_args': None, 'catkin_skip_building_tests': False, 'cmake_args': None, 'cmake_clean_cache': False, 'cmake_clean_first': False, 'cmake_force_configure': False, 'cmake_target': None, 'cmake_target_skip_unavailable': False, 'install_base': '/home/grey/Documentos/GitHub/proy_fireye_ros2/install/proy_fireye', 'merge_install': False, 'path': '/home/grey/Documentos/GitHub/proy_fireye_ros2/proy_fireye', 'symlink_install': False, 'test_result_base': None}
[0.203s] INFO:colcon.colcon_core.executor:Executing jobs using 'parallel' executor
[0.204s] DEBUG:colcon.colcon_parallel_executor.executor.parallel:run_until_complete
[0.204s] INFO:colcon.colcon_ros.task.ament_cmake.build:Building ROS package in '/home/grey/Documentos/GitHub/proy_fireye_ros2/proy_fireye_mundo' with build type 'ament_cmake'
[0.204s] INFO:colcon.colcon_cmake.task.cmake.build:Building CMake package in '/home/grey/Documentos/GitHub/proy_fireye_ros2/proy_fireye_mundo'
[0.207s] INFO:colcon.colcon_core.plugin_system:Skipping extension 'colcon_core.shell.bat': Not used on non-Windows systems
[0.207s] DEBUG:colcon.colcon_core.shell:Skip shell extension 'dsv' for command environment
[0.213s] INFO:colcon.colcon_ros.task.ament_python.build:Building ROS package in '/home/grey/Documentos/GitHub/proy_fireye_ros2/proy_fireye_slam' with build type 'ament_python'
[0.213s] Level 1:colcon.colcon_core.shell:create_environment_hook('proy_fireye_slam', 'ament_prefix_path')
[0.214s] INFO:colcon.colcon_core.shell:Creating environment descriptor '/home/grey/Documentos/GitHub/proy_fireye_ros2/install/proy_fireye_slam/share/proy_fireye_slam/hook/ament_prefix_path.dsv'
[0.214s] INFO:colcon.colcon_core.shell:Creating environment hook '/home/grey/Documentos/GitHub/proy_fireye_ros2/install/proy_fireye_slam/share/proy_fireye_slam/hook/ament_prefix_path.sh'
[0.215s] DEBUG:colcon.colcon_core.shell:Skip shell extension 'dsv' for command environment
[0.226s] DEBUG:colcon.colcon_core.event_handler.log_command:Invoking command in '/home/grey/Documentos/GitHub/proy_fireye_ros2/build/proy_fireye_mundo': CMAKE_PREFIX_PATH=${CMAKE_PREFIX_PATH}:/home/grey/Documentos/GitHub/proy_fireye_ros2/install/proy_fireye_slam:/home/grey/turtlebot3_ws/install/show_msg:/home/grey/turtlebot3_ws/install/my_nav2_system:/home/grey/turtlebot3_ws/install/my_first_subscriber:/home/grey/turtlebot3_ws/install/my_first_service:/home/grey/turtlebot3_ws/install/my_first_publisher:/home/grey/turtlebot3_ws/install/my_first_node:/home/grey/turtlebot3_ws/install/my_first_action:/opt/ros/jazzy DEBUGINFOD_URLS=https://debuginfod.ubuntu.com /usr/bin/cmake --build /home/grey/Documentos/GitHub/proy_fireye_ros2/build/proy_fireye_mundo -- -j22 -l22
[0.461s] INFO:colcon.colcon_core.task.python.build:Building Python package in '/home/grey/Documentos/GitHub/proy_fireye_ros2/proy_fireye_slam'
[0.461s] DEBUG:colcon.colcon_core.shell:Skip shell extension 'dsv' for command environment
[0.470s] DEBUG:colcon.colcon_core.event_handler.log_command:Invoked command in '/home/grey/Documentos/GitHub/proy_fireye_ros2/build/proy_fireye_mundo' returned '0': CMAKE_PREFIX_PATH=${CMAKE_PREFIX_PATH}:/home/grey/Documentos/GitHub/proy_fireye_ros2/install/proy_fireye_slam:/home/grey/turtlebot3_ws/install/show_msg:/home/grey/turtlebot3_ws/install/my_nav2_system:/home/grey/turtlebot3_ws/install/my_first_subscriber:/home/grey/turtlebot3_ws/install/my_first_service:/home/grey/turtlebot3_ws/install/my_first_publisher:/home/grey/turtlebot3_ws/install/my_first_node:/home/grey/turtlebot3_ws/install/my_first_action:/opt/ros/jazzy DEBUGINFOD_URLS=https://debuginfod.ubuntu.com /usr/bin/cmake --build /home/grey/Documentos/GitHub/proy_fireye_ros2/build/proy_fireye_mundo -- -j22 -l22
[0.485s] DEBUG:colcon.colcon_core.event_handler.log_command:Invoking command in '/home/grey/Documentos/GitHub/proy_fireye_ros2/build/proy_fireye_mundo': CMAKE_PREFIX_PATH=${CMAKE_PREFIX_PATH}:/home/grey/Documentos/GitHub/proy_fireye_ros2/install/proy_fireye_slam:/home/grey/turtlebot3_ws/install/show_msg:/home/grey/turtlebot3_ws/install/my_nav2_system:/home/grey/turtlebot3_ws/install/my_first_subscriber:/home/grey/turtlebot3_ws/install/my_first_service:/home/grey/turtlebot3_ws/install/my_first_publisher:/home/grey/turtlebot3_ws/install/my_first_node:/home/grey/turtlebot3_ws/install/my_first_action:/opt/ros/jazzy DEBUGINFOD_URLS=https://debuginfod.ubuntu.com /usr/bin/cmake --install /home/grey/Documentos/GitHub/proy_fireye_ros2/build/proy_fireye_mundo
[0.502s] Level 1:colcon.colcon_core.environment:create_environment_scripts_only(proy_fireye_mundo)
[0.510s] DEBUG:colcon.colcon_core.event_handler.log_command:Invoked command in '/home/grey/Documentos/GitHub/proy_fireye_ros2/build/proy_fireye_mundo' returned '0': CMAKE_PREFIX_PATH=${CMAKE_PREFIX_PATH}:/home/grey/Documentos/GitHub/proy_fireye_ros2/install/proy_fireye_slam:/home/grey/turtlebot3_ws/install/show_msg:/home/grey/turtlebot3_ws/install/my_nav2_system:/home/grey/turtlebot3_ws/install/my_first_subscriber:/home/grey/turtlebot3_ws/install/my_first_service:/home/grey/turtlebot3_ws/install/my_first_publisher:/home/grey/turtlebot3_ws/install/my_first_node:/home/grey/turtlebot3_ws/install/my_first_action:/opt/ros/jazzy DEBUGINFOD_URLS=https://debuginfod.ubuntu.com /usr/bin/cmake --install /home/grey/Documentos/GitHub/proy_fireye_ros2/build/proy_fireye_mundo
[0.512s] Level 1:colcon.colcon_core.environment:checking '/home/grey/Documentos/GitHub/proy_fireye_ros2/install/proy_fireye_mundo' for CMake module files
[0.513s] Level 1:colcon.colcon_core.environment:checking '/home/grey/Documentos/GitHub/proy_fireye_ros2/install/proy_fireye_mundo' for CMake config files
[0.513s] Level 1:colcon.colcon_core.shell:create_environment_hook('proy_fireye_mundo', 'cmake_prefix_path')
[0.514s] INFO:colcon.colcon_core.shell:Creating environment descriptor '/home/grey/Documentos/GitHub/proy_fireye_ros2/install/proy_fireye_mundo/share/proy_fireye_mundo/hook/cmake_prefix_path.dsv'
[0.514s] INFO:colcon.colcon_core.shell:Creating environment hook '/home/grey/Documentos/GitHub/proy_fireye_ros2/install/proy_fireye_mundo/share/proy_fireye_mundo/hook/cmake_prefix_path.sh'
[0.516s] Level 1:colcon.colcon_core.environment:checking '/home/grey/Documentos/GitHub/proy_fireye_ros2/install/proy_fireye_mundo/lib'
[0.516s] Level 1:colcon.colcon_core.environment:checking '/home/grey/Documentos/GitHub/proy_fireye_ros2/install/proy_fireye_mundo/bin'
[0.516s] Level 1:colcon.colcon_core.environment:checking '/home/grey/Documentos/GitHub/proy_fireye_ros2/install/proy_fireye_mundo/lib/pkgconfig/proy_fireye_mundo.pc'
[0.516s] Level 1:colcon.colcon_core.environment:checking '/home/grey/Documentos/GitHub/proy_fireye_ros2/install/proy_fireye_mundo/lib/python3.12/site-packages'
[0.517s] Level 1:colcon.colcon_core.environment:checking '/home/grey/Documentos/GitHub/proy_fireye_ros2/install/proy_fireye_mundo/bin'
[0.517s] INFO:colcon.colcon_core.shell:Creating package descriptor '/home/grey/Documentos/GitHub/proy_fireye_ros2/install/proy_fireye_mundo/share/proy_fireye_mundo/package.dsv'
[0.518s] INFO:colcon.colcon_core.shell:Creating package script '/home/grey/Documentos/GitHub/proy_fireye_ros2/install/proy_fireye_mundo/share/proy_fireye_mundo/package.sh'
[0.519s] INFO:colcon.colcon_core.shell:Creating package script '/home/grey/Documentos/GitHub/proy_fireye_ros2/install/proy_fireye_mundo/share/proy_fireye_mundo/package.bash'
[0.520s] INFO:colcon.colcon_core.shell:Creating package script '/home/grey/Documentos/GitHub/proy_fireye_ros2/install/proy_fireye_mundo/share/proy_fireye_mundo/package.zsh'
[0.521s] Level 1:colcon.colcon_core.environment:create_file_with_runtime_dependencies(/home/grey/Documentos/GitHub/proy_fireye_ros2/install/proy_fireye_mundo/share/colcon-core/packages/proy_fireye_mundo)
[0.522s] Level 1:colcon.colcon_core.environment:create_environment_scripts_only(proy_fireye_mundo)
[0.522s] Level 1:colcon.colcon_core.environment:checking '/home/grey/Documentos/GitHub/proy_fireye_ros2/install/proy_fireye_mundo' for CMake module files
[0.522s] Level 1:colcon.colcon_core.environment:checking '/home/grey/Documentos/GitHub/proy_fireye_ros2/install/proy_fireye_mundo' for CMake config files
[0.523s] Level 1:colcon.colcon_core.shell:create_environment_hook('proy_fireye_mundo', 'cmake_prefix_path')
[0.523s] INFO:colcon.colcon_core.shell:Creating environment descriptor '/home/grey/Documentos/GitHub/proy_fireye_ros2/install/proy_fireye_mundo/share/proy_fireye_mundo/hook/cmake_prefix_path.dsv'
[0.523s] INFO:colcon.colcon_core.shell:Creating environment hook '/home/grey/Documentos/GitHub/proy_fireye_ros2/install/proy_fireye_mundo/share/proy_fireye_mundo/hook/cmake_prefix_path.sh'
[0.524s] Level 1:colcon.colcon_core.environment:checking '/home/grey/Documentos/GitHub/proy_fireye_ros2/install/proy_fireye_mundo/lib'
[0.524s] Level 1:colcon.colcon_core.environment:checking '/home/grey/Documentos/GitHub/proy_fireye_ros2/install/proy_fireye_mundo/bin'
[0.524s] Level 1:colcon.colcon_core.environment:checking '/home/grey/Documentos/GitHub/proy_fireye_ros2/install/proy_fireye_mundo/lib/pkgconfig/proy_fireye_mundo.pc'
[0.524s] Level 1:colcon.colcon_core.environment:checking '/home/grey/Documentos/GitHub/proy_fireye_ros2/install/proy_fireye_mundo/lib/python3.12/site-packages'
[0.525s] Level 1:colcon.colcon_core.environment:checking '/home/grey/Documentos/GitHub/proy_fireye_ros2/install/proy_fireye_mundo/bin'
[0.525s] INFO:colcon.colcon_core.shell:Creating package descriptor '/home/grey/Documentos/GitHub/proy_fireye_ros2/install/proy_fireye_mundo/share/proy_fireye_mundo/package.dsv'
[0.526s] INFO:colcon.colcon_core.shell:Creating package script '/home/grey/Documentos/GitHub/proy_fireye_ros2/install/proy_fireye_mundo/share/proy_fireye_mundo/package.sh'
[0.526s] INFO:colcon.colcon_core.shell:Creating package script '/home/grey/Documentos/GitHub/proy_fireye_ros2/install/proy_fireye_mundo/share/proy_fireye_mundo/package.bash'
[0.526s] INFO:colcon.colcon_core.shell:Creating package script '/home/grey/Documentos/GitHub/proy_fireye_ros2/install/proy_fireye_mundo/share/proy_fireye_mundo/package.zsh'
[0.527s] Level 1:colcon.colcon_core.environment:create_file_with_runtime_dependencies(/home/grey/Documentos/GitHub/proy_fireye_ros2/install/proy_fireye_mundo/share/colcon-core/packages/proy_fireye_mundo)
[0.993s] DEBUG:colcon.colcon_core.event_handler.log_command:Invoking command in '/home/grey/Documentos/GitHub/proy_fireye_ros2/proy_fireye_slam': DEBUGINFOD_URLS=https://debuginfod.ubuntu.com PYTHONPATH=/home/grey/Documentos/GitHub/proy_fireye_ros2/build/proy_fireye_slam/prefix_override:/usr/lib/python3/dist-packages/colcon_core/task/python/colcon_distutils_commands:/home/grey/Documentos/GitHub/proy_fireye_ros2/install/proy_fireye_slam/lib/python3.12/site-packages:${PYTHONPATH} /usr/bin/python3 -W ignore:setup.py install is deprecated -W ignore:easy_install command is deprecated setup.py egg_info --egg-base ../build/proy_fireye_slam build --build-base /home/grey/Documentos/GitHub/proy_fireye_ros2/build/proy_fireye_slam/build install --record /home/grey/Documentos/GitHub/proy_fireye_ros2/build/proy_fireye_slam/install.log --single-version-externally-managed install_data
[1.464s] Level 1:colcon.colcon_core.environment:checking '/home/grey/Documentos/GitHub/proy_fireye_ros2/install/proy_fireye_slam' for CMake module files
[1.465s] DEBUG:colcon.colcon_core.event_handler.log_command:Invoked command in '/home/grey/Documentos/GitHub/proy_fireye_ros2/proy_fireye_slam' returned '0': DEBUGINFOD_URLS=https://debuginfod.ubuntu.com PYTHONPATH=/home/grey/Documentos/GitHub/proy_fireye_ros2/build/proy_fireye_slam/prefix_override:/usr/lib/python3/dist-packages/colcon_core/task/python/colcon_distutils_commands:/home/grey/Documentos/GitHub/proy_fireye_ros2/install/proy_fireye_slam/lib/python3.12/site-packages:${PYTHONPATH} /usr/bin/python3 -W ignore:setup.py install is deprecated -W ignore:easy_install command is deprecated setup.py egg_info --egg-base ../build/proy_fireye_slam build --build-base /home/grey/Documentos/GitHub/proy_fireye_ros2/build/proy_fireye_slam/build install --record /home/grey/Documentos/GitHub/proy_fireye_ros2/build/proy_fireye_slam/install.log --single-version-externally-managed install_data
[1.466s] Level 1:colcon.colcon_core.environment:checking '/home/grey/Documentos/GitHub/proy_fireye_ros2/install/proy_fireye_slam' for CMake config files
[1.466s] Level 1:colcon.colcon_core.environment:checking '/home/grey/Documentos/GitHub/proy_fireye_ros2/install/proy_fireye_slam/lib'
[1.466s] Level 1:colcon.colcon_core.environment:checking '/home/grey/Documentos/GitHub/proy_fireye_ros2/install/proy_fireye_slam/bin'
[1.466s] Level 1:colcon.colcon_core.environment:checking '/home/grey/Documentos/GitHub/proy_fireye_ros2/install/proy_fireye_slam/lib/pkgconfig/proy_fireye_slam.pc'
[1.467s] Level 1:colcon.colcon_core.environment:checking '/home/grey/Documentos/GitHub/proy_fireye_ros2/install/proy_fireye_slam/lib/python3.12/site-packages'
[1.467s] Level 1:colcon.colcon_core.shell:create_environment_hook('proy_fireye_slam', 'pythonpath')
[1.467s] INFO:colcon.colcon_core.shell:Creating environment descriptor '/home/grey/Documentos/GitHub/proy_fireye_ros2/install/proy_fireye_slam/share/proy_fireye_slam/hook/pythonpath.dsv'
[1.468s] INFO:colcon.colcon_core.shell:Creating environment hook '/home/grey/Documentos/GitHub/proy_fireye_ros2/install/proy_fireye_slam/share/proy_fireye_slam/hook/pythonpath.sh'
[1.468s] Level 1:colcon.colcon_core.environment:checking '/home/grey/Documentos/GitHub/proy_fireye_ros2/install/proy_fireye_slam/bin'
[1.468s] Level 1:colcon.colcon_core.environment:create_environment_scripts_only(proy_fireye_slam)
[1.469s] INFO:colcon.colcon_core.shell:Creating package descriptor '/home/grey/Documentos/GitHub/proy_fireye_ros2/install/proy_fireye_slam/share/proy_fireye_slam/package.dsv'
[1.469s] INFO:colcon.colcon_core.shell:Creating package script '/home/grey/Documentos/GitHub/proy_fireye_ros2/install/proy_fireye_slam/share/proy_fireye_slam/package.sh'
[1.470s] INFO:colcon.colcon_core.shell:Creating package script '/home/grey/Documentos/GitHub/proy_fireye_ros2/install/proy_fireye_slam/share/proy_fireye_slam/package.bash'
[1.470s] INFO:colcon.colcon_core.shell:Creating package script '/home/grey/Documentos/GitHub/proy_fireye_ros2/install/proy_fireye_slam/share/proy_fireye_slam/package.zsh'
[1.471s] Level 1:colcon.colcon_core.environment:create_file_with_runtime_dependencies(/home/grey/Documentos/GitHub/proy_fireye_ros2/install/proy_fireye_slam/share/colcon-core/packages/proy_fireye_slam)
[1.471s] INFO:colcon.colcon_ros.task.ament_cmake.build:Building ROS package in '/home/grey/Documentos/GitHub/proy_fireye_ros2/proy_fireye' with build type 'ament_cmake'
[1.471s] INFO:colcon.colcon_cmake.task.cmake.build:Building CMake package in '/home/grey/Documentos/GitHub/proy_fireye_ros2/proy_fireye'
[1.472s] DEBUG:colcon.colcon_core.shell:Skip shell extension 'dsv' for command environment
[1.487s] DEBUG:colcon.colcon_core.event_handler.log_command:Invoking command in '/home/grey/Documentos/GitHub/proy_fireye_ros2/build/proy_fireye': AMENT_PREFIX_PATH=/home/grey/Documentos/GitHub/proy_fireye_ros2/install/proy_fireye_slam:/home/grey/Documentos/GitHub/proy_fireye_ros2/install/proy_fireye:/home/grey/Documentos/GitHub/proy_fireye_ros2/install/proy_fireye_mundo:/home/grey/turtlebot3_ws/install/turtlebot3_simulations:/home/grey/turtlebot3_ws/install/turtlebot3_gazebo:/home/grey/turtlebot3_ws/install/turtlebot3_fake_node:/home/grey/turtlebot3_ws/install/show_msg:/home/grey/turtlebot3_ws/install/my_world:/home/grey/turtlebot3_ws/install/my_nav2_system:/home/grey/turtlebot3_ws/install/my_first_subscriber:/home/grey/turtlebot3_ws/install/my_first_service:/home/grey/turtlebot3_ws/install/my_first_publisher:/home/grey/turtlebot3_ws/install/my_first_node:/home/grey/turtlebot3_ws/install/my_first_action:/home/grey/turtlebot3_ws/install/custom_interface:/opt/ros/jazzy CMAKE_PREFIX_PATH=/home/grey/Documentos/GitHub/proy_fireye_ros2/install/proy_fireye_mundo:/home/grey/Documentos/GitHub/proy_fireye_ros2/install/proy_fireye:/home/grey/turtlebot3_ws/install/turtlebot3_simulations:/home/grey/turtlebot3_ws/install/turtlebot3_gazebo:/home/grey/turtlebot3_ws/install/turtlebot3_fake_node:/home/grey/turtlebot3_ws/install/my_world:/home/grey/turtlebot3_ws/install/custom_interface:/opt/ros/jazzy/opt/gz_sim_vendor:/opt/ros/jazzy/opt/gz_sensors_vendor:/opt/ros/jazzy/opt/gz_physics_vendor:/opt/ros/jazzy/opt/sdformat_vendor:/opt/ros/jazzy/opt/gz_gui_vendor:/opt/ros/jazzy/opt/gz_transport_vendor:/opt/ros/jazzy/opt/gz_rendering_vendor:/opt/ros/jazzy/opt/gz_plugin_vendor:/opt/ros/jazzy/opt/gz_fuel_tools_vendor:/opt/ros/jazzy/opt/gz_msgs_vendor:/opt/ros/jazzy/opt/gz_common_vendor:/opt/ros/jazzy/opt/gz_math_vendor:/opt/ros/jazzy/opt/gz_utils_vendor:/opt/ros/jazzy/opt/gz_tools_vendor:/opt/ros/jazzy/opt/gz_ogre_next_vendor:/opt/ros/jazzy/opt/gz_dartsim_vendor:/opt/ros/jazzy/opt/gz_cmake_vendor:/home/grey/Documentos/GitHub/proy_fireye_ros2/install/proy_fireye_slam:/home/grey/turtlebot3_ws/install/show_msg:/home/grey/turtlebot3_ws/install/my_nav2_system:/home/grey/turtlebot3_ws/install/my_first_subscriber:/home/grey/turtlebot3_ws/install/my_first_service:/home/grey/turtlebot3_ws/install/my_first_publisher:/home/grey/turtlebot3_ws/install/my_first_node:/home/grey/turtlebot3_ws/install/my_first_action:/opt/ros/jazzy DEBUGINFOD_URLS=https://debuginfod.ubuntu.com /usr/bin/cmake --build /home/grey/Documentos/GitHub/proy_fireye_ros2/build/proy_fireye -- -j22 -l22
[1.543s] DEBUG:colcon.colcon_core.event_handler.log_command:Invoked command in '/home/grey/Documentos/GitHub/proy_fireye_ros2/build/proy_fireye' returned '0': AMENT_PREFIX_PATH=/home/grey/Documentos/GitHub/proy_fireye_ros2/install/proy_fireye_slam:/home/grey/Documentos/GitHub/proy_fireye_ros2/install/proy_fireye:/home/grey/Documentos/GitHub/proy_fireye_ros2/install/proy_fireye_mundo:/home/grey/turtlebot3_ws/install/turtlebot3_simulations:/home/grey/turtlebot3_ws/install/turtlebot3_gazebo:/home/grey/turtlebot3_ws/install/turtlebot3_fake_node:/home/grey/turtlebot3_ws/install/show_msg:/home/grey/turtlebot3_ws/install/my_world:/home/grey/turtlebot3_ws/install/my_nav2_system:/home/grey/turtlebot3_ws/install/my_first_subscriber:/home/grey/turtlebot3_ws/install/my_first_service:/home/grey/turtlebot3_ws/install/my_first_publisher:/home/grey/turtlebot3_ws/install/my_first_node:/home/grey/turtlebot3_ws/install/my_first_action:/home/grey/turtlebot3_ws/install/custom_interface:/opt/ros/jazzy CMAKE_PREFIX_PATH=/home/grey/Documentos/GitHub/proy_fireye_ros2/install/proy_fireye_mundo:/home/grey/Documentos/GitHub/proy_fireye_ros2/install/proy_fireye:/home/grey/turtlebot3_ws/install/turtlebot3_simulations:/home/grey/turtlebot3_ws/install/turtlebot3_gazebo:/home/grey/turtlebot3_ws/install/turtlebot3_fake_node:/home/grey/turtlebot3_ws/install/my_world:/home/grey/turtlebot3_ws/install/custom_interface:/opt/ros/jazzy/opt/gz_sim_vendor:/opt/ros/jazzy/opt/gz_sensors_vendor:/opt/ros/jazzy/opt/gz_physics_vendor:/opt/ros/jazzy/opt/sdformat_vendor:/opt/ros/jazzy/opt/gz_gui_vendor:/opt/ros/jazzy/opt/gz_transport_vendor:/opt/ros/jazzy/opt/gz_rendering_vendor:/opt/ros/jazzy/opt/gz_plugin_vendor:/opt/ros/jazzy/opt/gz_fuel_tools_vendor:/opt/ros/jazzy/opt/gz_msgs_vendor:/opt/ros/jazzy/opt/gz_common_vendor:/opt/ros/jazzy/opt/gz_math_vendor:/opt/ros/jazzy/opt/gz_utils_vendor:/opt/ros/jazzy/opt/gz_tools_vendor:/opt/ros/jazzy/opt/gz_ogre_next_vendor:/opt/ros/jazzy/opt/gz_dartsim_vendor:/opt/ros/jazzy/opt/gz_cmake_vendor:/home/grey/Documentos/GitHub/proy_fireye_ros2/install/proy_fireye_slam:/home/grey/turtlebot3_ws/install/show_msg:/home/grey/turtlebot3_ws/install/my_nav2_system:/home/grey/turtlebot3_ws/install/my_first_subscriber:/home/grey/turtlebot3_ws/install/my_first_service:/home/grey/turtlebot3_ws/install/my_first_publisher:/home/grey/turtlebot3_ws/install/my_first_node:/home/grey/turtlebot3_ws/install/my_first_action:/opt/ros/jazzy DEBUGINFOD_URLS=https://debuginfod.ubuntu.com /usr/bin/cmake --build /home/grey/Documentos/GitHub/proy_fireye_ros2/build/proy_fireye -- -j22 -l22
[1.544s] DEBUG:colcon.colcon_core.event_handler.log_command:Invoking command in '/home/grey/Documentos/GitHub/proy_fireye_ros2/build/proy_fireye': AMENT_PREFIX_PATH=/home/grey/Documentos/GitHub/proy_fireye_ros2/install/proy_fireye_slam:/home/grey/Documentos/GitHub/proy_fireye_ros2/install/proy_fireye:/home/grey/Documentos/GitHub/proy_fireye_ros2/install/proy_fireye_mundo:/home/grey/turtlebot3_ws/install/turtlebot3_simulations:/home/grey/turtlebot3_ws/install/turtlebot3_gazebo:/home/grey/turtlebot3_ws/install/turtlebot3_fake_node:/home/grey/turtlebot3_ws/install/show_msg:/home/grey/turtlebot3_ws/install/my_world:/home/grey/turtlebot3_ws/install/my_nav2_system:/home/grey/turtlebot3_ws/install/my_first_subscriber:/home/grey/turtlebot3_ws/install/my_first_service:/home/grey/turtlebot3_ws/install/my_first_publisher:/home/grey/turtlebot3_ws/install/my_first_node:/home/grey/turtlebot3_ws/install/my_first_action:/home/grey/turtlebot3_ws/install/custom_interface:/opt/ros/jazzy CMAKE_PREFIX_PATH=/home/grey/Documentos/GitHub/proy_fireye_ros2/install/proy_fireye_mundo:/home/grey/Documentos/GitHub/proy_fireye_ros2/install/proy_fireye:/home/grey/turtlebot3_ws/install/turtlebot3_simulations:/home/grey/turtlebot3_ws/install/turtlebot3_gazebo:/home/grey/turtlebot3_ws/install/turtlebot3_fake_node:/home/grey/turtlebot3_ws/install/my_world:/home/grey/turtlebot3_ws/install/custom_interface:/opt/ros/jazzy/opt/gz_sim_vendor:/opt/ros/jazzy/opt/gz_sensors_vendor:/opt/ros/jazzy/opt/gz_physics_vendor:/opt/ros/jazzy/opt/sdformat_vendor:/opt/ros/jazzy/opt/gz_gui_vendor:/opt/ros/jazzy/opt/gz_transport_vendor:/opt/ros/jazzy/opt/gz_rendering_vendor:/opt/ros/jazzy/opt/gz_plugin_vendor:/opt/ros/jazzy/opt/gz_fuel_tools_vendor:/opt/ros/jazzy/opt/gz_msgs_vendor:/opt/ros/jazzy/opt/gz_common_vendor:/opt/ros/jazzy/opt/gz_math_vendor:/opt/ros/jazzy/opt/gz_utils_vendor:/opt/ros/jazzy/opt/gz_tools_vendor:/opt/ros/jazzy/opt/gz_ogre_next_vendor:/opt/ros/jazzy/opt/gz_dartsim_vendor:/opt/ros/jazzy/opt/gz_cmake_vendor:/home/grey/Documentos/GitHub/proy_fireye_ros2/install/proy_fireye_slam:/home/grey/turtlebot3_ws/install/show_msg:/home/grey/turtlebot3_ws/install/my_nav2_system:/home/grey/turtlebot3_ws/install/my_first_subscriber:/home/grey/turtlebot3_ws/install/my_first_service:/home/grey/turtlebot3_ws/install/my_first_publisher:/home/grey/turtlebot3_ws/install/my_first_node:/home/grey/turtlebot3_ws/install/my_first_action:/opt/ros/jazzy DEBUGINFOD_URLS=https://debuginfod.ubuntu.com /usr/bin/cmake --install /home/grey/Documentos/GitHub/proy_fireye_ros2/build/proy_fireye
[1.557s] Level 1:colcon.colcon_core.environment:create_environment_scripts_only(proy_fireye)
[1.557s] Level 1:colcon.colcon_core.environment:checking '/home/grey/Documentos/GitHub/proy_fireye_ros2/install/proy_fireye' for CMake module files
[1.558s] DEBUG:colcon.colcon_core.event_handler.log_command:Invoked command in '/home/grey/Documentos/GitHub/proy_fireye_ros2/build/proy_fireye' returned '0': AMENT_PREFIX_PATH=/home/grey/Documentos/GitHub/proy_fireye_ros2/install/proy_fireye_slam:/home/grey/Documentos/GitHub/proy_fireye_ros2/install/proy_fireye:/home/grey/Documentos/GitHub/proy_fireye_ros2/install/proy_fireye_mundo:/home/grey/turtlebot3_ws/install/turtlebot3_simulations:/home/grey/turtlebot3_ws/install/turtlebot3_gazebo:/home/grey/turtlebot3_ws/install/turtlebot3_fake_node:/home/grey/turtlebot3_ws/install/show_msg:/home/grey/turtlebot3_ws/install/my_world:/home/grey/turtlebot3_ws/install/my_nav2_system:/home/grey/turtlebot3_ws/install/my_first_subscriber:/home/grey/turtlebot3_ws/install/my_first_service:/home/grey/turtlebot3_ws/install/my_first_publisher:/home/grey/turtlebot3_ws/install/my_first_node:/home/grey/turtlebot3_ws/install/my_first_action:/home/grey/turtlebot3_ws/install/custom_interface:/opt/ros/jazzy CMAKE_PREFIX_PATH=/home/grey/Documentos/GitHub/proy_fireye_ros2/install/proy_fireye_mundo:/home/grey/Documentos/GitHub/proy_fireye_ros2/install/proy_fireye:/home/grey/turtlebot3_ws/install/turtlebot3_simulations:/home/grey/turtlebot3_ws/install/turtlebot3_gazebo:/home/grey/turtlebot3_ws/install/turtlebot3_fake_node:/home/grey/turtlebot3_ws/install/my_world:/home/grey/turtlebot3_ws/install/custom_interface:/opt/ros/jazzy/opt/gz_sim_vendor:/opt/ros/jazzy/opt/gz_sensors_vendor:/opt/ros/jazzy/opt/gz_physics_vendor:/opt/ros/jazzy/opt/sdformat_vendor:/opt/ros/jazzy/opt/gz_gui_vendor:/opt/ros/jazzy/opt/gz_transport_vendor:/opt/ros/jazzy/opt/gz_rendering_vendor:/opt/ros/jazzy/opt/gz_plugin_vendor:/opt/ros/jazzy/opt/gz_fuel_tools_vendor:/opt/ros/jazzy/opt/gz_msgs_vendor:/opt/ros/jazzy/opt/gz_common_vendor:/opt/ros/jazzy/opt/gz_math_vendor:/opt/ros/jazzy/opt/gz_utils_vendor:/opt/ros/jazzy/opt/gz_tools_vendor:/opt/ros/jazzy/opt/gz_ogre_next_vendor:/opt/ros/jazzy/opt/gz_dartsim_vendor:/opt/ros/jazzy/opt/gz_cmake_vendor:/home/grey/Documentos/GitHub/proy_fireye_ros2/install/proy_fireye_slam:/home/grey/turtlebot3_ws/install/show_msg:/home/grey/turtlebot3_ws/install/my_nav2_system:/home/grey/turtlebot3_ws/install/my_first_subscriber:/home/grey/turtlebot3_ws/install/my_first_service:/home/grey/turtlebot3_ws/install/my_first_publisher:/home/grey/turtlebot3_ws/install/my_first_node:/home/grey/turtlebot3_ws/install/my_first_action:/opt/ros/jazzy DEBUGINFOD_URLS=https://debuginfod.ubuntu.com /usr/bin/cmake --install /home/grey/Documentos/GitHub/proy_fireye_ros2/build/proy_fireye
[1.558s] Level 1:colcon.colcon_core.environment:checking '/home/grey/Documentos/GitHub/proy_fireye_ros2/install/proy_fireye' for CMake config files
[1.558s] Level 1:colcon.colcon_core.shell:create_environment_hook('proy_fireye', 'cmake_prefix_path')
[1.558s] INFO:colcon.colcon_core.shell:Creating environment descriptor '/home/grey/Documentos/GitHub/proy_fireye_ros2/install/proy_fireye/share/proy_fireye/hook/cmake_prefix_path.dsv'
[1.559s] INFO:colcon.colcon_core.shell:Creating environment hook '/home/grey/Documentos/GitHub/proy_fireye_ros2/install/proy_fireye/share/proy_fireye/hook/cmake_prefix_path.sh'
[1.560s] Level 1:colcon.colcon_core.environment:checking '/home/grey/Documentos/GitHub/proy_fireye_ros2/install/proy_fireye/bin'
[1.560s] Level 1:colcon.colcon_core.environment:checking '/home/grey/Documentos/GitHub/proy_fireye_ros2/install/proy_fireye/lib/pkgconfig/proy_fireye.pc'
[1.560s] Level 1:colcon.colcon_core.environment:checking '/home/grey/Documentos/GitHub/proy_fireye_ros2/install/proy_fireye/lib/python3.12/site-packages'
[1.561s] Level 1:colcon.colcon_core.environment:checking '/home/grey/Documentos/GitHub/proy_fireye_ros2/install/proy_fireye/bin'
[1.561s] INFO:colcon.colcon_core.shell:Creating package descriptor '/home/grey/Documentos/GitHub/proy_fireye_ros2/install/proy_fireye/share/proy_fireye/package.dsv'
[1.561s] INFO:colcon.colcon_core.shell:Creating package script '/home/grey/Documentos/GitHub/proy_fireye_ros2/install/proy_fireye/share/proy_fireye/package.sh'
[1.562s] INFO:colcon.colcon_core.shell:Creating package script '/home/grey/Documentos/GitHub/proy_fireye_ros2/install/proy_fireye/share/proy_fireye/package.bash'
[1.562s] INFO:colcon.colcon_core.shell:Creating package script '/home/grey/Documentos/GitHub/proy_fireye_ros2/install/proy_fireye/share/proy_fireye/package.zsh'
[1.563s] Level 1:colcon.colcon_core.environment:create_file_with_runtime_dependencies(/home/grey/Documentos/GitHub/proy_fireye_ros2/install/proy_fireye/share/colcon-core/packages/proy_fireye)
[1.563s] Level 1:colcon.colcon_core.environment:create_environment_scripts_only(proy_fireye)
[1.563s] Level 1:colcon.colcon_core.environment:checking '/home/grey/Documentos/GitHub/proy_fireye_ros2/install/proy_fireye' for CMake module files
[1.564s] Level 1:colcon.colcon_core.environment:checking '/home/grey/Documentos/GitHub/proy_fireye_ros2/install/proy_fireye' for CMake config files
[1.564s] Level 1:colcon.colcon_core.shell:create_environment_hook('proy_fireye', 'cmake_prefix_path')
[1.564s] INFO:colcon.colcon_core.shell:Creating environment descriptor '/home/grey/Documentos/GitHub/proy_fireye_ros2/install/proy_fireye/share/proy_fireye/hook/cmake_prefix_path.dsv'
[1.565s] INFO:colcon.colcon_core.shell:Creating environment hook '/home/grey/Documentos/GitHub/proy_fireye_ros2/install/proy_fireye/share/proy_fireye/hook/cmake_prefix_path.sh'
[1.565s] Level 1:colcon.colcon_core.environment:checking '/home/grey/Documentos/GitHub/proy_fireye_ros2/install/proy_fireye/bin'
[1.565s] Level 1:colcon.colcon_core.environment:checking '/home/grey/Documentos/GitHub/proy_fireye_ros2/install/proy_fireye/lib/pkgconfig/proy_fireye.pc'
[1.566s] Level 1:colcon.colcon_core.environment:checking '/home/grey/Documentos/GitHub/proy_fireye_ros2/install/proy_fireye/lib/python3.12/site-packages'
[1.566s] Level 1:colcon.colcon_core.environment:checking '/home/grey/Documentos/GitHub/proy_fireye_ros2/install/proy_fireye/bin'
[1.566s] INFO:colcon.colcon_core.shell:Creating package descriptor '/home/grey/Documentos/GitHub/proy_fireye_ros2/install/proy_fireye/share/proy_fireye/package.dsv'
[1.567s] INFO:colcon.colcon_core.shell:Creating package script '/home/grey/Documentos/GitHub/proy_fireye_ros2/install/proy_fireye/share/proy_fireye/package.sh'
[1.567s] INFO:colcon.colcon_core.shell:Creating package script '/home/grey/Documentos/GitHub/proy_fireye_ros2/install/proy_fireye/share/proy_fireye/package.bash'
[1.568s] INFO:colcon.colcon_core.shell:Creating package script '/home/grey/Documentos/GitHub/proy_fireye_ros2/install/proy_fireye/share/proy_fireye/package.zsh'
[1.568s] Level 1:colcon.colcon_core.environment:create_file_with_runtime_dependencies(/home/grey/Documentos/GitHub/proy_fireye_ros2/install/proy_fireye/share/colcon-core/packages/proy_fireye)
[1.568s] DEBUG:colcon.colcon_parallel_executor.executor.parallel:closing loop
[1.569s] DEBUG:colcon.colcon_parallel_executor.executor.parallel:loop closed
[1.569s] DEBUG:colcon.colcon_parallel_executor.executor.parallel:run_until_complete finished with '0'
[1.569s] DEBUG:colcon.colcon_core.event_reactor:joining thread
[1.577s] INFO:colcon.colcon_core.plugin_system:Skipping extension 'colcon_notification.desktop_notification.terminal_notifier': Not used on non-Darwin systems
[1.578s] INFO:colcon.colcon_core.plugin_system:Skipping extension 'colcon_notification.desktop_notification.win32': Not used on non-Windows systems
[1.578s] INFO:colcon.colcon_notification.desktop_notification:Sending desktop notification using 'notify2'
[1.600s] DEBUG:colcon.colcon_core.event_reactor:joined thread
[1.600s] INFO:colcon.colcon_core.shell:Creating prefix script '/home/grey/Documentos/GitHub/proy_fireye_ros2/install/local_setup.sh'
[1.601s] INFO:colcon.colcon_core.shell:Creating prefix util module '/home/grey/Documentos/GitHub/proy_fireye_ros2/install/_local_setup_util_sh.py'
[1.602s] INFO:colcon.colcon_core.shell:Creating prefix chain script '/home/grey/Documentos/GitHub/proy_fireye_ros2/install/setup.sh'
[1.604s] INFO:colcon.colcon_core.shell:Creating prefix script '/home/grey/Documentos/GitHub/proy_fireye_ros2/install/local_setup.bash'
[1.605s] INFO:colcon.colcon_core.shell:Creating prefix chain script '/home/grey/Documentos/GitHub/proy_fireye_ros2/install/setup.bash'
[1.606s] INFO:colcon.colcon_core.shell:Creating prefix script '/home/grey/Documentos/GitHub/proy_fireye_ros2/install/local_setup.zsh'
[1.607s] INFO:colcon.colcon_core.shell:Creating prefix chain script '/home/grey/Documentos/GitHub/proy_fireye_ros2/install/setup.zsh'
