running egg_info
creating ../build/proy_fireye_slam/proy_fireye_slam.egg-info
writing ../build/proy_fireye_slam/proy_fireye_slam.egg-info/PKG-INFO
writing dependency_links to ../build/proy_fireye_slam/proy_fireye_slam.egg-info/dependency_links.txt
writing requirements to ../build/proy_fireye_slam/proy_fireye_slam.egg-info/requires.txt
writing top-level names to ../build/proy_fireye_slam/proy_fireye_slam.egg-info/top_level.txt
writing manifest file '../build/proy_fireye_slam/proy_fireye_slam.egg-info/SOURCES.txt'
reading manifest file '../build/proy_fireye_slam/proy_fireye_slam.egg-info/SOURCES.txt'
writing manifest file '../build/proy_fireye_slam/proy_fireye_slam.egg-info/SOURCES.txt'
running build
running build_py
creating /home/grey/Documentos/GitHub/proy_fireye_ros2/build/proy_fireye_slam/build
creating /home/grey/Documentos/GitHub/proy_fireye_ros2/build/proy_fireye_slam/build/lib
creating /home/grey/Documentos/GitHub/proy_fireye_ros2/build/proy_fireye_slam/build/lib/proy_fireye_slam
copying proy_fireye_slam/__init__.py -> /home/grey/Documentos/GitHub/proy_fireye_ros2/build/proy_fireye_slam/build/lib/proy_fireye_slam
running install
running install_lib
creating /home/grey/Documentos/GitHub/proy_fireye_ros2/install/proy_fireye_slam/lib/python3.12/site-packages/proy_fireye_slam
copying /home/grey/Documentos/GitHub/proy_fireye_ros2/build/proy_fireye_slam/build/lib/proy_fireye_slam/__init__.py -> /home/grey/Documentos/GitHub/proy_fireye_ros2/install/proy_fireye_slam/lib/python3.12/site-packages/proy_fireye_slam
byte-compiling /home/grey/Documentos/GitHub/proy_fireye_ros2/install/proy_fireye_slam/lib/python3.12/site-packages/proy_fireye_slam/__init__.py to __init__.cpython-312.pyc
running install_data
creating /home/grey/Documentos/GitHub/proy_fireye_ros2/install/proy_fireye_slam/share/ament_index
creating /home/grey/Documentos/GitHub/proy_fireye_ros2/install/proy_fireye_slam/share/ament_index/resource_index
creating /home/grey/Documentos/GitHub/proy_fireye_ros2/install/proy_fireye_slam/share/ament_index/resource_index/packages
copying resource/proy_fireye_slam -> /home/grey/Documentos/GitHub/proy_fireye_ros2/install/proy_fireye_slam/share/ament_index/resource_index/packages
copying package.xml -> /home/grey/Documentos/GitHub/proy_fireye_ros2/install/proy_fireye_slam/share/proy_fireye_slam
creating /home/grey/Documentos/GitHub/proy_fireye_ros2/install/proy_fireye_slam/share/proy_fireye_slam/launch
copying launch/my_map_server.launch.py -> /home/grey/Documentos/GitHub/proy_fireye_ros2/install/proy_fireye_slam/share/proy_fireye_slam/launch
creating /home/grey/Documentos/GitHub/proy_fireye_ros2/install/proy_fireye_slam/share/proy_fireye_slam/param
copying param/burger.yaml -> /home/grey/Documentos/GitHub/proy_fireye_ros2/install/proy_fireye_slam/share/proy_fireye_slam/param
copying param/burger_cam.yaml -> /home/grey/Documentos/GitHub/proy_fireye_ros2/install/proy_fireye_slam/share/proy_fireye_slam/param
creating /home/grey/Documentos/GitHub/proy_fireye_ros2/install/proy_fireye_slam/share/proy_fireye_slam/rviz
copying rviz/tb3_navigation2.rviz -> /home/grey/Documentos/GitHub/proy_fireye_ros2/install/proy_fireye_slam/share/proy_fireye_slam/rviz
creating /home/grey/Documentos/GitHub/proy_fireye_ros2/install/proy_fireye_slam/share/proy_fireye_slam/map
copying map/my_map.pgm -> /home/grey/Documentos/GitHub/proy_fireye_ros2/install/proy_fireye_slam/share/proy_fireye_slam/map
copying map/my_map.yaml -> /home/grey/Documentos/GitHub/proy_fireye_ros2/install/proy_fireye_slam/share/proy_fireye_slam/map
running install_egg_info
Copying ../build/proy_fireye_slam/proy_fireye_slam.egg-info to /home/grey/Documentos/GitHub/proy_fireye_ros2/install/proy_fireye_slam/lib/python3.12/site-packages/proy_fireye_slam-0.0.0-py3.12.egg-info
running install_scripts
writing list of installed files to '/home/grey/Documentos/GitHub/proy_fireye_ros2/build/proy_fireye_slam/install.log'
