[0.870s] Invoking command in '/home/grey/Documentos/GitHub/proy_fireye_ros2/proy_fireye_slam': DEBUGINFOD_URLS=https://debuginfod.ubuntu.com PYTHONPATH=/home/grey/Documentos/GitHub/proy_fireye_ros2/build/proy_fireye_slam/prefix_override:/usr/lib/python3/dist-packages/colcon_core/task/python/colcon_distutils_commands:/home/grey/Documentos/GitHub/proy_fireye_ros2/install/proy_fireye_slam/lib/python3.12/site-packages:${PYTHONPATH} /usr/bin/python3 -W ignore:setup.py install is deprecated -W ignore:easy_install command is deprecated setup.py egg_info --egg-base ../build/proy_fireye_slam build --build-base /home/grey/Documentos/GitHub/proy_fireye_ros2/build/proy_fireye_slam/build install --record /home/grey/Documentos/GitHub/proy_fireye_ros2/build/proy_fireye_slam/install.log --single-version-externally-managed install_data
[1.157s] running egg_info
[1.158s] creating ../build/proy_fireye_slam/proy_fireye_slam.egg-info
[1.176s] writing ../build/proy_fireye_slam/proy_fireye_slam.egg-info/PKG-INFO
[1.177s] writing dependency_links to ../build/proy_fireye_slam/proy_fireye_slam.egg-info/dependency_links.txt
[1.177s] writing requirements to ../build/proy_fireye_slam/proy_fireye_slam.egg-info/requires.txt
[1.177s] writing top-level names to ../build/proy_fireye_slam/proy_fireye_slam.egg-info/top_level.txt
[1.177s] writing manifest file '../build/proy_fireye_slam/proy_fireye_slam.egg-info/SOURCES.txt'
[1.216s] reading manifest file '../build/proy_fireye_slam/proy_fireye_slam.egg-info/SOURCES.txt'
[1.217s] writing manifest file '../build/proy_fireye_slam/proy_fireye_slam.egg-info/SOURCES.txt'
[1.218s] running build
[1.218s] running build_py
[1.218s] creating /home/grey/Documentos/GitHub/proy_fireye_ros2/build/proy_fireye_slam/build
[1.218s] creating /home/grey/Documentos/GitHub/proy_fireye_ros2/build/proy_fireye_slam/build/lib
[1.218s] creating /home/grey/Documentos/GitHub/proy_fireye_ros2/build/proy_fireye_slam/build/lib/proy_fireye_slam
[1.218s] copying proy_fireye_slam/__init__.py -> /home/grey/Documentos/GitHub/proy_fireye_ros2/build/proy_fireye_slam/build/lib/proy_fireye_slam
[1.218s] running install
[1.224s] running install_lib
[1.244s] creating /home/grey/Documentos/GitHub/proy_fireye_ros2/install/proy_fireye_slam/lib/python3.12/site-packages/proy_fireye_slam
[1.244s] copying /home/grey/Documentos/GitHub/proy_fireye_ros2/build/proy_fireye_slam/build/lib/proy_fireye_slam/__init__.py -> /home/grey/Documentos/GitHub/proy_fireye_ros2/install/proy_fireye_slam/lib/python3.12/site-packages/proy_fireye_slam
[1.245s] byte-compiling /home/grey/Documentos/GitHub/proy_fireye_ros2/install/proy_fireye_slam/lib/python3.12/site-packages/proy_fireye_slam/__init__.py to __init__.cpython-312.pyc
[1.245s] running install_data
[1.245s] creating /home/grey/Documentos/GitHub/proy_fireye_ros2/install/proy_fireye_slam/share/ament_index
[1.245s] creating /home/grey/Documentos/GitHub/proy_fireye_ros2/install/proy_fireye_slam/share/ament_index/resource_index
[1.245s] creating /home/grey/Documentos/GitHub/proy_fireye_ros2/install/proy_fireye_slam/share/ament_index/resource_index/packages
[1.246s] copying resource/proy_fireye_slam -> /home/grey/Documentos/GitHub/proy_fireye_ros2/install/proy_fireye_slam/share/ament_index/resource_index/packages
[1.246s] copying package.xml -> /home/grey/Documentos/GitHub/proy_fireye_ros2/install/proy_fireye_slam/share/proy_fireye_slam
[1.246s] creating /home/grey/Documentos/GitHub/proy_fireye_ros2/install/proy_fireye_slam/share/proy_fireye_slam/launch
[1.246s] copying launch/my_map_server.launch.py -> /home/grey/Documentos/GitHub/proy_fireye_ros2/install/proy_fireye_slam/share/proy_fireye_slam/launch
[1.246s] creating /home/grey/Documentos/GitHub/proy_fireye_ros2/install/proy_fireye_slam/share/proy_fireye_slam/param
[1.246s] copying param/burger.yaml -> /home/grey/Documentos/GitHub/proy_fireye_ros2/install/proy_fireye_slam/share/proy_fireye_slam/param
[1.246s] copying param/burger_cam.yaml -> /home/grey/Documentos/GitHub/proy_fireye_ros2/install/proy_fireye_slam/share/proy_fireye_slam/param
[1.247s] creating /home/grey/Documentos/GitHub/proy_fireye_ros2/install/proy_fireye_slam/share/proy_fireye_slam/rviz
[1.247s] copying rviz/tb3_navigation2.rviz -> /home/grey/Documentos/GitHub/proy_fireye_ros2/install/proy_fireye_slam/share/proy_fireye_slam/rviz
[1.247s] creating /home/grey/Documentos/GitHub/proy_fireye_ros2/install/proy_fireye_slam/share/proy_fireye_slam/map
[1.247s] copying map/my_map.pgm -> /home/grey/Documentos/GitHub/proy_fireye_ros2/install/proy_fireye_slam/share/proy_fireye_slam/map
[1.247s] copying map/my_map.yaml -> /home/grey/Documentos/GitHub/proy_fireye_ros2/install/proy_fireye_slam/share/proy_fireye_slam/map
[1.247s] running install_egg_info
[1.268s] Copying ../build/proy_fireye_slam/proy_fireye_slam.egg-info to /home/grey/Documentos/GitHub/proy_fireye_ros2/install/proy_fireye_slam/lib/python3.12/site-packages/proy_fireye_slam-0.0.0-py3.12.egg-info
[1.268s] running install_scripts
[1.408s] writing list of installed files to '/home/grey/Documentos/GitHub/proy_fireye_ros2/build/proy_fireye_slam/install.log'
[1.444s] Invoked command in '/home/grey/Documentos/GitHub/proy_fireye_ros2/proy_fireye_slam' returned '0': DEBUGINFOD_URLS=https://debuginfod.ubuntu.com PYTHONPATH=/home/grey/Documentos/GitHub/proy_fireye_ros2/build/proy_fireye_slam/prefix_override:/usr/lib/python3/dist-packages/colcon_core/task/python/colcon_distutils_commands:/home/grey/Documentos/GitHub/proy_fireye_ros2/install/proy_fireye_slam/lib/python3.12/site-packages:${PYTHONPATH} /usr/bin/python3 -W ignore:setup.py install is deprecated -W ignore:easy_install command is deprecated setup.py egg_info --egg-base ../build/proy_fireye_slam build --build-base /home/grey/Documentos/GitHub/proy_fireye_ros2/build/proy_fireye_slam/build install --record /home/grey/Documentos/GitHub/proy_fireye_ros2/build/proy_fireye_slam/install.log --single-version-externally-managed install_data
