[0.015s] Invoking command in '/home/grey/Documentos/GitHub/proy_fireye_ros2/build/proy_fireye': CMAKE_PREFIX_PATH=${CMAKE_PREFIX_PATH}:/home/grey/turtlebot3_ws/install/show_msg:/home/grey/turtlebot3_ws/install/my_nav2_system:/home/grey/turtlebot3_ws/install/my_first_subscriber:/home/grey/turtlebot3_ws/install/my_first_service:/home/grey/turtlebot3_ws/install/my_first_publisher:/home/grey/turtlebot3_ws/install/my_first_node:/home/grey/turtlebot3_ws/install/my_first_action:/opt/ros/jazzy DEBUGINFOD_URLS=https://debuginfod.ubuntu.com /usr/bin/cmake --build /home/grey/Documentos/GitHub/proy_fireye_ros2/build/proy_fireye -- -j22 -l22
[0.071s] Invoked command in '/home/grey/Documentos/GitHub/proy_fireye_ros2/build/proy_fireye' returned '0': CMAKE_PREFIX_PATH=${CMAKE_PREFIX_PATH}:/home/grey/turtlebot3_ws/install/show_msg:/home/grey/turtlebot3_ws/install/my_nav2_system:/home/grey/turtlebot3_ws/install/my_first_subscriber:/home/grey/turtlebot3_ws/install/my_first_service:/home/grey/turtlebot3_ws/install/my_first_publisher:/home/grey/turtlebot3_ws/install/my_first_node:/home/grey/turtlebot3_ws/install/my_first_action:/opt/ros/jazzy DEBUGINFOD_URLS=https://debuginfod.ubuntu.com /usr/bin/cmake --build /home/grey/Documentos/GitHub/proy_fireye_ros2/build/proy_fireye -- -j22 -l22
[0.085s] Invoking command in '/home/grey/Documentos/GitHub/proy_fireye_ros2/build/proy_fireye': CMAKE_PREFIX_PATH=${CMAKE_PREFIX_PATH}:/home/grey/turtlebot3_ws/install/show_msg:/home/grey/turtlebot3_ws/install/my_nav2_system:/home/grey/turtlebot3_ws/install/my_first_subscriber:/home/grey/turtlebot3_ws/install/my_first_service:/home/grey/turtlebot3_ws/install/my_first_publisher:/home/grey/turtlebot3_ws/install/my_first_node:/home/grey/turtlebot3_ws/install/my_first_action:/opt/ros/jazzy DEBUGINFOD_URLS=https://debuginfod.ubuntu.com /usr/bin/cmake --install /home/grey/Documentos/GitHub/proy_fireye_ros2/build/proy_fireye
[0.097s] -- Install configuration: ""
[0.098s] -- Up-to-date: /home/grey/Documentos/GitHub/proy_fireye_ros2/install/proy_fireye/share/ament_index/resource_index/package_run_dependencies/proy_fireye
[0.098s] -- Up-to-date: /home/grey/Documentos/GitHub/proy_fireye_ros2/install/proy_fireye/share/ament_index/resource_index/parent_prefix_path/proy_fireye
[0.098s] -- Up-to-date: /home/grey/Documentos/GitHub/proy_fireye_ros2/install/proy_fireye/share/proy_fireye/environment/ament_prefix_path.sh
[0.098s] -- Up-to-date: /home/grey/Documentos/GitHub/proy_fireye_ros2/install/proy_fireye/share/proy_fireye/environment/ament_prefix_path.dsv
[0.098s] -- Up-to-date: /home/grey/Documentos/GitHub/proy_fireye_ros2/install/proy_fireye/share/proy_fireye/environment/path.sh
[0.098s] -- Up-to-date: /home/grey/Documentos/GitHub/proy_fireye_ros2/install/proy_fireye/share/proy_fireye/environment/path.dsv
[0.099s] -- Up-to-date: /home/grey/Documentos/GitHub/proy_fireye_ros2/install/proy_fireye/share/proy_fireye/local_setup.bash
[0.099s] -- Up-to-date: /home/grey/Documentos/GitHub/proy_fireye_ros2/install/proy_fireye/share/proy_fireye/local_setup.sh
[0.099s] -- Up-to-date: /home/grey/Documentos/GitHub/proy_fireye_ros2/install/proy_fireye/share/proy_fireye/local_setup.zsh
[0.099s] -- Up-to-date: /home/grey/Documentos/GitHub/proy_fireye_ros2/install/proy_fireye/share/proy_fireye/local_setup.dsv
[0.099s] -- Up-to-date: /home/grey/Documentos/GitHub/proy_fireye_ros2/install/proy_fireye/share/proy_fireye/package.dsv
[0.099s] -- Up-to-date: /home/grey/Documentos/GitHub/proy_fireye_ros2/install/proy_fireye/share/ament_index/resource_index/packages/proy_fireye
[0.099s] -- Up-to-date: /home/grey/Documentos/GitHub/proy_fireye_ros2/install/proy_fireye/share/proy_fireye/cmake/proy_fireyeConfig.cmake
[0.099s] -- Up-to-date: /home/grey/Documentos/GitHub/proy_fireye_ros2/install/proy_fireye/share/proy_fireye/cmake/proy_fireyeConfig-version.cmake
[0.099s] -- Up-to-date: /home/grey/Documentos/GitHub/proy_fireye_ros2/install/proy_fireye/share/proy_fireye/package.xml
[0.100s] Invoked command in '/home/grey/Documentos/GitHub/proy_fireye_ros2/build/proy_fireye' returned '0': CMAKE_PREFIX_PATH=${CMAKE_PREFIX_PATH}:/home/grey/turtlebot3_ws/install/show_msg:/home/grey/turtlebot3_ws/install/my_nav2_system:/home/grey/turtlebot3_ws/install/my_first_subscriber:/home/grey/turtlebot3_ws/install/my_first_service:/home/grey/turtlebot3_ws/install/my_first_publisher:/home/grey/turtlebot3_ws/install/my_first_node:/home/grey/turtlebot3_ws/install/my_first_action:/opt/ros/jazzy DEBUGINFOD_URLS=https://debuginfod.ubuntu.com /usr/bin/cmake --install /home/grey/Documentos/GitHub/proy_fireye_ros2/build/proy_fireye
